[2.530s] DEBUG:colcon:Command line arguments: ['/usr/bin/colcon', 'build']
[2.530s] DEBUG:colcon:Parsed command line arguments: Namespace(log_base=None, log_level=None, verb_name='build', build_base='build', install_base='install', merge_install=False, symlink_install=False, test_result_base=None, continue_on_error=False, executor='parallel', parallel_workers=2, event_handlers=None, ignore_user_meta=False, metas=['./colcon.meta'], base_paths=['.'], packages_ignore=None, packages_ignore_regex=None, paths=None, packages_up_to=None, packages_up_to_regex=None, packages_above=None, packages_above_and_dependencies=None, packages_above_depth=None, packages_select_by_dep=None, packages_skip_by_dep=None, packages_skip_up_to=None, packages_select_build_failed=False, packages_skip_build_finished=False, packages_select_test_failures=False, packages_skip_test_passed=False, packages_select=None, packages_skip=None, packages_select_regex=None, packages_skip_regex=None, packages_start=None, packages_end=None, allow_overriding=[], cmake_args=None, cmake_target=None, cmake_target_skip_unavailable=False, cmake_clean_cache=False, cmake_clean_first=False, cmake_force_configure=False, ament_cmake_args=None, catkin_cmake_args=None, catkin_skip_building_tests=False, verb_parser=<colcon_defaults.argument_parser.defaults.DefaultArgumentsDecorator object at 0x7f66e1291fc0>, verb_extension=<colcon_core.verb.build.BuildVerb object at 0x7f66e12919f0>, main=<bound method BuildVerb.main of <colcon_core.verb.build.BuildVerb object at 0x7f66e12919f0>>)
[2.634s] Level 1:colcon.colcon_core.package_discovery:discover_packages(colcon_meta) check parameters
[2.635s] Level 1:colcon.colcon_core.package_discovery:discover_packages(recursive) check parameters
[2.635s] Level 1:colcon.colcon_core.package_discovery:discover_packages(ignore) check parameters
[2.635s] Level 1:colcon.colcon_core.package_discovery:discover_packages(path) check parameters
[2.636s] Level 1:colcon.colcon_core.package_discovery:discover_packages(colcon_meta) discover
[2.636s] Level 1:colcon.colcon_core.package_discovery:discover_packages(recursive) discover
[2.636s] INFO:colcon.colcon_core.package_discovery:Crawling recursively for packages in '/home/dony/ROS_ROBOT_PROJECT/robot_mobile_ihm'
[2.637s] Level 1:colcon.colcon_core.package_identification:_identify(.) by extensions ['ignore', 'ignore_ament_install']
[2.637s] Level 1:colcon.colcon_core.package_identification:_identify(.) by extension 'ignore'
[2.637s] Level 1:colcon.colcon_core.package_identification:_identify(.) by extension 'ignore_ament_install'
[2.638s] Level 1:colcon.colcon_core.package_identification:_identify(.) by extensions ['colcon_pkg']
[2.638s] Level 1:colcon.colcon_core.package_identification:_identify(.) by extension 'colcon_pkg'
[2.638s] Level 1:colcon.colcon_core.package_identification:_identify(.) by extensions ['colcon_meta']
[2.638s] Level 1:colcon.colcon_core.package_identification:_identify(.) by extension 'colcon_meta'
[2.638s] Level 1:colcon.colcon_core.package_identification:_identify(.) by extensions ['ros']
[2.638s] Level 1:colcon.colcon_core.package_identification:_identify(.) by extension 'ros'
[2.671s] Level 1:colcon.colcon_core.package_identification:_identify(.) by extensions ['cmake', 'python']
[2.672s] Level 1:colcon.colcon_core.package_identification:_identify(.) by extension 'cmake'
[2.672s] Level 1:colcon.colcon_core.package_identification:_identify(.) by extension 'python'
[2.672s] Level 1:colcon.colcon_core.package_identification:_identify(.) by extensions ['python_setup_py']
[2.672s] Level 1:colcon.colcon_core.package_identification:_identify(.) by extension 'python_setup_py'
[2.673s] Level 1:colcon.colcon_core.package_identification:_identify(build) by extensions ['ignore', 'ignore_ament_install']
[2.673s] Level 1:colcon.colcon_core.package_identification:_identify(build) by extension 'ignore'
[2.674s] Level 1:colcon.colcon_core.package_identification:_identify(build) ignored
[2.674s] Level 1:colcon.colcon_core.package_identification:_identify(install) by extensions ['ignore', 'ignore_ament_install']
[2.674s] Level 1:colcon.colcon_core.package_identification:_identify(install) by extension 'ignore'
[2.674s] Level 1:colcon.colcon_core.package_identification:_identify(install) ignored
[2.675s] Level 1:colcon.colcon_core.package_identification:_identify(log) by extensions ['ignore', 'ignore_ament_install']
[2.675s] Level 1:colcon.colcon_core.package_identification:_identify(log) by extension 'ignore'
[2.675s] Level 1:colcon.colcon_core.package_identification:_identify(log) ignored
[2.676s] Level 1:colcon.colcon_core.package_identification:_identify(src) by extensions ['ignore', 'ignore_ament_install']
[2.676s] Level 1:colcon.colcon_core.package_identification:_identify(src) by extension 'ignore'
[2.676s] Level 1:colcon.colcon_core.package_identification:_identify(src) by extension 'ignore_ament_install'
[2.677s] Level 1:colcon.colcon_core.package_identification:_identify(src) by extensions ['colcon_pkg']
[2.677s] Level 1:colcon.colcon_core.package_identification:_identify(src) by extension 'colcon_pkg'
[2.677s] Level 1:colcon.colcon_core.package_identification:_identify(src) by extensions ['colcon_meta']
[2.677s] Level 1:colcon.colcon_core.package_identification:_identify(src) by extension 'colcon_meta'
[2.677s] Level 1:colcon.colcon_core.package_identification:_identify(src) by extensions ['ros']
[2.677s] Level 1:colcon.colcon_core.package_identification:_identify(src) by extension 'ros'
[2.678s] Level 1:colcon.colcon_core.package_identification:_identify(src) by extensions ['cmake', 'python']
[2.678s] Level 1:colcon.colcon_core.package_identification:_identify(src) by extension 'cmake'
[2.678s] Level 1:colcon.colcon_core.package_identification:_identify(src) by extension 'python'
[2.678s] Level 1:colcon.colcon_core.package_identification:_identify(src) by extensions ['python_setup_py']
[2.678s] Level 1:colcon.colcon_core.package_identification:_identify(src) by extension 'python_setup_py'
[2.678s] Level 1:colcon.colcon_core.package_identification:_identify(src/robot_mobile_pkg_cpp) by extensions ['ignore', 'ignore_ament_install']
[2.678s] Level 1:colcon.colcon_core.package_identification:_identify(src/robot_mobile_pkg_cpp) by extension 'ignore'
[2.679s] Level 1:colcon.colcon_core.package_identification:_identify(src/robot_mobile_pkg_cpp) by extension 'ignore_ament_install'
[2.679s] Level 1:colcon.colcon_core.package_identification:_identify(src/robot_mobile_pkg_cpp) by extensions ['colcon_pkg']
[2.679s] Level 1:colcon.colcon_core.package_identification:_identify(src/robot_mobile_pkg_cpp) by extension 'colcon_pkg'
[2.679s] Level 1:colcon.colcon_core.package_identification:_identify(src/robot_mobile_pkg_cpp) by extensions ['colcon_meta']
[2.679s] Level 1:colcon.colcon_core.package_identification:_identify(src/robot_mobile_pkg_cpp) by extension 'colcon_meta'
[2.679s] Level 1:colcon.colcon_core.package_identification:_identify(src/robot_mobile_pkg_cpp) by extensions ['ros']
[2.679s] Level 1:colcon.colcon_core.package_identification:_identify(src/robot_mobile_pkg_cpp) by extension 'ros'
[2.684s] DEBUG:colcon.colcon_core.package_identification:Package 'src/robot_mobile_pkg_cpp' with type 'ros.ament_cmake' and name 'robot_mobile_pkg_cpp'
[2.684s] Level 1:colcon.colcon_core.package_discovery:discover_packages(recursive) using defaults
[2.685s] Level 1:colcon.colcon_core.package_discovery:discover_packages(ignore) discover
[2.685s] Level 1:colcon.colcon_core.package_discovery:discover_packages(ignore) using defaults
[2.685s] Level 1:colcon.colcon_core.package_discovery:discover_packages(path) discover
[2.685s] Level 1:colcon.colcon_core.package_discovery:discover_packages(path) using defaults
[2.886s] Level 1:colcon.colcon_core.package_discovery:discover_packages(prefix_path) check parameters
[2.886s] Level 1:colcon.colcon_core.package_discovery:discover_packages(prefix_path) discover
[2.954s] DEBUG:colcon.colcon_installed_package_information.package_discovery:Found 1 installed packages in /home/dony/ROS_ROBOT_PROJECT/qt_ros_ws2/install
[2.988s] DEBUG:colcon.colcon_installed_package_information.package_discovery:Found 1 installed packages in /home/dony/ROS_ROBOT_PROJECT/robot_mobile_ihm/install
[3.021s] DEBUG:colcon.colcon_installed_package_information.package_discovery:Found 4 installed packages in /home/dony/ROS_UDEMY/ros2_ws/install
[3.058s] DEBUG:colcon.colcon_installed_package_information.package_discovery:Found 270 installed packages in /opt/ros/humble
[3.061s] Level 1:colcon.colcon_core.package_discovery:discover_packages(prefix_path) using defaults
[3.285s] Level 5:colcon.colcon_core.verb:set package 'robot_mobile_pkg_cpp' build argument 'cmake_args' from command line to 'None'
[3.285s] Level 5:colcon.colcon_core.verb:set package 'robot_mobile_pkg_cpp' build argument 'cmake_target' from command line to 'None'
[3.285s] Level 5:colcon.colcon_core.verb:set package 'robot_mobile_pkg_cpp' build argument 'cmake_target_skip_unavailable' from command line to 'False'
[3.285s] Level 5:colcon.colcon_core.verb:set package 'robot_mobile_pkg_cpp' build argument 'cmake_clean_cache' from command line to 'False'
[3.285s] Level 5:colcon.colcon_core.verb:set package 'robot_mobile_pkg_cpp' build argument 'cmake_clean_first' from command line to 'False'
[3.285s] Level 5:colcon.colcon_core.verb:set package 'robot_mobile_pkg_cpp' build argument 'cmake_force_configure' from command line to 'False'
[3.285s] Level 5:colcon.colcon_core.verb:set package 'robot_mobile_pkg_cpp' build argument 'ament_cmake_args' from command line to 'None'
[3.285s] Level 5:colcon.colcon_core.verb:set package 'robot_mobile_pkg_cpp' build argument 'catkin_cmake_args' from command line to 'None'
[3.285s] Level 5:colcon.colcon_core.verb:set package 'robot_mobile_pkg_cpp' build argument 'catkin_skip_building_tests' from command line to 'False'
[3.285s] DEBUG:colcon.colcon_core.verb:Building package 'robot_mobile_pkg_cpp' with the following arguments: {'ament_cmake_args': None, 'build_base': '/home/dony/ROS_ROBOT_PROJECT/robot_mobile_ihm/build/robot_mobile_pkg_cpp', 'catkin_cmake_args': None, 'catkin_skip_building_tests': False, 'cmake_args': None, 'cmake_clean_cache': False, 'cmake_clean_first': False, 'cmake_force_configure': False, 'cmake_target': None, 'cmake_target_skip_unavailable': False, 'install_base': '/home/dony/ROS_ROBOT_PROJECT/robot_mobile_ihm/install/robot_mobile_pkg_cpp', 'merge_install': False, 'path': '/home/dony/ROS_ROBOT_PROJECT/robot_mobile_ihm/src/robot_mobile_pkg_cpp', 'symlink_install': False, 'test_result_base': None}
[3.319s] INFO:colcon.colcon_core.executor:Executing jobs using 'parallel' executor
[3.354s] DEBUG:colcon.colcon_parallel_executor.executor.parallel:run_until_complete
[3.355s] INFO:colcon.colcon_ros.task.ament_cmake.build:Building ROS package in '/home/dony/ROS_ROBOT_PROJECT/robot_mobile_ihm/src/robot_mobile_pkg_cpp' with build type 'ament_cmake'
[3.356s] INFO:colcon.colcon_cmake.task.cmake.build:Building CMake package in '/home/dony/ROS_ROBOT_PROJECT/robot_mobile_ihm/src/robot_mobile_pkg_cpp'
[3.392s] INFO:colcon.colcon_core.plugin_system:Skipping extension 'colcon_core.shell.bat': Not used on non-Windows systems
[3.393s] INFO:colcon.colcon_core.shell:Skip shell extension 'powershell' for command environment: Not usable outside of PowerShell
[3.393s] DEBUG:colcon.colcon_core.shell:Skip shell extension 'dsv' for command environment
[3.595s] DEBUG:colcon.colcon_core.event_handler.log_command:Invoking command in '/home/dony/ROS_ROBOT_PROJECT/robot_mobile_ihm/build/robot_mobile_pkg_cpp': CMAKE_PREFIX_PATH=${CMAKE_PREFIX_PATH}:/home/dony/ROS_UDEMY/ros2_ws/install/my_py_pkg:/home/dony/ROS_UDEMY/ros2_ws/install/activity_002_py:/opt/ros/humble /usr/bin/cmake --build /home/dony/ROS_ROBOT_PROJECT/robot_mobile_ihm/build/robot_mobile_pkg_cpp -- -j2 -l2
[19.407s] DEBUG:colcon.colcon_core.event_handler.log_command:Invoked command in '/home/dony/ROS_ROBOT_PROJECT/robot_mobile_ihm/build/robot_mobile_pkg_cpp' returned '2': CMAKE_PREFIX_PATH=${CMAKE_PREFIX_PATH}:/home/dony/ROS_UDEMY/ros2_ws/install/my_py_pkg:/home/dony/ROS_UDEMY/ros2_ws/install/activity_002_py:/opt/ros/humble /usr/bin/cmake --build /home/dony/ROS_ROBOT_PROJECT/robot_mobile_ihm/build/robot_mobile_pkg_cpp -- -j2 -l2
[19.513s] Level 1:colcon.colcon_core.environment:create_environment_scripts_only(robot_mobile_pkg_cpp)
[19.554s] Level 1:colcon.colcon_core.environment:checking '/home/dony/ROS_ROBOT_PROJECT/robot_mobile_ihm/install/robot_mobile_pkg_cpp' for CMake module files
[19.555s] Level 1:colcon.colcon_core.environment:checking '/home/dony/ROS_ROBOT_PROJECT/robot_mobile_ihm/install/robot_mobile_pkg_cpp' for CMake config files
[19.556s] Level 1:colcon.colcon_core.shell:create_environment_hook('robot_mobile_pkg_cpp', 'cmake_prefix_path')
[19.590s] INFO:colcon.colcon_core.shell:Creating environment hook '/home/dony/ROS_ROBOT_PROJECT/robot_mobile_ihm/install/robot_mobile_pkg_cpp/share/robot_mobile_pkg_cpp/hook/cmake_prefix_path.ps1'
[19.592s] INFO:colcon.colcon_core.shell:Creating environment descriptor '/home/dony/ROS_ROBOT_PROJECT/robot_mobile_ihm/install/robot_mobile_pkg_cpp/share/robot_mobile_pkg_cpp/hook/cmake_prefix_path.dsv'
[19.593s] INFO:colcon.colcon_core.shell:Creating environment hook '/home/dony/ROS_ROBOT_PROJECT/robot_mobile_ihm/install/robot_mobile_pkg_cpp/share/robot_mobile_pkg_cpp/hook/cmake_prefix_path.sh'
[19.594s] Level 1:colcon.colcon_core.environment:checking '/home/dony/ROS_ROBOT_PROJECT/robot_mobile_ihm/install/robot_mobile_pkg_cpp/lib'
[19.595s] Level 1:colcon.colcon_core.environment:checking '/home/dony/ROS_ROBOT_PROJECT/robot_mobile_ihm/install/robot_mobile_pkg_cpp/bin'
[19.595s] Level 1:colcon.colcon_core.environment:checking '/home/dony/ROS_ROBOT_PROJECT/robot_mobile_ihm/install/robot_mobile_pkg_cpp/lib/pkgconfig/robot_mobile_pkg_cpp.pc'
[19.596s] Level 1:colcon.colcon_core.environment:checking '/home/dony/ROS_ROBOT_PROJECT/robot_mobile_ihm/install/robot_mobile_pkg_cpp/lib/python3.10/site-packages'
[19.596s] Level 1:colcon.colcon_core.environment:checking '/home/dony/ROS_ROBOT_PROJECT/robot_mobile_ihm/install/robot_mobile_pkg_cpp/bin'
[19.629s] INFO:colcon.colcon_core.shell:Creating package script '/home/dony/ROS_ROBOT_PROJECT/robot_mobile_ihm/install/robot_mobile_pkg_cpp/share/robot_mobile_pkg_cpp/package.ps1'
[19.632s] INFO:colcon.colcon_core.shell:Creating package descriptor '/home/dony/ROS_ROBOT_PROJECT/robot_mobile_ihm/install/robot_mobile_pkg_cpp/share/robot_mobile_pkg_cpp/package.dsv'
[19.634s] INFO:colcon.colcon_core.shell:Creating package script '/home/dony/ROS_ROBOT_PROJECT/robot_mobile_ihm/install/robot_mobile_pkg_cpp/share/robot_mobile_pkg_cpp/package.sh'
[19.636s] INFO:colcon.colcon_core.shell:Creating package script '/home/dony/ROS_ROBOT_PROJECT/robot_mobile_ihm/install/robot_mobile_pkg_cpp/share/robot_mobile_pkg_cpp/package.bash'
[19.638s] INFO:colcon.colcon_core.shell:Creating package script '/home/dony/ROS_ROBOT_PROJECT/robot_mobile_ihm/install/robot_mobile_pkg_cpp/share/robot_mobile_pkg_cpp/package.zsh'
[19.640s] Level 1:colcon.colcon_core.environment:create_file_with_runtime_dependencies(/home/dony/ROS_ROBOT_PROJECT/robot_mobile_ihm/install/robot_mobile_pkg_cpp/share/colcon-core/packages/robot_mobile_pkg_cpp)
[19.652s] DEBUG:colcon.colcon_parallel_executor.executor.parallel:closing loop
[19.652s] DEBUG:colcon.colcon_parallel_executor.executor.parallel:loop closed
[19.653s] DEBUG:colcon.colcon_parallel_executor.executor.parallel:run_until_complete finished with '2'
[19.653s] DEBUG:colcon.colcon_core.event_reactor:joining thread
[19.710s] INFO:colcon.colcon_core.plugin_system:Skipping extension 'colcon_notification.desktop_notification.terminal_notifier': Not used on non-Darwin systems
[19.710s] INFO:colcon.colcon_core.plugin_system:Skipping extension 'colcon_notification.desktop_notification.win32': Not used on non-Windows systems
[19.710s] INFO:colcon.colcon_notification.desktop_notification:Sending desktop notification using 'notify2'
[19.743s] DEBUG:colcon.colcon_core.event_reactor:joined thread
[19.778s] INFO:colcon.colcon_core.shell:Creating prefix script '/home/dony/ROS_ROBOT_PROJECT/robot_mobile_ihm/install/local_setup.ps1'
[19.780s] INFO:colcon.colcon_core.shell:Creating prefix util module '/home/dony/ROS_ROBOT_PROJECT/robot_mobile_ihm/install/_local_setup_util_ps1.py'
[19.783s] INFO:colcon.colcon_core.shell:Creating prefix chain script '/home/dony/ROS_ROBOT_PROJECT/robot_mobile_ihm/install/setup.ps1'
[19.821s] INFO:colcon.colcon_core.shell:Creating prefix script '/home/dony/ROS_ROBOT_PROJECT/robot_mobile_ihm/install/local_setup.sh'
[19.823s] INFO:colcon.colcon_core.shell:Creating prefix util module '/home/dony/ROS_ROBOT_PROJECT/robot_mobile_ihm/install/_local_setup_util_sh.py'
[19.826s] INFO:colcon.colcon_core.shell:Creating prefix chain script '/home/dony/ROS_ROBOT_PROJECT/robot_mobile_ihm/install/setup.sh'
[19.873s] INFO:colcon.colcon_core.shell:Creating prefix script '/home/dony/ROS_ROBOT_PROJECT/robot_mobile_ihm/install/local_setup.bash'
[19.875s] INFO:colcon.colcon_core.shell:Creating prefix chain script '/home/dony/ROS_ROBOT_PROJECT/robot_mobile_ihm/install/setup.bash'
[19.917s] INFO:colcon.colcon_core.shell:Creating prefix script '/home/dony/ROS_ROBOT_PROJECT/robot_mobile_ihm/install/local_setup.zsh'
[19.919s] INFO:colcon.colcon_core.shell:Creating prefix chain script '/home/dony/ROS_ROBOT_PROJECT/robot_mobile_ihm/install/setup.zsh'
