[4.068s] Invoking command in '/home/rpiros/Documents/ros_ws_3/py_pubsub': PYTHONPATH=/home/rpiros/Documents/ros_ws_3/py_pubsub/build/py_pubsub/prefix_override:/home/rpiros/Documents/ros_ws_3/py_pubsub/install/py_pubsub/lib/python3.10/site-packages:${PYTHONPATH} /usr/bin/python3 setup.py egg_info --egg-base build/py_pubsub build --build-base /home/rpiros/Documents/ros_ws_3/py_pubsub/build/py_pubsub/build install --record /home/rpiros/Documents/ros_ws_3/py_pubsub/build/py_pubsub/install.log --single-version-externally-managed
[5.250s] running egg_info
[5.252s] creating build/py_pubsub/py_pubsub.egg-info
[5.253s] writing build/py_pubsub/py_pubsub.egg-info/PKG-INFO
[5.254s] writing dependency_links to build/py_pubsub/py_pubsub.egg-info/dependency_links.txt
[5.255s] writing entry points to build/py_pubsub/py_pubsub.egg-info/entry_points.txt
[5.255s] writing requirements to build/py_pubsub/py_pubsub.egg-info/requires.txt
[5.256s] writing top-level names to build/py_pubsub/py_pubsub.egg-info/top_level.txt
[5.257s] writing manifest file 'build/py_pubsub/py_pubsub.egg-info/SOURCES.txt'
[5.265s] reading manifest file 'build/py_pubsub/py_pubsub.egg-info/SOURCES.txt'
[5.271s] writing manifest file 'build/py_pubsub/py_pubsub.egg-info/SOURCES.txt'
[5.271s] running build
[5.272s] running build_py
[5.273s] creating /home/rpiros/Documents/ros_ws_3/py_pubsub/build/py_pubsub/build
[5.273s] creating /home/rpiros/Documents/ros_ws_3/py_pubsub/build/py_pubsub/build/lib
[5.274s] creating /home/rpiros/Documents/ros_ws_3/py_pubsub/build/py_pubsub/build/lib/py_pubsub
[5.275s] copying py_pubsub/camera.py -> /home/rpiros/Documents/ros_ws_3/py_pubsub/build/py_pubsub/build/lib/py_pubsub
[5.275s] copying py_pubsub/__init__.py -> /home/rpiros/Documents/ros_ws_3/py_pubsub/build/py_pubsub/build/lib/py_pubsub
[5.276s] running install
[5.276s] /usr/lib/python3/dist-packages/setuptools/command/install.py:34: SetuptoolsDeprecationWarning: setup.py install is deprecated. Use build and pip and other standards-based tools.
[5.277s]   warnings.warn(
[5.278s] running install_lib
[5.284s] creating /home/rpiros/Documents/ros_ws_3/py_pubsub/install/py_pubsub/lib/python3.10/site-packages/py_pubsub
[5.285s] copying /home/rpiros/Documents/ros_ws_3/py_pubsub/build/py_pubsub/build/lib/py_pubsub/camera.py -> /home/rpiros/Documents/ros_ws_3/py_pubsub/install/py_pubsub/lib/python3.10/site-packages/py_pubsub
[5.285s] copying /home/rpiros/Documents/ros_ws_3/py_pubsub/build/py_pubsub/build/lib/py_pubsub/__init__.py -> /home/rpiros/Documents/ros_ws_3/py_pubsub/install/py_pubsub/lib/python3.10/site-packages/py_pubsub
[5.286s] byte-compiling /home/rpiros/Documents/ros_ws_3/py_pubsub/install/py_pubsub/lib/python3.10/site-packages/py_pubsub/camera.py to camera.cpython-310.pyc
[5.293s] byte-compiling /home/rpiros/Documents/ros_ws_3/py_pubsub/install/py_pubsub/lib/python3.10/site-packages/py_pubsub/__init__.py to __init__.cpython-310.pyc
[5.294s] running install_data
[5.297s] creating /home/rpiros/Documents/ros_ws_3/py_pubsub/install/py_pubsub/share/ament_index
[5.298s] creating /home/rpiros/Documents/ros_ws_3/py_pubsub/install/py_pubsub/share/ament_index/resource_index
[5.299s] creating /home/rpiros/Documents/ros_ws_3/py_pubsub/install/py_pubsub/share/ament_index/resource_index/packages
[5.301s] copying resource/py_pubsub -> /home/rpiros/Documents/ros_ws_3/py_pubsub/install/py_pubsub/share/ament_index/resource_index/packages
[5.302s] copying package.xml -> /home/rpiros/Documents/ros_ws_3/py_pubsub/install/py_pubsub/share/py_pubsub
[5.303s] running install_egg_info
[5.308s] Copying build/py_pubsub/py_pubsub.egg-info to /home/rpiros/Documents/ros_ws_3/py_pubsub/install/py_pubsub/lib/python3.10/site-packages/py_pubsub-0.0.0-py3.10.egg-info
[5.316s] running install_scripts
[5.419s] Installing camera script to /home/rpiros/Documents/ros_ws_3/py_pubsub/install/py_pubsub/lib/py_pubsub
[5.422s] writing list of installed files to '/home/rpiros/Documents/ros_ws_3/py_pubsub/build/py_pubsub/install.log'
[5.608s] Invoked command in '/home/rpiros/Documents/ros_ws_3/py_pubsub' returned '0': PYTHONPATH=/home/rpiros/Documents/ros_ws_3/py_pubsub/build/py_pubsub/prefix_override:/home/rpiros/Documents/ros_ws_3/py_pubsub/install/py_pubsub/lib/python3.10/site-packages:${PYTHONPATH} /usr/bin/python3 setup.py egg_info --egg-base build/py_pubsub build --build-base /home/rpiros/Documents/ros_ws_3/py_pubsub/build/py_pubsub/build install --record /home/rpiros/Documents/ros_ws_3/py_pubsub/build/py_pubsub/install.log --single-version-externally-managed
