[1.070s] DEBUG:colcon:Command line arguments: ['/usr/bin/colcon', 'build']
[1.070s] DEBUG:colcon:Parsed command line arguments: Namespace(log_base=None, log_level=None, verb_name='build', build_base='build', install_base='install', merge_install=False, symlink_install=False, test_result_base=None, continue_on_error=False, executor='parallel', parallel_workers=8, event_handlers=None, ignore_user_meta=False, metas=['./colcon.meta'], base_paths=['.'], packages_ignore=None, packages_ignore_regex=None, paths=None, packages_up_to=None, packages_up_to_regex=None, packages_above=None, packages_above_and_dependencies=None, packages_above_depth=None, packages_select_by_dep=None, packages_skip_by_dep=None, packages_skip_up_to=None, packages_select_build_failed=False, packages_skip_build_finished=False, packages_select_test_failures=False, packages_skip_test_passed=False, packages_select=None, packages_skip=None, packages_select_regex=None, packages_skip_regex=None, packages_start=None, packages_end=None, allow_overriding=[], cmake_args=None, cmake_target=None, cmake_target_skip_unavailable=False, cmake_clean_cache=False, cmake_clean_first=False, cmake_force_configure=False, ament_cmake_args=None, catkin_cmake_args=None, catkin_skip_building_tests=False, verb_parser=<colcon_defaults.argument_parser.defaults.DefaultArgumentsDecorator object at 0x7f31456c9cc0>, verb_extension=<colcon_core.verb.build.BuildVerb object at 0x7f31456c9480>, main=<bound method BuildVerb.main of <colcon_core.verb.build.BuildVerb object at 0x7f31456c9480>>)
[1.119s] Level 1:colcon.colcon_core.package_discovery:discover_packages(colcon_meta) check parameters
[1.120s] Level 1:colcon.colcon_core.package_discovery:discover_packages(recursive) check parameters
[1.120s] Level 1:colcon.colcon_core.package_discovery:discover_packages(ignore) check parameters
[1.120s] Level 1:colcon.colcon_core.package_discovery:discover_packages(path) check parameters
[1.120s] Level 1:colcon.colcon_core.package_discovery:discover_packages(colcon_meta) discover
[1.120s] Level 1:colcon.colcon_core.package_discovery:discover_packages(recursive) discover
[1.120s] INFO:colcon.colcon_core.package_discovery:Crawling recursively for packages in '/home/rospc/IHM/robot_mobile_ihm'
[1.120s] Level 1:colcon.colcon_core.package_identification:_identify(.) by extensions ['ignore', 'ignore_ament_install']
[1.120s] Level 1:colcon.colcon_core.package_identification:_identify(.) by extension 'ignore'
[1.120s] Level 1:colcon.colcon_core.package_identification:_identify(.) by extension 'ignore_ament_install'
[1.120s] Level 1:colcon.colcon_core.package_identification:_identify(.) by extensions ['colcon_pkg']
[1.120s] Level 1:colcon.colcon_core.package_identification:_identify(.) by extension 'colcon_pkg'
[1.120s] Level 1:colcon.colcon_core.package_identification:_identify(.) by extensions ['colcon_meta']
[1.120s] Level 1:colcon.colcon_core.package_identification:_identify(.) by extension 'colcon_meta'
[1.120s] Level 1:colcon.colcon_core.package_identification:_identify(.) by extensions ['ros']
[1.120s] Level 1:colcon.colcon_core.package_identification:_identify(.) by extension 'ros'
[1.132s] Level 1:colcon.colcon_core.package_identification:_identify(.) by extensions ['cmake', 'python']
[1.132s] Level 1:colcon.colcon_core.package_identification:_identify(.) by extension 'cmake'
[1.132s] Level 1:colcon.colcon_core.package_identification:_identify(.) by extension 'python'
[1.132s] Level 1:colcon.colcon_core.package_identification:_identify(.) by extensions ['python_setup_py']
[1.132s] Level 1:colcon.colcon_core.package_identification:_identify(.) by extension 'python_setup_py'
[1.132s] Level 1:colcon.colcon_core.package_identification:_identify(build) by extensions ['ignore', 'ignore_ament_install']
[1.132s] Level 1:colcon.colcon_core.package_identification:_identify(build) by extension 'ignore'
[1.132s] Level 1:colcon.colcon_core.package_identification:_identify(build) ignored
[1.133s] Level 1:colcon.colcon_core.package_identification:_identify(install) by extensions ['ignore', 'ignore_ament_install']
[1.133s] Level 1:colcon.colcon_core.package_identification:_identify(install) by extension 'ignore'
[1.133s] Level 1:colcon.colcon_core.package_identification:_identify(install) ignored
[1.133s] Level 1:colcon.colcon_core.package_identification:_identify(log) by extensions ['ignore', 'ignore_ament_install']
[1.133s] Level 1:colcon.colcon_core.package_identification:_identify(log) by extension 'ignore'
[1.133s] Level 1:colcon.colcon_core.package_identification:_identify(log) ignored
[1.133s] Level 1:colcon.colcon_core.package_identification:_identify(src) by extensions ['ignore', 'ignore_ament_install']
[1.133s] Level 1:colcon.colcon_core.package_identification:_identify(src) by extension 'ignore'
[1.133s] Level 1:colcon.colcon_core.package_identification:_identify(src) by extension 'ignore_ament_install'
[1.133s] Level 1:colcon.colcon_core.package_identification:_identify(src) by extensions ['colcon_pkg']
[1.133s] Level 1:colcon.colcon_core.package_identification:_identify(src) by extension 'colcon_pkg'
[1.133s] Level 1:colcon.colcon_core.package_identification:_identify(src) by extensions ['colcon_meta']
[1.133s] Level 1:colcon.colcon_core.package_identification:_identify(src) by extension 'colcon_meta'
[1.133s] Level 1:colcon.colcon_core.package_identification:_identify(src) by extensions ['ros']
[1.133s] Level 1:colcon.colcon_core.package_identification:_identify(src) by extension 'ros'
[1.134s] Level 1:colcon.colcon_core.package_identification:_identify(src) by extensions ['cmake', 'python']
[1.134s] Level 1:colcon.colcon_core.package_identification:_identify(src) by extension 'cmake'
[1.134s] Level 1:colcon.colcon_core.package_identification:_identify(src) by extension 'python'
[1.134s] Level 1:colcon.colcon_core.package_identification:_identify(src) by extensions ['python_setup_py']
[1.134s] Level 1:colcon.colcon_core.package_identification:_identify(src) by extension 'python_setup_py'
[1.134s] Level 1:colcon.colcon_core.package_identification:_identify(src/robot_mobile_pkg_cpp) by extensions ['ignore', 'ignore_ament_install']
[1.134s] Level 1:colcon.colcon_core.package_identification:_identify(src/robot_mobile_pkg_cpp) by extension 'ignore'
[1.134s] Level 1:colcon.colcon_core.package_identification:_identify(src/robot_mobile_pkg_cpp) by extension 'ignore_ament_install'
[1.134s] Level 1:colcon.colcon_core.package_identification:_identify(src/robot_mobile_pkg_cpp) by extensions ['colcon_pkg']
[1.134s] Level 1:colcon.colcon_core.package_identification:_identify(src/robot_mobile_pkg_cpp) by extension 'colcon_pkg'
[1.134s] Level 1:colcon.colcon_core.package_identification:_identify(src/robot_mobile_pkg_cpp) by extensions ['colcon_meta']
[1.134s] Level 1:colcon.colcon_core.package_identification:_identify(src/robot_mobile_pkg_cpp) by extension 'colcon_meta'
[1.134s] Level 1:colcon.colcon_core.package_identification:_identify(src/robot_mobile_pkg_cpp) by extensions ['ros']
[1.134s] Level 1:colcon.colcon_core.package_identification:_identify(src/robot_mobile_pkg_cpp) by extension 'ros'
[1.137s] DEBUG:colcon.colcon_core.package_identification:Package 'src/robot_mobile_pkg_cpp' with type 'ros.ament_cmake' and name 'robot_mobile_pkg_cpp'
[1.137s] Level 1:colcon.colcon_core.package_discovery:discover_packages(recursive) using defaults
[1.137s] Level 1:colcon.colcon_core.package_discovery:discover_packages(ignore) discover
[1.137s] Level 1:colcon.colcon_core.package_discovery:discover_packages(ignore) using defaults
[1.137s] Level 1:colcon.colcon_core.package_discovery:discover_packages(path) discover
[1.137s] Level 1:colcon.colcon_core.package_discovery:discover_packages(path) using defaults
[1.234s] Level 1:colcon.colcon_core.package_discovery:discover_packages(prefix_path) check parameters
[1.234s] Level 1:colcon.colcon_core.package_discovery:discover_packages(prefix_path) discover
[1.267s] DEBUG:colcon.colcon_installed_package_information.package_discovery:Found 1 installed packages in /home/rospc/IHM/robot_mobile_ihm/install
[1.283s] DEBUG:colcon.colcon_installed_package_information.package_discovery:Found 1 installed packages in /home/rospc/qt_ros_ws2/install
[1.300s] DEBUG:colcon.colcon_installed_package_information.package_discovery:Found 274 installed packages in /opt/ros/humble
[1.301s] Level 1:colcon.colcon_core.package_discovery:discover_packages(prefix_path) using defaults
[1.397s] Level 5:colcon.colcon_core.verb:set package 'robot_mobile_pkg_cpp' build argument 'cmake_args' from command line to 'None'
[1.397s] Level 5:colcon.colcon_core.verb:set package 'robot_mobile_pkg_cpp' build argument 'cmake_target' from command line to 'None'
[1.397s] Level 5:colcon.colcon_core.verb:set package 'robot_mobile_pkg_cpp' build argument 'cmake_target_skip_unavailable' from command line to 'False'
[1.397s] Level 5:colcon.colcon_core.verb:set package 'robot_mobile_pkg_cpp' build argument 'cmake_clean_cache' from command line to 'False'
[1.397s] Level 5:colcon.colcon_core.verb:set package 'robot_mobile_pkg_cpp' build argument 'cmake_clean_first' from command line to 'False'
[1.397s] Level 5:colcon.colcon_core.verb:set package 'robot_mobile_pkg_cpp' build argument 'cmake_force_configure' from command line to 'False'
[1.397s] Level 5:colcon.colcon_core.verb:set package 'robot_mobile_pkg_cpp' build argument 'ament_cmake_args' from command line to 'None'
[1.397s] Level 5:colcon.colcon_core.verb:set package 'robot_mobile_pkg_cpp' build argument 'catkin_cmake_args' from command line to 'None'
[1.397s] Level 5:colcon.colcon_core.verb:set package 'robot_mobile_pkg_cpp' build argument 'catkin_skip_building_tests' from command line to 'False'
[1.397s] DEBUG:colcon.colcon_core.verb:Building package 'robot_mobile_pkg_cpp' with the following arguments: {'ament_cmake_args': None, 'build_base': '/home/rospc/IHM/robot_mobile_ihm/build/robot_mobile_pkg_cpp', 'catkin_cmake_args': None, 'catkin_skip_building_tests': False, 'cmake_args': None, 'cmake_clean_cache': False, 'cmake_clean_first': False, 'cmake_force_configure': False, 'cmake_target': None, 'cmake_target_skip_unavailable': False, 'install_base': '/home/rospc/IHM/robot_mobile_ihm/install/robot_mobile_pkg_cpp', 'merge_install': False, 'path': '/home/rospc/IHM/robot_mobile_ihm/src/robot_mobile_pkg_cpp', 'symlink_install': False, 'test_result_base': None}
[1.412s] INFO:colcon.colcon_core.executor:Executing jobs using 'parallel' executor
[1.429s] DEBUG:colcon.colcon_parallel_executor.executor.parallel:run_until_complete
[1.430s] INFO:colcon.colcon_ros.task.ament_cmake.build:Building ROS package in '/home/rospc/IHM/robot_mobile_ihm/src/robot_mobile_pkg_cpp' with build type 'ament_cmake'
[1.430s] INFO:colcon.colcon_cmake.task.cmake.build:Building CMake package in '/home/rospc/IHM/robot_mobile_ihm/src/robot_mobile_pkg_cpp'
[1.448s] INFO:colcon.colcon_core.plugin_system:Skipping extension 'colcon_core.shell.bat': Not used on non-Windows systems
[1.448s] INFO:colcon.colcon_core.shell:Skip shell extension 'powershell' for command environment: Not usable outside of PowerShell
[1.448s] DEBUG:colcon.colcon_core.shell:Skip shell extension 'dsv' for command environment
[1.533s] DEBUG:colcon.colcon_core.event_handler.log_command:Invoking command in '/home/rospc/IHM/robot_mobile_ihm/build/robot_mobile_pkg_cpp': CMAKE_PREFIX_PATH=${CMAKE_PREFIX_PATH}:/opt/ros/humble /usr/bin/cmake --build /home/rospc/IHM/robot_mobile_ihm/build/robot_mobile_pkg_cpp -- -j8 -l8
[2.276s] DEBUG:colcon.colcon_core.event_handler.log_command:Invoked command in '/home/rospc/IHM/robot_mobile_ihm/build/robot_mobile_pkg_cpp' returned '2': CMAKE_PREFIX_PATH=${CMAKE_PREFIX_PATH}:/opt/ros/humble /usr/bin/cmake --build /home/rospc/IHM/robot_mobile_ihm/build/robot_mobile_pkg_cpp -- -j8 -l8
[2.321s] Level 1:colcon.colcon_core.environment:create_environment_scripts_only(robot_mobile_pkg_cpp)
[2.341s] Level 1:colcon.colcon_core.environment:checking '/home/rospc/IHM/robot_mobile_ihm/install/robot_mobile_pkg_cpp' for CMake module files
[2.341s] Level 1:colcon.colcon_core.environment:checking '/home/rospc/IHM/robot_mobile_ihm/install/robot_mobile_pkg_cpp' for CMake config files
[2.342s] Level 1:colcon.colcon_core.shell:create_environment_hook('robot_mobile_pkg_cpp', 'cmake_prefix_path')
[2.358s] INFO:colcon.colcon_core.shell:Creating environment hook '/home/rospc/IHM/robot_mobile_ihm/install/robot_mobile_pkg_cpp/share/robot_mobile_pkg_cpp/hook/cmake_prefix_path.ps1'
[2.359s] INFO:colcon.colcon_core.shell:Creating environment descriptor '/home/rospc/IHM/robot_mobile_ihm/install/robot_mobile_pkg_cpp/share/robot_mobile_pkg_cpp/hook/cmake_prefix_path.dsv'
[2.359s] INFO:colcon.colcon_core.shell:Creating environment hook '/home/rospc/IHM/robot_mobile_ihm/install/robot_mobile_pkg_cpp/share/robot_mobile_pkg_cpp/hook/cmake_prefix_path.sh'
[2.360s] Level 1:colcon.colcon_core.environment:checking '/home/rospc/IHM/robot_mobile_ihm/install/robot_mobile_pkg_cpp/bin'
[2.360s] Level 1:colcon.colcon_core.environment:checking '/home/rospc/IHM/robot_mobile_ihm/install/robot_mobile_pkg_cpp/lib/pkgconfig/robot_mobile_pkg_cpp.pc'
[2.360s] Level 1:colcon.colcon_core.environment:checking '/home/rospc/IHM/robot_mobile_ihm/install/robot_mobile_pkg_cpp/lib/python3.10/site-packages'
[2.360s] Level 1:colcon.colcon_core.environment:checking '/home/rospc/IHM/robot_mobile_ihm/install/robot_mobile_pkg_cpp/bin'
[2.377s] INFO:colcon.colcon_core.shell:Creating package script '/home/rospc/IHM/robot_mobile_ihm/install/robot_mobile_pkg_cpp/share/robot_mobile_pkg_cpp/package.ps1'
[2.377s] INFO:colcon.colcon_core.shell:Creating package descriptor '/home/rospc/IHM/robot_mobile_ihm/install/robot_mobile_pkg_cpp/share/robot_mobile_pkg_cpp/package.dsv'
[2.378s] INFO:colcon.colcon_core.shell:Creating package script '/home/rospc/IHM/robot_mobile_ihm/install/robot_mobile_pkg_cpp/share/robot_mobile_pkg_cpp/package.sh'
[2.379s] INFO:colcon.colcon_core.shell:Creating package script '/home/rospc/IHM/robot_mobile_ihm/install/robot_mobile_pkg_cpp/share/robot_mobile_pkg_cpp/package.bash'
[2.379s] INFO:colcon.colcon_core.shell:Creating package script '/home/rospc/IHM/robot_mobile_ihm/install/robot_mobile_pkg_cpp/share/robot_mobile_pkg_cpp/package.zsh'
[2.380s] Level 1:colcon.colcon_core.environment:create_file_with_runtime_dependencies(/home/rospc/IHM/robot_mobile_ihm/install/robot_mobile_pkg_cpp/share/colcon-core/packages/robot_mobile_pkg_cpp)
[2.391s] DEBUG:colcon.colcon_parallel_executor.executor.parallel:closing loop
[2.391s] DEBUG:colcon.colcon_parallel_executor.executor.parallel:loop closed
[2.391s] DEBUG:colcon.colcon_parallel_executor.executor.parallel:run_until_complete finished with '2'
[2.391s] DEBUG:colcon.colcon_core.event_reactor:joining thread
[2.412s] INFO:colcon.colcon_core.plugin_system:Skipping extension 'colcon_notification.desktop_notification.terminal_notifier': Not used on non-Darwin systems
[2.412s] INFO:colcon.colcon_core.plugin_system:Skipping extension 'colcon_notification.desktop_notification.win32': Not used on non-Windows systems
[2.412s] INFO:colcon.colcon_notification.desktop_notification:Sending desktop notification using 'notify2'
[2.424s] DEBUG:colcon.colcon_core.event_reactor:joined thread
[2.441s] INFO:colcon.colcon_core.shell:Creating prefix script '/home/rospc/IHM/robot_mobile_ihm/install/local_setup.ps1'
[2.442s] INFO:colcon.colcon_core.shell:Creating prefix util module '/home/rospc/IHM/robot_mobile_ihm/install/_local_setup_util_ps1.py'
[2.443s] INFO:colcon.colcon_core.shell:Creating prefix chain script '/home/rospc/IHM/robot_mobile_ihm/install/setup.ps1'
[2.460s] INFO:colcon.colcon_core.shell:Creating prefix script '/home/rospc/IHM/robot_mobile_ihm/install/local_setup.sh'
[2.461s] INFO:colcon.colcon_core.shell:Creating prefix util module '/home/rospc/IHM/robot_mobile_ihm/install/_local_setup_util_sh.py'
[2.461s] INFO:colcon.colcon_core.shell:Creating prefix chain script '/home/rospc/IHM/robot_mobile_ihm/install/setup.sh'
[2.479s] INFO:colcon.colcon_core.shell:Creating prefix script '/home/rospc/IHM/robot_mobile_ihm/install/local_setup.bash'
[2.479s] INFO:colcon.colcon_core.shell:Creating prefix chain script '/home/rospc/IHM/robot_mobile_ihm/install/setup.bash'
[2.496s] INFO:colcon.colcon_core.shell:Creating prefix script '/home/rospc/IHM/robot_mobile_ihm/install/local_setup.zsh'
[2.497s] INFO:colcon.colcon_core.shell:Creating prefix chain script '/home/rospc/IHM/robot_mobile_ihm/install/setup.zsh'
