[ 22%] [34m[1mAutomatic MOC and UIC for target my_img_pub_node[0m
[ 22%] [34m[1mAutomatic MOC and UIC for target my_node_ihm[0m
[ 22%] Built target my_img_pub_node_autogen
[ 22%] Built target my_node_ihm_autogen
[35m[1mConsolidate compiler generated dependencies of target my_node_ihm[0m
[ 55%] Built target my_img_pub_node
[ 66%] [32mBuilding CXX object CMakeFiles/my_node_ihm.dir/src/mainwindow.cpp.o[0m
[01m[K/home/rospc/robot_mobile_ihm/src/robot_mobile_pkg_cpp/src/mainwindow.cpp:[m[K In member function ‘[01m[Kvoid MainWindow::rgb_onSliderValueChanged(int)[m[K’:
[01m[K/home/rospc/robot_mobile_ihm/src/robot_mobile_pkg_cpp/src/mainwindow.cpp:243:18:[m[K [01;31m[Kerror: [m[K‘[01m[Kstruct std_msgs::msg::Int8MultiArray_<std::allocator<void> >[m[K’ has no member named ‘[01m[Klabel[m[K’
  243 |     rgb_data_low.[01;31m[Klabel[m[K = "rgb_low_values";
      |                  [01;31m[K^~~~~[m[K
[01m[K/home/rospc/robot_mobile_ihm/src/robot_mobile_pkg_cpp/src/mainwindow.cpp:244:19:[m[K [01;31m[Kerror: [m[K‘[01m[Kstruct std_msgs::msg::Int8MultiArray_<std::allocator<void> >[m[K’ has no member named ‘[01m[Klabel[m[K’
  244 |     rgb_data_high.[01;31m[Klabel[m[K = "rgb_low_values";
      |                   [01;31m[K^~~~~[m[K
[01m[K/home/rospc/robot_mobile_ihm/src/robot_mobile_pkg_cpp/src/mainwindow.cpp:245:18:[m[K [01;31m[Kerror: [m[K‘[01m[Kstruct std_msgs::msg::Int8MultiArray_<std::allocator<void> >[m[K’ has no member named ‘[01m[Ksize[m[K’
  245 |     rgb_data_low.[01;31m[Ksize[m[K = 3;
      |                  [01;31m[K^~~~[m[K
[01m[K/home/rospc/robot_mobile_ihm/src/robot_mobile_pkg_cpp/src/mainwindow.cpp:246:19:[m[K [01;31m[Kerror: [m[K‘[01m[Kstruct std_msgs::msg::Int8MultiArray_<std::allocator<void> >[m[K’ has no member named ‘[01m[Ksize[m[K’
  246 |     rgb_data_high.[01;31m[Ksize[m[K = 3;
      |                   [01;31m[K^~~~[m[K
[01m[K/home/rospc/robot_mobile_ihm/src/robot_mobile_pkg_cpp/src/mainwindow.cpp:247:18:[m[K [01;31m[Kerror: [m[K‘[01m[Kstruct std_msgs::msg::Int8MultiArray_<std::allocator<void> >[m[K’ has no member named ‘[01m[Kstride[m[K’
  247 |     rgb_data_low.[01;31m[Kstride[m[K = 1;
      |                  [01;31m[K^~~~~~[m[K
[01m[K/home/rospc/robot_mobile_ihm/src/robot_mobile_pkg_cpp/src/mainwindow.cpp:248:19:[m[K [01;31m[Kerror: [m[K‘[01m[Kstruct std_msgs::msg::Int8MultiArray_<std::allocator<void> >[m[K’ has no member named ‘[01m[Kstride[m[K’
  248 |     rgb_data_high.[01;31m[Kstride[m[K = 1;
      |                   [01;31m[K^~~~~~[m[K
[01m[K/home/rospc/robot_mobile_ihm/src/robot_mobile_pkg_cpp/src/mainwindow.cpp:249:18:[m[K [01;31m[Kerror: [m[K‘[01m[Kstruct std_msgs::msg::Int8MultiArray_<std::allocator<void> >[m[K’ has no member named ‘[01m[Koffset[m[K’
  249 |     rgb_data_low.[01;31m[Koffset[m[K = 1;
      |                  [01;31m[K^~~~~~[m[K
[01m[K/home/rospc/robot_mobile_ihm/src/robot_mobile_pkg_cpp/src/mainwindow.cpp:250:19:[m[K [01;31m[Kerror: [m[K‘[01m[Kstruct std_msgs::msg::Int8MultiArray_<std::allocator<void> >[m[K’ has no member named ‘[01m[Koffset[m[K’
  250 |     rgb_data_high.[01;31m[Koffset[m[K = 1;
      |                   [01;31m[K^~~~~~[m[K
[01m[K/home/rospc/robot_mobile_ihm/src/robot_mobile_pkg_cpp/src/mainwindow.cpp:302:41:[m[K [01;31m[Kerror: [m[K‘[01m[Kstruct std_msgs::msg::Int8MultiArray_<std::allocator<void> >[m[K’ has no member named ‘[01m[Ksize[m[K’
  302 |         for(int i = 0; i < rgb_data_low.[01;31m[Ksize[m[K; i++)
      |                                         [01;31m[K^~~~[m[K
[01m[K/home/rospc/robot_mobile_ihm/src/robot_mobile_pkg_cpp/src/mainwindow.cpp:305:41:[m[K [01;31m[Kerror: [m[K‘[01m[Kstruct std_msgs::msg::Int8MultiArray_<std::allocator<void> >[m[K’ has no member named ‘[01m[Ksize[m[K’
  305 |         for(int j = 0; j <rgb_data_high.[01;31m[Ksize[m[K ; i++)
      |                                         [01;31m[K^~~~[m[K
[01m[K/home/rospc/robot_mobile_ihm/src/robot_mobile_pkg_cpp/src/mainwindow.cpp:305:48:[m[K [01;31m[Kerror: [m[K‘[01m[Ki[m[K’ was not declared in this scope; did you mean ‘[01m[Kui[m[K’?
  305 |         for(int j = 0; j <rgb_data_high.size ; [01;31m[Ki[m[K++)
      |                                                [01;31m[K^[m[K
      |                                                [32m[Kui[m[K
In file included from [01m[K/opt/ros/humble/include/rclcpp/rclcpp/logging.hpp:24[m[K,
                 from [01m[K/opt/ros/humble/include/rclcpp/rclcpp/client.hpp:40[m[K,
                 from [01m[K/opt/ros/humble/include/rclcpp/rclcpp/callback_group.hpp:24[m[K,
                 from [01m[K/opt/ros/humble/include/rclcpp/rclcpp/any_executable.hpp:20[m[K,
                 from [01m[K/opt/ros/humble/include/rclcpp/rclcpp/memory_strategy.hpp:25[m[K,
                 from [01m[K/opt/ros/humble/include/rclcpp/rclcpp/memory_strategies.hpp:18[m[K,
                 from [01m[K/opt/ros/humble/include/rclcpp/rclcpp/executor_options.hpp:20[m[K,
                 from [01m[K/opt/ros/humble/include/rclcpp/rclcpp/executor.hpp:37[m[K,
                 from [01m[K/opt/ros/humble/include/rclcpp/rclcpp/executors/multi_threaded_executor.hpp:25[m[K,
                 from [01m[K/opt/ros/humble/include/rclcpp/rclcpp/executors.hpp:21[m[K,
                 from [01m[K/opt/ros/humble/include/rclcpp/rclcpp/rclcpp.hpp:155[m[K,
                 from [01m[K/home/rospc/robot_mobile_ihm/src/robot_mobile_pkg_cpp/src/./../include/mainwindow.hpp:14[m[K,
                 from [01m[K/home/rospc/robot_mobile_ihm/src/robot_mobile_pkg_cpp/src/mainwindow.cpp:1[m[K:
[01m[K/home/rospc/robot_mobile_ihm/src/robot_mobile_pkg_cpp/src/mainwindow.cpp:309:85:[m[K [01;31m[Kerror: [m[K‘[01m[Kstruct std_msgs::msg::Int8MultiArray_<std::allocator<void> >[m[K’ has no member named ‘[01m[Klabel[m[K’
  309 | logger(), "Publishing '%s': %s, %s, %s", rgb_data_low.[01;31m[Klabel[m[K.c_str(), std::to_string(rgb_low[0]).c_str(), std::to_string(rgb_low[1]).c_str(), std::to_string(rgb_low[2]).c_str());
      |                                                       [01;31m[K^~~~~[m[K

[01m[K/home/rospc/robot_mobile_ihm/src/robot_mobile_pkg_cpp/src/mainwindow.cpp:310:86:[m[K [01;31m[Kerror: [m[K‘[01m[Kstruct std_msgs::msg::Int8MultiArray_<std::allocator<void> >[m[K’ has no member named ‘[01m[Klabel[m[K’
  310 | ogger(), "Publishing '%s': %s, %s, %s", rgb_data_high.[01;31m[Klabel[m[K.c_str(), std::to_string(rgb_high[0]).c_str(), std::to_string(rgb_high[1]).c_str(), std::to_string(rgb_high[2]).c_str());
      |                                                       [01;31m[K^~~~~[m[K

gmake[2]: *** [CMakeFiles/my_node_ihm.dir/build.make:104 : CMakeFiles/my_node_ihm.dir/src/mainwindow.cpp.o] Erreur 1
gmake[1]: *** [CMakeFiles/Makefile2:167 : CMakeFiles/my_node_ihm.dir/all] Erreur 2
gmake: *** [Makefile:146 : all] Erreur 2
