[2.855s] DEBUG:colcon:Command line arguments: ['/usr/bin/colcon', 'build']
[2.856s] DEBUG:colcon:Parsed command line arguments: Namespace(log_base=None, log_level=None, verb_name='build', build_base='build', install_base='install', merge_install=False, symlink_install=False, test_result_base=None, continue_on_error=False, executor='parallel', parallel_workers=2, event_handlers=None, ignore_user_meta=False, metas=['./colcon.meta'], base_paths=['.'], packages_ignore=None, packages_ignore_regex=None, paths=None, packages_up_to=None, packages_up_to_regex=None, packages_above=None, packages_above_and_dependencies=None, packages_above_depth=None, packages_select_by_dep=None, packages_skip_by_dep=None, packages_skip_up_to=None, packages_select_build_failed=False, packages_skip_build_finished=False, packages_select_test_failures=False, packages_skip_test_passed=False, packages_select=None, packages_skip=None, packages_select_regex=None, packages_skip_regex=None, packages_start=None, packages_end=None, allow_overriding=[], cmake_args=None, cmake_target=None, cmake_target_skip_unavailable=False, cmake_clean_cache=False, cmake_clean_first=False, cmake_force_configure=False, ament_cmake_args=None, catkin_cmake_args=None, catkin_skip_building_tests=False, verb_parser=<colcon_defaults.argument_parser.defaults.DefaultArgumentsDecorator object at 0x7f2ee8aa5ff0>, verb_extension=<colcon_core.verb.build.BuildVerb object at 0x7f2ee8aa5a20>, main=<bound method BuildVerb.main of <colcon_core.verb.build.BuildVerb object at 0x7f2ee8aa5a20>>)
[2.989s] Level 1:colcon.colcon_core.package_discovery:discover_packages(colcon_meta) check parameters
[2.990s] Level 1:colcon.colcon_core.package_discovery:discover_packages(recursive) check parameters
[2.990s] Level 1:colcon.colcon_core.package_discovery:discover_packages(ignore) check parameters
[2.990s] Level 1:colcon.colcon_core.package_discovery:discover_packages(path) check parameters
[2.990s] Level 1:colcon.colcon_core.package_discovery:discover_packages(colcon_meta) discover
[2.990s] Level 1:colcon.colcon_core.package_discovery:discover_packages(recursive) discover
[2.990s] INFO:colcon.colcon_core.package_discovery:Crawling recursively for packages in '/home/dony/ROS_ROBOT_PROJECT/robot_mobile_ihm'
[2.991s] Level 1:colcon.colcon_core.package_identification:_identify(.) by extensions ['ignore', 'ignore_ament_install']
[2.991s] Level 1:colcon.colcon_core.package_identification:_identify(.) by extension 'ignore'
[2.991s] Level 1:colcon.colcon_core.package_identification:_identify(.) by extension 'ignore_ament_install'
[2.992s] Level 1:colcon.colcon_core.package_identification:_identify(.) by extensions ['colcon_pkg']
[2.992s] Level 1:colcon.colcon_core.package_identification:_identify(.) by extension 'colcon_pkg'
[2.992s] Level 1:colcon.colcon_core.package_identification:_identify(.) by extensions ['colcon_meta']
[2.992s] Level 1:colcon.colcon_core.package_identification:_identify(.) by extension 'colcon_meta'
[2.992s] Level 1:colcon.colcon_core.package_identification:_identify(.) by extensions ['ros']
[2.992s] Level 1:colcon.colcon_core.package_identification:_identify(.) by extension 'ros'
[3.028s] Level 1:colcon.colcon_core.package_identification:_identify(.) by extensions ['cmake', 'python']
[3.028s] Level 1:colcon.colcon_core.package_identification:_identify(.) by extension 'cmake'
[3.028s] Level 1:colcon.colcon_core.package_identification:_identify(.) by extension 'python'
[3.028s] Level 1:colcon.colcon_core.package_identification:_identify(.) by extensions ['python_setup_py']
[3.028s] Level 1:colcon.colcon_core.package_identification:_identify(.) by extension 'python_setup_py'
[3.029s] Level 1:colcon.colcon_core.package_identification:_identify(build) by extensions ['ignore', 'ignore_ament_install']
[3.029s] Level 1:colcon.colcon_core.package_identification:_identify(build) by extension 'ignore'
[3.030s] Level 1:colcon.colcon_core.package_identification:_identify(build) ignored
[3.030s] Level 1:colcon.colcon_core.package_identification:_identify(install) by extensions ['ignore', 'ignore_ament_install']
[3.030s] Level 1:colcon.colcon_core.package_identification:_identify(install) by extension 'ignore'
[3.031s] Level 1:colcon.colcon_core.package_identification:_identify(install) ignored
[3.031s] Level 1:colcon.colcon_core.package_identification:_identify(log) by extensions ['ignore', 'ignore_ament_install']
[3.031s] Level 1:colcon.colcon_core.package_identification:_identify(log) by extension 'ignore'
[3.032s] Level 1:colcon.colcon_core.package_identification:_identify(log) ignored
[3.032s] Level 1:colcon.colcon_core.package_identification:_identify(src) by extensions ['ignore', 'ignore_ament_install']
[3.032s] Level 1:colcon.colcon_core.package_identification:_identify(src) by extension 'ignore'
[3.032s] Level 1:colcon.colcon_core.package_identification:_identify(src) by extension 'ignore_ament_install'
[3.033s] Level 1:colcon.colcon_core.package_identification:_identify(src) by extensions ['colcon_pkg']
[3.033s] Level 1:colcon.colcon_core.package_identification:_identify(src) by extension 'colcon_pkg'
[3.033s] Level 1:colcon.colcon_core.package_identification:_identify(src) by extensions ['colcon_meta']
[3.033s] Level 1:colcon.colcon_core.package_identification:_identify(src) by extension 'colcon_meta'
[3.033s] Level 1:colcon.colcon_core.package_identification:_identify(src) by extensions ['ros']
[3.033s] Level 1:colcon.colcon_core.package_identification:_identify(src) by extension 'ros'
[3.034s] Level 1:colcon.colcon_core.package_identification:_identify(src) by extensions ['cmake', 'python']
[3.034s] Level 1:colcon.colcon_core.package_identification:_identify(src) by extension 'cmake'
[3.034s] Level 1:colcon.colcon_core.package_identification:_identify(src) by extension 'python'
[3.034s] Level 1:colcon.colcon_core.package_identification:_identify(src) by extensions ['python_setup_py']
[3.034s] Level 1:colcon.colcon_core.package_identification:_identify(src) by extension 'python_setup_py'
[3.035s] Level 1:colcon.colcon_core.package_identification:_identify(src/robot_mobile_pkg_cpp) by extensions ['ignore', 'ignore_ament_install']
[3.035s] Level 1:colcon.colcon_core.package_identification:_identify(src/robot_mobile_pkg_cpp) by extension 'ignore'
[3.035s] Level 1:colcon.colcon_core.package_identification:_identify(src/robot_mobile_pkg_cpp) by extension 'ignore_ament_install'
[3.035s] Level 1:colcon.colcon_core.package_identification:_identify(src/robot_mobile_pkg_cpp) by extensions ['colcon_pkg']
[3.035s] Level 1:colcon.colcon_core.package_identification:_identify(src/robot_mobile_pkg_cpp) by extension 'colcon_pkg'
[3.036s] Level 1:colcon.colcon_core.package_identification:_identify(src/robot_mobile_pkg_cpp) by extensions ['colcon_meta']
[3.036s] Level 1:colcon.colcon_core.package_identification:_identify(src/robot_mobile_pkg_cpp) by extension 'colcon_meta'
[3.036s] Level 1:colcon.colcon_core.package_identification:_identify(src/robot_mobile_pkg_cpp) by extensions ['ros']
[3.036s] Level 1:colcon.colcon_core.package_identification:_identify(src/robot_mobile_pkg_cpp) by extension 'ros'
[3.042s] DEBUG:colcon.colcon_core.package_identification:Package 'src/robot_mobile_pkg_cpp' with type 'ros.ament_cmake' and name 'robot_mobile_pkg_cpp'
[3.042s] Level 1:colcon.colcon_core.package_discovery:discover_packages(recursive) using defaults
[3.042s] Level 1:colcon.colcon_core.package_discovery:discover_packages(ignore) discover
[3.042s] Level 1:colcon.colcon_core.package_discovery:discover_packages(ignore) using defaults
[3.042s] Level 1:colcon.colcon_core.package_discovery:discover_packages(path) discover
[3.043s] Level 1:colcon.colcon_core.package_discovery:discover_packages(path) using defaults
[3.268s] Level 1:colcon.colcon_core.package_discovery:discover_packages(prefix_path) check parameters
[3.268s] Level 1:colcon.colcon_core.package_discovery:discover_packages(prefix_path) discover
[3.335s] DEBUG:colcon.colcon_installed_package_information.package_discovery:Found 1 installed packages in /home/dony/ROS_ROBOT_PROJECT/qt_ros_ws2/install
[3.367s] DEBUG:colcon.colcon_installed_package_information.package_discovery:Found 1 installed packages in /home/dony/ROS_ROBOT_PROJECT/robot_mobile_ihm/install
[3.400s] DEBUG:colcon.colcon_installed_package_information.package_discovery:Found 4 installed packages in /home/dony/ROS_UDEMY/ros2_ws/install
[3.434s] DEBUG:colcon.colcon_installed_package_information.package_discovery:Found 270 installed packages in /opt/ros/humble
[3.437s] Level 1:colcon.colcon_core.package_discovery:discover_packages(prefix_path) using defaults
[3.641s] Level 5:colcon.colcon_core.verb:set package 'robot_mobile_pkg_cpp' build argument 'cmake_args' from command line to 'None'
[3.641s] Level 5:colcon.colcon_core.verb:set package 'robot_mobile_pkg_cpp' build argument 'cmake_target' from command line to 'None'
[3.641s] Level 5:colcon.colcon_core.verb:set package 'robot_mobile_pkg_cpp' build argument 'cmake_target_skip_unavailable' from command line to 'False'
[3.641s] Level 5:colcon.colcon_core.verb:set package 'robot_mobile_pkg_cpp' build argument 'cmake_clean_cache' from command line to 'False'
[3.641s] Level 5:colcon.colcon_core.verb:set package 'robot_mobile_pkg_cpp' build argument 'cmake_clean_first' from command line to 'False'
[3.641s] Level 5:colcon.colcon_core.verb:set package 'robot_mobile_pkg_cpp' build argument 'cmake_force_configure' from command line to 'False'
[3.641s] Level 5:colcon.colcon_core.verb:set package 'robot_mobile_pkg_cpp' build argument 'ament_cmake_args' from command line to 'None'
[3.641s] Level 5:colcon.colcon_core.verb:set package 'robot_mobile_pkg_cpp' build argument 'catkin_cmake_args' from command line to 'None'
[3.641s] Level 5:colcon.colcon_core.verb:set package 'robot_mobile_pkg_cpp' build argument 'catkin_skip_building_tests' from command line to 'False'
[3.641s] DEBUG:colcon.colcon_core.verb:Building package 'robot_mobile_pkg_cpp' with the following arguments: {'ament_cmake_args': None, 'build_base': '/home/dony/ROS_ROBOT_PROJECT/robot_mobile_ihm/build/robot_mobile_pkg_cpp', 'catkin_cmake_args': None, 'catkin_skip_building_tests': False, 'cmake_args': None, 'cmake_clean_cache': False, 'cmake_clean_first': False, 'cmake_force_configure': False, 'cmake_target': None, 'cmake_target_skip_unavailable': False, 'install_base': '/home/dony/ROS_ROBOT_PROJECT/robot_mobile_ihm/install/robot_mobile_pkg_cpp', 'merge_install': False, 'path': '/home/dony/ROS_ROBOT_PROJECT/robot_mobile_ihm/src/robot_mobile_pkg_cpp', 'symlink_install': False, 'test_result_base': None}
[3.673s] INFO:colcon.colcon_core.executor:Executing jobs using 'parallel' executor
[3.706s] DEBUG:colcon.colcon_parallel_executor.executor.parallel:run_until_complete
[3.706s] INFO:colcon.colcon_ros.task.ament_cmake.build:Building ROS package in '/home/dony/ROS_ROBOT_PROJECT/robot_mobile_ihm/src/robot_mobile_pkg_cpp' with build type 'ament_cmake'
[3.706s] INFO:colcon.colcon_cmake.task.cmake.build:Building CMake package in '/home/dony/ROS_ROBOT_PROJECT/robot_mobile_ihm/src/robot_mobile_pkg_cpp'
[3.744s] INFO:colcon.colcon_core.plugin_system:Skipping extension 'colcon_core.shell.bat': Not used on non-Windows systems
[3.744s] INFO:colcon.colcon_core.shell:Skip shell extension 'powershell' for command environment: Not usable outside of PowerShell
[3.744s] DEBUG:colcon.colcon_core.shell:Skip shell extension 'dsv' for command environment
[3.977s] DEBUG:colcon.colcon_core.event_handler.log_command:Invoking command in '/home/dony/ROS_ROBOT_PROJECT/robot_mobile_ihm/build/robot_mobile_pkg_cpp': CMAKE_PREFIX_PATH=${CMAKE_PREFIX_PATH}:/home/dony/ROS_UDEMY/ros2_ws/install/my_py_pkg:/home/dony/ROS_UDEMY/ros2_ws/install/activity_002_py:/opt/ros/humble /usr/bin/cmake --build /home/dony/ROS_ROBOT_PROJECT/robot_mobile_ihm/build/robot_mobile_pkg_cpp -- -j2 -l2
[53.187s] DEBUG:colcon.colcon_core.event_handler.log_command:Invoked command in '/home/dony/ROS_ROBOT_PROJECT/robot_mobile_ihm/build/robot_mobile_pkg_cpp' returned '0': CMAKE_PREFIX_PATH=${CMAKE_PREFIX_PATH}:/home/dony/ROS_UDEMY/ros2_ws/install/my_py_pkg:/home/dony/ROS_UDEMY/ros2_ws/install/activity_002_py:/opt/ros/humble /usr/bin/cmake --build /home/dony/ROS_ROBOT_PROJECT/robot_mobile_ihm/build/robot_mobile_pkg_cpp -- -j2 -l2
[53.275s] DEBUG:colcon.colcon_core.event_handler.log_command:Invoking command in '/home/dony/ROS_ROBOT_PROJECT/robot_mobile_ihm/build/robot_mobile_pkg_cpp': CMAKE_PREFIX_PATH=${CMAKE_PREFIX_PATH}:/home/dony/ROS_UDEMY/ros2_ws/install/my_py_pkg:/home/dony/ROS_UDEMY/ros2_ws/install/activity_002_py:/opt/ros/humble /usr/bin/cmake --install /home/dony/ROS_ROBOT_PROJECT/robot_mobile_ihm/build/robot_mobile_pkg_cpp
[53.376s] Level 1:colcon.colcon_core.environment:create_environment_scripts_only(robot_mobile_pkg_cpp)
[53.386s] DEBUG:colcon.colcon_core.event_handler.log_command:Invoked command in '/home/dony/ROS_ROBOT_PROJECT/robot_mobile_ihm/build/robot_mobile_pkg_cpp' returned '0': CMAKE_PREFIX_PATH=${CMAKE_PREFIX_PATH}:/home/dony/ROS_UDEMY/ros2_ws/install/my_py_pkg:/home/dony/ROS_UDEMY/ros2_ws/install/activity_002_py:/opt/ros/humble /usr/bin/cmake --install /home/dony/ROS_ROBOT_PROJECT/robot_mobile_ihm/build/robot_mobile_pkg_cpp
[53.432s] Level 1:colcon.colcon_core.environment:checking '/home/dony/ROS_ROBOT_PROJECT/robot_mobile_ihm/install/robot_mobile_pkg_cpp' for CMake module files
[53.433s] Level 1:colcon.colcon_core.environment:checking '/home/dony/ROS_ROBOT_PROJECT/robot_mobile_ihm/install/robot_mobile_pkg_cpp' for CMake config files
[53.434s] Level 1:colcon.colcon_core.shell:create_environment_hook('robot_mobile_pkg_cpp', 'cmake_prefix_path')
[53.467s] INFO:colcon.colcon_core.shell:Creating environment hook '/home/dony/ROS_ROBOT_PROJECT/robot_mobile_ihm/install/robot_mobile_pkg_cpp/share/robot_mobile_pkg_cpp/hook/cmake_prefix_path.ps1'
[53.468s] INFO:colcon.colcon_core.shell:Creating environment descriptor '/home/dony/ROS_ROBOT_PROJECT/robot_mobile_ihm/install/robot_mobile_pkg_cpp/share/robot_mobile_pkg_cpp/hook/cmake_prefix_path.dsv'
[53.469s] INFO:colcon.colcon_core.shell:Creating environment hook '/home/dony/ROS_ROBOT_PROJECT/robot_mobile_ihm/install/robot_mobile_pkg_cpp/share/robot_mobile_pkg_cpp/hook/cmake_prefix_path.sh'
[53.472s] Level 1:colcon.colcon_core.environment:checking '/home/dony/ROS_ROBOT_PROJECT/robot_mobile_ihm/install/robot_mobile_pkg_cpp/lib'
[53.473s] Level 1:colcon.colcon_core.environment:checking '/home/dony/ROS_ROBOT_PROJECT/robot_mobile_ihm/install/robot_mobile_pkg_cpp/bin'
[53.474s] Level 1:colcon.colcon_core.environment:checking '/home/dony/ROS_ROBOT_PROJECT/robot_mobile_ihm/install/robot_mobile_pkg_cpp/lib/pkgconfig/robot_mobile_pkg_cpp.pc'
[53.474s] Level 1:colcon.colcon_core.environment:checking '/home/dony/ROS_ROBOT_PROJECT/robot_mobile_ihm/install/robot_mobile_pkg_cpp/lib/python3.10/site-packages'
[53.475s] Level 1:colcon.colcon_core.environment:checking '/home/dony/ROS_ROBOT_PROJECT/robot_mobile_ihm/install/robot_mobile_pkg_cpp/bin'
[53.508s] INFO:colcon.colcon_core.shell:Creating package script '/home/dony/ROS_ROBOT_PROJECT/robot_mobile_ihm/install/robot_mobile_pkg_cpp/share/robot_mobile_pkg_cpp/package.ps1'
[53.510s] INFO:colcon.colcon_core.shell:Creating package descriptor '/home/dony/ROS_ROBOT_PROJECT/robot_mobile_ihm/install/robot_mobile_pkg_cpp/share/robot_mobile_pkg_cpp/package.dsv'
[53.512s] INFO:colcon.colcon_core.shell:Creating package script '/home/dony/ROS_ROBOT_PROJECT/robot_mobile_ihm/install/robot_mobile_pkg_cpp/share/robot_mobile_pkg_cpp/package.sh'
[53.513s] INFO:colcon.colcon_core.shell:Creating package script '/home/dony/ROS_ROBOT_PROJECT/robot_mobile_ihm/install/robot_mobile_pkg_cpp/share/robot_mobile_pkg_cpp/package.bash'
[53.515s] INFO:colcon.colcon_core.shell:Creating package script '/home/dony/ROS_ROBOT_PROJECT/robot_mobile_ihm/install/robot_mobile_pkg_cpp/share/robot_mobile_pkg_cpp/package.zsh'
[53.516s] Level 1:colcon.colcon_core.environment:create_file_with_runtime_dependencies(/home/dony/ROS_ROBOT_PROJECT/robot_mobile_ihm/install/robot_mobile_pkg_cpp/share/colcon-core/packages/robot_mobile_pkg_cpp)
[53.627s] Level 1:colcon.colcon_core.environment:create_environment_scripts_only(robot_mobile_pkg_cpp)
[53.665s] Level 1:colcon.colcon_core.environment:checking '/home/dony/ROS_ROBOT_PROJECT/robot_mobile_ihm/install/robot_mobile_pkg_cpp' for CMake module files
[53.666s] Level 1:colcon.colcon_core.environment:checking '/home/dony/ROS_ROBOT_PROJECT/robot_mobile_ihm/install/robot_mobile_pkg_cpp' for CMake config files
[53.667s] Level 1:colcon.colcon_core.shell:create_environment_hook('robot_mobile_pkg_cpp', 'cmake_prefix_path')
[53.701s] INFO:colcon.colcon_core.shell:Creating environment hook '/home/dony/ROS_ROBOT_PROJECT/robot_mobile_ihm/install/robot_mobile_pkg_cpp/share/robot_mobile_pkg_cpp/hook/cmake_prefix_path.ps1'
[53.703s] INFO:colcon.colcon_core.shell:Creating environment descriptor '/home/dony/ROS_ROBOT_PROJECT/robot_mobile_ihm/install/robot_mobile_pkg_cpp/share/robot_mobile_pkg_cpp/hook/cmake_prefix_path.dsv'
[53.705s] INFO:colcon.colcon_core.shell:Creating environment hook '/home/dony/ROS_ROBOT_PROJECT/robot_mobile_ihm/install/robot_mobile_pkg_cpp/share/robot_mobile_pkg_cpp/hook/cmake_prefix_path.sh'
[53.707s] Level 1:colcon.colcon_core.environment:checking '/home/dony/ROS_ROBOT_PROJECT/robot_mobile_ihm/install/robot_mobile_pkg_cpp/lib'
[53.707s] Level 1:colcon.colcon_core.environment:checking '/home/dony/ROS_ROBOT_PROJECT/robot_mobile_ihm/install/robot_mobile_pkg_cpp/bin'
[53.707s] Level 1:colcon.colcon_core.environment:checking '/home/dony/ROS_ROBOT_PROJECT/robot_mobile_ihm/install/robot_mobile_pkg_cpp/lib/pkgconfig/robot_mobile_pkg_cpp.pc'
[53.708s] Level 1:colcon.colcon_core.environment:checking '/home/dony/ROS_ROBOT_PROJECT/robot_mobile_ihm/install/robot_mobile_pkg_cpp/lib/python3.10/site-packages'
[53.708s] Level 1:colcon.colcon_core.environment:checking '/home/dony/ROS_ROBOT_PROJECT/robot_mobile_ihm/install/robot_mobile_pkg_cpp/bin'
[53.745s] INFO:colcon.colcon_core.shell:Creating package script '/home/dony/ROS_ROBOT_PROJECT/robot_mobile_ihm/install/robot_mobile_pkg_cpp/share/robot_mobile_pkg_cpp/package.ps1'
[53.747s] INFO:colcon.colcon_core.shell:Creating package descriptor '/home/dony/ROS_ROBOT_PROJECT/robot_mobile_ihm/install/robot_mobile_pkg_cpp/share/robot_mobile_pkg_cpp/package.dsv'
[53.748s] INFO:colcon.colcon_core.shell:Creating package script '/home/dony/ROS_ROBOT_PROJECT/robot_mobile_ihm/install/robot_mobile_pkg_cpp/share/robot_mobile_pkg_cpp/package.sh'
[53.749s] INFO:colcon.colcon_core.shell:Creating package script '/home/dony/ROS_ROBOT_PROJECT/robot_mobile_ihm/install/robot_mobile_pkg_cpp/share/robot_mobile_pkg_cpp/package.bash'
[53.750s] INFO:colcon.colcon_core.shell:Creating package script '/home/dony/ROS_ROBOT_PROJECT/robot_mobile_ihm/install/robot_mobile_pkg_cpp/share/robot_mobile_pkg_cpp/package.zsh'
[53.751s] Level 1:colcon.colcon_core.environment:create_file_with_runtime_dependencies(/home/dony/ROS_ROBOT_PROJECT/robot_mobile_ihm/install/robot_mobile_pkg_cpp/share/colcon-core/packages/robot_mobile_pkg_cpp)
[53.752s] DEBUG:colcon.colcon_parallel_executor.executor.parallel:closing loop
[53.753s] DEBUG:colcon.colcon_parallel_executor.executor.parallel:loop closed
[53.754s] DEBUG:colcon.colcon_parallel_executor.executor.parallel:run_until_complete finished with '0'
[53.754s] DEBUG:colcon.colcon_core.event_reactor:joining thread
[53.810s] INFO:colcon.colcon_core.plugin_system:Skipping extension 'colcon_notification.desktop_notification.terminal_notifier': Not used on non-Darwin systems
[53.811s] INFO:colcon.colcon_core.plugin_system:Skipping extension 'colcon_notification.desktop_notification.win32': Not used on non-Windows systems
[53.811s] INFO:colcon.colcon_notification.desktop_notification:Sending desktop notification using 'notify2'
[53.845s] DEBUG:colcon.colcon_core.event_reactor:joined thread
[53.888s] INFO:colcon.colcon_core.shell:Creating prefix script '/home/dony/ROS_ROBOT_PROJECT/robot_mobile_ihm/install/local_setup.ps1'
[53.890s] INFO:colcon.colcon_core.shell:Creating prefix util module '/home/dony/ROS_ROBOT_PROJECT/robot_mobile_ihm/install/_local_setup_util_ps1.py'
[53.893s] INFO:colcon.colcon_core.shell:Creating prefix chain script '/home/dony/ROS_ROBOT_PROJECT/robot_mobile_ihm/install/setup.ps1'
[53.934s] INFO:colcon.colcon_core.shell:Creating prefix script '/home/dony/ROS_ROBOT_PROJECT/robot_mobile_ihm/install/local_setup.sh'
[53.935s] INFO:colcon.colcon_core.shell:Creating prefix util module '/home/dony/ROS_ROBOT_PROJECT/robot_mobile_ihm/install/_local_setup_util_sh.py'
[53.937s] INFO:colcon.colcon_core.shell:Creating prefix chain script '/home/dony/ROS_ROBOT_PROJECT/robot_mobile_ihm/install/setup.sh'
[53.980s] INFO:colcon.colcon_core.shell:Creating prefix script '/home/dony/ROS_ROBOT_PROJECT/robot_mobile_ihm/install/local_setup.bash'
[53.981s] INFO:colcon.colcon_core.shell:Creating prefix chain script '/home/dony/ROS_ROBOT_PROJECT/robot_mobile_ihm/install/setup.bash'
[54.033s] INFO:colcon.colcon_core.shell:Creating prefix script '/home/dony/ROS_ROBOT_PROJECT/robot_mobile_ihm/install/local_setup.zsh'
[54.036s] INFO:colcon.colcon_core.shell:Creating prefix chain script '/home/dony/ROS_ROBOT_PROJECT/robot_mobile_ihm/install/setup.zsh'
