[0.132s] Invoking command in '/home/rospc/robot_mobile_ihm/build/robot_mobile_pkg_cpp': CMAKE_PREFIX_PATH=${CMAKE_PREFIX_PATH}:/opt/ros/humble /usr/bin/cmake --build /home/rospc/robot_mobile_ihm/build/robot_mobile_pkg_cpp -- -j8 -l8
[0.182s] [ 22%] [34m[1mAutomatic MOC and UIC for target my_node_ihm[0m
[0.182s] [ 22%] [34m[1mAutomatic MOC and UIC for target my_img_pub_node[0m
[0.201s] [ 22%] Built target my_img_pub_node_autogen
[0.202s] [ 22%] Built target my_node_ihm_autogen
[0.215s] [35m[1mConsolidate compiler generated dependencies of target my_img_pub_node[0m
[0.234s] [ 66%] Built target my_node_ihm
[0.237s] [ 77%] [32mBuilding CXX object CMakeFiles/my_img_pub_node.dir/src/img_pub_node.cpp.o[0m
[3.834s] [01m[K/home/rospc/robot_mobile_ihm/src/robot_mobile_pkg_cpp/src/img_pub_node.cpp:[m[K In member function ‘[01m[Kvoid ImagePublisher::publishImage()[m[K’:
[3.834s] [01m[K/home/rospc/robot_mobile_ihm/src/robot_mobile_pkg_cpp/src/img_pub_node.cpp:20:17:[m[K [01;31m[Kerror: [m[K‘[01m[Kclass std::unique_ptr<sensor_msgs::msg::Image_<std::allocator<void> >, std::default_delete<sensor_msgs::msg::Image_<std::allocator<void> > > >[m[K’ has no member named ‘[01m[Kheader[m[K’
[3.834s]    20 |         message.[01;31m[Kheader[m[K.stamp = this->now();
[3.834s]       |                 [01;31m[K^~~~~~[m[K
[3.834s] [01m[K/home/rospc/robot_mobile_ihm/src/robot_mobile_pkg_cpp/src/img_pub_node.cpp:22:17:[m[K [01;31m[Kerror: [m[K‘[01m[Kclass std::unique_ptr<sensor_msgs::msg::Image_<std::allocator<void> >, std::default_delete<sensor_msgs::msg::Image_<std::allocator<void> > > >[m[K’ has no member named ‘[01m[Kheight[m[K’
[3.834s]    22 |         message.[01;31m[Kheight[m[K = image.rows; //480;
[3.834s]       |                 [01;31m[K^~~~~~[m[K
[3.834s] [01m[K/home/rospc/robot_mobile_ihm/src/robot_mobile_pkg_cpp/src/img_pub_node.cpp:23:17:[m[K [01;31m[Kerror: [m[K‘[01m[Kclass std::unique_ptr<sensor_msgs::msg::Image_<std::allocator<void> >, std::default_delete<sensor_msgs::msg::Image_<std::allocator<void> > > >[m[K’ has no member named ‘[01m[Kwidth[m[K’
[3.834s]    23 |         message.[01;31m[Kwidth[m[K = image.cols; //640;
[3.834s]       |                 [01;31m[K^~~~~[m[K
[3.835s] [01m[K/home/rospc/robot_mobile_ihm/src/robot_mobile_pkg_cpp/src/img_pub_node.cpp:24:17:[m[K [01;31m[Kerror: [m[K‘[01m[Kclass std::unique_ptr<sensor_msgs::msg::Image_<std::allocator<void> >, std::default_delete<sensor_msgs::msg::Image_<std::allocator<void> > > >[m[K’ has no member named ‘[01m[Kencoding[m[K’
[3.835s]    24 |         message.[01;31m[Kencoding[m[K = "bgr8"; //rgb8";
[3.835s]       |                 [01;31m[K^~~~~~~~[m[K
[3.835s] [01m[K/home/rospc/robot_mobile_ihm/src/robot_mobile_pkg_cpp/src/img_pub_node.cpp:25:17:[m[K [01;31m[Kerror: [m[K‘[01m[Kclass std::unique_ptr<sensor_msgs::msg::Image_<std::allocator<void> >, std::default_delete<sensor_msgs::msg::Image_<std::allocator<void> > > >[m[K’ has no member named ‘[01m[Kis_bigendian[m[K’
[3.835s]    25 |         message.[01;31m[Kis_bigendian[m[K = false;
[3.835s]       |                 [01;31m[K^~~~~~~~~~~~[m[K
[3.835s] [01m[K/home/rospc/robot_mobile_ihm/src/robot_mobile_pkg_cpp/src/img_pub_node.cpp:26:17:[m[K [01;31m[Kerror: [m[K‘[01m[Kclass std::unique_ptr<sensor_msgs::msg::Image_<std::allocator<void> >, std::default_delete<sensor_msgs::msg::Image_<std::allocator<void> > > >[m[K’ has no member named ‘[01m[Kstep[m[K’
[3.835s]    26 |         message.[01;31m[Kstep[m[K = image.cols * 3; //640 * 3;  // 3 channels (RGB)
[3.835s]       |                 [01;31m[K^~~~[m[K
[3.836s] [01m[K/home/rospc/robot_mobile_ihm/src/robot_mobile_pkg_cpp/src/img_pub_node.cpp:27:17:[m[K [01;31m[Kerror: [m[K‘[01m[Kclass std::unique_ptr<sensor_msgs::msg::Image_<std::allocator<void> >, std::default_delete<sensor_msgs::msg::Image_<std::allocator<void> > > >[m[K’ has no member named ‘[01m[Kdata[m[K’
[3.836s]    27 |         message.[01;31m[Kdata[m[K.resize(message.height * message.step, 0);
[3.836s]       |                 [01;31m[K^~~~[m[K
[3.836s] [01m[K/home/rospc/robot_mobile_ihm/src/robot_mobile_pkg_cpp/src/img_pub_node.cpp:27:37:[m[K [01;31m[Kerror: [m[K‘[01m[Kclass std::unique_ptr<sensor_msgs::msg::Image_<std::allocator<void> >, std::default_delete<sensor_msgs::msg::Image_<std::allocator<void> > > >[m[K’ has no member named ‘[01m[Kheight[m[K’
[3.836s]    27 |         message.data.resize(message.[01;31m[Kheight[m[K * message.step, 0);
[3.836s]       |                                     [01;31m[K^~~~~~[m[K
[3.836s] [01m[K/home/rospc/robot_mobile_ihm/src/robot_mobile_pkg_cpp/src/img_pub_node.cpp:27:54:[m[K [01;31m[Kerror: [m[K‘[01m[Kclass std::unique_ptr<sensor_msgs::msg::Image_<std::allocator<void> >, std::default_delete<sensor_msgs::msg::Image_<std::allocator<void> > > >[m[K’ has no member named ‘[01m[Kstep[m[K’
[3.836s]    27 |         message.data.resize(message.height * message.[01;31m[Kstep[m[K, 0);
[3.836s]       |                                                      [01;31m[K^~~~[m[K
[3.836s] [01m[K/home/rospc/robot_mobile_ihm/src/robot_mobile_pkg_cpp/src/img_pub_node.cpp:32:28:[m[K [01;31m[Kerror: [m[Kuse of deleted function ‘[01m[Kstd::unique_ptr<_Tp, _Dp>::unique_ptr(const std::unique_ptr<_Tp, _Dp>&) [with _Tp = sensor_msgs::msg::Image_<std::allocator<void> >; _Dp = std::default_delete<sensor_msgs::msg::Image_<std::allocator<void> > >][m[K’
[3.836s]    32 |         [01;31m[Kpublisher_->publish(message)[m[K;
[3.836s]       |         [01;31m[K~~~~~~~~~~~~~~~~~~~^~~~~~~~~[m[K
[3.837s] In file included from [01m[K/usr/include/c++/11/memory:76[m[K,
[3.837s]                  from [01m[K/opt/ros/humble/include/rclcpp/rclcpp/rclcpp.hpp:153[m[K,
[3.837s]                  from [01m[K/home/rospc/robot_mobile_ihm/src/robot_mobile_pkg_cpp/src/img_pub_node.cpp:1[m[K:
[3.837s] [01m[K/usr/include/c++/11/bits/unique_ptr.h:468:7:[m[K [01;36m[Knote: [m[Kdeclared here
[3.837s]   468 |       [01;36m[Kunique_ptr[m[K(const unique_ptr&) = delete;
[3.837s]       |       [01;36m[K^~~~~~~~~~[m[K
[3.837s] In file included from [01m[K/opt/ros/humble/include/rclcpp/rclcpp/topic_statistics/subscription_topic_statistics.hpp:31[m[K,
[3.837s]                  from [01m[K/opt/ros/humble/include/rclcpp/rclcpp/subscription.hpp:50[m[K,
[3.837s]                  from [01m[K/opt/ros/humble/include/rclcpp/rclcpp/any_executable.hpp:25[m[K,
[3.837s]                  from [01m[K/opt/ros/humble/include/rclcpp/rclcpp/memory_strategy.hpp:25[m[K,
[3.838s]                  from [01m[K/opt/ros/humble/include/rclcpp/rclcpp/memory_strategies.hpp:18[m[K,
[3.838s]                  from [01m[K/opt/ros/humble/include/rclcpp/rclcpp/executor_options.hpp:20[m[K,
[3.838s]                  from [01m[K/opt/ros/humble/include/rclcpp/rclcpp/executor.hpp:37[m[K,
[3.838s]                  from [01m[K/opt/ros/humble/include/rclcpp/rclcpp/executors/multi_threaded_executor.hpp:25[m[K,
[3.838s]                  from [01m[K/opt/ros/humble/include/rclcpp/rclcpp/executors.hpp:21[m[K,
[3.838s]                  from [01m[K/opt/ros/humble/include/rclcpp/rclcpp/rclcpp.hpp:155[m[K,
[3.838s]                  from [01m[K/home/rospc/robot_mobile_ihm/src/robot_mobile_pkg_cpp/src/img_pub_node.cpp:1[m[K:
[3.838s] [01m[K/opt/ros/humble/include/rclcpp/rclcpp/publisher.hpp:251:53:[m[K [01;36m[Knote: [m[K  initializing argument 1 of ‘[01m[Kstd::enable_if_t<(rosidl_generator_traits::is_message<T>::value && std::is_same<T, typename rclcpp::TypeAdapter<MessageT>::ros_message_type>::value)> rclcpp::Publisher<MessageT, AllocatorT>::publish(std::unique_ptr<T, typename std::conditional<std::is_same<typename std::allocator_traits<typename std::allocator_traits<_Allocator>::rebind_traits<typename rclcpp::TypeAdapter<MessageT, void, void>::ros_message_type>::allocator_type>::rebind_alloc<typename rclcpp::TypeAdapter<MessageT, void, void>::ros_message_type>, std::allocator<typename rclcpp::TypeAdapter<MessageT>::ros_message_type> >::value, std::default_delete<typename rclcpp::TypeAdapter<MessageT>::ros_message_type>, rclcpp::allocator::AllocatorDeleter<typename std::allocator_traits<_Allocator>::rebind_traits<typename rclcpp::TypeAdapter<MessageT, void, void>::ros_message_type>::allocator_type> >::type>) [with T = sensor_msgs::msg::Image_<std::allocator<void> >; MessageT = sensor_msgs::msg::Image_<std::allocator<void> >; AllocatorT = std::allocator<void>; std::enable_if_t<(rosidl_generator_traits::is_message<T>::value && std::is_same<T, typename rclcpp::TypeAdapter<MessageT>::ros_message_type>::value)> = void; typename rclcpp::TypeAdapter<MessageT>::ros_message_type = sensor_msgs::msg::Image_<std::allocator<void> >; typename std::conditional<std::is_same<typename std::allocator_traits<typename std::allocator_traits<_Allocator>::rebind_traits<typename rclcpp::TypeAdapter<MessageT, void, void>::ros_message_type>::allocator_type>::rebind_alloc<typename rclcpp::TypeAdapter<MessageT, void, void>::ros_message_type>, std::allocator<typename rclcpp::TypeAdapter<MessageT>::ros_message_type> >::value, std::default_delete<typename rclcpp::TypeAdapter<MessageT>::ros_message_type>, rclcpp::allocator::AllocatorDeleter<typename std::allocator_traits<_Allocator>::rebind_traits<typename rclcpp::TypeAdapter<MessageT, void, void>::ros_message_type>::allocator_type> >::type = std::default_delete<sensor_msgs::msg::Image_<std::allocator<void> > >; typename std::allocator_traits<_Allocator>::rebind_traits<typename rclcpp::TypeAdapter<MessageT, void, void>::ros_message_type>::allocator_type = std::allocator<sensor_msgs::msg::Image_<std::allocator<void> > >; typename std::allocator_traits<_Allocator>::rebind_traits<typename rclcpp::TypeAdapter<MessageT, void, void>::ros_message_type> = std::allocator_traits<std::allocator<sensor_msgs::msg::Image_<std::allocator<void> > > >; typename std::allocator_traits<typename std::allocator_traits<_Allocator>::rebind_traits<typename rclcpp::TypeAdapter<MessageT, void, void>::ros_message_type>::allocator_type>::rebind_alloc<typename rclcpp::TypeAdapter<MessageT, void, void>::ros_message_type> = std::allocator<sensor_msgs::msg::Image_<std::allocator<void> > >][m[K’
[3.838s]   251 |   publish([01;36m[Kstd::unique_ptr<T, ROSMessageTypeDeleter> msg[m[K)
[3.838s]       |           [01;36m[K~~~~~~~~~~~~~~~~~~~~~~~~~~~~~~~~~~~~~~~~~~^~~[m[K
[5.001s] gmake[2]: *** [CMakeFiles/my_img_pub_node.dir/build.make:90 : CMakeFiles/my_img_pub_node.dir/src/img_pub_node.cpp.o] Erreur 1
[5.001s] gmake[1]: *** [CMakeFiles/Makefile2:141 : CMakeFiles/my_img_pub_node.dir/all] Erreur 2
[5.001s] gmake: *** [Makefile:146 : all] Erreur 2
[5.004s] Invoked command in '/home/rospc/robot_mobile_ihm/build/robot_mobile_pkg_cpp' returned '2': CMAKE_PREFIX_PATH=${CMAKE_PREFIX_PATH}:/opt/ros/humble /usr/bin/cmake --build /home/rospc/robot_mobile_ihm/build/robot_mobile_pkg_cpp -- -j8 -l8
