-- Found ament_cmake: 1.3.5 (/opt/ros/humble/share/ament_cmake/cmake)
-- Found rclcpp: 16.0.6 (/opt/ros/humble/share/rclcpp/cmake)
-- Found rosidl_generator_c: 3.1.5 (/opt/ros/humble/share/rosidl_generator_c/cmake)
-- Found rosidl_adapter: 3.1.5 (/opt/ros/humble/share/rosidl_adapter/cmake)
-- Found rosidl_generator_cpp: 3.1.5 (/opt/ros/humble/share/rosidl_generator_cpp/cmake)
-- Using all available rosidl_typesupport_c: rosidl_typesupport_fastrtps_c;rosidl_typesupport_introspection_c
-- Using all available rosidl_typesupport_cpp: rosidl_typesupport_fastrtps_cpp;rosidl_typesupport_introspection_cpp
-- Found rmw_implementation_cmake: 6.1.1 (/opt/ros/humble/share/rmw_implementation_cmake/cmake)
-- Found rmw_fastrtps_cpp: 6.2.4 (/opt/ros/humble/share/rmw_fastrtps_cpp/cmake)
-- Using RMW implementation 'rmw_fastrtps_cpp' as default
-- Found sensor_msgs: 4.2.3 (/opt/ros/humble/share/sensor_msgs/cmake)
-- Found cv_bridge: 3.2.1 (/opt/ros/humble/share/cv_bridge/cmake)
-- Found OpenCV: /usr (found version "4.5.4") 
-- Configuring done
-- Generating done
-- Build files have been written to: /home/rospc/robot_mobile_ihm/build/robot_mobile_pkg_cpp
[ 22%] [34m[1mAutomatic MOC and UIC for target my_node_ihm[0m
[ 22%] [34m[1mAutomatic MOC and UIC for target my_img_pub_node[0m
[ 22%] Built target my_node_ihm_autogen
[ 22%] Built target my_img_pub_node_autogen
[35m[1mConsolidate compiler generated dependencies of target my_node_ihm[0m
[35m[1mConsolidate compiler generated dependencies of target my_img_pub_node[0m
[ 33%] [32mBuilding CXX object CMakeFiles/my_img_pub_node.dir/my_img_pub_node_autogen/mocs_compilation.cpp.o[0m
[ 44%] [32mBuilding CXX object CMakeFiles/my_img_pub_node.dir/src/img_pub_node.cpp.o[0m
[ 88%] Built target my_node_ihm
