[0.099s] Invoking command in '/home/rospc/IHM/robot_mobile_ihm/build/robot_mobile_pkg_cpp': CMAKE_PREFIX_PATH=${CMAKE_PREFIX_PATH}:/opt/ros/humble /usr/bin/cmake --build /home/rospc/IHM/robot_mobile_ihm/build/robot_mobile_pkg_cpp -- -j8 -l8
[0.151s] [ 20%] [34m[1mAutomatic MOC and UIC for target my_node_ihm[0m
[0.172s] [ 20%] Built target my_node_ihm_autogen
[0.202s] [100%] Built target my_node_ihm
[0.215s] Invoked command in '/home/rospc/IHM/robot_mobile_ihm/build/robot_mobile_pkg_cpp' returned '0': CMAKE_PREFIX_PATH=${CMAKE_PREFIX_PATH}:/opt/ros/humble /usr/bin/cmake --build /home/rospc/IHM/robot_mobile_ihm/build/robot_mobile_pkg_cpp -- -j8 -l8
[0.255s] Invoking command in '/home/rospc/IHM/robot_mobile_ihm/build/robot_mobile_pkg_cpp': CMAKE_PREFIX_PATH=${CMAKE_PREFIX_PATH}:/opt/ros/humble /usr/bin/cmake --install /home/rospc/IHM/robot_mobile_ihm/build/robot_mobile_pkg_cpp
[0.263s] -- Install configuration: "Debug"
[0.263s] -- Up-to-date: /home/rospc/IHM/robot_mobile_ihm/install/robot_mobile_pkg_cpp/lib/robot_mobile_pkg_cpp/my_node_ihm
[0.263s] -- Up-to-date: /home/rospc/IHM/robot_mobile_ihm/install/robot_mobile_pkg_cpp/share/ament_index/resource_index/package_run_dependencies/robot_mobile_pkg_cpp
[0.264s] -- Up-to-date: /home/rospc/IHM/robot_mobile_ihm/install/robot_mobile_pkg_cpp/share/ament_index/resource_index/parent_prefix_path/robot_mobile_pkg_cpp
[0.264s] -- Up-to-date: /home/rospc/IHM/robot_mobile_ihm/install/robot_mobile_pkg_cpp/share/robot_mobile_pkg_cpp/environment/ament_prefix_path.sh
[0.264s] -- Up-to-date: /home/rospc/IHM/robot_mobile_ihm/install/robot_mobile_pkg_cpp/share/robot_mobile_pkg_cpp/environment/ament_prefix_path.dsv
[0.264s] -- Up-to-date: /home/rospc/IHM/robot_mobile_ihm/install/robot_mobile_pkg_cpp/share/robot_mobile_pkg_cpp/environment/path.sh
[0.264s] -- Up-to-date: /home/rospc/IHM/robot_mobile_ihm/install/robot_mobile_pkg_cpp/share/robot_mobile_pkg_cpp/environment/path.dsv
[0.264s] -- Up-to-date: /home/rospc/IHM/robot_mobile_ihm/install/robot_mobile_pkg_cpp/share/robot_mobile_pkg_cpp/local_setup.bash
[0.264s] -- Up-to-date: /home/rospc/IHM/robot_mobile_ihm/install/robot_mobile_pkg_cpp/share/robot_mobile_pkg_cpp/local_setup.sh
[0.264s] -- Up-to-date: /home/rospc/IHM/robot_mobile_ihm/install/robot_mobile_pkg_cpp/share/robot_mobile_pkg_cpp/local_setup.zsh
[0.265s] -- Up-to-date: /home/rospc/IHM/robot_mobile_ihm/install/robot_mobile_pkg_cpp/share/robot_mobile_pkg_cpp/local_setup.dsv
[0.265s] -- Installing: /home/rospc/IHM/robot_mobile_ihm/install/robot_mobile_pkg_cpp/share/robot_mobile_pkg_cpp/package.dsv
[0.265s] -- Up-to-date: /home/rospc/IHM/robot_mobile_ihm/install/robot_mobile_pkg_cpp/share/ament_index/resource_index/packages/robot_mobile_pkg_cpp
[0.265s] -- Up-to-date: /home/rospc/IHM/robot_mobile_ihm/install/robot_mobile_pkg_cpp/share/robot_mobile_pkg_cpp/cmake/robot_mobile_pkg_cppConfig.cmake
[0.265s] -- Up-to-date: /home/rospc/IHM/robot_mobile_ihm/install/robot_mobile_pkg_cpp/share/robot_mobile_pkg_cpp/cmake/robot_mobile_pkg_cppConfig-version.cmake
[0.265s] -- Up-to-date: /home/rospc/IHM/robot_mobile_ihm/install/robot_mobile_pkg_cpp/share/robot_mobile_pkg_cpp/package.xml
[0.267s] Invoked command in '/home/rospc/IHM/robot_mobile_ihm/build/robot_mobile_pkg_cpp' returned '0': CMAKE_PREFIX_PATH=${CMAKE_PREFIX_PATH}:/opt/ros/humble /usr/bin/cmake --install /home/rospc/IHM/robot_mobile_ihm/build/robot_mobile_pkg_cpp
