[0.251s] Invoking command in '/home/dony/ROS_ROBOT_PROJECT/robot_mobil_ihm_final/robot_mobile_ihm_final/robot_mobile_ihm/build/robot_mobile_pkg_cpp': CMAKE_PREFIX_PATH=${CMAKE_PREFIX_PATH}:/home/dony/ROS_UDEMY/ros2_ws/install/my_py_pkg:/home/dony/ROS_UDEMY/ros2_ws/install/activity_002_py:/opt/ros/humble /usr/bin/cmake /home/dony/ROS_ROBOT_PROJECT/robot_mobil_ihm_final/robot_mobile_ihm_final/robot_mobile_ihm/src/robot_mobile_pkg_cpp -DCMAKE_INSTALL_PREFIX=/home/dony/ROS_ROBOT_PROJECT/robot_mobil_ihm_final/robot_mobile_ihm_final/robot_mobile_ihm/install/robot_mobile_pkg_cpp
[0.538s] -- The C compiler identification is GNU 11.4.0
[0.807s] -- The CXX compiler identification is GNU 11.4.0
[0.830s] -- Detecting C compiler ABI info
[0.995s] -- Detecting C compiler ABI info - done
[1.010s] -- Check for working C compiler: /usr/bin/cc - skipped
[1.011s] -- Detecting C compile features
[1.013s] -- Detecting C compile features - done
[1.023s] -- Detecting CXX compiler ABI info
[1.199s] -- Detecting CXX compiler ABI info - done
[1.217s] -- Check for working CXX compiler: /usr/bin/c++ - skipped
[1.218s] -- Detecting CXX compile features
[1.220s] -- Detecting CXX compile features - done
[1.243s] -- Found ament_cmake: 1.3.5 (/opt/ros/humble/share/ament_cmake/cmake)
[1.608s] -- Found Python3: /usr/bin/python3.10 (found version "3.10.12") found components: Interpreter 
[1.886s] -- Found rclcpp: 16.0.6 (/opt/ros/humble/share/rclcpp/cmake)
[2.056s] -- Found rosidl_generator_c: 3.1.5 (/opt/ros/humble/share/rosidl_generator_c/cmake)
[2.073s] -- Found rosidl_adapter: 3.1.5 (/opt/ros/humble/share/rosidl_adapter/cmake)
[2.103s] -- Found rosidl_generator_cpp: 3.1.5 (/opt/ros/humble/share/rosidl_generator_cpp/cmake)
[2.155s] -- Using all available rosidl_typesupport_c: rosidl_typesupport_fastrtps_c;rosidl_typesupport_introspection_c
[2.220s] -- Using all available rosidl_typesupport_cpp: rosidl_typesupport_fastrtps_cpp;rosidl_typesupport_introspection_cpp
[2.492s] -- Found rmw_implementation_cmake: 6.1.1 (/opt/ros/humble/share/rmw_implementation_cmake/cmake)
[2.506s] -- Found rmw_fastrtps_cpp: 6.2.4 (/opt/ros/humble/share/rmw_fastrtps_cpp/cmake)
[2.786s] -- Found OpenSSL: /usr/lib/x86_64-linux-gnu/libcrypto.so (found version "3.0.2")  
[2.837s] -- Found FastRTPS: /opt/ros/humble/include  
[2.946s] -- Using RMW implementation 'rmw_fastrtps_cpp' as default
[2.981s] -- Looking for pthread.h
[3.179s] -- Looking for pthread.h - found
[3.180s] -- Performing Test CMAKE_HAVE_LIBC_PTHREAD
[3.350s] -- Performing Test CMAKE_HAVE_LIBC_PTHREAD - Success
[3.353s] -- Found Threads: TRUE  
[3.778s] -- Found sensor_msgs: 4.2.3 (/opt/ros/humble/share/sensor_msgs/cmake)
[4.292s] -- Configuring done
[4.406s] -- Generating done
[4.410s] -- Build files have been written to: /home/dony/ROS_ROBOT_PROJECT/robot_mobil_ihm_final/robot_mobile_ihm_final/robot_mobile_ihm/build/robot_mobile_pkg_cpp
[4.430s] Invoked command in '/home/dony/ROS_ROBOT_PROJECT/robot_mobil_ihm_final/robot_mobile_ihm_final/robot_mobile_ihm/build/robot_mobile_pkg_cpp' returned '0': CMAKE_PREFIX_PATH=${CMAKE_PREFIX_PATH}:/home/dony/ROS_UDEMY/ros2_ws/install/my_py_pkg:/home/dony/ROS_UDEMY/ros2_ws/install/activity_002_py:/opt/ros/humble /usr/bin/cmake /home/dony/ROS_ROBOT_PROJECT/robot_mobil_ihm_final/robot_mobile_ihm_final/robot_mobile_ihm/src/robot_mobile_pkg_cpp -DCMAKE_INSTALL_PREFIX=/home/dony/ROS_ROBOT_PROJECT/robot_mobil_ihm_final/robot_mobile_ihm_final/robot_mobile_ihm/install/robot_mobile_pkg_cpp
[4.431s] Invoking command in '/home/dony/ROS_ROBOT_PROJECT/robot_mobil_ihm_final/robot_mobile_ihm_final/robot_mobile_ihm/build/robot_mobile_pkg_cpp': CMAKE_PREFIX_PATH=${CMAKE_PREFIX_PATH}:/home/dony/ROS_UDEMY/ros2_ws/install/my_py_pkg:/home/dony/ROS_UDEMY/ros2_ws/install/activity_002_py:/opt/ros/humble /usr/bin/cmake --build /home/dony/ROS_ROBOT_PROJECT/robot_mobil_ihm_final/robot_mobile_ihm_final/robot_mobile_ihm/build/robot_mobile_pkg_cpp -- -j2 -l2
[4.537s] [ 20%] [34m[1mAutomatic MOC and UIC for target my_node_ihm[0m
[5.787s] [ 20%] Built target my_node_ihm_autogen
[5.831s] [ 60%] [32mBuilding CXX object CMakeFiles/my_node_ihm.dir/src/my_node.cpp.o[0m
[5.831s] [ 60%] [32mBuilding CXX object CMakeFiles/my_node_ihm.dir/my_node_ihm_autogen/mocs_compilation.cpp.o[0m
[18.204s] [ 80%] [32mBuilding CXX object CMakeFiles/my_node_ihm.dir/src/mainwindow.cpp.o[0m
[49.205s] [100%] [32m[1mLinking CXX executable my_node_ihm[0m
[51.896s] [100%] Built target my_node_ihm
[51.999s] Invoked command in '/home/dony/ROS_ROBOT_PROJECT/robot_mobil_ihm_final/robot_mobile_ihm_final/robot_mobile_ihm/build/robot_mobile_pkg_cpp' returned '0': CMAKE_PREFIX_PATH=${CMAKE_PREFIX_PATH}:/home/dony/ROS_UDEMY/ros2_ws/install/my_py_pkg:/home/dony/ROS_UDEMY/ros2_ws/install/activity_002_py:/opt/ros/humble /usr/bin/cmake --build /home/dony/ROS_ROBOT_PROJECT/robot_mobil_ihm_final/robot_mobile_ihm_final/robot_mobile_ihm/build/robot_mobile_pkg_cpp -- -j2 -l2
[52.179s] Invoking command in '/home/dony/ROS_ROBOT_PROJECT/robot_mobil_ihm_final/robot_mobile_ihm_final/robot_mobile_ihm/build/robot_mobile_pkg_cpp': CMAKE_PREFIX_PATH=${CMAKE_PREFIX_PATH}:/home/dony/ROS_UDEMY/ros2_ws/install/my_py_pkg:/home/dony/ROS_UDEMY/ros2_ws/install/activity_002_py:/opt/ros/humble /usr/bin/cmake --install /home/dony/ROS_ROBOT_PROJECT/robot_mobil_ihm_final/robot_mobile_ihm_final/robot_mobile_ihm/build/robot_mobile_pkg_cpp
[52.207s] -- Install configuration: ""
[52.211s] -- Installing: /home/dony/ROS_ROBOT_PROJECT/robot_mobil_ihm_final/robot_mobile_ihm_final/robot_mobile_ihm/install/robot_mobile_pkg_cpp/lib/robot_mobile_pkg_cpp/my_node_ihm
[52.229s] -- Set runtime path of "/home/dony/ROS_ROBOT_PROJECT/robot_mobil_ihm_final/robot_mobile_ihm_final/robot_mobile_ihm/install/robot_mobile_pkg_cpp/lib/robot_mobile_pkg_cpp/my_node_ihm" to ""
[52.229s] -- Installing: /home/dony/ROS_ROBOT_PROJECT/robot_mobil_ihm_final/robot_mobile_ihm_final/robot_mobile_ihm/install/robot_mobile_pkg_cpp/share/ament_index/resource_index/package_run_dependencies/robot_mobile_pkg_cpp
[52.231s] -- Installing: /home/dony/ROS_ROBOT_PROJECT/robot_mobil_ihm_final/robot_mobile_ihm_final/robot_mobile_ihm/install/robot_mobile_pkg_cpp/share/ament_index/resource_index/parent_prefix_path/robot_mobile_pkg_cpp
[52.232s] -- Up-to-date: /home/dony/ROS_ROBOT_PROJECT/robot_mobil_ihm_final/robot_mobile_ihm_final/robot_mobile_ihm/install/robot_mobile_pkg_cpp/share/robot_mobile_pkg_cpp/environment/ament_prefix_path.sh
[52.233s] -- Installing: /home/dony/ROS_ROBOT_PROJECT/robot_mobil_ihm_final/robot_mobile_ihm_final/robot_mobile_ihm/install/robot_mobile_pkg_cpp/share/robot_mobile_pkg_cpp/environment/ament_prefix_path.dsv
[52.234s] -- Up-to-date: /home/dony/ROS_ROBOT_PROJECT/robot_mobil_ihm_final/robot_mobile_ihm_final/robot_mobile_ihm/install/robot_mobile_pkg_cpp/share/robot_mobile_pkg_cpp/environment/path.sh
[52.234s] -- Installing: /home/dony/ROS_ROBOT_PROJECT/robot_mobil_ihm_final/robot_mobile_ihm_final/robot_mobile_ihm/install/robot_mobile_pkg_cpp/share/robot_mobile_pkg_cpp/environment/path.dsv
[52.235s] -- Installing: /home/dony/ROS_ROBOT_PROJECT/robot_mobil_ihm_final/robot_mobile_ihm_final/robot_mobile_ihm/install/robot_mobile_pkg_cpp/share/robot_mobile_pkg_cpp/local_setup.bash
[52.236s] -- Installing: /home/dony/ROS_ROBOT_PROJECT/robot_mobil_ihm_final/robot_mobile_ihm_final/robot_mobile_ihm/install/robot_mobile_pkg_cpp/share/robot_mobile_pkg_cpp/local_setup.sh
[52.237s] -- Installing: /home/dony/ROS_ROBOT_PROJECT/robot_mobil_ihm_final/robot_mobile_ihm_final/robot_mobile_ihm/install/robot_mobile_pkg_cpp/share/robot_mobile_pkg_cpp/local_setup.zsh
[52.238s] -- Installing: /home/dony/ROS_ROBOT_PROJECT/robot_mobil_ihm_final/robot_mobile_ihm_final/robot_mobile_ihm/install/robot_mobile_pkg_cpp/share/robot_mobile_pkg_cpp/local_setup.dsv
[52.239s] -- Installing: /home/dony/ROS_ROBOT_PROJECT/robot_mobil_ihm_final/robot_mobile_ihm_final/robot_mobile_ihm/install/robot_mobile_pkg_cpp/share/robot_mobile_pkg_cpp/package.dsv
[52.239s] -- Installing: /home/dony/ROS_ROBOT_PROJECT/robot_mobil_ihm_final/robot_mobile_ihm_final/robot_mobile_ihm/install/robot_mobile_pkg_cpp/share/ament_index/resource_index/packages/robot_mobile_pkg_cpp
[52.240s] -- Installing: /home/dony/ROS_ROBOT_PROJECT/robot_mobil_ihm_final/robot_mobile_ihm_final/robot_mobile_ihm/install/robot_mobile_pkg_cpp/share/robot_mobile_pkg_cpp/cmake/robot_mobile_pkg_cppConfig.cmake
[52.241s] -- Installing: /home/dony/ROS_ROBOT_PROJECT/robot_mobil_ihm_final/robot_mobile_ihm_final/robot_mobile_ihm/install/robot_mobile_pkg_cpp/share/robot_mobile_pkg_cpp/cmake/robot_mobile_pkg_cppConfig-version.cmake
[52.242s] -- Up-to-date: /home/dony/ROS_ROBOT_PROJECT/robot_mobil_ihm_final/robot_mobile_ihm_final/robot_mobile_ihm/install/robot_mobile_pkg_cpp/share/robot_mobile_pkg_cpp/package.xml
[52.256s] Invoked command in '/home/dony/ROS_ROBOT_PROJECT/robot_mobil_ihm_final/robot_mobile_ihm_final/robot_mobile_ihm/build/robot_mobile_pkg_cpp' returned '0': CMAKE_PREFIX_PATH=${CMAKE_PREFIX_PATH}:/home/dony/ROS_UDEMY/ros2_ws/install/my_py_pkg:/home/dony/ROS_UDEMY/ros2_ws/install/activity_002_py:/opt/ros/humble /usr/bin/cmake --install /home/dony/ROS_ROBOT_PROJECT/robot_mobil_ihm_final/robot_mobile_ihm_final/robot_mobile_ihm/build/robot_mobile_pkg_cpp
