[0.129s] Invoking command in '/home/rospc/robot_mobile_ihm/build/robot_mobile_pkg_cpp': CMAKE_PREFIX_PATH=${CMAKE_PREFIX_PATH}:/opt/ros/humble /usr/bin/cmake --build /home/rospc/robot_mobile_ihm/build/robot_mobile_pkg_cpp -- -j8 -l8
[0.179s] [ 22%] [34m[1mAutomatic MOC and UIC for target my_img_pub_node[0m
[0.179s] [ 22%] [34m[1mAutomatic MOC and UIC for target my_node_ihm[0m
[0.198s] [ 22%] Built target my_img_pub_node_autogen
[0.201s] [ 22%] Built target my_node_ihm_autogen
[0.218s] [35m[1mConsolidate compiler generated dependencies of target my_node_ihm[0m
[0.225s] [ 55%] Built target my_img_pub_node
[0.247s] [ 66%] [32mBuilding CXX object CMakeFiles/my_node_ihm.dir/src/mainwindow.cpp.o[0m
[3.916s] [01m[K/home/rospc/robot_mobile_ihm/src/robot_mobile_pkg_cpp/src/mainwindow.cpp:76:1:[m[K [01;31m[Kerror: [m[Kexpected unqualified-id before ‘[01m[K==[m[K’ token
[3.916s]    76 | [01;31m[K==[m[K======================================================
[3.916s]       | [01;31m[K^~[m[K
[3.923s] [01m[K/home/rospc/robot_mobile_ihm/src/robot_mobile_pkg_cpp/src/mainwindow.cpp:214:6:[m[K [01;31m[Kerror: [m[Kno declaration matches ‘[01m[Kvoid MainWindow::on_ON_OFF_stateChanged(int)[m[K’
[3.923s]   214 | void [01;31m[KMainWindow[m[K::on_ON_OFF_stateChanged(int arg1)
[3.923s]       |      [01;31m[K^~~~~~~~~~[m[K
[3.924s] [01m[K/home/rospc/robot_mobile_ihm/src/robot_mobile_pkg_cpp/src/mainwindow.cpp:214:6:[m[K [01;36m[Knote: [m[Kno functions named ‘[01m[Kvoid MainWindow::on_ON_OFF_stateChanged(int)[m[K’
[3.924s] In file included from [01m[K/home/rospc/robot_mobile_ihm/src/robot_mobile_pkg_cpp/src/mainwindow.cpp:1[m[K:
[3.924s] [01m[K/home/rospc/robot_mobile_ihm/src/robot_mobile_pkg_cpp/src/./../include/mainwindow.hpp:24:7:[m[K [01;36m[Knote: [m[K‘[01m[Kclass MainWindow[m[K’ defined here
[3.924s]    24 | class [01;36m[KMainWindow[m[K : public QMainWindow
[3.924s]       |       [01;36m[K^~~~~~~~~~[m[K
[7.666s] gmake[2]: *** [CMakeFiles/my_node_ihm.dir/build.make:104 : CMakeFiles/my_node_ihm.dir/src/mainwindow.cpp.o] Erreur 1
[7.666s] gmake[1]: *** [CMakeFiles/Makefile2:167 : CMakeFiles/my_node_ihm.dir/all] Erreur 2
[7.666s] gmake: *** [Makefile:146 : all] Erreur 2
[7.669s] Invoked command in '/home/rospc/robot_mobile_ihm/build/robot_mobile_pkg_cpp' returned '2': CMAKE_PREFIX_PATH=${CMAKE_PREFIX_PATH}:/opt/ros/humble /usr/bin/cmake --build /home/rospc/robot_mobile_ihm/build/robot_mobile_pkg_cpp -- -j8 -l8
