[0.133s] Invoking command in '/home/rospc/robot_mobile_ihm/build/robot_mobile_pkg_cpp': CMAKE_PREFIX_PATH=${CMAKE_PREFIX_PATH}:/opt/ros/humble /usr/bin/cmake --build /home/rospc/robot_mobile_ihm/build/robot_mobile_pkg_cpp -- -j8 -l8
[0.184s] [ 22%] [34m[1mAutomatic MOC and UIC for target my_img_pub_node[0m
[0.184s] [ 22%] [34m[1mAutomatic MOC and UIC for target my_node_ihm[0m
[0.204s] [ 22%] Built target my_img_pub_node_autogen
[0.206s] [ 22%] Built target my_node_ihm_autogen
[0.223s] [35m[1mConsolidate compiler generated dependencies of target my_node_ihm[0m
[0.230s] [ 55%] Built target my_img_pub_node
[0.253s] [ 66%] [32mBuilding CXX object CMakeFiles/my_node_ihm.dir/src/mainwindow.cpp.o[0m
[4.183s] In file included from [01m[K/opt/ros/humble/include/rclcpp/rclcpp/logging.hpp:24[m[K,
[4.183s]                  from [01m[K/opt/ros/humble/include/rclcpp/rclcpp/client.hpp:40[m[K,
[4.183s]                  from [01m[K/opt/ros/humble/include/rclcpp/rclcpp/callback_group.hpp:24[m[K,
[4.183s]                  from [01m[K/opt/ros/humble/include/rclcpp/rclcpp/any_executable.hpp:20[m[K,
[4.183s]                  from [01m[K/opt/ros/humble/include/rclcpp/rclcpp/memory_strategy.hpp:25[m[K,
[4.183s]                  from [01m[K/opt/ros/humble/include/rclcpp/rclcpp/memory_strategies.hpp:18[m[K,
[4.184s]                  from [01m[K/opt/ros/humble/include/rclcpp/rclcpp/executor_options.hpp:20[m[K,
[4.184s]                  from [01m[K/opt/ros/humble/include/rclcpp/rclcpp/executor.hpp:37[m[K,
[4.184s]                  from [01m[K/opt/ros/humble/include/rclcpp/rclcpp/executors/multi_threaded_executor.hpp:25[m[K,
[4.184s]                  from [01m[K/opt/ros/humble/include/rclcpp/rclcpp/executors.hpp:21[m[K,
[4.184s]                  from [01m[K/opt/ros/humble/include/rclcpp/rclcpp/rclcpp.hpp:155[m[K,
[4.184s]                  from [01m[K/home/rospc/robot_mobile_ihm/src/robot_mobile_pkg_cpp/src/./../include/mainwindow.hpp:14[m[K,
[4.184s]                  from [01m[K/home/rospc/robot_mobile_ihm/src/robot_mobile_pkg_cpp/src/mainwindow.cpp:1[m[K:
[4.184s] [01m[K/home/rospc/robot_mobile_ihm/src/robot_mobile_pkg_cpp/src/mainwindow.cpp:[m[K In member function ‘[01m[Kvoid MainWindow::rgb_onSliderValueChanged(int)[m[K’:
[4.184s] [01m[K/home/rospc/robot_mobile_ihm/src/robot_mobile_pkg_cpp/src/mainwindow.cpp:314:109:[m[K [01;31m[Kerror: [m[Kno match for ‘[01m[Koperator[][m[K’ (operand types are ‘[01m[Kstd_msgs::msg::UInt8MultiArray_<std::allocator<void> >[m[K’ and ‘[01m[Kint[m[K’)
[4.184s]   314 | ring(rgb_data_low[01;31m[K[[m[K0]).c_str(), std::to_string(rgb_data_low[1]).c_str(), std::to_string(rgb_data_low[2]).c_str());
[4.184s]       |                  [01;31m[K^[m[K
[4.184s] 
[4.184s] [01m[K/home/rospc/robot_mobile_ihm/src/robot_mobile_pkg_cpp/src/mainwindow.cpp:314:150:[m[K [01;31m[Kerror: [m[Kno match for ‘[01m[Koperator[][m[K’ (operand types are ‘[01m[Kstd_msgs::msg::UInt8MultiArray_<std::allocator<void> >[m[K’ and ‘[01m[Kint[m[K’)
[4.184s]   314 | ring(rgb_data_low[01;31m[K[[m[K1]).c_str(), std::to_string(rgb_data_low[2]).c_str());
[4.184s]       |                  [01;31m[K^[m[K
[4.185s] 
[4.185s] [01m[K/home/rospc/robot_mobile_ihm/src/robot_mobile_pkg_cpp/src/mainwindow.cpp:314:191:[m[K [01;31m[Kerror: [m[Kno match for ‘[01m[Koperator[][m[K’ (operand types are ‘[01m[Kstd_msgs::msg::UInt8MultiArray_<std::allocator<void> >[m[K’ and ‘[01m[Kint[m[K’)
[4.185s]   314 | ring(rgb_data_low[01;31m[K[[m[K2]).c_str());
[4.185s]       |                  [01;31m[K^[m[K
[4.185s] 
[4.185s] [01m[K/home/rospc/robot_mobile_ihm/src/robot_mobile_pkg_cpp/src/mainwindow.cpp:315:111:[m[K [01;31m[Kerror: [m[Kno match for ‘[01m[Koperator[][m[K’ (operand types are ‘[01m[Kstd_msgs::msg::UInt8MultiArray_<std::allocator<void> >[m[K’ and ‘[01m[Kint[m[K’)
[4.185s]   315 | ing(rgb_data_high[01;31m[K[[m[K0]).c_str(), std::to_string(rgb_data_high[1]).c_str(), std::to_string(rgb_data_high[2]).c_str());
[4.185s]       |                  [01;31m[K^[m[K
[4.185s] 
[4.185s] [01m[K/home/rospc/robot_mobile_ihm/src/robot_mobile_pkg_cpp/src/mainwindow.cpp:315:153:[m[K [01;31m[Kerror: [m[Kno match for ‘[01m[Koperator[][m[K’ (operand types are ‘[01m[Kstd_msgs::msg::UInt8MultiArray_<std::allocator<void> >[m[K’ and ‘[01m[Kint[m[K’)
[4.185s]   315 | ing(rgb_data_high[01;31m[K[[m[K1]).c_str(), std::to_string(rgb_data_high[2]).c_str());
[4.185s]       |                  [01;31m[K^[m[K
[4.185s] 
[4.185s] [01m[K/home/rospc/robot_mobile_ihm/src/robot_mobile_pkg_cpp/src/mainwindow.cpp:315:195:[m[K [01;31m[Kerror: [m[Kno match for ‘[01m[Koperator[][m[K’ (operand types are ‘[01m[Kstd_msgs::msg::UInt8MultiArray_<std::allocator<void> >[m[K’ and ‘[01m[Kint[m[K’)
[4.185s]   315 | ing(rgb_data_high[01;31m[K[[m[K2]).c_str());
[4.185s]       |                  [01;31m[K^[m[K
[4.186s] 
[8.170s] gmake[2]: *** [CMakeFiles/my_node_ihm.dir/build.make:104 : CMakeFiles/my_node_ihm.dir/src/mainwindow.cpp.o] Erreur 1
[8.170s] gmake[1]: *** [CMakeFiles/Makefile2:167 : CMakeFiles/my_node_ihm.dir/all] Erreur 2
[8.171s] gmake: *** [Makefile:146 : all] Erreur 2
[8.173s] Invoked command in '/home/rospc/robot_mobile_ihm/build/robot_mobile_pkg_cpp' returned '2': CMAKE_PREFIX_PATH=${CMAKE_PREFIX_PATH}:/opt/ros/humble /usr/bin/cmake --build /home/rospc/robot_mobile_ihm/build/robot_mobile_pkg_cpp -- -j8 -l8
