[3.251s] DEBUG:colcon:Command line arguments: ['/usr/bin/colcon', 'build']
[3.251s] DEBUG:colcon:Parsed command line arguments: Namespace(log_base=None, log_level=None, verb_name='build', build_base='build', install_base='install', merge_install=False, symlink_install=False, test_result_base=None, continue_on_error=False, executor='parallel', parallel_workers=2, event_handlers=None, ignore_user_meta=False, metas=['./colcon.meta'], base_paths=['.'], packages_ignore=None, packages_ignore_regex=None, paths=None, packages_up_to=None, packages_up_to_regex=None, packages_above=None, packages_above_and_dependencies=None, packages_above_depth=None, packages_select_by_dep=None, packages_skip_by_dep=None, packages_skip_up_to=None, packages_select_build_failed=False, packages_skip_build_finished=False, packages_select_test_failures=False, packages_skip_test_passed=False, packages_select=None, packages_skip=None, packages_select_regex=None, packages_skip_regex=None, packages_start=None, packages_end=None, allow_overriding=[], cmake_args=None, cmake_target=None, cmake_target_skip_unavailable=False, cmake_clean_cache=False, cmake_clean_first=False, cmake_force_configure=False, ament_cmake_args=None, catkin_cmake_args=None, catkin_skip_building_tests=False, verb_parser=<colcon_defaults.argument_parser.defaults.DefaultArgumentsDecorator object at 0x7f3ea8c89fc0>, verb_extension=<colcon_core.verb.build.BuildVerb object at 0x7f3ea8c899f0>, main=<bound method BuildVerb.main of <colcon_core.verb.build.BuildVerb object at 0x7f3ea8c899f0>>)
[3.492s] Level 1:colcon.colcon_core.package_discovery:discover_packages(colcon_meta) check parameters
[3.493s] Level 1:colcon.colcon_core.package_discovery:discover_packages(recursive) check parameters
[3.493s] Level 1:colcon.colcon_core.package_discovery:discover_packages(ignore) check parameters
[3.494s] Level 1:colcon.colcon_core.package_discovery:discover_packages(path) check parameters
[3.494s] Level 1:colcon.colcon_core.package_discovery:discover_packages(colcon_meta) discover
[3.494s] Level 1:colcon.colcon_core.package_discovery:discover_packages(recursive) discover
[3.495s] INFO:colcon.colcon_core.package_discovery:Crawling recursively for packages in '/home/dony/ROS_ROBOT_PROJECT/robot_mobile_ihm'
[3.495s] Level 1:colcon.colcon_core.package_identification:_identify(.) by extensions ['ignore', 'ignore_ament_install']
[3.496s] Level 1:colcon.colcon_core.package_identification:_identify(.) by extension 'ignore'
[3.496s] Level 1:colcon.colcon_core.package_identification:_identify(.) by extension 'ignore_ament_install'
[3.496s] Level 1:colcon.colcon_core.package_identification:_identify(.) by extensions ['colcon_pkg']
[3.497s] Level 1:colcon.colcon_core.package_identification:_identify(.) by extension 'colcon_pkg'
[3.497s] Level 1:colcon.colcon_core.package_identification:_identify(.) by extensions ['colcon_meta']
[3.497s] Level 1:colcon.colcon_core.package_identification:_identify(.) by extension 'colcon_meta'
[3.498s] Level 1:colcon.colcon_core.package_identification:_identify(.) by extensions ['ros']
[3.498s] Level 1:colcon.colcon_core.package_identification:_identify(.) by extension 'ros'
[3.539s] Level 1:colcon.colcon_core.package_identification:_identify(.) by extensions ['cmake', 'python']
[3.540s] Level 1:colcon.colcon_core.package_identification:_identify(.) by extension 'cmake'
[3.541s] Level 1:colcon.colcon_core.package_identification:_identify(.) by extension 'python'
[3.541s] Level 1:colcon.colcon_core.package_identification:_identify(.) by extensions ['python_setup_py']
[3.541s] Level 1:colcon.colcon_core.package_identification:_identify(.) by extension 'python_setup_py'
[3.542s] Level 1:colcon.colcon_core.package_identification:_identify(build) by extensions ['ignore', 'ignore_ament_install']
[3.543s] Level 1:colcon.colcon_core.package_identification:_identify(build) by extension 'ignore'
[3.543s] Level 1:colcon.colcon_core.package_identification:_identify(build) ignored
[3.544s] Level 1:colcon.colcon_core.package_identification:_identify(install) by extensions ['ignore', 'ignore_ament_install']
[3.544s] Level 1:colcon.colcon_core.package_identification:_identify(install) by extension 'ignore'
[3.545s] Level 1:colcon.colcon_core.package_identification:_identify(install) ignored
[3.545s] Level 1:colcon.colcon_core.package_identification:_identify(log) by extensions ['ignore', 'ignore_ament_install']
[3.545s] Level 1:colcon.colcon_core.package_identification:_identify(log) by extension 'ignore'
[3.546s] Level 1:colcon.colcon_core.package_identification:_identify(log) ignored
[3.546s] Level 1:colcon.colcon_core.package_identification:_identify(src) by extensions ['ignore', 'ignore_ament_install']
[3.547s] Level 1:colcon.colcon_core.package_identification:_identify(src) by extension 'ignore'
[3.547s] Level 1:colcon.colcon_core.package_identification:_identify(src) by extension 'ignore_ament_install'
[3.547s] Level 1:colcon.colcon_core.package_identification:_identify(src) by extensions ['colcon_pkg']
[3.548s] Level 1:colcon.colcon_core.package_identification:_identify(src) by extension 'colcon_pkg'
[3.548s] Level 1:colcon.colcon_core.package_identification:_identify(src) by extensions ['colcon_meta']
[3.548s] Level 1:colcon.colcon_core.package_identification:_identify(src) by extension 'colcon_meta'
[3.548s] Level 1:colcon.colcon_core.package_identification:_identify(src) by extensions ['ros']
[3.549s] Level 1:colcon.colcon_core.package_identification:_identify(src) by extension 'ros'
[3.549s] Level 1:colcon.colcon_core.package_identification:_identify(src) by extensions ['cmake', 'python']
[3.549s] Level 1:colcon.colcon_core.package_identification:_identify(src) by extension 'cmake'
[3.550s] Level 1:colcon.colcon_core.package_identification:_identify(src) by extension 'python'
[3.550s] Level 1:colcon.colcon_core.package_identification:_identify(src) by extensions ['python_setup_py']
[3.550s] Level 1:colcon.colcon_core.package_identification:_identify(src) by extension 'python_setup_py'
[3.551s] Level 1:colcon.colcon_core.package_identification:_identify(src/robot_mobile_pkg_cpp) by extensions ['ignore', 'ignore_ament_install']
[3.551s] Level 1:colcon.colcon_core.package_identification:_identify(src/robot_mobile_pkg_cpp) by extension 'ignore'
[3.552s] Level 1:colcon.colcon_core.package_identification:_identify(src/robot_mobile_pkg_cpp) by extension 'ignore_ament_install'
[3.552s] Level 1:colcon.colcon_core.package_identification:_identify(src/robot_mobile_pkg_cpp) by extensions ['colcon_pkg']
[3.552s] Level 1:colcon.colcon_core.package_identification:_identify(src/robot_mobile_pkg_cpp) by extension 'colcon_pkg'
[3.553s] Level 1:colcon.colcon_core.package_identification:_identify(src/robot_mobile_pkg_cpp) by extensions ['colcon_meta']
[3.553s] Level 1:colcon.colcon_core.package_identification:_identify(src/robot_mobile_pkg_cpp) by extension 'colcon_meta'
[3.553s] Level 1:colcon.colcon_core.package_identification:_identify(src/robot_mobile_pkg_cpp) by extensions ['ros']
[3.553s] Level 1:colcon.colcon_core.package_identification:_identify(src/robot_mobile_pkg_cpp) by extension 'ros'
[3.563s] DEBUG:colcon.colcon_core.package_identification:Package 'src/robot_mobile_pkg_cpp' with type 'ros.ament_cmake' and name 'robot_mobile_pkg_cpp'
[3.563s] Level 1:colcon.colcon_core.package_discovery:discover_packages(recursive) using defaults
[3.564s] Level 1:colcon.colcon_core.package_discovery:discover_packages(ignore) discover
[3.564s] Level 1:colcon.colcon_core.package_discovery:discover_packages(ignore) using defaults
[3.564s] Level 1:colcon.colcon_core.package_discovery:discover_packages(path) discover
[3.565s] Level 1:colcon.colcon_core.package_discovery:discover_packages(path) using defaults
[3.900s] Level 1:colcon.colcon_core.package_discovery:discover_packages(prefix_path) check parameters
[3.900s] Level 1:colcon.colcon_core.package_discovery:discover_packages(prefix_path) discover
[4.008s] DEBUG:colcon.colcon_installed_package_information.package_discovery:Found 1 installed packages in /home/dony/ROS_ROBOT_PROJECT/qt_ros_ws2/install
[4.048s] DEBUG:colcon.colcon_installed_package_information.package_discovery:Found 1 installed packages in /home/dony/ROS_ROBOT_PROJECT/robot_mobile_ihm/install
[4.096s] DEBUG:colcon.colcon_installed_package_information.package_discovery:Found 4 installed packages in /home/dony/ROS_UDEMY/ros2_ws/install
[4.137s] DEBUG:colcon.colcon_installed_package_information.package_discovery:Found 270 installed packages in /opt/ros/humble
[4.140s] Level 1:colcon.colcon_core.package_discovery:discover_packages(prefix_path) using defaults
[4.510s] Level 5:colcon.colcon_core.verb:set package 'robot_mobile_pkg_cpp' build argument 'cmake_args' from command line to 'None'
[4.510s] Level 5:colcon.colcon_core.verb:set package 'robot_mobile_pkg_cpp' build argument 'cmake_target' from command line to 'None'
[4.510s] Level 5:colcon.colcon_core.verb:set package 'robot_mobile_pkg_cpp' build argument 'cmake_target_skip_unavailable' from command line to 'False'
[4.510s] Level 5:colcon.colcon_core.verb:set package 'robot_mobile_pkg_cpp' build argument 'cmake_clean_cache' from command line to 'False'
[4.510s] Level 5:colcon.colcon_core.verb:set package 'robot_mobile_pkg_cpp' build argument 'cmake_clean_first' from command line to 'False'
[4.511s] Level 5:colcon.colcon_core.verb:set package 'robot_mobile_pkg_cpp' build argument 'cmake_force_configure' from command line to 'False'
[4.511s] Level 5:colcon.colcon_core.verb:set package 'robot_mobile_pkg_cpp' build argument 'ament_cmake_args' from command line to 'None'
[4.511s] Level 5:colcon.colcon_core.verb:set package 'robot_mobile_pkg_cpp' build argument 'catkin_cmake_args' from command line to 'None'
[4.511s] Level 5:colcon.colcon_core.verb:set package 'robot_mobile_pkg_cpp' build argument 'catkin_skip_building_tests' from command line to 'False'
[4.511s] DEBUG:colcon.colcon_core.verb:Building package 'robot_mobile_pkg_cpp' with the following arguments: {'ament_cmake_args': None, 'build_base': '/home/dony/ROS_ROBOT_PROJECT/robot_mobile_ihm/build/robot_mobile_pkg_cpp', 'catkin_cmake_args': None, 'catkin_skip_building_tests': False, 'cmake_args': None, 'cmake_clean_cache': False, 'cmake_clean_first': False, 'cmake_force_configure': False, 'cmake_target': None, 'cmake_target_skip_unavailable': False, 'install_base': '/home/dony/ROS_ROBOT_PROJECT/robot_mobile_ihm/install/robot_mobile_pkg_cpp', 'merge_install': False, 'path': '/home/dony/ROS_ROBOT_PROJECT/robot_mobile_ihm/src/robot_mobile_pkg_cpp', 'symlink_install': False, 'test_result_base': None}
[4.544s] INFO:colcon.colcon_core.executor:Executing jobs using 'parallel' executor
[4.578s] DEBUG:colcon.colcon_parallel_executor.executor.parallel:run_until_complete
[4.578s] INFO:colcon.colcon_ros.task.ament_cmake.build:Building ROS package in '/home/dony/ROS_ROBOT_PROJECT/robot_mobile_ihm/src/robot_mobile_pkg_cpp' with build type 'ament_cmake'
[4.578s] INFO:colcon.colcon_cmake.task.cmake.build:Building CMake package in '/home/dony/ROS_ROBOT_PROJECT/robot_mobile_ihm/src/robot_mobile_pkg_cpp'
[4.630s] INFO:colcon.colcon_core.plugin_system:Skipping extension 'colcon_core.shell.bat': Not used on non-Windows systems
[4.630s] INFO:colcon.colcon_core.shell:Skip shell extension 'powershell' for command environment: Not usable outside of PowerShell
[4.630s] DEBUG:colcon.colcon_core.shell:Skip shell extension 'dsv' for command environment
[4.871s] DEBUG:colcon.colcon_core.event_handler.log_command:Invoking command in '/home/dony/ROS_ROBOT_PROJECT/robot_mobile_ihm/build/robot_mobile_pkg_cpp': CMAKE_PREFIX_PATH=${CMAKE_PREFIX_PATH}:/home/dony/ROS_UDEMY/ros2_ws/install/my_py_pkg:/home/dony/ROS_UDEMY/ros2_ws/install/activity_002_py:/opt/ros/humble /usr/bin/cmake --build /home/dony/ROS_ROBOT_PROJECT/robot_mobile_ihm/build/robot_mobile_pkg_cpp -- -j2 -l2
[43.285s] DEBUG:colcon.colcon_core.event_handler.log_command:Invoked command in '/home/dony/ROS_ROBOT_PROJECT/robot_mobile_ihm/build/robot_mobile_pkg_cpp' returned '2': CMAKE_PREFIX_PATH=${CMAKE_PREFIX_PATH}:/home/dony/ROS_UDEMY/ros2_ws/install/my_py_pkg:/home/dony/ROS_UDEMY/ros2_ws/install/activity_002_py:/opt/ros/humble /usr/bin/cmake --build /home/dony/ROS_ROBOT_PROJECT/robot_mobile_ihm/build/robot_mobile_pkg_cpp -- -j2 -l2
[43.711s] Level 1:colcon.colcon_core.environment:create_environment_scripts_only(robot_mobile_pkg_cpp)
[43.866s] Level 1:colcon.colcon_core.environment:checking '/home/dony/ROS_ROBOT_PROJECT/robot_mobile_ihm/install/robot_mobile_pkg_cpp' for CMake module files
[43.879s] Level 1:colcon.colcon_core.environment:checking '/home/dony/ROS_ROBOT_PROJECT/robot_mobile_ihm/install/robot_mobile_pkg_cpp' for CMake config files
[43.885s] Level 1:colcon.colcon_core.shell:create_environment_hook('robot_mobile_pkg_cpp', 'cmake_prefix_path')
[43.926s] INFO:colcon.colcon_core.shell:Creating environment hook '/home/dony/ROS_ROBOT_PROJECT/robot_mobile_ihm/install/robot_mobile_pkg_cpp/share/robot_mobile_pkg_cpp/hook/cmake_prefix_path.ps1'
[43.950s] INFO:colcon.colcon_core.shell:Creating environment descriptor '/home/dony/ROS_ROBOT_PROJECT/robot_mobile_ihm/install/robot_mobile_pkg_cpp/share/robot_mobile_pkg_cpp/hook/cmake_prefix_path.dsv'
[43.954s] INFO:colcon.colcon_core.shell:Creating environment hook '/home/dony/ROS_ROBOT_PROJECT/robot_mobile_ihm/install/robot_mobile_pkg_cpp/share/robot_mobile_pkg_cpp/hook/cmake_prefix_path.sh'
[43.992s] Level 1:colcon.colcon_core.environment:checking '/home/dony/ROS_ROBOT_PROJECT/robot_mobile_ihm/install/robot_mobile_pkg_cpp/lib'
[43.995s] Level 1:colcon.colcon_core.environment:checking '/home/dony/ROS_ROBOT_PROJECT/robot_mobile_ihm/install/robot_mobile_pkg_cpp/bin'
[43.995s] Level 1:colcon.colcon_core.environment:checking '/home/dony/ROS_ROBOT_PROJECT/robot_mobile_ihm/install/robot_mobile_pkg_cpp/lib/pkgconfig/robot_mobile_pkg_cpp.pc'
[44.016s] Level 1:colcon.colcon_core.environment:checking '/home/dony/ROS_ROBOT_PROJECT/robot_mobile_ihm/install/robot_mobile_pkg_cpp/lib/python3.10/site-packages'
[44.017s] Level 1:colcon.colcon_core.environment:checking '/home/dony/ROS_ROBOT_PROJECT/robot_mobile_ihm/install/robot_mobile_pkg_cpp/bin'
[44.085s] INFO:colcon.colcon_core.shell:Creating package script '/home/dony/ROS_ROBOT_PROJECT/robot_mobile_ihm/install/robot_mobile_pkg_cpp/share/robot_mobile_pkg_cpp/package.ps1'
[44.112s] INFO:colcon.colcon_core.shell:Creating package descriptor '/home/dony/ROS_ROBOT_PROJECT/robot_mobile_ihm/install/robot_mobile_pkg_cpp/share/robot_mobile_pkg_cpp/package.dsv'
[44.119s] INFO:colcon.colcon_core.shell:Creating package script '/home/dony/ROS_ROBOT_PROJECT/robot_mobile_ihm/install/robot_mobile_pkg_cpp/share/robot_mobile_pkg_cpp/package.sh'
[44.124s] INFO:colcon.colcon_core.shell:Creating package script '/home/dony/ROS_ROBOT_PROJECT/robot_mobile_ihm/install/robot_mobile_pkg_cpp/share/robot_mobile_pkg_cpp/package.bash'
[44.129s] INFO:colcon.colcon_core.shell:Creating package script '/home/dony/ROS_ROBOT_PROJECT/robot_mobile_ihm/install/robot_mobile_pkg_cpp/share/robot_mobile_pkg_cpp/package.zsh'
[44.137s] Level 1:colcon.colcon_core.environment:create_file_with_runtime_dependencies(/home/dony/ROS_ROBOT_PROJECT/robot_mobile_ihm/install/robot_mobile_pkg_cpp/share/colcon-core/packages/robot_mobile_pkg_cpp)
[44.178s] DEBUG:colcon.colcon_parallel_executor.executor.parallel:closing loop
[44.183s] DEBUG:colcon.colcon_parallel_executor.executor.parallel:loop closed
[44.184s] DEBUG:colcon.colcon_parallel_executor.executor.parallel:run_until_complete finished with '2'
[44.187s] DEBUG:colcon.colcon_core.event_reactor:joining thread
[44.385s] INFO:colcon.colcon_core.plugin_system:Skipping extension 'colcon_notification.desktop_notification.terminal_notifier': Not used on non-Darwin systems
[44.385s] INFO:colcon.colcon_core.plugin_system:Skipping extension 'colcon_notification.desktop_notification.win32': Not used on non-Windows systems
[44.385s] INFO:colcon.colcon_notification.desktop_notification:Sending desktop notification using 'notify2'
[44.466s] DEBUG:colcon.colcon_core.event_reactor:joined thread
[44.527s] INFO:colcon.colcon_core.shell:Creating prefix script '/home/dony/ROS_ROBOT_PROJECT/robot_mobile_ihm/install/local_setup.ps1'
[44.539s] INFO:colcon.colcon_core.shell:Creating prefix util module '/home/dony/ROS_ROBOT_PROJECT/robot_mobile_ihm/install/_local_setup_util_ps1.py'
[44.546s] INFO:colcon.colcon_core.shell:Creating prefix chain script '/home/dony/ROS_ROBOT_PROJECT/robot_mobile_ihm/install/setup.ps1'
[44.612s] INFO:colcon.colcon_core.shell:Creating prefix script '/home/dony/ROS_ROBOT_PROJECT/robot_mobile_ihm/install/local_setup.sh'
[44.615s] INFO:colcon.colcon_core.shell:Creating prefix util module '/home/dony/ROS_ROBOT_PROJECT/robot_mobile_ihm/install/_local_setup_util_sh.py'
[44.618s] INFO:colcon.colcon_core.shell:Creating prefix chain script '/home/dony/ROS_ROBOT_PROJECT/robot_mobile_ihm/install/setup.sh'
[44.670s] INFO:colcon.colcon_core.shell:Creating prefix script '/home/dony/ROS_ROBOT_PROJECT/robot_mobile_ihm/install/local_setup.bash'
[44.672s] INFO:colcon.colcon_core.shell:Creating prefix chain script '/home/dony/ROS_ROBOT_PROJECT/robot_mobile_ihm/install/setup.bash'
[44.713s] INFO:colcon.colcon_core.shell:Creating prefix script '/home/dony/ROS_ROBOT_PROJECT/robot_mobile_ihm/install/local_setup.zsh'
[44.715s] INFO:colcon.colcon_core.shell:Creating prefix chain script '/home/dony/ROS_ROBOT_PROJECT/robot_mobile_ihm/install/setup.zsh'
