[2.260s] DEBUG:colcon:Command line arguments: ['/usr/bin/colcon', 'build']
[2.260s] DEBUG:colcon:Parsed command line arguments: Namespace(log_base=None, log_level=None, verb_name='build', build_base='build', install_base='install', merge_install=False, symlink_install=False, test_result_base=None, continue_on_error=False, executor='parallel', parallel_workers=2, event_handlers=None, ignore_user_meta=False, metas=['./colcon.meta'], base_paths=['.'], packages_ignore=None, packages_ignore_regex=None, paths=None, packages_up_to=None, packages_up_to_regex=None, packages_above=None, packages_above_and_dependencies=None, packages_above_depth=None, packages_select_by_dep=None, packages_skip_by_dep=None, packages_skip_up_to=None, packages_select_build_failed=False, packages_skip_build_finished=False, packages_select_test_failures=False, packages_skip_test_passed=False, packages_select=None, packages_skip=None, packages_select_regex=None, packages_skip_regex=None, packages_start=None, packages_end=None, allow_overriding=[], cmake_args=None, cmake_target=None, cmake_target_skip_unavailable=False, cmake_clean_cache=False, cmake_clean_first=False, cmake_force_configure=False, ament_cmake_args=None, catkin_cmake_args=None, catkin_skip_building_tests=False, verb_parser=<colcon_defaults.argument_parser.defaults.DefaultArgumentsDecorator object at 0x7f02bfca9f30>, verb_extension=<colcon_core.verb.build.BuildVerb object at 0x7f02bfca9960>, main=<bound method BuildVerb.main of <colcon_core.verb.build.BuildVerb object at 0x7f02bfca9960>>)
[2.366s] Level 1:colcon.colcon_core.package_discovery:discover_packages(colcon_meta) check parameters
[2.367s] Level 1:colcon.colcon_core.package_discovery:discover_packages(recursive) check parameters
[2.367s] Level 1:colcon.colcon_core.package_discovery:discover_packages(ignore) check parameters
[2.367s] Level 1:colcon.colcon_core.package_discovery:discover_packages(path) check parameters
[2.367s] Level 1:colcon.colcon_core.package_discovery:discover_packages(colcon_meta) discover
[2.367s] Level 1:colcon.colcon_core.package_discovery:discover_packages(recursive) discover
[2.367s] INFO:colcon.colcon_core.package_discovery:Crawling recursively for packages in '/home/dony/ROS_ROBOT_PROJECT/robot_mobile_ihm'
[2.367s] Level 1:colcon.colcon_core.package_identification:_identify(.) by extensions ['ignore', 'ignore_ament_install']
[2.368s] Level 1:colcon.colcon_core.package_identification:_identify(.) by extension 'ignore'
[2.368s] Level 1:colcon.colcon_core.package_identification:_identify(.) by extension 'ignore_ament_install'
[2.368s] Level 1:colcon.colcon_core.package_identification:_identify(.) by extensions ['colcon_pkg']
[2.368s] Level 1:colcon.colcon_core.package_identification:_identify(.) by extension 'colcon_pkg'
[2.368s] Level 1:colcon.colcon_core.package_identification:_identify(.) by extensions ['colcon_meta']
[2.369s] Level 1:colcon.colcon_core.package_identification:_identify(.) by extension 'colcon_meta'
[2.369s] Level 1:colcon.colcon_core.package_identification:_identify(.) by extensions ['ros']
[2.369s] Level 1:colcon.colcon_core.package_identification:_identify(.) by extension 'ros'
[2.406s] Level 1:colcon.colcon_core.package_identification:_identify(.) by extensions ['cmake', 'python']
[2.406s] Level 1:colcon.colcon_core.package_identification:_identify(.) by extension 'cmake'
[2.407s] Level 1:colcon.colcon_core.package_identification:_identify(.) by extension 'python'
[2.407s] Level 1:colcon.colcon_core.package_identification:_identify(.) by extensions ['python_setup_py']
[2.407s] Level 1:colcon.colcon_core.package_identification:_identify(.) by extension 'python_setup_py'
[2.407s] Level 1:colcon.colcon_core.package_identification:_identify(build) by extensions ['ignore', 'ignore_ament_install']
[2.407s] Level 1:colcon.colcon_core.package_identification:_identify(build) by extension 'ignore'
[2.408s] Level 1:colcon.colcon_core.package_identification:_identify(build) ignored
[2.408s] Level 1:colcon.colcon_core.package_identification:_identify(install) by extensions ['ignore', 'ignore_ament_install']
[2.409s] Level 1:colcon.colcon_core.package_identification:_identify(install) by extension 'ignore'
[2.409s] Level 1:colcon.colcon_core.package_identification:_identify(install) ignored
[2.409s] Level 1:colcon.colcon_core.package_identification:_identify(log) by extensions ['ignore', 'ignore_ament_install']
[2.409s] Level 1:colcon.colcon_core.package_identification:_identify(log) by extension 'ignore'
[2.410s] Level 1:colcon.colcon_core.package_identification:_identify(log) ignored
[2.410s] Level 1:colcon.colcon_core.package_identification:_identify(src) by extensions ['ignore', 'ignore_ament_install']
[2.410s] Level 1:colcon.colcon_core.package_identification:_identify(src) by extension 'ignore'
[2.410s] Level 1:colcon.colcon_core.package_identification:_identify(src) by extension 'ignore_ament_install'
[2.410s] Level 1:colcon.colcon_core.package_identification:_identify(src) by extensions ['colcon_pkg']
[2.411s] Level 1:colcon.colcon_core.package_identification:_identify(src) by extension 'colcon_pkg'
[2.411s] Level 1:colcon.colcon_core.package_identification:_identify(src) by extensions ['colcon_meta']
[2.411s] Level 1:colcon.colcon_core.package_identification:_identify(src) by extension 'colcon_meta'
[2.411s] Level 1:colcon.colcon_core.package_identification:_identify(src) by extensions ['ros']
[2.411s] Level 1:colcon.colcon_core.package_identification:_identify(src) by extension 'ros'
[2.411s] Level 1:colcon.colcon_core.package_identification:_identify(src) by extensions ['cmake', 'python']
[2.411s] Level 1:colcon.colcon_core.package_identification:_identify(src) by extension 'cmake'
[2.412s] Level 1:colcon.colcon_core.package_identification:_identify(src) by extension 'python'
[2.412s] Level 1:colcon.colcon_core.package_identification:_identify(src) by extensions ['python_setup_py']
[2.412s] Level 1:colcon.colcon_core.package_identification:_identify(src) by extension 'python_setup_py'
[2.412s] Level 1:colcon.colcon_core.package_identification:_identify(src/robot_mobile_pkg_cpp) by extensions ['ignore', 'ignore_ament_install']
[2.412s] Level 1:colcon.colcon_core.package_identification:_identify(src/robot_mobile_pkg_cpp) by extension 'ignore'
[2.413s] Level 1:colcon.colcon_core.package_identification:_identify(src/robot_mobile_pkg_cpp) by extension 'ignore_ament_install'
[2.413s] Level 1:colcon.colcon_core.package_identification:_identify(src/robot_mobile_pkg_cpp) by extensions ['colcon_pkg']
[2.413s] Level 1:colcon.colcon_core.package_identification:_identify(src/robot_mobile_pkg_cpp) by extension 'colcon_pkg'
[2.413s] Level 1:colcon.colcon_core.package_identification:_identify(src/robot_mobile_pkg_cpp) by extensions ['colcon_meta']
[2.413s] Level 1:colcon.colcon_core.package_identification:_identify(src/robot_mobile_pkg_cpp) by extension 'colcon_meta'
[2.413s] Level 1:colcon.colcon_core.package_identification:_identify(src/robot_mobile_pkg_cpp) by extensions ['ros']
[2.413s] Level 1:colcon.colcon_core.package_identification:_identify(src/robot_mobile_pkg_cpp) by extension 'ros'
[2.421s] DEBUG:colcon.colcon_core.package_identification:Package 'src/robot_mobile_pkg_cpp' with type 'ros.ament_cmake' and name 'robot_mobile_pkg_cpp'
[2.422s] Level 1:colcon.colcon_core.package_discovery:discover_packages(recursive) using defaults
[2.422s] Level 1:colcon.colcon_core.package_discovery:discover_packages(ignore) discover
[2.422s] Level 1:colcon.colcon_core.package_discovery:discover_packages(ignore) using defaults
[2.422s] Level 1:colcon.colcon_core.package_discovery:discover_packages(path) discover
[2.422s] Level 1:colcon.colcon_core.package_discovery:discover_packages(path) using defaults
[2.622s] Level 1:colcon.colcon_core.package_discovery:discover_packages(prefix_path) check parameters
[2.622s] Level 1:colcon.colcon_core.package_discovery:discover_packages(prefix_path) discover
[2.689s] DEBUG:colcon.colcon_installed_package_information.package_discovery:Found 1 installed packages in /home/dony/ROS_ROBOT_PROJECT/qt_ros_ws2/install
[2.723s] DEBUG:colcon.colcon_installed_package_information.package_discovery:Found 1 installed packages in /home/dony/ROS_ROBOT_PROJECT/robot_mobile_ihm/install
[2.755s] DEBUG:colcon.colcon_installed_package_information.package_discovery:Found 4 installed packages in /home/dony/ROS_UDEMY/ros2_ws/install
[2.789s] DEBUG:colcon.colcon_installed_package_information.package_discovery:Found 270 installed packages in /opt/ros/humble
[2.791s] Level 1:colcon.colcon_core.package_discovery:discover_packages(prefix_path) using defaults
[3.008s] Level 5:colcon.colcon_core.verb:set package 'robot_mobile_pkg_cpp' build argument 'cmake_args' from command line to 'None'
[3.008s] Level 5:colcon.colcon_core.verb:set package 'robot_mobile_pkg_cpp' build argument 'cmake_target' from command line to 'None'
[3.008s] Level 5:colcon.colcon_core.verb:set package 'robot_mobile_pkg_cpp' build argument 'cmake_target_skip_unavailable' from command line to 'False'
[3.008s] Level 5:colcon.colcon_core.verb:set package 'robot_mobile_pkg_cpp' build argument 'cmake_clean_cache' from command line to 'False'
[3.008s] Level 5:colcon.colcon_core.verb:set package 'robot_mobile_pkg_cpp' build argument 'cmake_clean_first' from command line to 'False'
[3.008s] Level 5:colcon.colcon_core.verb:set package 'robot_mobile_pkg_cpp' build argument 'cmake_force_configure' from command line to 'False'
[3.009s] Level 5:colcon.colcon_core.verb:set package 'robot_mobile_pkg_cpp' build argument 'ament_cmake_args' from command line to 'None'
[3.009s] Level 5:colcon.colcon_core.verb:set package 'robot_mobile_pkg_cpp' build argument 'catkin_cmake_args' from command line to 'None'
[3.009s] Level 5:colcon.colcon_core.verb:set package 'robot_mobile_pkg_cpp' build argument 'catkin_skip_building_tests' from command line to 'False'
[3.009s] DEBUG:colcon.colcon_core.verb:Building package 'robot_mobile_pkg_cpp' with the following arguments: {'ament_cmake_args': None, 'build_base': '/home/dony/ROS_ROBOT_PROJECT/robot_mobile_ihm/build/robot_mobile_pkg_cpp', 'catkin_cmake_args': None, 'catkin_skip_building_tests': False, 'cmake_args': None, 'cmake_clean_cache': False, 'cmake_clean_first': False, 'cmake_force_configure': False, 'cmake_target': None, 'cmake_target_skip_unavailable': False, 'install_base': '/home/dony/ROS_ROBOT_PROJECT/robot_mobile_ihm/install/robot_mobile_pkg_cpp', 'merge_install': False, 'path': '/home/dony/ROS_ROBOT_PROJECT/robot_mobile_ihm/src/robot_mobile_pkg_cpp', 'symlink_install': False, 'test_result_base': None}
[3.041s] INFO:colcon.colcon_core.executor:Executing jobs using 'parallel' executor
[3.075s] DEBUG:colcon.colcon_parallel_executor.executor.parallel:run_until_complete
[3.075s] INFO:colcon.colcon_ros.task.ament_cmake.build:Building ROS package in '/home/dony/ROS_ROBOT_PROJECT/robot_mobile_ihm/src/robot_mobile_pkg_cpp' with build type 'ament_cmake'
[3.075s] INFO:colcon.colcon_cmake.task.cmake.build:Building CMake package in '/home/dony/ROS_ROBOT_PROJECT/robot_mobile_ihm/src/robot_mobile_pkg_cpp'
[3.113s] INFO:colcon.colcon_core.plugin_system:Skipping extension 'colcon_core.shell.bat': Not used on non-Windows systems
[3.113s] INFO:colcon.colcon_core.shell:Skip shell extension 'powershell' for command environment: Not usable outside of PowerShell
[3.113s] DEBUG:colcon.colcon_core.shell:Skip shell extension 'dsv' for command environment
[3.338s] DEBUG:colcon.colcon_core.event_handler.log_command:Invoking command in '/home/dony/ROS_ROBOT_PROJECT/robot_mobile_ihm/build/robot_mobile_pkg_cpp': CMAKE_PREFIX_PATH=${CMAKE_PREFIX_PATH}:/home/dony/ROS_UDEMY/ros2_ws/install/my_py_pkg:/home/dony/ROS_UDEMY/ros2_ws/install/activity_002_py:/opt/ros/humble /usr/bin/cmake /home/dony/ROS_ROBOT_PROJECT/robot_mobile_ihm/src/robot_mobile_pkg_cpp -DCMAKE_INSTALL_PREFIX=/home/dony/ROS_ROBOT_PROJECT/robot_mobile_ihm/install/robot_mobile_pkg_cpp
[4.893s] DEBUG:colcon.colcon_core.event_handler.log_command:Invoked command in '/home/dony/ROS_ROBOT_PROJECT/robot_mobile_ihm/build/robot_mobile_pkg_cpp' returned '0': CMAKE_PREFIX_PATH=${CMAKE_PREFIX_PATH}:/home/dony/ROS_UDEMY/ros2_ws/install/my_py_pkg:/home/dony/ROS_UDEMY/ros2_ws/install/activity_002_py:/opt/ros/humble /usr/bin/cmake /home/dony/ROS_ROBOT_PROJECT/robot_mobile_ihm/src/robot_mobile_pkg_cpp -DCMAKE_INSTALL_PREFIX=/home/dony/ROS_ROBOT_PROJECT/robot_mobile_ihm/install/robot_mobile_pkg_cpp
[4.896s] DEBUG:colcon.colcon_core.event_handler.log_command:Invoking command in '/home/dony/ROS_ROBOT_PROJECT/robot_mobile_ihm/build/robot_mobile_pkg_cpp': CMAKE_PREFIX_PATH=${CMAKE_PREFIX_PATH}:/home/dony/ROS_UDEMY/ros2_ws/install/my_py_pkg:/home/dony/ROS_UDEMY/ros2_ws/install/activity_002_py:/opt/ros/humble /usr/bin/cmake --build /home/dony/ROS_ROBOT_PROJECT/robot_mobile_ihm/build/robot_mobile_pkg_cpp -- -j2 -l2
[56.172s] DEBUG:colcon.colcon_core.event_handler.log_command:Invoked command in '/home/dony/ROS_ROBOT_PROJECT/robot_mobile_ihm/build/robot_mobile_pkg_cpp' returned '0': CMAKE_PREFIX_PATH=${CMAKE_PREFIX_PATH}:/home/dony/ROS_UDEMY/ros2_ws/install/my_py_pkg:/home/dony/ROS_UDEMY/ros2_ws/install/activity_002_py:/opt/ros/humble /usr/bin/cmake --build /home/dony/ROS_ROBOT_PROJECT/robot_mobile_ihm/build/robot_mobile_pkg_cpp -- -j2 -l2
[56.261s] DEBUG:colcon.colcon_core.event_handler.log_command:Invoking command in '/home/dony/ROS_ROBOT_PROJECT/robot_mobile_ihm/build/robot_mobile_pkg_cpp': CMAKE_PREFIX_PATH=${CMAKE_PREFIX_PATH}:/home/dony/ROS_UDEMY/ros2_ws/install/my_py_pkg:/home/dony/ROS_UDEMY/ros2_ws/install/activity_002_py:/opt/ros/humble /usr/bin/cmake --install /home/dony/ROS_ROBOT_PROJECT/robot_mobile_ihm/build/robot_mobile_pkg_cpp
[56.401s] Level 1:colcon.colcon_core.environment:create_environment_scripts_only(robot_mobile_pkg_cpp)
[56.405s] DEBUG:colcon.colcon_core.event_handler.log_command:Invoked command in '/home/dony/ROS_ROBOT_PROJECT/robot_mobile_ihm/build/robot_mobile_pkg_cpp' returned '0': CMAKE_PREFIX_PATH=${CMAKE_PREFIX_PATH}:/home/dony/ROS_UDEMY/ros2_ws/install/my_py_pkg:/home/dony/ROS_UDEMY/ros2_ws/install/activity_002_py:/opt/ros/humble /usr/bin/cmake --install /home/dony/ROS_ROBOT_PROJECT/robot_mobile_ihm/build/robot_mobile_pkg_cpp
[56.634s] Level 1:colcon.colcon_core.environment:checking '/home/dony/ROS_ROBOT_PROJECT/robot_mobile_ihm/install/robot_mobile_pkg_cpp' for CMake module files
[56.636s] Level 1:colcon.colcon_core.environment:checking '/home/dony/ROS_ROBOT_PROJECT/robot_mobile_ihm/install/robot_mobile_pkg_cpp' for CMake config files
[56.639s] Level 1:colcon.colcon_core.shell:create_environment_hook('robot_mobile_pkg_cpp', 'cmake_prefix_path')
[56.715s] INFO:colcon.colcon_core.shell:Creating environment hook '/home/dony/ROS_ROBOT_PROJECT/robot_mobile_ihm/install/robot_mobile_pkg_cpp/share/robot_mobile_pkg_cpp/hook/cmake_prefix_path.ps1'
[56.718s] INFO:colcon.colcon_core.shell:Creating environment descriptor '/home/dony/ROS_ROBOT_PROJECT/robot_mobile_ihm/install/robot_mobile_pkg_cpp/share/robot_mobile_pkg_cpp/hook/cmake_prefix_path.dsv'
[56.722s] INFO:colcon.colcon_core.shell:Creating environment hook '/home/dony/ROS_ROBOT_PROJECT/robot_mobile_ihm/install/robot_mobile_pkg_cpp/share/robot_mobile_pkg_cpp/hook/cmake_prefix_path.sh'
[56.728s] Level 1:colcon.colcon_core.environment:checking '/home/dony/ROS_ROBOT_PROJECT/robot_mobile_ihm/install/robot_mobile_pkg_cpp/lib'
[56.729s] Level 1:colcon.colcon_core.environment:checking '/home/dony/ROS_ROBOT_PROJECT/robot_mobile_ihm/install/robot_mobile_pkg_cpp/bin'
[56.730s] Level 1:colcon.colcon_core.environment:checking '/home/dony/ROS_ROBOT_PROJECT/robot_mobile_ihm/install/robot_mobile_pkg_cpp/lib/pkgconfig/robot_mobile_pkg_cpp.pc'
[56.730s] Level 1:colcon.colcon_core.environment:checking '/home/dony/ROS_ROBOT_PROJECT/robot_mobile_ihm/install/robot_mobile_pkg_cpp/lib/python3.10/site-packages'
[56.731s] Level 1:colcon.colcon_core.environment:checking '/home/dony/ROS_ROBOT_PROJECT/robot_mobile_ihm/install/robot_mobile_pkg_cpp/bin'
[56.811s] INFO:colcon.colcon_core.shell:Creating package script '/home/dony/ROS_ROBOT_PROJECT/robot_mobile_ihm/install/robot_mobile_pkg_cpp/share/robot_mobile_pkg_cpp/package.ps1'
[56.817s] INFO:colcon.colcon_core.shell:Creating package descriptor '/home/dony/ROS_ROBOT_PROJECT/robot_mobile_ihm/install/robot_mobile_pkg_cpp/share/robot_mobile_pkg_cpp/package.dsv'
[56.821s] INFO:colcon.colcon_core.shell:Creating package script '/home/dony/ROS_ROBOT_PROJECT/robot_mobile_ihm/install/robot_mobile_pkg_cpp/share/robot_mobile_pkg_cpp/package.sh'
[56.824s] INFO:colcon.colcon_core.shell:Creating package script '/home/dony/ROS_ROBOT_PROJECT/robot_mobile_ihm/install/robot_mobile_pkg_cpp/share/robot_mobile_pkg_cpp/package.bash'
[56.827s] INFO:colcon.colcon_core.shell:Creating package script '/home/dony/ROS_ROBOT_PROJECT/robot_mobile_ihm/install/robot_mobile_pkg_cpp/share/robot_mobile_pkg_cpp/package.zsh'
[56.830s] Level 1:colcon.colcon_core.environment:create_file_with_runtime_dependencies(/home/dony/ROS_ROBOT_PROJECT/robot_mobile_ihm/install/robot_mobile_pkg_cpp/share/colcon-core/packages/robot_mobile_pkg_cpp)
[56.976s] Level 1:colcon.colcon_core.environment:create_environment_scripts_only(robot_mobile_pkg_cpp)
[57.046s] Level 1:colcon.colcon_core.environment:checking '/home/dony/ROS_ROBOT_PROJECT/robot_mobile_ihm/install/robot_mobile_pkg_cpp' for CMake module files
[57.049s] Level 1:colcon.colcon_core.environment:checking '/home/dony/ROS_ROBOT_PROJECT/robot_mobile_ihm/install/robot_mobile_pkg_cpp' for CMake config files
[57.049s] Level 1:colcon.colcon_core.shell:create_environment_hook('robot_mobile_pkg_cpp', 'cmake_prefix_path')
[57.093s] INFO:colcon.colcon_core.shell:Creating environment hook '/home/dony/ROS_ROBOT_PROJECT/robot_mobile_ihm/install/robot_mobile_pkg_cpp/share/robot_mobile_pkg_cpp/hook/cmake_prefix_path.ps1'
[57.094s] INFO:colcon.colcon_core.shell:Creating environment descriptor '/home/dony/ROS_ROBOT_PROJECT/robot_mobile_ihm/install/robot_mobile_pkg_cpp/share/robot_mobile_pkg_cpp/hook/cmake_prefix_path.dsv'
[57.096s] INFO:colcon.colcon_core.shell:Creating environment hook '/home/dony/ROS_ROBOT_PROJECT/robot_mobile_ihm/install/robot_mobile_pkg_cpp/share/robot_mobile_pkg_cpp/hook/cmake_prefix_path.sh'
[57.098s] Level 1:colcon.colcon_core.environment:checking '/home/dony/ROS_ROBOT_PROJECT/robot_mobile_ihm/install/robot_mobile_pkg_cpp/lib'
[57.098s] Level 1:colcon.colcon_core.environment:checking '/home/dony/ROS_ROBOT_PROJECT/robot_mobile_ihm/install/robot_mobile_pkg_cpp/bin'
[57.099s] Level 1:colcon.colcon_core.environment:checking '/home/dony/ROS_ROBOT_PROJECT/robot_mobile_ihm/install/robot_mobile_pkg_cpp/lib/pkgconfig/robot_mobile_pkg_cpp.pc'
[57.099s] Level 1:colcon.colcon_core.environment:checking '/home/dony/ROS_ROBOT_PROJECT/robot_mobile_ihm/install/robot_mobile_pkg_cpp/lib/python3.10/site-packages'
[57.099s] Level 1:colcon.colcon_core.environment:checking '/home/dony/ROS_ROBOT_PROJECT/robot_mobile_ihm/install/robot_mobile_pkg_cpp/bin'
[57.149s] INFO:colcon.colcon_core.shell:Creating package script '/home/dony/ROS_ROBOT_PROJECT/robot_mobile_ihm/install/robot_mobile_pkg_cpp/share/robot_mobile_pkg_cpp/package.ps1'
[57.151s] INFO:colcon.colcon_core.shell:Creating package descriptor '/home/dony/ROS_ROBOT_PROJECT/robot_mobile_ihm/install/robot_mobile_pkg_cpp/share/robot_mobile_pkg_cpp/package.dsv'
[57.152s] INFO:colcon.colcon_core.shell:Creating package script '/home/dony/ROS_ROBOT_PROJECT/robot_mobile_ihm/install/robot_mobile_pkg_cpp/share/robot_mobile_pkg_cpp/package.sh'
[57.154s] INFO:colcon.colcon_core.shell:Creating package script '/home/dony/ROS_ROBOT_PROJECT/robot_mobile_ihm/install/robot_mobile_pkg_cpp/share/robot_mobile_pkg_cpp/package.bash'
[57.155s] INFO:colcon.colcon_core.shell:Creating package script '/home/dony/ROS_ROBOT_PROJECT/robot_mobile_ihm/install/robot_mobile_pkg_cpp/share/robot_mobile_pkg_cpp/package.zsh'
[57.156s] Level 1:colcon.colcon_core.environment:create_file_with_runtime_dependencies(/home/dony/ROS_ROBOT_PROJECT/robot_mobile_ihm/install/robot_mobile_pkg_cpp/share/colcon-core/packages/robot_mobile_pkg_cpp)
[57.157s] DEBUG:colcon.colcon_parallel_executor.executor.parallel:closing loop
[57.159s] DEBUG:colcon.colcon_parallel_executor.executor.parallel:loop closed
[57.159s] DEBUG:colcon.colcon_parallel_executor.executor.parallel:run_until_complete finished with '0'
[57.159s] DEBUG:colcon.colcon_core.event_reactor:joining thread
[57.253s] INFO:colcon.colcon_core.plugin_system:Skipping extension 'colcon_notification.desktop_notification.terminal_notifier': Not used on non-Darwin systems
[57.254s] INFO:colcon.colcon_core.plugin_system:Skipping extension 'colcon_notification.desktop_notification.win32': Not used on non-Windows systems
[57.254s] INFO:colcon.colcon_notification.desktop_notification:Sending desktop notification using 'notify2'
[57.314s] DEBUG:colcon.colcon_core.event_reactor:joined thread
[57.374s] INFO:colcon.colcon_core.shell:Creating prefix script '/home/dony/ROS_ROBOT_PROJECT/robot_mobile_ihm/install/local_setup.ps1'
[57.379s] INFO:colcon.colcon_core.shell:Creating prefix util module '/home/dony/ROS_ROBOT_PROJECT/robot_mobile_ihm/install/_local_setup_util_ps1.py'
[57.386s] INFO:colcon.colcon_core.shell:Creating prefix chain script '/home/dony/ROS_ROBOT_PROJECT/robot_mobile_ihm/install/setup.ps1'
[57.459s] INFO:colcon.colcon_core.shell:Creating prefix script '/home/dony/ROS_ROBOT_PROJECT/robot_mobile_ihm/install/local_setup.sh'
[57.462s] INFO:colcon.colcon_core.shell:Creating prefix util module '/home/dony/ROS_ROBOT_PROJECT/robot_mobile_ihm/install/_local_setup_util_sh.py'
[57.464s] INFO:colcon.colcon_core.shell:Creating prefix chain script '/home/dony/ROS_ROBOT_PROJECT/robot_mobile_ihm/install/setup.sh'
[57.520s] INFO:colcon.colcon_core.shell:Creating prefix script '/home/dony/ROS_ROBOT_PROJECT/robot_mobile_ihm/install/local_setup.bash'
[57.522s] INFO:colcon.colcon_core.shell:Creating prefix chain script '/home/dony/ROS_ROBOT_PROJECT/robot_mobile_ihm/install/setup.bash'
[57.562s] INFO:colcon.colcon_core.shell:Creating prefix script '/home/dony/ROS_ROBOT_PROJECT/robot_mobile_ihm/install/local_setup.zsh'
[57.563s] INFO:colcon.colcon_core.shell:Creating prefix chain script '/home/dony/ROS_ROBOT_PROJECT/robot_mobile_ihm/install/setup.zsh'
