[0.137s] Invoking command in '/home/rospc/robot_mobile_ihm/build/robot_mobile_pkg_cpp': CMAKE_PREFIX_PATH=${CMAKE_PREFIX_PATH}:/opt/ros/humble /usr/bin/cmake --build /home/rospc/robot_mobile_ihm/build/robot_mobile_pkg_cpp -- -j8 -l8
[0.187s] [ 20%] [34m[1mAutomatic MOC and UIC for target my_node_ihm[0m
[0.215s] [ 20%] Built target my_node_ihm_autogen
[0.231s] [35m[1mConsolidate compiler generated dependencies of target my_node_ihm[0m
[0.258s] [ 40%] [32mBuilding CXX object CMakeFiles/my_node_ihm.dir/my_node_ihm_autogen/mocs_compilation.cpp.o[0m
[0.258s] [ 60%] [32mBuilding CXX object CMakeFiles/my_node_ihm.dir/src/my_node.cpp.o[0m
[0.259s] [ 80%] [32mBuilding CXX object CMakeFiles/my_node_ihm.dir/src/mainwindow.cpp.o[0m
[16.422s] [100%] [32m[1mLinking CXX executable my_node_ihm[0m
[17.706s] [100%] Built target my_node_ihm
[17.719s] Invoked command in '/home/rospc/robot_mobile_ihm/build/robot_mobile_pkg_cpp' returned '0': CMAKE_PREFIX_PATH=${CMAKE_PREFIX_PATH}:/opt/ros/humble /usr/bin/cmake --build /home/rospc/robot_mobile_ihm/build/robot_mobile_pkg_cpp -- -j8 -l8
[17.758s] Invoking command in '/home/rospc/robot_mobile_ihm/build/robot_mobile_pkg_cpp': CMAKE_PREFIX_PATH=${CMAKE_PREFIX_PATH}:/opt/ros/humble /usr/bin/cmake --install /home/rospc/robot_mobile_ihm/build/robot_mobile_pkg_cpp
[17.766s] -- Install configuration: "Debug"
[17.766s] -- Installing: /home/rospc/robot_mobile_ihm/install/robot_mobile_pkg_cpp/lib/robot_mobile_pkg_cpp/my_node_ihm
[17.794s] -- Set runtime path of "/home/rospc/robot_mobile_ihm/install/robot_mobile_pkg_cpp/lib/robot_mobile_pkg_cpp/my_node_ihm" to ""
[17.794s] -- Up-to-date: /home/rospc/robot_mobile_ihm/install/robot_mobile_pkg_cpp/share/ament_index/resource_index/package_run_dependencies/robot_mobile_pkg_cpp
[17.794s] -- Up-to-date: /home/rospc/robot_mobile_ihm/install/robot_mobile_pkg_cpp/share/ament_index/resource_index/parent_prefix_path/robot_mobile_pkg_cpp
[17.794s] -- Up-to-date: /home/rospc/robot_mobile_ihm/install/robot_mobile_pkg_cpp/share/robot_mobile_pkg_cpp/environment/ament_prefix_path.sh
[17.794s] -- Up-to-date: /home/rospc/robot_mobile_ihm/install/robot_mobile_pkg_cpp/share/robot_mobile_pkg_cpp/environment/ament_prefix_path.dsv
[17.794s] -- Up-to-date: /home/rospc/robot_mobile_ihm/install/robot_mobile_pkg_cpp/share/robot_mobile_pkg_cpp/environment/path.sh
[17.795s] -- Up-to-date: /home/rospc/robot_mobile_ihm/install/robot_mobile_pkg_cpp/share/robot_mobile_pkg_cpp/environment/path.dsv
[17.795s] -- Up-to-date: /home/rospc/robot_mobile_ihm/install/robot_mobile_pkg_cpp/share/robot_mobile_pkg_cpp/local_setup.bash
[17.795s] -- Up-to-date: /home/rospc/robot_mobile_ihm/install/robot_mobile_pkg_cpp/share/robot_mobile_pkg_cpp/local_setup.sh
[17.795s] -- Up-to-date: /home/rospc/robot_mobile_ihm/install/robot_mobile_pkg_cpp/share/robot_mobile_pkg_cpp/local_setup.zsh
[17.795s] -- Up-to-date: /home/rospc/robot_mobile_ihm/install/robot_mobile_pkg_cpp/share/robot_mobile_pkg_cpp/local_setup.dsv
[17.795s] -- Installing: /home/rospc/robot_mobile_ihm/install/robot_mobile_pkg_cpp/share/robot_mobile_pkg_cpp/package.dsv
[17.795s] -- Up-to-date: /home/rospc/robot_mobile_ihm/install/robot_mobile_pkg_cpp/share/ament_index/resource_index/packages/robot_mobile_pkg_cpp
[17.795s] -- Up-to-date: /home/rospc/robot_mobile_ihm/install/robot_mobile_pkg_cpp/share/robot_mobile_pkg_cpp/cmake/robot_mobile_pkg_cppConfig.cmake
[17.795s] -- Up-to-date: /home/rospc/robot_mobile_ihm/install/robot_mobile_pkg_cpp/share/robot_mobile_pkg_cpp/cmake/robot_mobile_pkg_cppConfig-version.cmake
[17.795s] -- Up-to-date: /home/rospc/robot_mobile_ihm/install/robot_mobile_pkg_cpp/share/robot_mobile_pkg_cpp/package.xml
[17.797s] Invoked command in '/home/rospc/robot_mobile_ihm/build/robot_mobile_pkg_cpp' returned '0': CMAKE_PREFIX_PATH=${CMAKE_PREFIX_PATH}:/opt/ros/humble /usr/bin/cmake --install /home/rospc/robot_mobile_ihm/build/robot_mobile_pkg_cpp
