[0.129s] Invoking command in '/home/rospc/robot_mobile_ihm/build/robot_mobile_pkg_cpp': CMAKE_PREFIX_PATH=${CMAKE_PREFIX_PATH}:/opt/ros/humble /usr/bin/cmake --build /home/rospc/robot_mobile_ihm/build/robot_mobile_pkg_cpp -- -j8 -l8
[0.154s] -- Found ament_cmake: 1.3.5 (/opt/ros/humble/share/ament_cmake/cmake)
[0.296s] -- Found rclcpp: 16.0.6 (/opt/ros/humble/share/rclcpp/cmake)
[0.327s] -- Found rosidl_generator_c: 3.1.5 (/opt/ros/humble/share/rosidl_generator_c/cmake)
[0.330s] -- Found rosidl_adapter: 3.1.5 (/opt/ros/humble/share/rosidl_adapter/cmake)
[0.336s] -- Found rosidl_generator_cpp: 3.1.5 (/opt/ros/humble/share/rosidl_generator_cpp/cmake)
[0.349s] -- Using all available rosidl_typesupport_c: rosidl_typesupport_fastrtps_c;rosidl_typesupport_introspection_c
[0.366s] -- Using all available rosidl_typesupport_cpp: rosidl_typesupport_fastrtps_cpp;rosidl_typesupport_introspection_cpp
[0.430s] -- Found rmw_implementation_cmake: 6.1.1 (/opt/ros/humble/share/rmw_implementation_cmake/cmake)
[0.431s] -- Found rmw_fastrtps_cpp: 6.2.4 (/opt/ros/humble/share/rmw_fastrtps_cpp/cmake)
[0.554s] -- Using RMW implementation 'rmw_fastrtps_cpp' as default
[0.731s] -- Found sensor_msgs: 4.2.3 (/opt/ros/humble/share/sensor_msgs/cmake)
[0.881s] -- Found cv_bridge: 3.2.1 (/opt/ros/humble/share/cv_bridge/cmake)
[0.911s] [31mCMake Error at CMakeLists.txt:39 (find_package):
[0.911s]   By not providing "Findopencv2.cmake" in CMAKE_MODULE_PATH this project has
[0.911s]   asked CMake to find a package configuration file provided by "opencv2", but
[0.912s]   CMake did not find one.
[0.912s] 
[0.912s]   Could not find a package configuration file provided by "opencv2" with any
[0.912s]   of the following names:
[0.912s] 
[0.912s]     opencv2Config.cmake
[0.912s]     opencv2-config.cmake
[0.912s] 
[0.912s]   Add the installation prefix of "opencv2" to CMAKE_PREFIX_PATH or set
[0.912s]   "opencv2_DIR" to a directory containing one of the above files.  If
[0.912s]   "opencv2" provides a separate development package or SDK, be sure it has
[0.912s]   been installed.
[0.912s] 
[0.912s] [0m
[0.912s] -- Configuring incomplete, errors occurred!
[0.912s] See also "/home/rospc/robot_mobile_ihm/build/robot_mobile_pkg_cpp/CMakeFiles/CMakeOutput.log".
[0.918s] gmake: *** [Makefile:417 : cmake_check_build_system] Erreur 1
[0.920s] Invoked command in '/home/rospc/robot_mobile_ihm/build/robot_mobile_pkg_cpp' returned '2': CMAKE_PREFIX_PATH=${CMAKE_PREFIX_PATH}:/opt/ros/humble /usr/bin/cmake --build /home/rospc/robot_mobile_ihm/build/robot_mobile_pkg_cpp -- -j8 -l8
