[0.134s] Invoking command in '/home/rospc/robot_mobile_ihm/build/robot_mobile_pkg_cpp': CMAKE_PREFIX_PATH=${CMAKE_PREFIX_PATH}:/opt/ros/humble /usr/bin/cmake --build /home/rospc/robot_mobile_ihm/build/robot_mobile_pkg_cpp -- -j8 -l8
[0.184s] [ 20%] [34m[1mAutomatic MOC and UIC for target my_node_ihm[0m
[0.508s] [ 20%] Built target my_node_ihm_autogen
[0.523s] [35m[1mConsolidate compiler generated dependencies of target my_node_ihm[0m
[0.553s] [ 40%] [32mBuilding CXX object CMakeFiles/my_node_ihm.dir/my_node_ihm_autogen/mocs_compilation.cpp.o[0m
[0.553s] [ 60%] [32mBuilding CXX object CMakeFiles/my_node_ihm.dir/src/my_node.cpp.o[0m
[0.554s] [ 80%] [32mBuilding CXX object CMakeFiles/my_node_ihm.dir/src/mainwindow.cpp.o[0m
[0.913s] In file included from [01m[K/home/rospc/robot_mobile_ihm/src/robot_mobile_pkg_cpp/src/mainwindow.cpp:1[m[K:
[0.914s] [01m[K/home/rospc/robot_mobile_ihm/src/robot_mobile_pkg_cpp/src/./../include/mainwindow.hpp:16:10:[m[K [01;31m[Kfatal error: [m[Ksensor_msgs/msg/image.hpp: Aucun fichier ou dossier de ce type
[0.914s]    16 | #include [01;31m[K<sensor_msgs/msg/image.hpp>[m[K
[0.914s]       |          [01;31m[K^~~~~~~~~~~~~~~~~~~~~~~~~~~[m[K
[0.914s] compilation terminated.
[0.915s] In file included from [01m[K/home/rospc/robot_mobile_ihm/build/robot_mobile_pkg_cpp/my_node_ihm_autogen/6YEA5652QU/moc_mainwindow.cpp:10[m[K,
[0.915s]                  from [01m[K/home/rospc/robot_mobile_ihm/build/robot_mobile_pkg_cpp/my_node_ihm_autogen/mocs_compilation.cpp:2[m[K:
[0.915s] [01m[K/home/rospc/robot_mobile_ihm/build/robot_mobile_pkg_cpp/my_node_ihm_autogen/6YEA5652QU/../../../../src/robot_mobile_pkg_cpp/include/mainwindow.hpp:16:10:[m[K [01;31m[Kfatal error: [m[Ksensor_msgs/msg/image.hpp: Aucun fichier ou dossier de ce type
[0.915s]    16 | #include [01;31m[K<sensor_msgs/msg/image.hpp>[m[K
[0.915s]       |          [01;31m[K^~~~~~~~~~~~~~~~~~~~~~~~~~~[m[K
[0.915s] compilation terminated.
[0.917s] In file included from [01m[K/home/rospc/robot_mobile_ihm/src/robot_mobile_pkg_cpp/src/my_node.cpp:1[m[K:
[0.917s] [01m[K/home/rospc/robot_mobile_ihm/src/robot_mobile_pkg_cpp/src/../include/mainwindow.hpp:16:10:[m[K [01;31m[Kfatal error: [m[Ksensor_msgs/msg/image.hpp: Aucun fichier ou dossier de ce type
[0.917s]    16 | #include [01;31m[K<sensor_msgs/msg/image.hpp>[m[K
[0.917s]       |          [01;31m[K^~~~~~~~~~~~~~~~~~~~~~~~~~~[m[K
[0.918s] compilation terminated.
[0.921s] gmake[2]: *** [CMakeFiles/my_node_ihm.dir/build.make:76 : CMakeFiles/my_node_ihm.dir/my_node_ihm_autogen/mocs_compilation.cpp.o] Erreur 1
[0.921s] gmake[2]: *** Attente des tâches non terminées....
[0.921s] gmake[2]: *** [CMakeFiles/my_node_ihm.dir/build.make:90 : CMakeFiles/my_node_ihm.dir/src/my_node.cpp.o] Erreur 1
[0.921s] gmake[2]: *** [CMakeFiles/my_node_ihm.dir/build.make:104 : CMakeFiles/my_node_ihm.dir/src/mainwindow.cpp.o] Erreur 1
[0.921s] gmake[1]: *** [CMakeFiles/Makefile2:138 : CMakeFiles/my_node_ihm.dir/all] Erreur 2
[0.921s] gmake: *** [Makefile:146 : all] Erreur 2
[0.924s] Invoked command in '/home/rospc/robot_mobile_ihm/build/robot_mobile_pkg_cpp' returned '2': CMAKE_PREFIX_PATH=${CMAKE_PREFIX_PATH}:/opt/ros/humble /usr/bin/cmake --build /home/rospc/robot_mobile_ihm/build/robot_mobile_pkg_cpp -- -j8 -l8
