[0.107s] Invoking command in '/home/rospc/Téléchargements/robot_mobile_ihm_V3/robot_mobile_ihm/build/robot_mobile_pkg_cpp': CMAKE_PREFIX_PATH=${CMAKE_PREFIX_PATH}:/opt/ros/humble /usr/bin/cmake /home/rospc/Téléchargements/robot_mobile_ihm_V3/robot_mobile_ihm/src/robot_mobile_pkg_cpp -DCMAKE_INSTALL_PREFIX=/home/rospc/Téléchargements/robot_mobile_ihm_V3/robot_mobile_ihm/install/robot_mobile_pkg_cpp
[0.238s] -- The C compiler identification is GNU 11.4.0
[0.335s] -- The CXX compiler identification is GNU 11.4.0
[0.347s] -- Detecting C compiler ABI info
[0.423s] -- Detecting C compiler ABI info - done
[0.431s] -- Check for working C compiler: /usr/bin/cc - skipped
[0.431s] -- Detecting C compile features
[0.432s] -- Detecting C compile features - done
[0.436s] -- Detecting CXX compiler ABI info
[0.520s] -- Detecting CXX compiler ABI info - done
[0.528s] -- Check for working CXX compiler: /usr/bin/c++ - skipped
[0.528s] -- Detecting CXX compile features
[0.529s] -- Detecting CXX compile features - done
[0.542s] -- Found ament_cmake: 1.3.5 (/opt/ros/humble/share/ament_cmake/cmake)
[0.721s] -- Found Python3: /usr/bin/python3.10 (found version "3.10.12") found components: Interpreter 
[0.832s] -- Found rclcpp: 16.0.6 (/opt/ros/humble/share/rclcpp/cmake)
[0.896s] -- Found rosidl_generator_c: 3.1.5 (/opt/ros/humble/share/rosidl_generator_c/cmake)
[0.903s] -- Found rosidl_adapter: 3.1.5 (/opt/ros/humble/share/rosidl_adapter/cmake)
[0.916s] -- Found rosidl_generator_cpp: 3.1.5 (/opt/ros/humble/share/rosidl_generator_cpp/cmake)
[0.938s] -- Using all available rosidl_typesupport_c: rosidl_typesupport_fastrtps_c;rosidl_typesupport_introspection_c
[0.965s] -- Using all available rosidl_typesupport_cpp: rosidl_typesupport_fastrtps_cpp;rosidl_typesupport_introspection_cpp
[1.055s] -- Found rmw_implementation_cmake: 6.1.1 (/opt/ros/humble/share/rmw_implementation_cmake/cmake)
[1.059s] -- Found rmw_fastrtps_cpp: 6.2.4 (/opt/ros/humble/share/rmw_fastrtps_cpp/cmake)
[1.174s] -- Found OpenSSL: /usr/lib/x86_64-linux-gnu/libcrypto.so (found version "3.0.2")  
[1.201s] -- Found FastRTPS: /opt/ros/humble/include  
[1.253s] -- Using RMW implementation 'rmw_fastrtps_cpp' as default
[1.266s] -- Looking for pthread.h
[1.352s] -- Looking for pthread.h - found
[1.353s] -- Performing Test CMAKE_HAVE_LIBC_PTHREAD
[1.428s] -- Performing Test CMAKE_HAVE_LIBC_PTHREAD - Success
[1.429s] -- Found Threads: TRUE  
[1.724s] -- Configuring done
[1.778s] -- Generating done
[1.780s] -- Build files have been written to: /home/rospc/Téléchargements/robot_mobile_ihm_V3/robot_mobile_ihm/build/robot_mobile_pkg_cpp
[1.790s] Invoked command in '/home/rospc/Téléchargements/robot_mobile_ihm_V3/robot_mobile_ihm/build/robot_mobile_pkg_cpp' returned '0': CMAKE_PREFIX_PATH=${CMAKE_PREFIX_PATH}:/opt/ros/humble /usr/bin/cmake /home/rospc/Téléchargements/robot_mobile_ihm_V3/robot_mobile_ihm/src/robot_mobile_pkg_cpp -DCMAKE_INSTALL_PREFIX=/home/rospc/Téléchargements/robot_mobile_ihm_V3/robot_mobile_ihm/install/robot_mobile_pkg_cpp
[1.792s] Invoking command in '/home/rospc/Téléchargements/robot_mobile_ihm_V3/robot_mobile_ihm/build/robot_mobile_pkg_cpp': CMAKE_PREFIX_PATH=${CMAKE_PREFIX_PATH}:/opt/ros/humble /usr/bin/cmake --build /home/rospc/Téléchargements/robot_mobile_ihm_V3/robot_mobile_ihm/build/robot_mobile_pkg_cpp -- -j8 -l8
[1.842s] [ 20%] [34m[1mAutomatic MOC and UIC for target my_node_ihm[0m
[2.398s] [ 20%] Built target my_node_ihm_autogen
[2.419s] [ 80%] [32mBuilding CXX object CMakeFiles/my_node_ihm.dir/src/my_node.cpp.o[0m
[2.419s] [ 80%] [32mBuilding CXX object CMakeFiles/my_node_ihm.dir/my_node_ihm_autogen/mocs_compilation.cpp.o[0m
[2.420s] [ 80%] [32mBuilding CXX object CMakeFiles/my_node_ihm.dir/src/mainwindow.cpp.o[0m
[12.359s] [100%] [32m[1mLinking CXX executable my_node_ihm[0m
[13.217s] [100%] Built target my_node_ihm
[13.229s] Invoked command in '/home/rospc/Téléchargements/robot_mobile_ihm_V3/robot_mobile_ihm/build/robot_mobile_pkg_cpp' returned '0': CMAKE_PREFIX_PATH=${CMAKE_PREFIX_PATH}:/opt/ros/humble /usr/bin/cmake --build /home/rospc/Téléchargements/robot_mobile_ihm_V3/robot_mobile_ihm/build/robot_mobile_pkg_cpp -- -j8 -l8
[13.271s] Invoking command in '/home/rospc/Téléchargements/robot_mobile_ihm_V3/robot_mobile_ihm/build/robot_mobile_pkg_cpp': CMAKE_PREFIX_PATH=${CMAKE_PREFIX_PATH}:/opt/ros/humble /usr/bin/cmake --install /home/rospc/Téléchargements/robot_mobile_ihm_V3/robot_mobile_ihm/build/robot_mobile_pkg_cpp
[13.279s] -- Install configuration: ""
[13.279s] -- Installing: /home/rospc/Téléchargements/robot_mobile_ihm_V3/robot_mobile_ihm/install/robot_mobile_pkg_cpp/lib/robot_mobile_pkg_cpp/my_node_ihm
[13.286s] -- Set runtime path of "/home/rospc/Téléchargements/robot_mobile_ihm_V3/robot_mobile_ihm/install/robot_mobile_pkg_cpp/lib/robot_mobile_pkg_cpp/my_node_ihm" to ""
[13.286s] -- Installing: /home/rospc/Téléchargements/robot_mobile_ihm_V3/robot_mobile_ihm/install/robot_mobile_pkg_cpp/share/ament_index/resource_index/package_run_dependencies/robot_mobile_pkg_cpp
[13.286s] -- Installing: /home/rospc/Téléchargements/robot_mobile_ihm_V3/robot_mobile_ihm/install/robot_mobile_pkg_cpp/share/ament_index/resource_index/parent_prefix_path/robot_mobile_pkg_cpp
[13.287s] -- Up-to-date: /home/rospc/Téléchargements/robot_mobile_ihm_V3/robot_mobile_ihm/install/robot_mobile_pkg_cpp/share/robot_mobile_pkg_cpp/environment/ament_prefix_path.sh
[13.287s] -- Installing: /home/rospc/Téléchargements/robot_mobile_ihm_V3/robot_mobile_ihm/install/robot_mobile_pkg_cpp/share/robot_mobile_pkg_cpp/environment/ament_prefix_path.dsv
[13.287s] -- Up-to-date: /home/rospc/Téléchargements/robot_mobile_ihm_V3/robot_mobile_ihm/install/robot_mobile_pkg_cpp/share/robot_mobile_pkg_cpp/environment/path.sh
[13.287s] -- Installing: /home/rospc/Téléchargements/robot_mobile_ihm_V3/robot_mobile_ihm/install/robot_mobile_pkg_cpp/share/robot_mobile_pkg_cpp/environment/path.dsv
[13.287s] -- Installing: /home/rospc/Téléchargements/robot_mobile_ihm_V3/robot_mobile_ihm/install/robot_mobile_pkg_cpp/share/robot_mobile_pkg_cpp/local_setup.bash
[13.287s] -- Installing: /home/rospc/Téléchargements/robot_mobile_ihm_V3/robot_mobile_ihm/install/robot_mobile_pkg_cpp/share/robot_mobile_pkg_cpp/local_setup.sh
[13.287s] -- Installing: /home/rospc/Téléchargements/robot_mobile_ihm_V3/robot_mobile_ihm/install/robot_mobile_pkg_cpp/share/robot_mobile_pkg_cpp/local_setup.zsh
[13.287s] -- Installing: /home/rospc/Téléchargements/robot_mobile_ihm_V3/robot_mobile_ihm/install/robot_mobile_pkg_cpp/share/robot_mobile_pkg_cpp/local_setup.dsv
[13.287s] -- Installing: /home/rospc/Téléchargements/robot_mobile_ihm_V3/robot_mobile_ihm/install/robot_mobile_pkg_cpp/share/robot_mobile_pkg_cpp/package.dsv
[13.287s] -- Installing: /home/rospc/Téléchargements/robot_mobile_ihm_V3/robot_mobile_ihm/install/robot_mobile_pkg_cpp/share/ament_index/resource_index/packages/robot_mobile_pkg_cpp
[13.288s] -- Installing: /home/rospc/Téléchargements/robot_mobile_ihm_V3/robot_mobile_ihm/install/robot_mobile_pkg_cpp/share/robot_mobile_pkg_cpp/cmake/robot_mobile_pkg_cppConfig.cmake
[13.288s] -- Installing: /home/rospc/Téléchargements/robot_mobile_ihm_V3/robot_mobile_ihm/install/robot_mobile_pkg_cpp/share/robot_mobile_pkg_cpp/cmake/robot_mobile_pkg_cppConfig-version.cmake
[13.288s] -- Up-to-date: /home/rospc/Téléchargements/robot_mobile_ihm_V3/robot_mobile_ihm/install/robot_mobile_pkg_cpp/share/robot_mobile_pkg_cpp/package.xml
[13.290s] Invoked command in '/home/rospc/Téléchargements/robot_mobile_ihm_V3/robot_mobile_ihm/build/robot_mobile_pkg_cpp' returned '0': CMAKE_PREFIX_PATH=${CMAKE_PREFIX_PATH}:/opt/ros/humble /usr/bin/cmake --install /home/rospc/Téléchargements/robot_mobile_ihm_V3/robot_mobile_ihm/build/robot_mobile_pkg_cpp
