[0.116s] Invoking command in '/home/rospc/robot_mobile_ihm/build/robot_mobile_pkg_cpp': CMAKE_PREFIX_PATH=${CMAKE_PREFIX_PATH}:/opt/ros/humble /usr/bin/cmake --build /home/rospc/robot_mobile_ihm/build/robot_mobile_pkg_cpp -- -j8 -l8
[0.165s] [ 20%] [34m[1mAutomatic MOC and UIC for target my_node_ihm[0m
[0.193s] [ 20%] Built target my_node_ihm_autogen
[0.210s] [35m[1mConsolidate compiler generated dependencies of target my_node_ihm[0m
[0.240s] [ 40%] [32mBuilding CXX object CMakeFiles/my_node_ihm.dir/my_node_ihm_autogen/mocs_compilation.cpp.o[0m
[0.241s] [ 60%] [32mBuilding CXX object CMakeFiles/my_node_ihm.dir/src/my_node.cpp.o[0m
[0.241s] [ 80%] [32mBuilding CXX object CMakeFiles/my_node_ihm.dir/src/mainwindow.cpp.o[0m
[12.159s] [100%] [32m[1mLinking CXX executable my_node_ihm[0m
[13.072s] [100%] Built target my_node_ihm
[13.084s] Invoked command in '/home/rospc/robot_mobile_ihm/build/robot_mobile_pkg_cpp' returned '0': CMAKE_PREFIX_PATH=${CMAKE_PREFIX_PATH}:/opt/ros/humble /usr/bin/cmake --build /home/rospc/robot_mobile_ihm/build/robot_mobile_pkg_cpp -- -j8 -l8
[13.125s] Invoking command in '/home/rospc/robot_mobile_ihm/build/robot_mobile_pkg_cpp': CMAKE_PREFIX_PATH=${CMAKE_PREFIX_PATH}:/opt/ros/humble /usr/bin/cmake --install /home/rospc/robot_mobile_ihm/build/robot_mobile_pkg_cpp
[13.132s] -- Install configuration: "Debug"
[13.132s] -- Installing: /home/rospc/robot_mobile_ihm/install/robot_mobile_pkg_cpp/lib/robot_mobile_pkg_cpp/my_node_ihm
[13.155s] -- Set runtime path of "/home/rospc/robot_mobile_ihm/install/robot_mobile_pkg_cpp/lib/robot_mobile_pkg_cpp/my_node_ihm" to ""
[13.155s] -- Up-to-date: /home/rospc/robot_mobile_ihm/install/robot_mobile_pkg_cpp/share/ament_index/resource_index/package_run_dependencies/robot_mobile_pkg_cpp
[13.156s] -- Up-to-date: /home/rospc/robot_mobile_ihm/install/robot_mobile_pkg_cpp/share/ament_index/resource_index/parent_prefix_path/robot_mobile_pkg_cpp
[13.156s] -- Up-to-date: /home/rospc/robot_mobile_ihm/install/robot_mobile_pkg_cpp/share/robot_mobile_pkg_cpp/environment/ament_prefix_path.sh
[13.156s] -- Up-to-date: /home/rospc/robot_mobile_ihm/install/robot_mobile_pkg_cpp/share/robot_mobile_pkg_cpp/environment/ament_prefix_path.dsv
[13.156s] -- Up-to-date: /home/rospc/robot_mobile_ihm/install/robot_mobile_pkg_cpp/share/robot_mobile_pkg_cpp/environment/path.sh
[13.156s] -- Up-to-date: /home/rospc/robot_mobile_ihm/install/robot_mobile_pkg_cpp/share/robot_mobile_pkg_cpp/environment/path.dsv
[13.156s] -- Up-to-date: /home/rospc/robot_mobile_ihm/install/robot_mobile_pkg_cpp/share/robot_mobile_pkg_cpp/local_setup.bash
[13.156s] -- Up-to-date: /home/rospc/robot_mobile_ihm/install/robot_mobile_pkg_cpp/share/robot_mobile_pkg_cpp/local_setup.sh
[13.156s] -- Up-to-date: /home/rospc/robot_mobile_ihm/install/robot_mobile_pkg_cpp/share/robot_mobile_pkg_cpp/local_setup.zsh
[13.156s] -- Up-to-date: /home/rospc/robot_mobile_ihm/install/robot_mobile_pkg_cpp/share/robot_mobile_pkg_cpp/local_setup.dsv
[13.157s] -- Installing: /home/rospc/robot_mobile_ihm/install/robot_mobile_pkg_cpp/share/robot_mobile_pkg_cpp/package.dsv
[13.157s] -- Up-to-date: /home/rospc/robot_mobile_ihm/install/robot_mobile_pkg_cpp/share/ament_index/resource_index/packages/robot_mobile_pkg_cpp
[13.157s] -- Up-to-date: /home/rospc/robot_mobile_ihm/install/robot_mobile_pkg_cpp/share/robot_mobile_pkg_cpp/cmake/robot_mobile_pkg_cppConfig.cmake
[13.157s] -- Up-to-date: /home/rospc/robot_mobile_ihm/install/robot_mobile_pkg_cpp/share/robot_mobile_pkg_cpp/cmake/robot_mobile_pkg_cppConfig-version.cmake
[13.157s] -- Up-to-date: /home/rospc/robot_mobile_ihm/install/robot_mobile_pkg_cpp/share/robot_mobile_pkg_cpp/package.xml
[13.159s] Invoked command in '/home/rospc/robot_mobile_ihm/build/robot_mobile_pkg_cpp' returned '0': CMAKE_PREFIX_PATH=${CMAKE_PREFIX_PATH}:/opt/ros/humble /usr/bin/cmake --install /home/rospc/robot_mobile_ihm/build/robot_mobile_pkg_cpp
