[0.133s] Invoking command in '/home/rospc/robot_mobile_ihm/build/robot_mobile_pkg_cpp': CMAKE_PREFIX_PATH=${CMAKE_PREFIX_PATH}:/opt/ros/humble /usr/bin/cmake --build /home/rospc/robot_mobile_ihm/build/robot_mobile_pkg_cpp -- -j8 -l8
[0.184s] [ 22%] [34m[1mAutomatic MOC and UIC for target my_img_pub_node[0m
[0.184s] [ 22%] [34m[1mAutomatic MOC and UIC for target my_node_ihm[0m
[0.204s] [ 22%] Built target my_img_pub_node_autogen
[0.207s] [ 22%] Built target my_node_ihm_autogen
[0.223s] [35m[1mConsolidate compiler generated dependencies of target my_node_ihm[0m
[0.231s] [ 55%] Built target my_img_pub_node
[0.252s] [ 66%] [32mBuilding CXX object CMakeFiles/my_node_ihm.dir/src/mainwindow.cpp.o[0m
[3.939s] [01m[K/home/rospc/robot_mobile_ihm/src/robot_mobile_pkg_cpp/src/mainwindow.cpp:[m[K In member function ‘[01m[Kvoid MainWindow::rgb_onSliderValueChanged(int)[m[K’:
[3.939s] [01m[K/home/rospc/robot_mobile_ihm/src/robot_mobile_pkg_cpp/src/mainwindow.cpp:243:18:[m[K [01;31m[Kerror: [m[K‘[01m[Kstruct std_msgs::msg::Int8MultiArray_<std::allocator<void> >[m[K’ has no member named ‘[01m[Klabel[m[K’
[3.939s]   243 |     rgb_data_low.[01;31m[Klabel[m[K = "rgb_low_values";
[3.939s]       |                  [01;31m[K^~~~~[m[K
[3.939s] [01m[K/home/rospc/robot_mobile_ihm/src/robot_mobile_pkg_cpp/src/mainwindow.cpp:244:19:[m[K [01;31m[Kerror: [m[K‘[01m[Kstruct std_msgs::msg::Int8MultiArray_<std::allocator<void> >[m[K’ has no member named ‘[01m[Klabel[m[K’
[3.940s]   244 |     rgb_data_high.[01;31m[Klabel[m[K = "rgb_low_values";
[3.940s]       |                   [01;31m[K^~~~~[m[K
[3.940s] [01m[K/home/rospc/robot_mobile_ihm/src/robot_mobile_pkg_cpp/src/mainwindow.cpp:245:18:[m[K [01;31m[Kerror: [m[K‘[01m[Kstruct std_msgs::msg::Int8MultiArray_<std::allocator<void> >[m[K’ has no member named ‘[01m[Ksize[m[K’
[3.940s]   245 |     rgb_data_low.[01;31m[Ksize[m[K = 3;
[3.940s]       |                  [01;31m[K^~~~[m[K
[3.940s] [01m[K/home/rospc/robot_mobile_ihm/src/robot_mobile_pkg_cpp/src/mainwindow.cpp:246:19:[m[K [01;31m[Kerror: [m[K‘[01m[Kstruct std_msgs::msg::Int8MultiArray_<std::allocator<void> >[m[K’ has no member named ‘[01m[Ksize[m[K’
[3.940s]   246 |     rgb_data_high.[01;31m[Ksize[m[K = 3;
[3.940s]       |                   [01;31m[K^~~~[m[K
[3.940s] [01m[K/home/rospc/robot_mobile_ihm/src/robot_mobile_pkg_cpp/src/mainwindow.cpp:247:18:[m[K [01;31m[Kerror: [m[K‘[01m[Kstruct std_msgs::msg::Int8MultiArray_<std::allocator<void> >[m[K’ has no member named ‘[01m[Kstride[m[K’
[3.940s]   247 |     rgb_data_low.[01;31m[Kstride[m[K = 1;
[3.940s]       |                  [01;31m[K^~~~~~[m[K
[3.940s] [01m[K/home/rospc/robot_mobile_ihm/src/robot_mobile_pkg_cpp/src/mainwindow.cpp:248:19:[m[K [01;31m[Kerror: [m[K‘[01m[Kstruct std_msgs::msg::Int8MultiArray_<std::allocator<void> >[m[K’ has no member named ‘[01m[Kstride[m[K’
[3.940s]   248 |     rgb_data_high.[01;31m[Kstride[m[K = 1;
[3.940s]       |                   [01;31m[K^~~~~~[m[K
[3.940s] [01m[K/home/rospc/robot_mobile_ihm/src/robot_mobile_pkg_cpp/src/mainwindow.cpp:249:18:[m[K [01;31m[Kerror: [m[K‘[01m[Kstruct std_msgs::msg::Int8MultiArray_<std::allocator<void> >[m[K’ has no member named ‘[01m[Koffset[m[K’
[3.941s]   249 |     rgb_data_low.[01;31m[Koffset[m[K = 1;
[3.941s]       |                  [01;31m[K^~~~~~[m[K
[3.941s] [01m[K/home/rospc/robot_mobile_ihm/src/robot_mobile_pkg_cpp/src/mainwindow.cpp:250:19:[m[K [01;31m[Kerror: [m[K‘[01m[Kstruct std_msgs::msg::Int8MultiArray_<std::allocator<void> >[m[K’ has no member named ‘[01m[Koffset[m[K’
[3.941s]   250 |     rgb_data_high.[01;31m[Koffset[m[K = 1;
[3.941s]       |                   [01;31m[K^~~~~~[m[K
[3.942s] [01m[K/home/rospc/robot_mobile_ihm/src/robot_mobile_pkg_cpp/src/mainwindow.cpp:302:41:[m[K [01;31m[Kerror: [m[K‘[01m[Kstruct std_msgs::msg::Int8MultiArray_<std::allocator<void> >[m[K’ has no member named ‘[01m[Ksize[m[K’
[3.942s]   302 |         for(int i = 0; i < rgb_data_low.[01;31m[Ksize[m[K; i++)
[3.942s]       |                                         [01;31m[K^~~~[m[K
[3.942s] [01m[K/home/rospc/robot_mobile_ihm/src/robot_mobile_pkg_cpp/src/mainwindow.cpp:305:41:[m[K [01;31m[Kerror: [m[K‘[01m[Kstruct std_msgs::msg::Int8MultiArray_<std::allocator<void> >[m[K’ has no member named ‘[01m[Ksize[m[K’
[3.942s]   305 |         for(int j = 0; j <rgb_data_high.[01;31m[Ksize[m[K ; j++)
[3.942s]       |                                         [01;31m[K^~~~[m[K
[3.943s] In file included from [01m[K/opt/ros/humble/include/rclcpp/rclcpp/logging.hpp:24[m[K,
[3.943s]                  from [01m[K/opt/ros/humble/include/rclcpp/rclcpp/client.hpp:40[m[K,
[3.943s]                  from [01m[K/opt/ros/humble/include/rclcpp/rclcpp/callback_group.hpp:24[m[K,
[3.943s]                  from [01m[K/opt/ros/humble/include/rclcpp/rclcpp/any_executable.hpp:20[m[K,
[3.943s]                  from [01m[K/opt/ros/humble/include/rclcpp/rclcpp/memory_strategy.hpp:25[m[K,
[3.943s]                  from [01m[K/opt/ros/humble/include/rclcpp/rclcpp/memory_strategies.hpp:18[m[K,
[3.943s]                  from [01m[K/opt/ros/humble/include/rclcpp/rclcpp/executor_options.hpp:20[m[K,
[3.943s]                  from [01m[K/opt/ros/humble/include/rclcpp/rclcpp/executor.hpp:37[m[K,
[3.943s]                  from [01m[K/opt/ros/humble/include/rclcpp/rclcpp/executors/multi_threaded_executor.hpp:25[m[K,
[3.943s]                  from [01m[K/opt/ros/humble/include/rclcpp/rclcpp/executors.hpp:21[m[K,
[3.943s]                  from [01m[K/opt/ros/humble/include/rclcpp/rclcpp/rclcpp.hpp:155[m[K,
[3.943s]                  from [01m[K/home/rospc/robot_mobile_ihm/src/robot_mobile_pkg_cpp/src/./../include/mainwindow.hpp:14[m[K,
[3.943s]                  from [01m[K/home/rospc/robot_mobile_ihm/src/robot_mobile_pkg_cpp/src/mainwindow.cpp:1[m[K:
[3.943s] [01m[K/home/rospc/robot_mobile_ihm/src/robot_mobile_pkg_cpp/src/mainwindow.cpp:309:85:[m[K [01;31m[Kerror: [m[K‘[01m[Kstruct std_msgs::msg::Int8MultiArray_<std::allocator<void> >[m[K’ has no member named ‘[01m[Klabel[m[K’
[3.944s]   309 | logger(), "Publishing '%s': %s, %s, %s", rgb_data_low.[01;31m[Klabel[m[K.c_str(), std::to_string(rgb_low[0]).c_str(), std::to_string(rgb_low[1]).c_str(), std::to_string(rgb_low[2]).c_str());
[3.944s]       |                                                       [01;31m[K^~~~~[m[K
[3.944s] 
[3.944s] [01m[K/home/rospc/robot_mobile_ihm/src/robot_mobile_pkg_cpp/src/mainwindow.cpp:310:86:[m[K [01;31m[Kerror: [m[K‘[01m[Kstruct std_msgs::msg::Int8MultiArray_<std::allocator<void> >[m[K’ has no member named ‘[01m[Klabel[m[K’
[3.944s]   310 | ogger(), "Publishing '%s': %s, %s, %s", rgb_data_high.[01;31m[Klabel[m[K.c_str(), std::to_string(rgb_high[0]).c_str(), std::to_string(rgb_high[1]).c_str(), std::to_string(rgb_high[2]).c_str());
[3.944s]       |                                                       [01;31m[K^~~~~[m[K
[3.944s] 
[7.712s] gmake[2]: *** [CMakeFiles/my_node_ihm.dir/build.make:104 : CMakeFiles/my_node_ihm.dir/src/mainwindow.cpp.o] Erreur 1
[7.712s] gmake[1]: *** [CMakeFiles/Makefile2:167 : CMakeFiles/my_node_ihm.dir/all] Erreur 2
[7.712s] gmake: *** [Makefile:146 : all] Erreur 2
[7.715s] Invoked command in '/home/rospc/robot_mobile_ihm/build/robot_mobile_pkg_cpp' returned '2': CMAKE_PREFIX_PATH=${CMAKE_PREFIX_PATH}:/opt/ros/humble /usr/bin/cmake --build /home/rospc/robot_mobile_ihm/build/robot_mobile_pkg_cpp -- -j8 -l8
