[0.320s] Invoking command in '/home/dony/ROS_ROBOT_PROJECT/robot_mobile_ihm/build/robot_mobile_pkg_cpp': CMAKE_PREFIX_PATH=${CMAKE_PREFIX_PATH}:/home/dony/ROS_UDEMY/ros2_ws/install/my_py_pkg:/home/dony/ROS_UDEMY/ros2_ws/install/activity_002_py:/opt/ros/humble /usr/bin/cmake --build /home/dony/ROS_ROBOT_PROJECT/robot_mobile_ihm/build/robot_mobile_pkg_cpp -- -j2 -l2
[0.444s] [ 20%] [34m[1mAutomatic MOC and UIC for target my_node_ihm[0m
[0.521s] [ 20%] Built target my_node_ihm_autogen
[0.564s] [35m[1mConsolidate compiler generated dependencies of target my_node_ihm[0m
[0.679s] [ 40%] [32mBuilding CXX object CMakeFiles/my_node_ihm.dir/src/mainwindow.cpp.o[0m
[24.269s] [ 60%] [32m[1mLinking CXX executable my_node_ihm[0m
[26.753s] [100%] Built target my_node_ihm
[26.789s] Invoked command in '/home/dony/ROS_ROBOT_PROJECT/robot_mobile_ihm/build/robot_mobile_pkg_cpp' returned '0': CMAKE_PREFIX_PATH=${CMAKE_PREFIX_PATH}:/home/dony/ROS_UDEMY/ros2_ws/install/my_py_pkg:/home/dony/ROS_UDEMY/ros2_ws/install/activity_002_py:/opt/ros/humble /usr/bin/cmake --build /home/dony/ROS_ROBOT_PROJECT/robot_mobile_ihm/build/robot_mobile_pkg_cpp -- -j2 -l2
[26.962s] Invoking command in '/home/dony/ROS_ROBOT_PROJECT/robot_mobile_ihm/build/robot_mobile_pkg_cpp': CMAKE_PREFIX_PATH=${CMAKE_PREFIX_PATH}:/home/dony/ROS_UDEMY/ros2_ws/install/my_py_pkg:/home/dony/ROS_UDEMY/ros2_ws/install/activity_002_py:/opt/ros/humble /usr/bin/cmake --install /home/dony/ROS_ROBOT_PROJECT/robot_mobile_ihm/build/robot_mobile_pkg_cpp
[26.990s] -- Install configuration: ""
[26.994s] -- Installing: /home/dony/ROS_ROBOT_PROJECT/robot_mobile_ihm/install/robot_mobile_pkg_cpp/lib/robot_mobile_pkg_cpp/my_node_ihm
[27.025s] -- Set runtime path of "/home/dony/ROS_ROBOT_PROJECT/robot_mobile_ihm/install/robot_mobile_pkg_cpp/lib/robot_mobile_pkg_cpp/my_node_ihm" to ""
[27.027s] -- Up-to-date: /home/dony/ROS_ROBOT_PROJECT/robot_mobile_ihm/install/robot_mobile_pkg_cpp/share/ament_index/resource_index/package_run_dependencies/robot_mobile_pkg_cpp
[27.028s] -- Up-to-date: /home/dony/ROS_ROBOT_PROJECT/robot_mobile_ihm/install/robot_mobile_pkg_cpp/share/ament_index/resource_index/parent_prefix_path/robot_mobile_pkg_cpp
[27.029s] -- Up-to-date: /home/dony/ROS_ROBOT_PROJECT/robot_mobile_ihm/install/robot_mobile_pkg_cpp/share/robot_mobile_pkg_cpp/environment/ament_prefix_path.sh
[27.029s] -- Installing: /home/dony/ROS_ROBOT_PROJECT/robot_mobile_ihm/install/robot_mobile_pkg_cpp/share/robot_mobile_pkg_cpp/environment/ament_prefix_path.dsv
[27.032s] -- Up-to-date: /home/dony/ROS_ROBOT_PROJECT/robot_mobile_ihm/install/robot_mobile_pkg_cpp/share/robot_mobile_pkg_cpp/environment/path.sh
[27.034s] -- Installing: /home/dony/ROS_ROBOT_PROJECT/robot_mobile_ihm/install/robot_mobile_pkg_cpp/share/robot_mobile_pkg_cpp/environment/path.dsv
[27.037s] -- Up-to-date: /home/dony/ROS_ROBOT_PROJECT/robot_mobile_ihm/install/robot_mobile_pkg_cpp/share/robot_mobile_pkg_cpp/local_setup.bash
[27.038s] -- Up-to-date: /home/dony/ROS_ROBOT_PROJECT/robot_mobile_ihm/install/robot_mobile_pkg_cpp/share/robot_mobile_pkg_cpp/local_setup.sh
[27.045s] -- Up-to-date: /home/dony/ROS_ROBOT_PROJECT/robot_mobile_ihm/install/robot_mobile_pkg_cpp/share/robot_mobile_pkg_cpp/local_setup.zsh
[27.046s] -- Installing: /home/dony/ROS_ROBOT_PROJECT/robot_mobile_ihm/install/robot_mobile_pkg_cpp/share/robot_mobile_pkg_cpp/local_setup.dsv
[27.046s] -- Installing: /home/dony/ROS_ROBOT_PROJECT/robot_mobile_ihm/install/robot_mobile_pkg_cpp/share/robot_mobile_pkg_cpp/package.dsv
[27.050s] -- Up-to-date: /home/dony/ROS_ROBOT_PROJECT/robot_mobile_ihm/install/robot_mobile_pkg_cpp/share/ament_index/resource_index/packages/robot_mobile_pkg_cpp
[27.050s] -- Up-to-date: /home/dony/ROS_ROBOT_PROJECT/robot_mobile_ihm/install/robot_mobile_pkg_cpp/share/robot_mobile_pkg_cpp/cmake/robot_mobile_pkg_cppConfig.cmake
[27.050s] -- Up-to-date: /home/dony/ROS_ROBOT_PROJECT/robot_mobile_ihm/install/robot_mobile_pkg_cpp/share/robot_mobile_pkg_cpp/cmake/robot_mobile_pkg_cppConfig-version.cmake
[27.051s] -- Up-to-date: /home/dony/ROS_ROBOT_PROJECT/robot_mobile_ihm/install/robot_mobile_pkg_cpp/share/robot_mobile_pkg_cpp/package.xml
[27.051s] Invoked command in '/home/dony/ROS_ROBOT_PROJECT/robot_mobile_ihm/build/robot_mobile_pkg_cpp' returned '0': CMAKE_PREFIX_PATH=${CMAKE_PREFIX_PATH}:/home/dony/ROS_UDEMY/ros2_ws/install/my_py_pkg:/home/dony/ROS_UDEMY/ros2_ws/install/activity_002_py:/opt/ros/humble /usr/bin/cmake --install /home/dony/ROS_ROBOT_PROJECT/robot_mobile_ihm/build/robot_mobile_pkg_cpp
