-- Found ament_cmake: 1.3.5 (/opt/ros/humble/share/ament_cmake/cmake)
-- Found rclcpp: 16.0.6 (/opt/ros/humble/share/rclcpp/cmake)
-- Found rosidl_generator_c: 3.1.5 (/opt/ros/humble/share/rosidl_generator_c/cmake)
-- Found rosidl_adapter: 3.1.5 (/opt/ros/humble/share/rosidl_adapter/cmake)
-- Found rosidl_generator_cpp: 3.1.5 (/opt/ros/humble/share/rosidl_generator_cpp/cmake)
-- Using all available rosidl_typesupport_c: rosidl_typesupport_fastrtps_c;rosidl_typesupport_introspection_c
-- Using all available rosidl_typesupport_cpp: rosidl_typesupport_fastrtps_cpp;rosidl_typesupport_introspection_cpp
-- Found rmw_implementation_cmake: 6.1.1 (/opt/ros/humble/share/rmw_implementation_cmake/cmake)
-- Found rmw_fastrtps_cpp: 6.2.4 (/opt/ros/humble/share/rmw_fastrtps_cpp/cmake)
-- Using RMW implementation 'rmw_fastrtps_cpp' as default
-- Configuring done
-- Generating done
-- Build files have been written to: /home/rospc/IHM/robot_mobile_ihm/build/robot_mobile_pkg_cpp
[ 20%] Automatic MOC and UIC for target my_node_ihm
[ 20%] Built target my_node_ihm_autogen
Consolidate compiler generated dependencies of target my_node_ihm
[ 40%] Building CXX object CMakeFiles/my_node_ihm.dir/my_node_ihm_autogen/mocs_compilation.cpp.o
[ 60%] Building CXX object CMakeFiles/my_node_ihm.dir/src/my_node.cpp.o
[ 80%] Building CXX object CMakeFiles/my_node_ihm.dir/src/mainwindow.cpp.o
[100%] Linking CXX executable my_node_ihm
/usr/bin/ld : /snap/core20/current/lib/x86_64-linux-gnu/libpthread.so.0 : référence indéfinie vers « _dl_make_stack_executable@GLIBC_PRIVATE »
/usr/bin/ld : /snap/core20/current/lib/x86_64-linux-gnu/libpthread.so.0 : référence indéfinie vers « __libc_dlclose@GLIBC_PRIVATE »
/usr/bin/ld : /snap/core20/current/lib/x86_64-linux-gnu/libpthread.so.0 : référence indéfinie vers « __libc_dlopen_mode@GLIBC_PRIVATE »
/usr/bin/ld : /snap/core20/current/lib/x86_64-linux-gnu/libpthread.so.0 : référence indéfinie vers « __libc_siglongjmp@GLIBC_PRIVATE »
/usr/bin/ld : /snap/core20/current/lib/x86_64-linux-gnu/libpthread.so.0 : référence indéfinie vers « __libc_longjmp@GLIBC_PRIVATE »
/usr/bin/ld : /snap/core20/current/lib/x86_64-linux-gnu/libpthread.so.0 : référence indéfinie vers « __libc_allocate_rtsig_private@GLIBC_PRIVATE »
/usr/bin/ld : /snap/core20/current/lib/x86_64-linux-gnu/libpthread.so.0 : référence indéfinie vers « __libc_thread_freeres@GLIBC_PRIVATE »
/usr/bin/ld : /snap/core20/current/lib/x86_64-linux-gnu/libdl.so.2 : référence indéfinie vers « _dl_addr@GLIBC_PRIVATE »
/usr/bin/ld : /snap/core20/current/lib/x86_64-linux-gnu/libpthread.so.0 : référence indéfinie vers « __libc_pthread_init@GLIBC_PRIVATE »
/usr/bin/ld : /snap/core20/current/lib/x86_64-linux-gnu/libpthread.so.0 : référence indéfinie vers « __libc_current_sigrtmin_private@GLIBC_PRIVATE »
/usr/bin/ld : /snap/core20/current/lib/x86_64-linux-gnu/libdl.so.2 : référence indéfinie vers « _dl_sym@GLIBC_PRIVATE »
/usr/bin/ld : /snap/core20/current/lib/x86_64-linux-gnu/libpthread.so.0 : référence indéfinie vers « __libc_dlsym@GLIBC_PRIVATE »
/usr/bin/ld : /snap/core20/current/lib/x86_64-linux-gnu/libpthread.so.0 : référence indéfinie vers « __libc_current_sigrtmax_private@GLIBC_PRIVATE »
/usr/bin/ld : /snap/core20/current/lib/x86_64-linux-gnu/libdl.so.2 : référence indéfinie vers « _dl_vsym@GLIBC_PRIVATE »
collect2: error: ld returned 1 exit status
gmake[2]: *** [CMakeFiles/my_node_ihm.dir/build.make:194 : my_node_ihm] Erreur 1
gmake[1]: *** [CMakeFiles/Makefile2:138 : CMakeFiles/my_node_ihm.dir/all] Erreur 2
gmake: *** [Makefile:146 : all] Erreur 2
