[0.129s] Invoking command in '/home/rospc/robot_mobile_ihm/build/robot_mobile_pkg_cpp': CMAKE_PREFIX_PATH=${CMAKE_PREFIX_PATH}:/opt/ros/humble /usr/bin/cmake --build /home/rospc/robot_mobile_ihm/build/robot_mobile_pkg_cpp -- -j8 -l8
[0.179s] [ 20%] [34m[1mAutomatic MOC and UIC for target my_node_ihm[0m
[0.507s] [ 20%] Built target my_node_ihm_autogen
[0.521s] [35m[1mConsolidate compiler generated dependencies of target my_node_ihm[0m
[0.550s] [ 40%] [32mBuilding CXX object CMakeFiles/my_node_ihm.dir/my_node_ihm_autogen/mocs_compilation.cpp.o[0m
[0.550s] [ 60%] [32mBuilding CXX object CMakeFiles/my_node_ihm.dir/src/my_node.cpp.o[0m
[0.551s] [ 80%] [32mBuilding CXX object CMakeFiles/my_node_ihm.dir/src/mainwindow.cpp.o[0m
[0.907s] In file included from [01m[K/home/rospc/robot_mobile_ihm/src/robot_mobile_pkg_cpp/src/mainwindow.cpp:1[m[K:
[0.907s] [01m[K/home/rospc/robot_mobile_ihm/src/robot_mobile_pkg_cpp/src/./../include/mainwindow.hpp:14:10:[m[K [01;31m[Kfatal error: [m[Kstd_msgs/msg/int.hpp: Aucun fichier ou dossier de ce type
[0.907s]    14 | #include [01;31m[K<std_msgs/msg/int.hpp>[m[K
[0.908s]       |          [01;31m[K^~~~~~~~~~~~~~~~~~~~~~[m[K
[0.908s] compilation terminated.
[0.908s] In file included from [01m[K/home/rospc/robot_mobile_ihm/src/robot_mobile_pkg_cpp/src/my_node.cpp:1[m[K:
[0.908s] [01m[K/home/rospc/robot_mobile_ihm/src/robot_mobile_pkg_cpp/src/../include/mainwindow.hpp:14:10:[m[K [01;31m[Kfatal error: [m[Kstd_msgs/msg/int.hpp: Aucun fichier ou dossier de ce type
[0.908s]    14 | #include [01;31m[K<std_msgs/msg/int.hpp>[m[K
[0.908s]       |          [01;31m[K^~~~~~~~~~~~~~~~~~~~~~[m[K
[0.908s] compilation terminated.
[0.909s] In file included from [01m[K/home/rospc/robot_mobile_ihm/build/robot_mobile_pkg_cpp/my_node_ihm_autogen/6YEA5652QU/moc_mainwindow.cpp:10[m[K,
[0.909s]                  from [01m[K/home/rospc/robot_mobile_ihm/build/robot_mobile_pkg_cpp/my_node_ihm_autogen/mocs_compilation.cpp:2[m[K:
[0.909s] [01m[K/home/rospc/robot_mobile_ihm/build/robot_mobile_pkg_cpp/my_node_ihm_autogen/6YEA5652QU/../../../../src/robot_mobile_pkg_cpp/include/mainwindow.hpp:14:10:[m[K [01;31m[Kfatal error: [m[Kstd_msgs/msg/int.hpp: Aucun fichier ou dossier de ce type
[0.909s]    14 | #include [01;31m[K<std_msgs/msg/int.hpp>[m[K
[0.909s]       |          [01;31m[K^~~~~~~~~~~~~~~~~~~~~~[m[K
[0.909s] compilation terminated.
[0.914s] gmake[2]: *** [CMakeFiles/my_node_ihm.dir/build.make:90 : CMakeFiles/my_node_ihm.dir/src/my_node.cpp.o] Erreur 1
[0.914s] gmake[2]: *** Attente des tâches non terminées....
[0.914s] gmake[2]: *** [CMakeFiles/my_node_ihm.dir/build.make:76 : CMakeFiles/my_node_ihm.dir/my_node_ihm_autogen/mocs_compilation.cpp.o] Erreur 1
[0.915s] gmake[2]: *** [CMakeFiles/my_node_ihm.dir/build.make:104 : CMakeFiles/my_node_ihm.dir/src/mainwindow.cpp.o] Erreur 1
[0.915s] gmake[1]: *** [CMakeFiles/Makefile2:138 : CMakeFiles/my_node_ihm.dir/all] Erreur 2
[0.915s] gmake: *** [Makefile:146 : all] Erreur 2
[0.917s] Invoked command in '/home/rospc/robot_mobile_ihm/build/robot_mobile_pkg_cpp' returned '2': CMAKE_PREFIX_PATH=${CMAKE_PREFIX_PATH}:/opt/ros/humble /usr/bin/cmake --build /home/rospc/robot_mobile_ihm/build/robot_mobile_pkg_cpp -- -j8 -l8
