[0.101s] Invoking command in '/home/rospc/IHM/robot_mobile_ihm/build/robot_mobile_pkg_cpp': CMAKE_PREFIX_PATH=${CMAKE_PREFIX_PATH}:/opt/ros/humble /usr/bin/cmake /home/rospc/IHM/robot_mobile_ihm/src/robot_mobile_pkg_cpp -DCMAKE_INSTALL_PREFIX=/home/rospc/IHM/robot_mobile_ihm/install/robot_mobile_pkg_cpp
[0.113s] -- Found ament_cmake: 1.3.5 (/opt/ros/humble/share/ament_cmake/cmake)
[0.259s] -- Found rclcpp: 16.0.6 (/opt/ros/humble/share/rclcpp/cmake)
[0.292s] -- Found rosidl_generator_c: 3.1.5 (/opt/ros/humble/share/rosidl_generator_c/cmake)
[0.295s] -- Found rosidl_adapter: 3.1.5 (/opt/ros/humble/share/rosidl_adapter/cmake)
[0.301s] -- Found rosidl_generator_cpp: 3.1.5 (/opt/ros/humble/share/rosidl_generator_cpp/cmake)
[0.313s] -- Using all available rosidl_typesupport_c: rosidl_typesupport_fastrtps_c;rosidl_typesupport_introspection_c
[0.331s] -- Using all available rosidl_typesupport_cpp: rosidl_typesupport_fastrtps_cpp;rosidl_typesupport_introspection_cpp
[0.395s] -- Found rmw_implementation_cmake: 6.1.1 (/opt/ros/humble/share/rmw_implementation_cmake/cmake)
[0.397s] -- Found rmw_fastrtps_cpp: 6.2.4 (/opt/ros/humble/share/rmw_fastrtps_cpp/cmake)
[0.521s] -- Using RMW implementation 'rmw_fastrtps_cpp' as default
[0.776s] -- Configuring done
[0.801s] -- Generating done
[0.803s] -- Build files have been written to: /home/rospc/IHM/robot_mobile_ihm/build/robot_mobile_pkg_cpp
[0.811s] Invoked command in '/home/rospc/IHM/robot_mobile_ihm/build/robot_mobile_pkg_cpp' returned '0': CMAKE_PREFIX_PATH=${CMAKE_PREFIX_PATH}:/opt/ros/humble /usr/bin/cmake /home/rospc/IHM/robot_mobile_ihm/src/robot_mobile_pkg_cpp -DCMAKE_INSTALL_PREFIX=/home/rospc/IHM/robot_mobile_ihm/install/robot_mobile_pkg_cpp
[0.813s] Invoking command in '/home/rospc/IHM/robot_mobile_ihm/build/robot_mobile_pkg_cpp': CMAKE_PREFIX_PATH=${CMAKE_PREFIX_PATH}:/opt/ros/humble /usr/bin/cmake --build /home/rospc/IHM/robot_mobile_ihm/build/robot_mobile_pkg_cpp -- -j8 -l8
[0.864s] [ 20%] [34m[1mAutomatic MOC and UIC for target my_node_ihm[0m
[0.885s] [ 20%] Built target my_node_ihm_autogen
[0.898s] [35m[1mConsolidate compiler generated dependencies of target my_node_ihm[0m
[0.930s] [ 40%] [32m[1mLinking CXX executable my_node_ihm[0m
[1.837s] [100%] Built target my_node_ihm
[1.849s] Invoked command in '/home/rospc/IHM/robot_mobile_ihm/build/robot_mobile_pkg_cpp' returned '0': CMAKE_PREFIX_PATH=${CMAKE_PREFIX_PATH}:/opt/ros/humble /usr/bin/cmake --build /home/rospc/IHM/robot_mobile_ihm/build/robot_mobile_pkg_cpp -- -j8 -l8
[1.889s] Invoking command in '/home/rospc/IHM/robot_mobile_ihm/build/robot_mobile_pkg_cpp': CMAKE_PREFIX_PATH=${CMAKE_PREFIX_PATH}:/opt/ros/humble /usr/bin/cmake --install /home/rospc/IHM/robot_mobile_ihm/build/robot_mobile_pkg_cpp
[1.897s] -- Install configuration: "Debug"
[1.897s] -- Installing: /home/rospc/IHM/robot_mobile_ihm/install/robot_mobile_pkg_cpp/lib/robot_mobile_pkg_cpp/my_node_ihm
[1.913s] -- Set runtime path of "/home/rospc/IHM/robot_mobile_ihm/install/robot_mobile_pkg_cpp/lib/robot_mobile_pkg_cpp/my_node_ihm" to ""
[1.913s] -- Up-to-date: /home/rospc/IHM/robot_mobile_ihm/install/robot_mobile_pkg_cpp/share/ament_index/resource_index/package_run_dependencies/robot_mobile_pkg_cpp
[1.914s] -- Up-to-date: /home/rospc/IHM/robot_mobile_ihm/install/robot_mobile_pkg_cpp/share/ament_index/resource_index/parent_prefix_path/robot_mobile_pkg_cpp
[1.914s] -- Up-to-date: /home/rospc/IHM/robot_mobile_ihm/install/robot_mobile_pkg_cpp/share/robot_mobile_pkg_cpp/environment/ament_prefix_path.sh
[1.914s] -- Installing: /home/rospc/IHM/robot_mobile_ihm/install/robot_mobile_pkg_cpp/share/robot_mobile_pkg_cpp/environment/ament_prefix_path.dsv
[1.914s] -- Up-to-date: /home/rospc/IHM/robot_mobile_ihm/install/robot_mobile_pkg_cpp/share/robot_mobile_pkg_cpp/environment/path.sh
[1.914s] -- Installing: /home/rospc/IHM/robot_mobile_ihm/install/robot_mobile_pkg_cpp/share/robot_mobile_pkg_cpp/environment/path.dsv
[1.914s] -- Up-to-date: /home/rospc/IHM/robot_mobile_ihm/install/robot_mobile_pkg_cpp/share/robot_mobile_pkg_cpp/local_setup.bash
[1.914s] -- Up-to-date: /home/rospc/IHM/robot_mobile_ihm/install/robot_mobile_pkg_cpp/share/robot_mobile_pkg_cpp/local_setup.sh
[1.914s] -- Up-to-date: /home/rospc/IHM/robot_mobile_ihm/install/robot_mobile_pkg_cpp/share/robot_mobile_pkg_cpp/local_setup.zsh
[1.915s] -- Installing: /home/rospc/IHM/robot_mobile_ihm/install/robot_mobile_pkg_cpp/share/robot_mobile_pkg_cpp/local_setup.dsv
[1.915s] -- Installing: /home/rospc/IHM/robot_mobile_ihm/install/robot_mobile_pkg_cpp/share/robot_mobile_pkg_cpp/package.dsv
[1.915s] -- Up-to-date: /home/rospc/IHM/robot_mobile_ihm/install/robot_mobile_pkg_cpp/share/ament_index/resource_index/packages/robot_mobile_pkg_cpp
[1.915s] -- Up-to-date: /home/rospc/IHM/robot_mobile_ihm/install/robot_mobile_pkg_cpp/share/robot_mobile_pkg_cpp/cmake/robot_mobile_pkg_cppConfig.cmake
[1.915s] -- Up-to-date: /home/rospc/IHM/robot_mobile_ihm/install/robot_mobile_pkg_cpp/share/robot_mobile_pkg_cpp/cmake/robot_mobile_pkg_cppConfig-version.cmake
[1.915s] -- Up-to-date: /home/rospc/IHM/robot_mobile_ihm/install/robot_mobile_pkg_cpp/share/robot_mobile_pkg_cpp/package.xml
[1.917s] Invoked command in '/home/rospc/IHM/robot_mobile_ihm/build/robot_mobile_pkg_cpp' returned '0': CMAKE_PREFIX_PATH=${CMAKE_PREFIX_PATH}:/opt/ros/humble /usr/bin/cmake --install /home/rospc/IHM/robot_mobile_ihm/build/robot_mobile_pkg_cpp
