[ 20%] [34m[1mAutomatic MOC and UIC for target my_node_ihm[0m
[ 20%] Built target my_node_ihm_autogen
[35m[1mConsolidate compiler generated dependencies of target my_node_ihm[0m
[ 40%] [32mBuilding CXX object CMakeFiles/my_node_ihm.dir/src/mainwindow.cpp.o[0m
[01m[K/home/rospc/robot_mobile_ihm/src/robot_mobile_pkg_cpp/src/mainwindow.cpp:[m[K In constructor ‘[01m[KMainWindow::MainWindow(QWidget*)[m[K’:
[01m[K/home/rospc/robot_mobile_ihm/src/robot_mobile_pkg_cpp/src/mainwindow.cpp:85:18:[m[K [01;31m[Kerror: [m[Kbase operand of ‘[01m[K->[m[K’ has non-pointer type ‘[01m[KQGraphicsScene[m[K’
   85 |     graphicsScene[01;31m[K->[m[KsetBackgroundBrush(background_scene);
      |                  [01;31m[K^~[m[K
[01m[K/home/rospc/robot_mobile_ihm/src/robot_mobile_pkg_cpp/src/mainwindow.cpp:86:29:[m[K [01;31m[Kerror: [m[Kcannot convert ‘[01m[KQGraphicsScene[m[K’ to ‘[01m[KQGraphicsScene*[m[K’
   86 |     graphicsView ->setScene([01;31m[KgraphicsScene[m[K);
      |                             [01;31m[K^~~~~~~~~~~~~[m[K
      |                             [01;31m[K|[m[K
      |                             [01;31m[KQGraphicsScene[m[K
In file included from [01m[K/usr/include/x86_64-linux-gnu/qt5/QtWidgets/QGraphicsView:1[m[K,
                 from [01m[K/home/rospc/robot_mobile_ihm/build/robot_mobile_pkg_cpp/my_node_ihm_autogen/include/./ui_mainwindow.h:15[m[K,
                 from [01m[K/home/rospc/robot_mobile_ihm/src/robot_mobile_pkg_cpp/src/./../include/mainwindow.hpp:3[m[K,
                 from [01m[K/home/rospc/robot_mobile_ihm/src/robot_mobile_pkg_cpp/src/mainwindow.cpp:1[m[K:
[01m[K/usr/include/x86_64-linux-gnu/qt5/QtWidgets/qgraphicsview.h:162:35:[m[K [01;36m[Knote: [m[K  initializing argument 1 of ‘[01m[Kvoid QGraphicsView::setScene(QGraphicsScene*)[m[K’
  162 |     void setScene([01;36m[KQGraphicsScene *scene[m[K);
      |                   [01;36m[K~~~~~~~~~~~~~~~~^~~~~[m[K
gmake[2]: *** [CMakeFiles/my_node_ihm.dir/build.make:104 : CMakeFiles/my_node_ihm.dir/src/mainwindow.cpp.o] Erreur 1
gmake[1]: *** [CMakeFiles/Makefile2:138 : CMakeFiles/my_node_ihm.dir/all] Erreur 2
gmake: *** [Makefile:146 : all] Erreur 2
