-- Found ament_cmake: 1.3.5 (/opt/ros/humble/share/ament_cmake/cmake)
-- Found rclcpp: 16.0.6 (/opt/ros/humble/share/rclcpp/cmake)
-- Found rosidl_generator_c: 3.1.5 (/opt/ros/humble/share/rosidl_generator_c/cmake)
-- Found rosidl_adapter: 3.1.5 (/opt/ros/humble/share/rosidl_adapter/cmake)
-- Found rosidl_generator_cpp: 3.1.5 (/opt/ros/humble/share/rosidl_generator_cpp/cmake)
-- Using all available rosidl_typesupport_c: rosidl_typesupport_fastrtps_c;rosidl_typesupport_introspection_c
-- Using all available rosidl_typesupport_cpp: rosidl_typesupport_fastrtps_cpp;rosidl_typesupport_introspection_cpp
-- Found rmw_implementation_cmake: 6.1.1 (/opt/ros/humble/share/rmw_implementation_cmake/cmake)
-- Found rmw_fastrtps_cpp: 6.2.4 (/opt/ros/humble/share/rmw_fastrtps_cpp/cmake)
-- Using RMW implementation 'rmw_fastrtps_cpp' as default
-- Configuring done
-- Generating done
-- Build files have been written to: /home/dony/ROS_ROBOT_PROJECT/robot_mobile_ihm/build/robot_mobile_pkg_cpp
[ 20%] [34m[1mAutomatic MOC and UIC for target my_node_ihm[0m
[ 20%] Built target my_node_ihm_autogen
[35m[1mConsolidate compiler generated dependencies of target my_node_ihm[0m
[100%] Built target my_node_ihm
-- Install configuration: "Debug"
-- Up-to-date: /home/dony/ROS_ROBOT_PROJECT/robot_mobile_ihm/install/robot_mobile_pkg_cpp/lib/robot_mobile_pkg_cpp/my_node_ihm
-- Up-to-date: /home/dony/ROS_ROBOT_PROJECT/robot_mobile_ihm/install/robot_mobile_pkg_cpp/share/ament_index/resource_index/package_run_dependencies/robot_mobile_pkg_cpp
-- Up-to-date: /home/dony/ROS_ROBOT_PROJECT/robot_mobile_ihm/install/robot_mobile_pkg_cpp/share/ament_index/resource_index/parent_prefix_path/robot_mobile_pkg_cpp
-- Up-to-date: /home/dony/ROS_ROBOT_PROJECT/robot_mobile_ihm/install/robot_mobile_pkg_cpp/share/robot_mobile_pkg_cpp/environment/ament_prefix_path.sh
-- Installing: /home/dony/ROS_ROBOT_PROJECT/robot_mobile_ihm/install/robot_mobile_pkg_cpp/share/robot_mobile_pkg_cpp/environment/ament_prefix_path.dsv
-- Up-to-date: /home/dony/ROS_ROBOT_PROJECT/robot_mobile_ihm/install/robot_mobile_pkg_cpp/share/robot_mobile_pkg_cpp/environment/path.sh
-- Installing: /home/dony/ROS_ROBOT_PROJECT/robot_mobile_ihm/install/robot_mobile_pkg_cpp/share/robot_mobile_pkg_cpp/environment/path.dsv
-- Up-to-date: /home/dony/ROS_ROBOT_PROJECT/robot_mobile_ihm/install/robot_mobile_pkg_cpp/share/robot_mobile_pkg_cpp/local_setup.bash
-- Up-to-date: /home/dony/ROS_ROBOT_PROJECT/robot_mobile_ihm/install/robot_mobile_pkg_cpp/share/robot_mobile_pkg_cpp/local_setup.sh
-- Up-to-date: /home/dony/ROS_ROBOT_PROJECT/robot_mobile_ihm/install/robot_mobile_pkg_cpp/share/robot_mobile_pkg_cpp/local_setup.zsh
-- Installing: /home/dony/ROS_ROBOT_PROJECT/robot_mobile_ihm/install/robot_mobile_pkg_cpp/share/robot_mobile_pkg_cpp/local_setup.dsv
-- Installing: /home/dony/ROS_ROBOT_PROJECT/robot_mobile_ihm/install/robot_mobile_pkg_cpp/share/robot_mobile_pkg_cpp/package.dsv
-- Up-to-date: /home/dony/ROS_ROBOT_PROJECT/robot_mobile_ihm/install/robot_mobile_pkg_cpp/share/ament_index/resource_index/packages/robot_mobile_pkg_cpp
-- Up-to-date: /home/dony/ROS_ROBOT_PROJECT/robot_mobile_ihm/install/robot_mobile_pkg_cpp/share/robot_mobile_pkg_cpp/cmake/robot_mobile_pkg_cppConfig.cmake
-- Up-to-date: /home/dony/ROS_ROBOT_PROJECT/robot_mobile_ihm/install/robot_mobile_pkg_cpp/share/robot_mobile_pkg_cpp/cmake/robot_mobile_pkg_cppConfig-version.cmake
-- Up-to-date: /home/dony/ROS_ROBOT_PROJECT/robot_mobile_ihm/install/robot_mobile_pkg_cpp/share/robot_mobile_pkg_cpp/package.xml
