[0.131s] Invoking command in '/home/rospc/robot_mobile_ihm/build/robot_mobile_pkg_cpp': CMAKE_PREFIX_PATH=${CMAKE_PREFIX_PATH}:/opt/ros/humble /usr/bin/cmake --build /home/rospc/robot_mobile_ihm/build/robot_mobile_pkg_cpp -- -j8 -l8
[0.181s] [ 20%] [34m[1mAutomatic MOC and UIC for target my_node_ihm[0m
[0.507s] [ 20%] Built target my_node_ihm_autogen
[0.537s] [ 40%] [32mBuilding CXX object CMakeFiles/my_node_ihm.dir/my_node_ihm_autogen/mocs_compilation.cpp.o[0m
[0.537s] [ 60%] [32mBuilding CXX object CMakeFiles/my_node_ihm.dir/src/my_node.cpp.o[0m
[0.538s] [ 80%] [32mBuilding CXX object CMakeFiles/my_node_ihm.dir/src/mainwindow.cpp.o[0m
[0.893s] In file included from [01m[K/home/rospc/robot_mobile_ihm/src/robot_mobile_pkg_cpp/src/my_node.cpp:1[m[K:
[0.893s] [01m[K/home/rospc/robot_mobile_ihm/src/robot_mobile_pkg_cpp/src/../include/mainwindow.hpp:14:10:[m[K [01;31m[Kfatal error: [m[Kstd_msgs/msg/uint8.hpp: Aucun fichier ou dossier de ce type
[0.893s]    14 | #include [01;31m[K<std_msgs/msg/uint8.hpp>[m[K
[0.893s]       |          [01;31m[K^~~~~~~~~~~~~~~~~~~~~~~~[m[K
[0.893s] compilation terminated.
[0.894s] In file included from [01m[K/home/rospc/robot_mobile_ihm/build/robot_mobile_pkg_cpp/my_node_ihm_autogen/6YEA5652QU/moc_mainwindow.cpp:10[m[K,
[0.894s]                  from [01m[K/home/rospc/robot_mobile_ihm/build/robot_mobile_pkg_cpp/my_node_ihm_autogen/mocs_compilation.cpp:2[m[K:
[0.894s] [01m[K/home/rospc/robot_mobile_ihm/build/robot_mobile_pkg_cpp/my_node_ihm_autogen/6YEA5652QU/../../../../src/robot_mobile_pkg_cpp/include/mainwindow.hpp:14:10:[m[K [01;31m[Kfatal error: [m[Kstd_msgs/msg/uint8.hpp: Aucun fichier ou dossier de ce type
[0.894s]    14 | #include [01;31m[K<std_msgs/msg/uint8.hpp>[m[K
[0.894s]       |          [01;31m[K^~~~~~~~~~~~~~~~~~~~~~~~[m[K
[0.894s] compilation terminated.
[0.895s] In file included from [01m[K/home/rospc/robot_mobile_ihm/src/robot_mobile_pkg_cpp/src/mainwindow.cpp:1[m[K:
[0.895s] [01m[K/home/rospc/robot_mobile_ihm/src/robot_mobile_pkg_cpp/src/./../include/mainwindow.hpp:14:10:[m[K [01;31m[Kfatal error: [m[Kstd_msgs/msg/uint8.hpp: Aucun fichier ou dossier de ce type
[0.895s]    14 | #include [01;31m[K<std_msgs/msg/uint8.hpp>[m[K
[0.895s]       |          [01;31m[K^~~~~~~~~~~~~~~~~~~~~~~~[m[K
[0.895s] compilation terminated.
[0.897s] gmake[2]: *** [CMakeFiles/my_node_ihm.dir/build.make:90 : CMakeFiles/my_node_ihm.dir/src/my_node.cpp.o] Erreur 1
[0.897s] gmake[2]: *** Attente des tâches non terminées....
[0.898s] gmake[2]: *** [CMakeFiles/my_node_ihm.dir/build.make:76 : CMakeFiles/my_node_ihm.dir/my_node_ihm_autogen/mocs_compilation.cpp.o] Erreur 1
[0.900s] gmake[2]: *** [CMakeFiles/my_node_ihm.dir/build.make:104 : CMakeFiles/my_node_ihm.dir/src/mainwindow.cpp.o] Erreur 1
[0.900s] gmake[1]: *** [CMakeFiles/Makefile2:138 : CMakeFiles/my_node_ihm.dir/all] Erreur 2
[0.901s] gmake: *** [Makefile:146 : all] Erreur 2
[0.903s] Invoked command in '/home/rospc/robot_mobile_ihm/build/robot_mobile_pkg_cpp' returned '2': CMAKE_PREFIX_PATH=${CMAKE_PREFIX_PATH}:/opt/ros/humble /usr/bin/cmake --build /home/rospc/robot_mobile_ihm/build/robot_mobile_pkg_cpp -- -j8 -l8
