[0.130s] Invoking command in '/home/rospc/robot_mobile_ihm/build/robot_mobile_pkg_cpp': CMAKE_PREFIX_PATH=${CMAKE_PREFIX_PATH}:/opt/ros/humble /usr/bin/cmake --build /home/rospc/robot_mobile_ihm/build/robot_mobile_pkg_cpp -- -j8 -l8
[0.179s] [ 22%] [34m[1mAutomatic MOC and UIC for target my_node_ihm[0m
[0.179s] [ 11%] [34m[1mAutomatic MOC and UIC for target my_img_pub_node[0m
[0.199s] [ 22%] Built target my_img_pub_node_autogen
[0.207s] [ 22%] Built target my_node_ihm_autogen
[0.224s] [35m[1mConsolidate compiler generated dependencies of target my_node_ihm[0m
[0.225s] [ 55%] Built target my_img_pub_node
[0.253s] [ 66%] [32mBuilding CXX object CMakeFiles/my_node_ihm.dir/my_node_ihm_autogen/mocs_compilation.cpp.o[0m
[0.254s] [ 77%] [32mBuilding CXX object CMakeFiles/my_node_ihm.dir/src/my_node.cpp.o[0m
[0.255s] [ 88%] [32mBuilding CXX object CMakeFiles/my_node_ihm.dir/src/mainwindow.cpp.o[0m
[15.886s] [100%] [32m[1mLinking CXX executable my_node_ihm[0m
[17.187s] [100%] Built target my_node_ihm
[17.198s] Invoked command in '/home/rospc/robot_mobile_ihm/build/robot_mobile_pkg_cpp' returned '0': CMAKE_PREFIX_PATH=${CMAKE_PREFIX_PATH}:/opt/ros/humble /usr/bin/cmake --build /home/rospc/robot_mobile_ihm/build/robot_mobile_pkg_cpp -- -j8 -l8
[17.246s] Invoking command in '/home/rospc/robot_mobile_ihm/build/robot_mobile_pkg_cpp': CMAKE_PREFIX_PATH=${CMAKE_PREFIX_PATH}:/opt/ros/humble /usr/bin/cmake --install /home/rospc/robot_mobile_ihm/build/robot_mobile_pkg_cpp
[17.253s] -- Install configuration: "Debug"
[17.254s] -- Installing: /home/rospc/robot_mobile_ihm/install/robot_mobile_pkg_cpp/lib/robot_mobile_pkg_cpp/my_node_ihm
[17.289s] -- Set runtime path of "/home/rospc/robot_mobile_ihm/install/robot_mobile_pkg_cpp/lib/robot_mobile_pkg_cpp/my_node_ihm" to ""
[17.289s] -- Up-to-date: /home/rospc/robot_mobile_ihm/install/robot_mobile_pkg_cpp/lib/robot_mobile_pkg_cpp/my_img_pub_node
[17.289s] -- Up-to-date: /home/rospc/robot_mobile_ihm/install/robot_mobile_pkg_cpp/share/ament_index/resource_index/package_run_dependencies/robot_mobile_pkg_cpp
[17.289s] -- Up-to-date: /home/rospc/robot_mobile_ihm/install/robot_mobile_pkg_cpp/share/ament_index/resource_index/parent_prefix_path/robot_mobile_pkg_cpp
[17.290s] -- Up-to-date: /home/rospc/robot_mobile_ihm/install/robot_mobile_pkg_cpp/share/robot_mobile_pkg_cpp/environment/ament_prefix_path.sh
[17.290s] -- Up-to-date: /home/rospc/robot_mobile_ihm/install/robot_mobile_pkg_cpp/share/robot_mobile_pkg_cpp/environment/ament_prefix_path.dsv
[17.290s] -- Up-to-date: /home/rospc/robot_mobile_ihm/install/robot_mobile_pkg_cpp/share/robot_mobile_pkg_cpp/environment/path.sh
[17.290s] -- Up-to-date: /home/rospc/robot_mobile_ihm/install/robot_mobile_pkg_cpp/share/robot_mobile_pkg_cpp/environment/path.dsv
[17.290s] -- Up-to-date: /home/rospc/robot_mobile_ihm/install/robot_mobile_pkg_cpp/share/robot_mobile_pkg_cpp/local_setup.bash
[17.290s] -- Up-to-date: /home/rospc/robot_mobile_ihm/install/robot_mobile_pkg_cpp/share/robot_mobile_pkg_cpp/local_setup.sh
[17.290s] -- Up-to-date: /home/rospc/robot_mobile_ihm/install/robot_mobile_pkg_cpp/share/robot_mobile_pkg_cpp/local_setup.zsh
[17.290s] -- Up-to-date: /home/rospc/robot_mobile_ihm/install/robot_mobile_pkg_cpp/share/robot_mobile_pkg_cpp/local_setup.dsv
[17.290s] -- Installing: /home/rospc/robot_mobile_ihm/install/robot_mobile_pkg_cpp/share/robot_mobile_pkg_cpp/package.dsv
[17.290s] -- Up-to-date: /home/rospc/robot_mobile_ihm/install/robot_mobile_pkg_cpp/share/ament_index/resource_index/packages/robot_mobile_pkg_cpp
[17.290s] -- Up-to-date: /home/rospc/robot_mobile_ihm/install/robot_mobile_pkg_cpp/share/robot_mobile_pkg_cpp/cmake/robot_mobile_pkg_cppConfig.cmake
[17.290s] -- Up-to-date: /home/rospc/robot_mobile_ihm/install/robot_mobile_pkg_cpp/share/robot_mobile_pkg_cpp/cmake/robot_mobile_pkg_cppConfig-version.cmake
[17.290s] -- Up-to-date: /home/rospc/robot_mobile_ihm/install/robot_mobile_pkg_cpp/share/robot_mobile_pkg_cpp/package.xml
[17.292s] Invoked command in '/home/rospc/robot_mobile_ihm/build/robot_mobile_pkg_cpp' returned '0': CMAKE_PREFIX_PATH=${CMAKE_PREFIX_PATH}:/opt/ros/humble /usr/bin/cmake --install /home/rospc/robot_mobile_ihm/build/robot_mobile_pkg_cpp
