[1.085s] DEBUG:colcon:Command line arguments: ['/usr/bin/colcon', 'build']
[1.085s] DEBUG:colcon:Parsed command line arguments: Namespace(log_base=None, log_level=None, verb_name='build', build_base='build', install_base='install', merge_install=False, symlink_install=False, test_result_base=None, continue_on_error=False, executor='parallel', parallel_workers=8, event_handlers=None, ignore_user_meta=False, metas=['./colcon.meta'], base_paths=['.'], packages_ignore=None, packages_ignore_regex=None, paths=None, packages_up_to=None, packages_up_to_regex=None, packages_above=None, packages_above_and_dependencies=None, packages_above_depth=None, packages_select_by_dep=None, packages_skip_by_dep=None, packages_skip_up_to=None, packages_select_build_failed=False, packages_skip_build_finished=False, packages_select_test_failures=False, packages_skip_test_passed=False, packages_select=None, packages_skip=None, packages_select_regex=None, packages_skip_regex=None, packages_start=None, packages_end=None, allow_overriding=[], cmake_args=None, cmake_target=None, cmake_target_skip_unavailable=False, cmake_clean_cache=False, cmake_clean_first=False, cmake_force_configure=False, ament_cmake_args=None, catkin_cmake_args=None, catkin_skip_building_tests=False, verb_parser=<colcon_defaults.argument_parser.defaults.DefaultArgumentsDecorator object at 0x7f8b86ec5de0>, verb_extension=<colcon_core.verb.build.BuildVerb object at 0x7f8b86ec7d30>, main=<bound method BuildVerb.main of <colcon_core.verb.build.BuildVerb object at 0x7f8b86ec7d30>>)
[1.134s] Level 1:colcon.colcon_core.package_discovery:discover_packages(colcon_meta) check parameters
[1.134s] Level 1:colcon.colcon_core.package_discovery:discover_packages(recursive) check parameters
[1.134s] Level 1:colcon.colcon_core.package_discovery:discover_packages(ignore) check parameters
[1.134s] Level 1:colcon.colcon_core.package_discovery:discover_packages(path) check parameters
[1.134s] Level 1:colcon.colcon_core.package_discovery:discover_packages(colcon_meta) discover
[1.134s] Level 1:colcon.colcon_core.package_discovery:discover_packages(recursive) discover
[1.134s] INFO:colcon.colcon_core.package_discovery:Crawling recursively for packages in '/home/rospc/robot_mobile_ihm'
[1.134s] Level 1:colcon.colcon_core.package_identification:_identify(.) by extensions ['ignore', 'ignore_ament_install']
[1.134s] Level 1:colcon.colcon_core.package_identification:_identify(.) by extension 'ignore'
[1.134s] Level 1:colcon.colcon_core.package_identification:_identify(.) by extension 'ignore_ament_install'
[1.134s] Level 1:colcon.colcon_core.package_identification:_identify(.) by extensions ['colcon_pkg']
[1.134s] Level 1:colcon.colcon_core.package_identification:_identify(.) by extension 'colcon_pkg'
[1.134s] Level 1:colcon.colcon_core.package_identification:_identify(.) by extensions ['colcon_meta']
[1.134s] Level 1:colcon.colcon_core.package_identification:_identify(.) by extension 'colcon_meta'
[1.134s] Level 1:colcon.colcon_core.package_identification:_identify(.) by extensions ['ros']
[1.134s] Level 1:colcon.colcon_core.package_identification:_identify(.) by extension 'ros'
[1.146s] Level 1:colcon.colcon_core.package_identification:_identify(.) by extensions ['cmake', 'python']
[1.147s] Level 1:colcon.colcon_core.package_identification:_identify(.) by extension 'cmake'
[1.147s] Level 1:colcon.colcon_core.package_identification:_identify(.) by extension 'python'
[1.147s] Level 1:colcon.colcon_core.package_identification:_identify(.) by extensions ['python_setup_py']
[1.147s] Level 1:colcon.colcon_core.package_identification:_identify(.) by extension 'python_setup_py'
[1.147s] Level 1:colcon.colcon_core.package_identification:_identify(build) by extensions ['ignore', 'ignore_ament_install']
[1.147s] Level 1:colcon.colcon_core.package_identification:_identify(build) by extension 'ignore'
[1.147s] Level 1:colcon.colcon_core.package_identification:_identify(build) ignored
[1.147s] Level 1:colcon.colcon_core.package_identification:_identify(install) by extensions ['ignore', 'ignore_ament_install']
[1.147s] Level 1:colcon.colcon_core.package_identification:_identify(install) by extension 'ignore'
[1.147s] Level 1:colcon.colcon_core.package_identification:_identify(install) ignored
[1.148s] Level 1:colcon.colcon_core.package_identification:_identify(log) by extensions ['ignore', 'ignore_ament_install']
[1.148s] Level 1:colcon.colcon_core.package_identification:_identify(log) by extension 'ignore'
[1.148s] Level 1:colcon.colcon_core.package_identification:_identify(log) ignored
[1.148s] Level 1:colcon.colcon_core.package_identification:_identify(src) by extensions ['ignore', 'ignore_ament_install']
[1.148s] Level 1:colcon.colcon_core.package_identification:_identify(src) by extension 'ignore'
[1.148s] Level 1:colcon.colcon_core.package_identification:_identify(src) by extension 'ignore_ament_install'
[1.148s] Level 1:colcon.colcon_core.package_identification:_identify(src) by extensions ['colcon_pkg']
[1.148s] Level 1:colcon.colcon_core.package_identification:_identify(src) by extension 'colcon_pkg'
[1.148s] Level 1:colcon.colcon_core.package_identification:_identify(src) by extensions ['colcon_meta']
[1.148s] Level 1:colcon.colcon_core.package_identification:_identify(src) by extension 'colcon_meta'
[1.148s] Level 1:colcon.colcon_core.package_identification:_identify(src) by extensions ['ros']
[1.148s] Level 1:colcon.colcon_core.package_identification:_identify(src) by extension 'ros'
[1.148s] Level 1:colcon.colcon_core.package_identification:_identify(src) by extensions ['cmake', 'python']
[1.148s] Level 1:colcon.colcon_core.package_identification:_identify(src) by extension 'cmake'
[1.148s] Level 1:colcon.colcon_core.package_identification:_identify(src) by extension 'python'
[1.148s] Level 1:colcon.colcon_core.package_identification:_identify(src) by extensions ['python_setup_py']
[1.148s] Level 1:colcon.colcon_core.package_identification:_identify(src) by extension 'python_setup_py'
[1.148s] Level 1:colcon.colcon_core.package_identification:_identify(src/robot_mobile_pkg_cpp) by extensions ['ignore', 'ignore_ament_install']
[1.149s] Level 1:colcon.colcon_core.package_identification:_identify(src/robot_mobile_pkg_cpp) by extension 'ignore'
[1.149s] Level 1:colcon.colcon_core.package_identification:_identify(src/robot_mobile_pkg_cpp) by extension 'ignore_ament_install'
[1.149s] Level 1:colcon.colcon_core.package_identification:_identify(src/robot_mobile_pkg_cpp) by extensions ['colcon_pkg']
[1.149s] Level 1:colcon.colcon_core.package_identification:_identify(src/robot_mobile_pkg_cpp) by extension 'colcon_pkg'
[1.149s] Level 1:colcon.colcon_core.package_identification:_identify(src/robot_mobile_pkg_cpp) by extensions ['colcon_meta']
[1.149s] Level 1:colcon.colcon_core.package_identification:_identify(src/robot_mobile_pkg_cpp) by extension 'colcon_meta'
[1.149s] Level 1:colcon.colcon_core.package_identification:_identify(src/robot_mobile_pkg_cpp) by extensions ['ros']
[1.149s] Level 1:colcon.colcon_core.package_identification:_identify(src/robot_mobile_pkg_cpp) by extension 'ros'
[1.152s] DEBUG:colcon.colcon_core.package_identification:Package 'src/robot_mobile_pkg_cpp' with type 'ros.ament_cmake' and name 'robot_mobile_pkg_cpp'
[1.152s] Level 1:colcon.colcon_core.package_discovery:discover_packages(recursive) using defaults
[1.152s] Level 1:colcon.colcon_core.package_discovery:discover_packages(ignore) discover
[1.152s] Level 1:colcon.colcon_core.package_discovery:discover_packages(ignore) using defaults
[1.152s] Level 1:colcon.colcon_core.package_discovery:discover_packages(path) discover
[1.152s] Level 1:colcon.colcon_core.package_discovery:discover_packages(path) using defaults
[1.247s] Level 1:colcon.colcon_core.package_discovery:discover_packages(prefix_path) check parameters
[1.247s] Level 1:colcon.colcon_core.package_discovery:discover_packages(prefix_path) discover
[1.278s] DEBUG:colcon.colcon_installed_package_information.package_discovery:Found 1 installed packages in /home/rospc/IHM/robot_mobile_ihm/install
[1.294s] DEBUG:colcon.colcon_installed_package_information.package_discovery:Found 1 installed packages in /home/rospc/qt_ros_ws2/install
[1.311s] DEBUG:colcon.colcon_installed_package_information.package_discovery:Found 1 installed packages in /home/rospc/robot_ihm_widget/install
[1.327s] DEBUG:colcon.colcon_installed_package_information.package_discovery:Found 1 installed packages in /home/rospc/robot_mobile_ihm/install
[1.344s] DEBUG:colcon.colcon_installed_package_information.package_discovery:Found 274 installed packages in /opt/ros/humble
[1.345s] Level 1:colcon.colcon_core.package_discovery:discover_packages(prefix_path) using defaults
[1.443s] Level 5:colcon.colcon_core.verb:set package 'robot_mobile_pkg_cpp' build argument 'cmake_args' from command line to 'None'
[1.443s] Level 5:colcon.colcon_core.verb:set package 'robot_mobile_pkg_cpp' build argument 'cmake_target' from command line to 'None'
[1.443s] Level 5:colcon.colcon_core.verb:set package 'robot_mobile_pkg_cpp' build argument 'cmake_target_skip_unavailable' from command line to 'False'
[1.443s] Level 5:colcon.colcon_core.verb:set package 'robot_mobile_pkg_cpp' build argument 'cmake_clean_cache' from command line to 'False'
[1.443s] Level 5:colcon.colcon_core.verb:set package 'robot_mobile_pkg_cpp' build argument 'cmake_clean_first' from command line to 'False'
[1.443s] Level 5:colcon.colcon_core.verb:set package 'robot_mobile_pkg_cpp' build argument 'cmake_force_configure' from command line to 'False'
[1.443s] Level 5:colcon.colcon_core.verb:set package 'robot_mobile_pkg_cpp' build argument 'ament_cmake_args' from command line to 'None'
[1.443s] Level 5:colcon.colcon_core.verb:set package 'robot_mobile_pkg_cpp' build argument 'catkin_cmake_args' from command line to 'None'
[1.443s] Level 5:colcon.colcon_core.verb:set package 'robot_mobile_pkg_cpp' build argument 'catkin_skip_building_tests' from command line to 'False'
[1.443s] DEBUG:colcon.colcon_core.verb:Building package 'robot_mobile_pkg_cpp' with the following arguments: {'ament_cmake_args': None, 'build_base': '/home/rospc/robot_mobile_ihm/build/robot_mobile_pkg_cpp', 'catkin_cmake_args': None, 'catkin_skip_building_tests': False, 'cmake_args': None, 'cmake_clean_cache': False, 'cmake_clean_first': False, 'cmake_force_configure': False, 'cmake_target': None, 'cmake_target_skip_unavailable': False, 'install_base': '/home/rospc/robot_mobile_ihm/install/robot_mobile_pkg_cpp', 'merge_install': False, 'path': '/home/rospc/robot_mobile_ihm/src/robot_mobile_pkg_cpp', 'symlink_install': False, 'test_result_base': None}
[1.459s] INFO:colcon.colcon_core.executor:Executing jobs using 'parallel' executor
[1.475s] DEBUG:colcon.colcon_parallel_executor.executor.parallel:run_until_complete
[1.475s] INFO:colcon.colcon_ros.task.ament_cmake.build:Building ROS package in '/home/rospc/robot_mobile_ihm/src/robot_mobile_pkg_cpp' with build type 'ament_cmake'
[1.475s] INFO:colcon.colcon_cmake.task.cmake.build:Building CMake package in '/home/rospc/robot_mobile_ihm/src/robot_mobile_pkg_cpp'
[1.504s] INFO:colcon.colcon_core.plugin_system:Skipping extension 'colcon_core.shell.bat': Not used on non-Windows systems
[1.504s] INFO:colcon.colcon_core.shell:Skip shell extension 'powershell' for command environment: Not usable outside of PowerShell
[1.504s] DEBUG:colcon.colcon_core.shell:Skip shell extension 'dsv' for command environment
[1.624s] DEBUG:colcon.colcon_core.event_handler.log_command:Invoking command in '/home/rospc/robot_mobile_ihm/build/robot_mobile_pkg_cpp': CMAKE_PREFIX_PATH=${CMAKE_PREFIX_PATH}:/opt/ros/humble /usr/bin/cmake --build /home/rospc/robot_mobile_ihm/build/robot_mobile_pkg_cpp -- -j8 -l8
[18.715s] DEBUG:colcon.colcon_core.event_handler.log_command:Invoked command in '/home/rospc/robot_mobile_ihm/build/robot_mobile_pkg_cpp' returned '0': CMAKE_PREFIX_PATH=${CMAKE_PREFIX_PATH}:/opt/ros/humble /usr/bin/cmake --build /home/rospc/robot_mobile_ihm/build/robot_mobile_pkg_cpp -- -j8 -l8
[18.757s] DEBUG:colcon.colcon_core.event_handler.log_command:Invoking command in '/home/rospc/robot_mobile_ihm/build/robot_mobile_pkg_cpp': CMAKE_PREFIX_PATH=${CMAKE_PREFIX_PATH}:/opt/ros/humble /usr/bin/cmake --install /home/rospc/robot_mobile_ihm/build/robot_mobile_pkg_cpp
[18.795s] Level 1:colcon.colcon_core.environment:create_environment_scripts_only(robot_mobile_pkg_cpp)
[18.796s] DEBUG:colcon.colcon_core.event_handler.log_command:Invoked command in '/home/rospc/robot_mobile_ihm/build/robot_mobile_pkg_cpp' returned '0': CMAKE_PREFIX_PATH=${CMAKE_PREFIX_PATH}:/opt/ros/humble /usr/bin/cmake --install /home/rospc/robot_mobile_ihm/build/robot_mobile_pkg_cpp
[18.813s] Level 1:colcon.colcon_core.environment:checking '/home/rospc/robot_mobile_ihm/install/robot_mobile_pkg_cpp' for CMake module files
[18.813s] Level 1:colcon.colcon_core.environment:checking '/home/rospc/robot_mobile_ihm/install/robot_mobile_pkg_cpp' for CMake config files
[18.813s] Level 1:colcon.colcon_core.shell:create_environment_hook('robot_mobile_pkg_cpp', 'cmake_prefix_path')
[18.829s] INFO:colcon.colcon_core.shell:Creating environment hook '/home/rospc/robot_mobile_ihm/install/robot_mobile_pkg_cpp/share/robot_mobile_pkg_cpp/hook/cmake_prefix_path.ps1'
[18.829s] INFO:colcon.colcon_core.shell:Creating environment descriptor '/home/rospc/robot_mobile_ihm/install/robot_mobile_pkg_cpp/share/robot_mobile_pkg_cpp/hook/cmake_prefix_path.dsv'
[18.830s] INFO:colcon.colcon_core.shell:Creating environment hook '/home/rospc/robot_mobile_ihm/install/robot_mobile_pkg_cpp/share/robot_mobile_pkg_cpp/hook/cmake_prefix_path.sh'
[18.830s] Level 1:colcon.colcon_core.environment:checking '/home/rospc/robot_mobile_ihm/install/robot_mobile_pkg_cpp/lib'
[18.831s] Level 1:colcon.colcon_core.environment:checking '/home/rospc/robot_mobile_ihm/install/robot_mobile_pkg_cpp/bin'
[18.831s] Level 1:colcon.colcon_core.environment:checking '/home/rospc/robot_mobile_ihm/install/robot_mobile_pkg_cpp/lib/pkgconfig/robot_mobile_pkg_cpp.pc'
[18.831s] Level 1:colcon.colcon_core.environment:checking '/home/rospc/robot_mobile_ihm/install/robot_mobile_pkg_cpp/lib/python3.10/site-packages'
[18.831s] Level 1:colcon.colcon_core.environment:checking '/home/rospc/robot_mobile_ihm/install/robot_mobile_pkg_cpp/bin'
[18.847s] INFO:colcon.colcon_core.shell:Creating package script '/home/rospc/robot_mobile_ihm/install/robot_mobile_pkg_cpp/share/robot_mobile_pkg_cpp/package.ps1'
[18.847s] INFO:colcon.colcon_core.shell:Creating package descriptor '/home/rospc/robot_mobile_ihm/install/robot_mobile_pkg_cpp/share/robot_mobile_pkg_cpp/package.dsv'
[18.848s] INFO:colcon.colcon_core.shell:Creating package script '/home/rospc/robot_mobile_ihm/install/robot_mobile_pkg_cpp/share/robot_mobile_pkg_cpp/package.sh'
[18.848s] INFO:colcon.colcon_core.shell:Creating package script '/home/rospc/robot_mobile_ihm/install/robot_mobile_pkg_cpp/share/robot_mobile_pkg_cpp/package.bash'
[18.849s] INFO:colcon.colcon_core.shell:Creating package script '/home/rospc/robot_mobile_ihm/install/robot_mobile_pkg_cpp/share/robot_mobile_pkg_cpp/package.zsh'
[18.850s] Level 1:colcon.colcon_core.environment:create_file_with_runtime_dependencies(/home/rospc/robot_mobile_ihm/install/robot_mobile_pkg_cpp/share/colcon-core/packages/robot_mobile_pkg_cpp)
[18.896s] Level 1:colcon.colcon_core.environment:create_environment_scripts_only(robot_mobile_pkg_cpp)
[18.911s] Level 1:colcon.colcon_core.environment:checking '/home/rospc/robot_mobile_ihm/install/robot_mobile_pkg_cpp' for CMake module files
[18.912s] Level 1:colcon.colcon_core.environment:checking '/home/rospc/robot_mobile_ihm/install/robot_mobile_pkg_cpp' for CMake config files
[18.912s] Level 1:colcon.colcon_core.shell:create_environment_hook('robot_mobile_pkg_cpp', 'cmake_prefix_path')
[18.927s] INFO:colcon.colcon_core.shell:Creating environment hook '/home/rospc/robot_mobile_ihm/install/robot_mobile_pkg_cpp/share/robot_mobile_pkg_cpp/hook/cmake_prefix_path.ps1'
[18.927s] INFO:colcon.colcon_core.shell:Creating environment descriptor '/home/rospc/robot_mobile_ihm/install/robot_mobile_pkg_cpp/share/robot_mobile_pkg_cpp/hook/cmake_prefix_path.dsv'
[18.928s] INFO:colcon.colcon_core.shell:Creating environment hook '/home/rospc/robot_mobile_ihm/install/robot_mobile_pkg_cpp/share/robot_mobile_pkg_cpp/hook/cmake_prefix_path.sh'
[18.928s] Level 1:colcon.colcon_core.environment:checking '/home/rospc/robot_mobile_ihm/install/robot_mobile_pkg_cpp/lib'
[18.928s] Level 1:colcon.colcon_core.environment:checking '/home/rospc/robot_mobile_ihm/install/robot_mobile_pkg_cpp/bin'
[18.928s] Level 1:colcon.colcon_core.environment:checking '/home/rospc/robot_mobile_ihm/install/robot_mobile_pkg_cpp/lib/pkgconfig/robot_mobile_pkg_cpp.pc'
[18.929s] Level 1:colcon.colcon_core.environment:checking '/home/rospc/robot_mobile_ihm/install/robot_mobile_pkg_cpp/lib/python3.10/site-packages'
[18.929s] Level 1:colcon.colcon_core.environment:checking '/home/rospc/robot_mobile_ihm/install/robot_mobile_pkg_cpp/bin'
[18.944s] INFO:colcon.colcon_core.shell:Creating package script '/home/rospc/robot_mobile_ihm/install/robot_mobile_pkg_cpp/share/robot_mobile_pkg_cpp/package.ps1'
[18.945s] INFO:colcon.colcon_core.shell:Creating package descriptor '/home/rospc/robot_mobile_ihm/install/robot_mobile_pkg_cpp/share/robot_mobile_pkg_cpp/package.dsv'
[18.945s] INFO:colcon.colcon_core.shell:Creating package script '/home/rospc/robot_mobile_ihm/install/robot_mobile_pkg_cpp/share/robot_mobile_pkg_cpp/package.sh'
[18.945s] INFO:colcon.colcon_core.shell:Creating package script '/home/rospc/robot_mobile_ihm/install/robot_mobile_pkg_cpp/share/robot_mobile_pkg_cpp/package.bash'
[18.946s] INFO:colcon.colcon_core.shell:Creating package script '/home/rospc/robot_mobile_ihm/install/robot_mobile_pkg_cpp/share/robot_mobile_pkg_cpp/package.zsh'
[18.946s] Level 1:colcon.colcon_core.environment:create_file_with_runtime_dependencies(/home/rospc/robot_mobile_ihm/install/robot_mobile_pkg_cpp/share/colcon-core/packages/robot_mobile_pkg_cpp)
[18.946s] DEBUG:colcon.colcon_parallel_executor.executor.parallel:closing loop
[18.947s] DEBUG:colcon.colcon_parallel_executor.executor.parallel:loop closed
[18.947s] DEBUG:colcon.colcon_parallel_executor.executor.parallel:run_until_complete finished with '0'
[18.947s] DEBUG:colcon.colcon_core.event_reactor:joining thread
[18.970s] INFO:colcon.colcon_core.plugin_system:Skipping extension 'colcon_notification.desktop_notification.terminal_notifier': Not used on non-Darwin systems
[18.970s] INFO:colcon.colcon_core.plugin_system:Skipping extension 'colcon_notification.desktop_notification.win32': Not used on non-Windows systems
[18.970s] INFO:colcon.colcon_notification.desktop_notification:Sending desktop notification using 'notify2'
[18.981s] DEBUG:colcon.colcon_core.event_reactor:joined thread
[18.997s] INFO:colcon.colcon_core.shell:Creating prefix script '/home/rospc/robot_mobile_ihm/install/local_setup.ps1'
[18.998s] INFO:colcon.colcon_core.shell:Creating prefix util module '/home/rospc/robot_mobile_ihm/install/_local_setup_util_ps1.py'
[18.999s] INFO:colcon.colcon_core.shell:Creating prefix chain script '/home/rospc/robot_mobile_ihm/install/setup.ps1'
[19.015s] INFO:colcon.colcon_core.shell:Creating prefix script '/home/rospc/robot_mobile_ihm/install/local_setup.sh'
[19.016s] INFO:colcon.colcon_core.shell:Creating prefix util module '/home/rospc/robot_mobile_ihm/install/_local_setup_util_sh.py'
[19.016s] INFO:colcon.colcon_core.shell:Creating prefix chain script '/home/rospc/robot_mobile_ihm/install/setup.sh'
[19.033s] INFO:colcon.colcon_core.shell:Creating prefix script '/home/rospc/robot_mobile_ihm/install/local_setup.bash'
[19.033s] INFO:colcon.colcon_core.shell:Creating prefix chain script '/home/rospc/robot_mobile_ihm/install/setup.bash'
[19.050s] INFO:colcon.colcon_core.shell:Creating prefix script '/home/rospc/robot_mobile_ihm/install/local_setup.zsh'
[19.050s] INFO:colcon.colcon_core.shell:Creating prefix chain script '/home/rospc/robot_mobile_ihm/install/setup.zsh'
