[0.115s] Invoking command in '/home/rospc/robot_mobile_ihm/build/robot_mobile_pkg_cpp': CMAKE_PREFIX_PATH=${CMAKE_PREFIX_PATH}:/opt/ros/humble /usr/bin/cmake /home/rospc/robot_mobile_ihm/src/robot_mobile_pkg_cpp -G CodeBlocks - Unix Makefiles -DCMAKE_BUILD_TYPE=Debug -DCMAKE_INSTALL_PREFIX=/home/rospc/robot_mobile_ihm/install/robot_mobile_pkg_cpp
[0.128s] -- Found ament_cmake: 1.3.5 (/opt/ros/humble/share/ament_cmake/cmake)
[0.274s] -- Found rclcpp: 16.0.6 (/opt/ros/humble/share/rclcpp/cmake)
[0.305s] -- Found rosidl_generator_c: 3.1.5 (/opt/ros/humble/share/rosidl_generator_c/cmake)
[0.308s] -- Found rosidl_adapter: 3.1.5 (/opt/ros/humble/share/rosidl_adapter/cmake)
[0.314s] -- Found rosidl_generator_cpp: 3.1.5 (/opt/ros/humble/share/rosidl_generator_cpp/cmake)
[0.326s] -- Using all available rosidl_typesupport_c: rosidl_typesupport_fastrtps_c;rosidl_typesupport_introspection_c
[0.344s] -- Using all available rosidl_typesupport_cpp: rosidl_typesupport_fastrtps_cpp;rosidl_typesupport_introspection_cpp
[0.408s] -- Found rmw_implementation_cmake: 6.1.1 (/opt/ros/humble/share/rmw_implementation_cmake/cmake)
[0.409s] -- Found rmw_fastrtps_cpp: 6.2.4 (/opt/ros/humble/share/rmw_fastrtps_cpp/cmake)
[0.533s] -- Using RMW implementation 'rmw_fastrtps_cpp' as default
[0.785s] -- Configuring done
[0.817s] -- Generating done
[0.819s] -- Build files have been written to: /home/rospc/robot_mobile_ihm/build/robot_mobile_pkg_cpp
[0.826s] Invoked command in '/home/rospc/robot_mobile_ihm/build/robot_mobile_pkg_cpp' returned '0': CMAKE_PREFIX_PATH=${CMAKE_PREFIX_PATH}:/opt/ros/humble /usr/bin/cmake /home/rospc/robot_mobile_ihm/src/robot_mobile_pkg_cpp -G CodeBlocks - Unix Makefiles -DCMAKE_BUILD_TYPE=Debug -DCMAKE_INSTALL_PREFIX=/home/rospc/robot_mobile_ihm/install/robot_mobile_pkg_cpp
[0.828s] Invoking command in '/home/rospc/robot_mobile_ihm/build/robot_mobile_pkg_cpp': CMAKE_PREFIX_PATH=${CMAKE_PREFIX_PATH}:/opt/ros/humble /usr/bin/cmake --build /home/rospc/robot_mobile_ihm/build/robot_mobile_pkg_cpp -- -j8 -l8
[0.882s] [ 20%] Automatic MOC and UIC for target my_node_ihm
[0.908s] 
[0.908s] AutoUic subprocess error
[0.908s] ------------------------
[0.909s] The uic process failed to compile
[0.909s]   "SRC:/include/mainwindow.ui"
[0.909s] into
[0.909s]   "BIN:/my_node_ihm_autogen/include/./ui_mainwindow.h"
[0.909s] included by
[0.909s]   "SRC:/include/mainwindow.hpp"
[0.909s] 
[0.909s] Command
[0.909s] -------
[0.909s] /usr/lib/qt5/bin/uic -o /home/rospc/robot_mobile_ihm/build/robot_mobile_pkg_cpp/my_node_ihm_autogen/include/./ui_mainwindow.h /home/rospc/robot_mobile_ihm/src/robot_mobile_pkg_cpp/include/mainwindow.ui
[0.909s] 
[0.909s] Output
[0.909s] ------
[0.909s] /usr/lib/qt5/bin/uic: symbol lookup error: /snap/core20/current/lib/x86_64-linux-gnu/libpthread.so.0: undefined symbol: __libc_pthread_init, version GLIBC_PRIVATE
[0.909s] 
[1.209s] gmake[2]: *** [CMakeFiles/my_node_ihm_autogen.dir/build.make:71 : CMakeFiles/my_node_ihm_autogen] Erreur 1
[1.209s] gmake[1]: *** [CMakeFiles/Makefile2:164 : CMakeFiles/my_node_ihm_autogen.dir/all] Erreur 2
[1.209s] gmake: *** [Makefile:146 : all] Erreur 2
[1.211s] Invoked command in '/home/rospc/robot_mobile_ihm/build/robot_mobile_pkg_cpp' returned '2': CMAKE_PREFIX_PATH=${CMAKE_PREFIX_PATH}:/opt/ros/humble /usr/bin/cmake --build /home/rospc/robot_mobile_ihm/build/robot_mobile_pkg_cpp -- -j8 -l8
