[5.419s] DEBUG:colcon:Command line arguments: ['/usr/bin/colcon', 'build', '--packages-select', 'py_pubsub']
[5.420s] DEBUG:colcon:Parsed command line arguments: Namespace(log_base=None, log_level=None, verb_name='build', build_base='build', install_base='install', merge_install=False, symlink_install=False, test_result_base=None, continue_on_error=False, executor='parallel', parallel_workers=4, event_handlers=None, ignore_user_meta=False, metas=['./colcon.meta'], base_paths=['.'], packages_ignore=None, packages_ignore_regex=None, paths=None, packages_up_to=None, packages_up_to_regex=None, packages_above=None, packages_above_and_dependencies=None, packages_above_depth=None, packages_select_by_dep=None, packages_skip_by_dep=None, packages_skip_up_to=None, packages_select_build_failed=False, packages_skip_build_finished=False, packages_select_test_failures=False, packages_skip_test_passed=False, packages_select=['py_pubsub'], packages_skip=None, packages_select_regex=None, packages_skip_regex=None, packages_start=None, packages_end=None, allow_overriding=[], cmake_args=None, cmake_target=None, cmake_target_skip_unavailable=False, cmake_clean_cache=False, cmake_clean_first=False, cmake_force_configure=False, ament_cmake_args=None, catkin_cmake_args=None, catkin_skip_building_tests=False, verb_parser=<colcon_defaults.argument_parser.defaults.DefaultArgumentsDecorator object at 0xffff928dcd60>, verb_extension=<colcon_core.verb.build.BuildVerb object at 0xffff92dd0e50>, main=<bound method BuildVerb.main of <colcon_core.verb.build.BuildVerb object at 0xffff92dd0e50>>)
[5.842s] Level 1:colcon.colcon_core.package_discovery:discover_packages(colcon_meta) check parameters
[5.843s] Level 1:colcon.colcon_core.package_discovery:discover_packages(recursive) check parameters
[5.844s] Level 1:colcon.colcon_core.package_discovery:discover_packages(ignore) check parameters
[5.845s] Level 1:colcon.colcon_core.package_discovery:discover_packages(path) check parameters
[5.845s] Level 1:colcon.colcon_core.package_discovery:discover_packages(colcon_meta) discover
[5.846s] Level 1:colcon.colcon_core.package_discovery:discover_packages(recursive) discover
[5.847s] INFO:colcon.colcon_core.package_discovery:Crawling recursively for packages in '/home/rpiros/Documents/ros_ws_3/py_pubsub'
[5.848s] Level 1:colcon.colcon_core.package_identification:_identify(.) by extensions ['ignore', 'ignore_ament_install']
[5.850s] Level 1:colcon.colcon_core.package_identification:_identify(.) by extension 'ignore'
[5.850s] Level 1:colcon.colcon_core.package_identification:_identify(.) by extension 'ignore_ament_install'
[5.851s] Level 1:colcon.colcon_core.package_identification:_identify(.) by extensions ['colcon_pkg']
[5.852s] Level 1:colcon.colcon_core.package_identification:_identify(.) by extension 'colcon_pkg'
[5.853s] Level 1:colcon.colcon_core.package_identification:_identify(.) by extensions ['colcon_meta']
[5.853s] Level 1:colcon.colcon_core.package_identification:_identify(.) by extension 'colcon_meta'
[5.854s] Level 1:colcon.colcon_core.package_identification:_identify(.) by extensions ['ros']
[5.854s] Level 1:colcon.colcon_core.package_identification:_identify(.) by extension 'ros'
[5.930s] DEBUG:colcon.colcon_core.package_identification:Package '.' with type 'ros.ament_python' and name 'py_pubsub'
[5.931s] Level 1:colcon.colcon_core.package_discovery:discover_packages(recursive) using defaults
[5.931s] Level 1:colcon.colcon_core.package_discovery:discover_packages(ignore) discover
[5.931s] Level 1:colcon.colcon_core.package_discovery:discover_packages(ignore) using defaults
[5.931s] Level 1:colcon.colcon_core.package_discovery:discover_packages(path) discover
[5.931s] Level 1:colcon.colcon_core.package_discovery:discover_packages(path) using defaults
[6.400s] Level 1:colcon.colcon_core.package_discovery:discover_packages(prefix_path) check parameters
[6.400s] Level 1:colcon.colcon_core.package_discovery:discover_packages(prefix_path) discover
[6.554s] DEBUG:colcon.colcon_installed_package_information.package_discovery:Found 271 installed packages in /opt/ros/humble
[6.560s] Level 1:colcon.colcon_core.package_discovery:discover_packages(prefix_path) using defaults
[7.050s] Level 5:colcon.colcon_core.verb:set package 'py_pubsub' build argument 'cmake_args' from command line to 'None'
[7.050s] Level 5:colcon.colcon_core.verb:set package 'py_pubsub' build argument 'cmake_target' from command line to 'None'
[7.050s] Level 5:colcon.colcon_core.verb:set package 'py_pubsub' build argument 'cmake_target_skip_unavailable' from command line to 'False'
[7.050s] Level 5:colcon.colcon_core.verb:set package 'py_pubsub' build argument 'cmake_clean_cache' from command line to 'False'
[7.050s] Level 5:colcon.colcon_core.verb:set package 'py_pubsub' build argument 'cmake_clean_first' from command line to 'False'
[7.051s] Level 5:colcon.colcon_core.verb:set package 'py_pubsub' build argument 'cmake_force_configure' from command line to 'False'
[7.051s] Level 5:colcon.colcon_core.verb:set package 'py_pubsub' build argument 'ament_cmake_args' from command line to 'None'
[7.051s] Level 5:colcon.colcon_core.verb:set package 'py_pubsub' build argument 'catkin_cmake_args' from command line to 'None'
[7.051s] Level 5:colcon.colcon_core.verb:set package 'py_pubsub' build argument 'catkin_skip_building_tests' from command line to 'False'
[7.051s] DEBUG:colcon.colcon_core.verb:Building package 'py_pubsub' with the following arguments: {'ament_cmake_args': None, 'build_base': '/home/rpiros/Documents/ros_ws_3/py_pubsub/build/py_pubsub', 'catkin_cmake_args': None, 'catkin_skip_building_tests': False, 'cmake_args': None, 'cmake_clean_cache': False, 'cmake_clean_first': False, 'cmake_force_configure': False, 'cmake_target': None, 'cmake_target_skip_unavailable': False, 'install_base': '/home/rpiros/Documents/ros_ws_3/py_pubsub/install/py_pubsub', 'merge_install': False, 'path': '/home/rpiros/Documents/ros_ws_3/py_pubsub', 'symlink_install': False, 'test_result_base': None}
[7.120s] INFO:colcon.colcon_core.executor:Executing jobs using 'parallel' executor
[7.194s] DEBUG:colcon.colcon_parallel_executor.executor.parallel:run_until_complete
[7.195s] INFO:colcon.colcon_ros.task.ament_python.build:Building ROS package in '/home/rpiros/Documents/ros_ws_3/py_pubsub' with build type 'ament_python'
[7.196s] Level 1:colcon.colcon_core.shell:create_environment_hook('py_pubsub', 'ament_prefix_path')
[7.290s] INFO:colcon.colcon_core.plugin_system:Skipping extension 'colcon_core.shell.bat': Not used on non-Windows systems
[7.291s] INFO:colcon.colcon_core.shell:Creating environment hook '/home/rpiros/Documents/ros_ws_3/py_pubsub/install/py_pubsub/share/py_pubsub/hook/ament_prefix_path.ps1'
[7.296s] INFO:colcon.colcon_core.shell:Creating environment descriptor '/home/rpiros/Documents/ros_ws_3/py_pubsub/install/py_pubsub/share/py_pubsub/hook/ament_prefix_path.dsv'
[7.298s] INFO:colcon.colcon_core.shell:Creating environment hook '/home/rpiros/Documents/ros_ws_3/py_pubsub/install/py_pubsub/share/py_pubsub/hook/ament_prefix_path.sh'
[7.375s] INFO:colcon.colcon_core.shell:Skip shell extension 'powershell' for command environment: Not usable outside of PowerShell
[7.375s] DEBUG:colcon.colcon_core.shell:Skip shell extension 'dsv' for command environment
[8.889s] INFO:colcon.colcon_core.task.python.build:Building Python package in '/home/rpiros/Documents/ros_ws_3/py_pubsub'
[8.965s] INFO:colcon.colcon_core.shell:Skip shell extension 'powershell' for command environment: Not usable outside of PowerShell
[8.965s] DEBUG:colcon.colcon_core.shell:Skip shell extension 'dsv' for command environment
[11.266s] DEBUG:colcon.colcon_core.event_handler.log_command:Invoking command in '/home/rpiros/Documents/ros_ws_3/py_pubsub': PYTHONPATH=/home/rpiros/Documents/ros_ws_3/py_pubsub/build/py_pubsub/prefix_override:/home/rpiros/Documents/ros_ws_3/py_pubsub/install/py_pubsub/lib/python3.10/site-packages:${PYTHONPATH} /usr/bin/python3 setup.py egg_info --egg-base build/py_pubsub build --build-base /home/rpiros/Documents/ros_ws_3/py_pubsub/build/py_pubsub/build install --record /home/rpiros/Documents/ros_ws_3/py_pubsub/build/py_pubsub/install.log --single-version-externally-managed
[12.806s] DEBUG:colcon.colcon_core.event_handler.log_command:Invoked command in '/home/rpiros/Documents/ros_ws_3/py_pubsub' returned '0': PYTHONPATH=/home/rpiros/Documents/ros_ws_3/py_pubsub/build/py_pubsub/prefix_override:/home/rpiros/Documents/ros_ws_3/py_pubsub/install/py_pubsub/lib/python3.10/site-packages:${PYTHONPATH} /usr/bin/python3 setup.py egg_info --egg-base build/py_pubsub build --build-base /home/rpiros/Documents/ros_ws_3/py_pubsub/build/py_pubsub/build install --record /home/rpiros/Documents/ros_ws_3/py_pubsub/build/py_pubsub/install.log --single-version-externally-managed
[12.952s] Level 1:colcon.colcon_core.environment:checking '/home/rpiros/Documents/ros_ws_3/py_pubsub/install/py_pubsub' for CMake module files
[12.955s] Level 1:colcon.colcon_core.environment:checking '/home/rpiros/Documents/ros_ws_3/py_pubsub/install/py_pubsub' for CMake config files
[12.960s] Level 1:colcon.colcon_core.environment:checking '/home/rpiros/Documents/ros_ws_3/py_pubsub/install/py_pubsub/lib'
[12.962s] Level 1:colcon.colcon_core.environment:checking '/home/rpiros/Documents/ros_ws_3/py_pubsub/install/py_pubsub/bin'
[12.964s] Level 1:colcon.colcon_core.environment:checking '/home/rpiros/Documents/ros_ws_3/py_pubsub/install/py_pubsub/lib/pkgconfig/py_pubsub.pc'
[12.966s] Level 1:colcon.colcon_core.environment:checking '/home/rpiros/Documents/ros_ws_3/py_pubsub/install/py_pubsub/lib/python3.10/site-packages'
[12.967s] Level 1:colcon.colcon_core.shell:create_environment_hook('py_pubsub', 'pythonpath')
[13.069s] INFO:colcon.colcon_core.shell:Creating environment hook '/home/rpiros/Documents/ros_ws_3/py_pubsub/install/py_pubsub/share/py_pubsub/hook/pythonpath.ps1'
[13.072s] INFO:colcon.colcon_core.shell:Creating environment descriptor '/home/rpiros/Documents/ros_ws_3/py_pubsub/install/py_pubsub/share/py_pubsub/hook/pythonpath.dsv'
[13.074s] INFO:colcon.colcon_core.shell:Creating environment hook '/home/rpiros/Documents/ros_ws_3/py_pubsub/install/py_pubsub/share/py_pubsub/hook/pythonpath.sh'
[13.077s] Level 1:colcon.colcon_core.environment:checking '/home/rpiros/Documents/ros_ws_3/py_pubsub/install/py_pubsub/bin'
[13.078s] Level 1:colcon.colcon_core.environment:create_environment_scripts_only(py_pubsub)
[13.216s] INFO:colcon.colcon_core.shell:Creating package script '/home/rpiros/Documents/ros_ws_3/py_pubsub/install/py_pubsub/share/py_pubsub/package.ps1'
[13.223s] INFO:colcon.colcon_core.shell:Creating package descriptor '/home/rpiros/Documents/ros_ws_3/py_pubsub/install/py_pubsub/share/py_pubsub/package.dsv'
[13.229s] INFO:colcon.colcon_core.shell:Creating package script '/home/rpiros/Documents/ros_ws_3/py_pubsub/install/py_pubsub/share/py_pubsub/package.sh'
[13.236s] INFO:colcon.colcon_core.shell:Creating package script '/home/rpiros/Documents/ros_ws_3/py_pubsub/install/py_pubsub/share/py_pubsub/package.bash'
[13.243s] INFO:colcon.colcon_core.shell:Creating package script '/home/rpiros/Documents/ros_ws_3/py_pubsub/install/py_pubsub/share/py_pubsub/package.zsh'
[13.249s] Level 1:colcon.colcon_core.environment:create_file_with_runtime_dependencies(/home/rpiros/Documents/ros_ws_3/py_pubsub/install/py_pubsub/share/colcon-core/packages/py_pubsub)
[13.251s] DEBUG:colcon.colcon_parallel_executor.executor.parallel:closing loop
[13.253s] DEBUG:colcon.colcon_parallel_executor.executor.parallel:loop closed
[13.254s] DEBUG:colcon.colcon_parallel_executor.executor.parallel:run_until_complete finished with '0'
[13.254s] DEBUG:colcon.colcon_core.event_reactor:joining thread
[13.447s] INFO:colcon.colcon_core.plugin_system:Skipping extension 'colcon_notification.desktop_notification.terminal_notifier': Not used on non-Darwin systems
[13.448s] INFO:colcon.colcon_core.plugin_system:Skipping extension 'colcon_notification.desktop_notification.win32': Not used on non-Windows systems
[13.449s] INFO:colcon.colcon_notification.desktop_notification:Sending desktop notification using 'notify2'
[13.531s] DEBUG:colcon.colcon_core.event_reactor:joined thread
[13.671s] INFO:colcon.colcon_core.shell:Creating prefix script '/home/rpiros/Documents/ros_ws_3/py_pubsub/install/local_setup.ps1'
[13.679s] INFO:colcon.colcon_core.shell:Creating prefix util module '/home/rpiros/Documents/ros_ws_3/py_pubsub/install/_local_setup_util_ps1.py'
[13.689s] INFO:colcon.colcon_core.shell:Creating prefix chain script '/home/rpiros/Documents/ros_ws_3/py_pubsub/install/setup.ps1'
[13.792s] INFO:colcon.colcon_core.shell:Creating prefix script '/home/rpiros/Documents/ros_ws_3/py_pubsub/install/local_setup.sh'
[13.797s] INFO:colcon.colcon_core.shell:Creating prefix util module '/home/rpiros/Documents/ros_ws_3/py_pubsub/install/_local_setup_util_sh.py'
[13.802s] INFO:colcon.colcon_core.shell:Creating prefix chain script '/home/rpiros/Documents/ros_ws_3/py_pubsub/install/setup.sh'
[13.923s] INFO:colcon.colcon_core.shell:Creating prefix script '/home/rpiros/Documents/ros_ws_3/py_pubsub/install/local_setup.bash'
[13.929s] INFO:colcon.colcon_core.shell:Creating prefix chain script '/home/rpiros/Documents/ros_ws_3/py_pubsub/install/setup.bash'
[14.064s] INFO:colcon.colcon_core.shell:Creating prefix script '/home/rpiros/Documents/ros_ws_3/py_pubsub/install/local_setup.zsh'
[14.070s] INFO:colcon.colcon_core.shell:Creating prefix chain script '/home/rpiros/Documents/ros_ws_3/py_pubsub/install/setup.zsh'
