This is pdfTeX, Version 3.141592653-2.6-1.40.25 (TeX Live 2023) (preloaded format=pdflatex 2023.12.9)  18 DEC 2023 13:42
entering extended mode
 restricted \write18 enabled.
 %&-line parsing enabled.
**refman
(./refman.tex
LaTeX2e <2023-11-01>
L3 programming layer <2023-11-09>
(c:/texlive/2023/texmf-dist/tex/latex/base/book.cls
Document Class: book 2023/05/17 v1.4n Standard LaTeX document class
(c:/texlive/2023/texmf-dist/tex/latex/base/bk10.clo
File: bk10.clo 2023/05/17 v1.4n Standard LaTeX file (size option)
)
\c@part=\count186
\c@chapter=\count187
\c@section=\count188
\c@subsection=\count189
\c@subsubsection=\count190
\c@paragraph=\count191
\c@subparagraph=\count192
\c@figure=\count193
\c@table=\count194
\abovecaptionskip=\skip48
\belowcaptionskip=\skip49
\bibindent=\dimen140
)
(c:/texlive/2023/texmf-dist/tex/latex/base/ifthen.sty
Package: ifthen 2022/04/13 v1.1d Standard LaTeX ifthen package (DPC)
)
(c:/texlive/2023/texmf-dist/tex/latex/tools/array.sty
Rollback for package 'array' requested -> date 2016-10-06.
         Best approximation is the release introduced on 2016-10-06.

(c:/texlive/2023/texmf-dist/tex/latex/tools/array-2016-10-06.sty
Package: array 2016/10/06 v2.4d Tabular extension package (FMi)
\col@sep=\dimen141
\extrarowheight=\dimen142
\NC@list=\toks17
\extratabsurround=\skip50
\backup@length=\skip51
))
(c:/texlive/2023/texmf-dist/tex/generic/infwarerr/infwarerr.sty
package info suppressed
) (./doxygen.sty
Package: doxygen 
(c:/texlive/2023/texmf-dist/tex/latex/base/alltt.sty
Package: alltt 2021/01/29 v2.0g defines alltt environment
)
(c:/texlive/2023/texmf-dist/tex/latex/tools/calc.sty
Package: calc 2023/07/08 v4.3 Infix arithmetic (KKT,FJ)
\calc@Acount=\count195
\calc@Bcount=\count196
\calc@Adimen=\dimen143
\calc@Bdimen=\dimen144
\calc@Askip=\skip52
\calc@Bskip=\skip53
LaTeX Info: Redefining \setlength on input line 80.
LaTeX Info: Redefining \addtolength on input line 81.
\calc@Ccount=\count197
\calc@Cskip=\skip54
)
(c:/texlive/2023/texmf-dist/tex/latex/float/float.sty
Package: float 2001/11/08 v1.3d Float enhancements (AL)
\c@float@type=\count198
\float@exts=\toks18
\float@box=\box51
\@float@everytoks=\toks19
\@floatcapt=\box52
)
(c:/texlive/2023/texmf-dist/tex/latex/tools/verbatim.sty
Package: verbatim 2023-11-06 v1.5v LaTeX2e package for verbatim enhancements
\every@verbatim=\toks20
\verbatim@line=\toks21
\verbatim@in@stream=\read2
)
(c:/texlive/2023/texmf-dist/tex/latex/xcolor/xcolor.sty
Package: xcolor 2023/11/15 v3.01 LaTeX color extensions (UK)

(c:/texlive/2023/texmf-dist/tex/latex/graphics-cfg/color.cfg
File: color.cfg 2016/01/02 v1.6 sample color configuration
)
Package xcolor Info: Driver file: pdftex.def on input line 274.

(c:/texlive/2023/texmf-dist/tex/latex/graphics-def/pdftex.def
File: pdftex.def 2022/09/22 v1.2b Graphics/color driver for pdftex
)
(c:/texlive/2023/texmf-dist/tex/latex/graphics/mathcolor.ltx)
Package xcolor Info: Model `cmy' substituted by `cmy0' on input line 1350.
Package xcolor Info: Model `hsb' substituted by `rgb' on input line 1354.
Package xcolor Info: Model `RGB' extended on input line 1366.
Package xcolor Info: Model `HTML' substituted by `rgb' on input line 1368.
Package xcolor Info: Model `Hsb' substituted by `hsb' on input line 1369.
Package xcolor Info: Model `tHsb' substituted by `hsb' on input line 1370.
Package xcolor Info: Model `HSB' substituted by `hsb' on input line 1371.
Package xcolor Info: Model `Gray' substituted by `gray' on input line 1372.
Package xcolor Info: Model `wave' substituted by `hsb' on input line 1373.
)
(c:/texlive/2023/texmf-dist/tex/latex/colortbl/colortbl.sty
Package: colortbl 2022/06/20 v1.0f Color table columns (DPC)
\everycr=\toks22
\minrowclearance=\skip55
\rownum=\count199
)
(./longtable_doxygen.sty
Package: longtable_doxygen 2014/10/28 v4.11 Multi-page Table package (DPC) - fr
ozen version for doxygen
\LTleft=\skip56
\LTright=\skip57
\LTpre=\skip58
\LTpost=\skip59
\LTchunksize=\count266
\LTcapwidth=\dimen145
\LT@head=\box53
\LT@firsthead=\box54
\LT@foot=\box55
\LT@lastfoot=\box56
\LT@cols=\count267
\LT@rows=\count268
\c@LT@tables=\count269
\c@LT@chunks=\count270
\LT@p@ftn=\toks23
) (./tabu_doxygen.sty
Package: tabu_doxygen 2011/02/26 v2.8 - flexible LaTeX tabulars (FC), frozen ve
rsion for doxygen

(c:/texlive/2023/texmf-dist/tex/latex/varwidth/varwidth.sty
Package: varwidth 2009/03/30 ver 0.92;  Variable-width minipages
\@vwid@box=\box57
\sift@deathcycles=\count271
\@vwid@loff=\dimen146
\@vwid@roff=\dimen147
)
\c@taburow=\count272
\tabu@nbcols=\count273
\tabu@cnt=\count274
\tabu@Xcol=\count275
\tabu@alloc=\count276
\tabu@nested=\count277
\tabu@target=\dimen148
\tabu@spreadtarget=\dimen149
\tabu@naturalX=\dimen150
\tabucolX=\dimen151
\tabu@Xsum=\dimen152
\extrarowdepth=\dimen153
\abovetabulinesep=\dimen154
\belowtabulinesep=\dimen155
\tabustrutrule=\dimen156
\tabu@thebody=\toks24
\tabu@footnotes=\toks25
\tabu@box=\box58
\tabu@arstrutbox=\box59
\tabu@hleads=\box60
\tabu@vleads=\box61
\tabu@cellskip=\skip60
)
(c:/texlive/2023/texmf-dist/tex/latex/fancyvrb/fancyvrb.sty
Package: fancyvrb 2023/11/06 4.5b verbatim text (tvz,hv)

(c:/texlive/2023/texmf-dist/tex/latex/graphics/keyval.sty
Package: keyval 2022/05/29 v1.15 key=value parser (DPC)
\KV@toks@=\toks26
)
\FV@CodeLineNo=\count278
\FV@InFile=\read3
\FV@TabBox=\box62
\c@FancyVerbLine=\count279
\FV@StepNumber=\count280
\FV@OutFile=\write3
)
(c:/texlive/2023/texmf-dist/tex/latex/tools/tabularx.sty
Package: tabularx 2023/07/08 v2.11c `tabularx' package (DPC)
\TX@col@width=\dimen157
\TX@old@table=\dimen158
\TX@old@col=\dimen159
\TX@target=\dimen160
\TX@delta=\dimen161
\TX@cols=\count281
\TX@ftn=\toks27
)
(c:/texlive/2023/texmf-dist/tex/latex/tools/multicol.sty
Package: multicol 2023/03/30 v1.9f multicolumn formatting (FMi)
\c@tracingmulticols=\count282
\mult@box=\box63
\multicol@leftmargin=\dimen162
\c@unbalance=\count283
\c@collectmore=\count284
\doublecol@number=\count285
\multicoltolerance=\count286
\multicolpretolerance=\count287
\full@width=\dimen163
\page@free=\dimen164
\premulticols=\dimen165
\postmulticols=\dimen166
\multicolsep=\skip61
\multicolbaselineskip=\skip62
\partial@page=\box64
\last@line=\box65
\mc@boxedresult=\box66
\maxbalancingoverflow=\dimen167
\mult@rightbox=\box67
\mult@grightbox=\box68
\mult@firstbox=\box69
\mult@gfirstbox=\box70
\@tempa=\box71
\@tempa=\box72
\@tempa=\box73
\@tempa=\box74
\@tempa=\box75
\@tempa=\box76
\@tempa=\box77
\@tempa=\box78
\@tempa=\box79
\@tempa=\box80
\@tempa=\box81
\@tempa=\box82
\@tempa=\box83
\@tempa=\box84
\@tempa=\box85
\@tempa=\box86
\@tempa=\box87
\@tempa=\box88
\@tempa=\box89
\@tempa=\box90
\@tempa=\box91
\@tempa=\box92
\@tempa=\box93
\@tempa=\box94
\@tempa=\box95
\@tempa=\box96
\@tempa=\box97
\@tempa=\box98
\@tempa=\box99
\@tempa=\box100
\@tempa=\box101
\@tempa=\box102
\@tempa=\box103
\@tempa=\box104
\@tempa=\box105
\@tempa=\box106
\c@minrows=\count288
\c@columnbadness=\count289
\c@finalcolumnbadness=\count290
\last@try=\dimen168
\multicolovershoot=\dimen169
\multicolundershoot=\dimen170
\mult@nat@firstbox=\box107
\colbreak@box=\box108
\mc@col@check@num=\count291
)
(c:/texlive/2023/texmf-dist/tex/latex/multirow/multirow.sty
Package: multirow 2021/03/15 v2.8 Span multiple rows of a table
\multirow@colwidth=\skip63
\multirow@cntb=\count292
\multirow@dima=\skip64
\bigstrutjot=\dimen171
)
(c:/texlive/2023/texmf-dist/tex/latex/hanging/hanging.sty
Package: hanging 2009/09/02 v1.2b hanging paragraphs and punctuation
\h@ngcommawd=\skip65
\h@ngfstopwd=\skip66
\h@ngquotewd=\skip67
\h@ngdquotewd=\skip68
\h@ngquerywd=\skip69
\h@ngexclwd=\skip70
\h@ngcolonwd=\skip71
\h@ngscolonwd=\skip72
)
(c:/texlive/2023/texmf-dist/tex/generic/iftex/ifpdf.sty
Package: ifpdf 2019/10/25 v3.4 ifpdf legacy package. Use iftex instead.

(c:/texlive/2023/texmf-dist/tex/generic/iftex/iftex.sty
Package: iftex 2022/02/03 v1.0f TeX engine tests
))
(c:/texlive/2023/texmf-dist/tex/latex/adjustbox/adjustbox.sty
Package: adjustbox 2022/10/17 v1.3a Adjusting TeX boxes (trim, clip, ...)

(c:/texlive/2023/texmf-dist/tex/latex/xkeyval/xkeyval.sty
Package: xkeyval 2022/06/16 v2.9 package option processing (HA)

(c:/texlive/2023/texmf-dist/tex/generic/xkeyval/xkeyval.tex
(c:/texlive/2023/texmf-dist/tex/generic/xkeyval/xkvutils.tex
\XKV@toks=\toks28
\XKV@tempa@toks=\toks29
)
\XKV@depth=\count293
File: xkeyval.tex 2014/12/03 v2.7a key=value parser (HA)
))
(c:/texlive/2023/texmf-dist/tex/latex/adjustbox/adjcalc.sty
Package: adjcalc 2012/05/16 v1.1 Provides advanced setlength with multiple back
-ends (calc, etex, pgfmath)
)
(c:/texlive/2023/texmf-dist/tex/latex/adjustbox/trimclip.sty
Package: trimclip 2020/08/19 v1.2 Trim and clip general TeX material

(c:/texlive/2023/texmf-dist/tex/latex/graphics/graphicx.sty
Package: graphicx 2021/09/16 v1.2d Enhanced LaTeX Graphics (DPC,SPQR)

(c:/texlive/2023/texmf-dist/tex/latex/graphics/graphics.sty
Package: graphics 2022/03/10 v1.4e Standard LaTeX Graphics (DPC,SPQR)

(c:/texlive/2023/texmf-dist/tex/latex/graphics/trig.sty
Package: trig 2021/08/11 v1.11 sin cos tan (DPC)
)
(c:/texlive/2023/texmf-dist/tex/latex/graphics-cfg/graphics.cfg
File: graphics.cfg 2016/06/04 v1.11 sample graphics configuration
)
Package graphics Info: Driver file: pdftex.def on input line 107.
)
\Gin@req@height=\dimen172
\Gin@req@width=\dimen173
)
(c:/texlive/2023/texmf-dist/tex/latex/collectbox/collectbox.sty
Package: collectbox 2022/10/17 v0.4c Collect macro arguments as boxes
\collectedbox=\box109
)
\tc@llx=\dimen174
\tc@lly=\dimen175
\tc@urx=\dimen176
\tc@ury=\dimen177
Package trimclip Info: Using driver 'tc-pdftex.def'.

(c:/texlive/2023/texmf-dist/tex/latex/adjustbox/tc-pdftex.def
File: tc-pdftex.def 2019/01/04 v2.2 Clipping driver for pdftex
))
\adjbox@Width=\dimen178
\adjbox@Height=\dimen179
\adjbox@Depth=\dimen180
\adjbox@Totalheight=\dimen181
\adjbox@pwidth=\dimen182
\adjbox@pheight=\dimen183
\adjbox@pdepth=\dimen184
\adjbox@ptotalheight=\dimen185

(c:/texlive/2023/texmf-dist/tex/latex/ifoddpage/ifoddpage.sty
Package: ifoddpage 2022/10/18 v1.2 Conditionals for odd/even page detection
\c@checkoddpage=\count294
))
(c:/texlive/2023/texmf-dist/tex/latex/amsfonts/amssymb.sty
Package: amssymb 2013/01/14 v3.01 AMS font symbols

(c:/texlive/2023/texmf-dist/tex/latex/amsfonts/amsfonts.sty
Package: amsfonts 2013/01/14 v3.01 Basic AMSFonts support
\@emptytoks=\toks30
\symAMSa=\mathgroup4
\symAMSb=\mathgroup5
LaTeX Font Info:    Redeclaring math symbol \hbar on input line 98.
LaTeX Font Info:    Overwriting math alphabet `\mathfrak' in version `bold'
(Font)                  U/euf/m/n --> U/euf/b/n on input line 106.
))
(c:/texlive/2023/texmf-dist/tex/latex/stackengine/stackengine.sty
Package: stackengine 2021/07/22 v4.11\ Stacking text and objects in convenient 
ways

(c:/texlive/2023/texmf-dist/tex/latex/etoolbox/etoolbox.sty
Package: etoolbox 2020/10/05 v2.5k e-TeX tools for LaTeX (JAW)
\etb@tempcnta=\count295
)
(c:/texlive/2023/texmf-dist/tex/generic/listofitems/listofitems.sty
(c:/texlive/2023/texmf-dist/tex/generic/listofitems/listofitems.tex
\loi_cnt_foreach_nest=\count296
\loi_nestcnt=\count297
)
Package: listofitems 2019/08/21 v1.63 Grab items in lists using user-specified 
sep char (CT)
)
\c@@stackindex=\count298
\@boxshift=\skip73
\stack@tmplength=\skip74
\temp@stkl=\skip75
\@stackedboxwidth=\skip76
\@addedbox=\box110
\@anchorbox=\box111
\@insetbox=\box112
\se@backgroundbox=\box113
\stackedbox=\box114
\@centerbox=\box115
\c@ROWcellindex@=\count299
)
(c:/texlive/2023/texmf-dist/tex/latex/enumitem/enumitem.sty
Package: enumitem 2019/06/20 v3.9 Customized lists
\labelindent=\skip77
\enit@outerparindent=\dimen186
\enit@toks=\toks31
\enit@inbox=\box116
\enit@count@id=\count300
\enitdp@description=\count301
)
(c:/texlive/2023/texmf-dist/tex/generic/alphalph/alphalph.sty
Package: alphalph 2019/12/09 v2.6 Convert numbers to letters (HO)

(c:/texlive/2023/texmf-dist/tex/generic/intcalc/intcalc.sty
Package: intcalc 2019/12/15 v1.3 Expandable calculations with integers (HO)
))
(c:/texlive/2023/texmf-dist/tex/generic/ulem/ulem.sty
\UL@box=\box117
\UL@hyphenbox=\box118
\UL@skip=\skip78
\UL@hook=\toks32
\UL@height=\dimen187
\UL@pe=\count302
\UL@pixel=\dimen188
\ULC@box=\box119
Package: ulem 2019/11/18
\ULdepth=\dimen189
)
\xrefbox=\box120
\xreflength=\skip79
\CodeWidthChar=\skip80
\CodeHeightChar=\skip81
\DoxyCodeWidth=\skip82
\c@DoxyEnumeratei=\count303
\c@DoxyEnumerateii=\count304
\c@DoxyEnumerateiii=\count305
\c@DoxyEnumerateiv=\count306
\c@DoxyEnumeratev=\count307
\c@DoxyEnumeratevi=\count308
\c@DoxyEnumeratevii=\count309
\c@DoxyEnumerateviii=\count310
\c@DoxyEnumerateix=\count311
\c@DoxyEnumeratex=\count312
\c@DoxyEnumeratexi=\count313
\c@DoxyEnumeratexii=\count314
\enitdp@DoxyEnumerate=\count315
\enitdp@DoxyItemize=\count316
\c@subsubsubsection=\count317
\c@subsubsubsubsection=\count318
\c@subsubsubsubsubsection=\count319
\c@subsubsubsubsubsubsection=\count320
)
(c:/texlive/2023/texmf-dist/tex/latex/base/inputenc.sty
Package: inputenc 2021/02/14 v1.3d Input encoding file
\inpenc@prehook=\toks33
\inpenc@posthook=\toks34
)
(c:/texlive/2023/texmf-dist/tex/latex/base/makeidx.sty
Package: makeidx 2021/10/04 v1.0m Standard LaTeX package
)
(c:/texlive/2023/texmf-dist/tex/latex/base/textcomp.sty
Package: textcomp 2020/02/02 v2.0n Standard LaTeX package
)
(c:/texlive/2023/texmf-dist/tex/latex/wasysym/wasysym.sty
Package: wasysym 2020/01/19 v2.4 Wasy-2 symbol support package
\symwasy=\mathgroup6
LaTeX Font Info:    Overwriting symbol font `wasy' in version `bold'
(Font)                  U/wasy/m/n --> U/wasy/b/n on input line 93.
)
(c:/texlive/2023/texmf-dist/tex/generic/iftex/ifxetex.sty
Package: ifxetex 2019/10/25 v0.7 ifxetex legacy package. Use iftex instead.
)
(c:/texlive/2023/texmf-dist/tex/latex/base/fontenc.sty
Package: fontenc 2021/04/29 v2.0v Standard LaTeX package
)
(c:/texlive/2023/texmf-dist/tex/latex/psnfss/helvet.sty
Package: helvet 2020/03/25 PSNFSS-v9.3 (WaS) 
)
(c:/texlive/2023/texmf-dist/tex/latex/psnfss/courier.sty
Package: courier 2020/03/25 PSNFSS-v9.3 (WaS) 
)
(c:/texlive/2023/texmf-dist/tex/latex/geometry/geometry.sty
Package: geometry 2020/01/02 v5.9 Page Geometry

(c:/texlive/2023/texmf-dist/tex/generic/iftex/ifvtex.sty
Package: ifvtex 2019/10/25 v1.7 ifvtex legacy package. Use iftex instead.
)
\Gm@cnth=\count321
\Gm@cntv=\count322
\c@Gm@tempcnt=\count323
\Gm@bindingoffset=\dimen190
\Gm@wd@mp=\dimen191
\Gm@odd@mp=\dimen192
\Gm@even@mp=\dimen193
\Gm@layoutwidth=\dimen194
\Gm@layoutheight=\dimen195
\Gm@layouthoffset=\dimen196
\Gm@layoutvoffset=\dimen197
\Gm@dimlist=\toks35
)
(c:/texlive/2023/texmf-dist/tex/latex/changepage/changepage.sty
Package: changepage 2009/10/20 v1.0c check page and change page layout
\c@cp@cntr=\count324
\cp@tempcnt=\count325
LaTeX Info: Redefining \checkoddpage on input line 59.
)
(c:/texlive/2023/texmf-dist/tex/latex/fancyhdr/fancyhdr.sty
Package: fancyhdr 2022/11/09 v4.1 Extensive control of page headers and footers

\f@nch@headwidth=\skip83
\f@nch@O@elh=\skip84
\f@nch@O@erh=\skip85
\f@nch@O@olh=\skip86
\f@nch@O@orh=\skip87
\f@nch@O@elf=\skip88
\f@nch@O@erf=\skip89
\f@nch@O@olf=\skip90
\f@nch@O@orf=\skip91
)
(c:/texlive/2023/texmf-dist/tex/latex/natbib/natbib.sty
Package: natbib 2010/09/13 8.31b (PWD, AO)
\bibhang=\skip92
\bibsep=\skip93
LaTeX Info: Redefining \cite on input line 694.
\c@NAT@ctr=\count326
)
(c:/texlive/2023/texmf-dist/tex/latex/tocloft/tocloft.sty
Package: tocloft 2017/08/31 v2.3i parameterised ToC, etc., typesetting
Package tocloft Info: The document has chapter divisions on input line 51.
\cftparskip=\skip94
\cftbeforetoctitleskip=\skip95
\cftaftertoctitleskip=\skip96
\cftbeforepartskip=\skip97
\cftpartnumwidth=\skip98
\cftpartindent=\skip99
\cftbeforechapskip=\skip100
\cftchapindent=\skip101
\cftchapnumwidth=\skip102
\cftbeforesecskip=\skip103
\cftsecindent=\skip104
\cftsecnumwidth=\skip105
\cftbeforesubsecskip=\skip106
\cftsubsecindent=\skip107
\cftsubsecnumwidth=\skip108
\cftbeforesubsubsecskip=\skip109
\cftsubsubsecindent=\skip110
\cftsubsubsecnumwidth=\skip111
\cftbeforeparaskip=\skip112
\cftparaindent=\skip113
\cftparanumwidth=\skip114
\cftbeforesubparaskip=\skip115
\cftsubparaindent=\skip116
\cftsubparanumwidth=\skip117
\cftbeforeloftitleskip=\skip118
\cftafterloftitleskip=\skip119
\cftbeforefigskip=\skip120
\cftfigindent=\skip121
\cftfignumwidth=\skip122
\c@lofdepth=\count327
\c@lotdepth=\count328
\cftbeforelottitleskip=\skip123
\cftafterlottitleskip=\skip124
\cftbeforetabskip=\skip125
\cfttabindent=\skip126
\cfttabnumwidth=\skip127
)
\@indexfile=\write4
\openout4 = `refman.idx'.


Writing index file refman.idx
(c:/texlive/2023/texmf-dist/tex/latex/newunicodechar/newunicodechar.sty
Package: newunicodechar 2018/04/08 v1.2 Defining Unicode characters
)
(c:/texlive/2023/texmf-dist/tex/latex/hyperref/hyperref.sty
Package: hyperref 2023-11-26 v7.01g Hypertext links for LaTeX

(c:/texlive/2023/texmf-dist/tex/latex/kvsetkeys/kvsetkeys.sty
Package: kvsetkeys 2022-10-05 v1.19 Key value parser (HO)
)
(c:/texlive/2023/texmf-dist/tex/generic/kvdefinekeys/kvdefinekeys.sty
Package: kvdefinekeys 2019-12-19 v1.6 Define keys (HO)
)
(c:/texlive/2023/texmf-dist/tex/generic/pdfescape/pdfescape.sty
Package: pdfescape 2019/12/09 v1.15 Implements pdfTeX's escape features (HO)

(c:/texlive/2023/texmf-dist/tex/generic/ltxcmds/ltxcmds.sty
Package: ltxcmds 2023-12-04 v1.26 LaTeX kernel commands for general use (HO)
)
(c:/texlive/2023/texmf-dist/tex/generic/pdftexcmds/pdftexcmds.sty
Package: pdftexcmds 2020-06-27 v0.33 Utility functions of pdfTeX for LuaTeX (HO
)
Package pdftexcmds Info: \pdf@primitive is available.
Package pdftexcmds Info: \pdf@ifprimitive is available.
Package pdftexcmds Info: \pdfdraftmode found.
))
(c:/texlive/2023/texmf-dist/tex/latex/hycolor/hycolor.sty
Package: hycolor 2020-01-27 v1.10 Color options for hyperref/bookmark (HO)
)
(c:/texlive/2023/texmf-dist/tex/latex/letltxmacro/letltxmacro.sty
Package: letltxmacro 2019/12/03 v1.6 Let assignment for LaTeX macros (HO)
)
(c:/texlive/2023/texmf-dist/tex/latex/auxhook/auxhook.sty
Package: auxhook 2019-12-17 v1.6 Hooks for auxiliary files (HO)
)
(c:/texlive/2023/texmf-dist/tex/latex/hyperref/nameref.sty
Package: nameref 2023-11-26 v2.56 Cross-referencing by name of section

(c:/texlive/2023/texmf-dist/tex/latex/refcount/refcount.sty
Package: refcount 2019/12/15 v3.6 Data extraction from label references (HO)
)
(c:/texlive/2023/texmf-dist/tex/generic/gettitlestring/gettitlestring.sty
Package: gettitlestring 2019/12/15 v1.6 Cleanup title references (HO)

(c:/texlive/2023/texmf-dist/tex/latex/kvoptions/kvoptions.sty
Package: kvoptions 2022-06-15 v3.15 Key value format for package options (HO)
))
\c@section@level=\count329
)
\@linkdim=\dimen198
\Hy@linkcounter=\count330
\Hy@pagecounter=\count331

(c:/texlive/2023/texmf-dist/tex/latex/hyperref/pd1enc.def
File: pd1enc.def 2023-11-26 v7.01g Hyperref: PDFDocEncoding definition (HO)
Now handling font encoding PD1 ...
... no UTF-8 mapping file for font encoding PD1
)
\Hy@SavedSpaceFactor=\count332

(c:/texlive/2023/texmf-dist/tex/latex/hyperref/puenc.def
File: puenc.def 2023-11-26 v7.01g Hyperref: PDF Unicode definition (HO)
Now handling font encoding PU ...
... no UTF-8 mapping file for font encoding PU
)
Package hyperref Info: Hyper figures OFF on input line 4181.
Package hyperref Info: Link nesting OFF on input line 4186.
Package hyperref Info: Hyper index ON on input line 4189.
Package hyperref Info: Plain pages OFF on input line 4196.
Package hyperref Info: Backreferencing ON on input line 4199.
Package hyperref Info: Implicit mode ON; LaTeX internals redefined.
Package hyperref Info: Bookmarks ON on input line 4448.

(c:/texlive/2023/texmf-dist/tex/latex/hyperref/backref.sty
Package: backref 2023-11-26 v1.44 Bibliographical back referencing

(c:/texlive/2023/texmf-dist/tex/latex/rerunfilecheck/rerunfilecheck.sty
Package: rerunfilecheck 2022-07-10 v1.10 Rerun checks for auxiliary files (HO)

(c:/texlive/2023/texmf-dist/tex/latex/base/atveryend-ltx.sty
Package: atveryend-ltx 2020/08/19 v1.0a Emulation of the original atveryend pac
kage
with kernel methods
)
(c:/texlive/2023/texmf-dist/tex/generic/uniquecounter/uniquecounter.sty
Package: uniquecounter 2019/12/15 v1.4 Provide unlimited unique counter (HO)

(c:/texlive/2023/texmf-dist/tex/generic/bigintcalc/bigintcalc.sty
Package: bigintcalc 2019/12/15 v1.5 Expandable calculations on big integers (HO
)
))
Package uniquecounter Info: New unique counter `rerunfilecheck' on input line 2
85.
))
\c@Hy@tempcnt=\count333

(c:/texlive/2023/texmf-dist/tex/latex/url/url.sty
\Urlmuskip=\muskip16
Package: url 2013/09/16  ver 3.4  Verb mode for urls, etc.
)
LaTeX Info: Redefining \url on input line 4786.
\XeTeXLinkMargin=\dimen199

(c:/texlive/2023/texmf-dist/tex/generic/bitset/bitset.sty
Package: bitset 2019/12/09 v1.3 Handle bit-vector datatype (HO)
)
\Fld@menulength=\count334
\Field@Width=\dimen256
\Fld@charsize=\dimen257
Package hyperref Info: Hyper figures OFF on input line 6065.
Package hyperref Info: Link nesting OFF on input line 6070.
Package hyperref Info: Hyper index ON on input line 6073.
Package hyperref Info: backreferencing ON on input line 6078.
Package hyperref Info: Link coloring OFF on input line 6085.
Package hyperref Info: Link coloring with OCG OFF on input line 6090.
Package hyperref Info: PDF/A mode OFF on input line 6095.

(c:/texlive/2023/texmf-dist/tex/latex/base/atbegshi-ltx.sty
Package: atbegshi-ltx 2021/01/10 v1.0c Emulation of the original atbegshi
package with kernel methods
)
\Hy@abspage=\count335
\c@Item=\count336
\c@Hfootnote=\count337
)
Package hyperref Info: Driver: hpdftex.

(c:/texlive/2023/texmf-dist/tex/latex/hyperref/hpdftex.def
File: hpdftex.def 2023-11-26 v7.01g Hyperref driver for pdfTeX
\Fld@listcount=\count338
\c@bookmark@seq@number=\count339
\Hy@SectionHShift=\skip128
)
Package hyperref Info: Option `colorlinks' set `true' on input line 161.
Package hyperref Info: Option `unicode' set `true' on input line 161.

(c:/texlive/2023/texmf-dist/tex/latex/caption/caption.sty
Package: caption 2023/08/05 v3.6o Customizing captions (AR)

(c:/texlive/2023/texmf-dist/tex/latex/caption/caption3.sty
Package: caption3 2023/07/31 v2.4d caption3 kernel (AR)
\caption@tempdima=\dimen258
\captionmargin=\dimen259
\caption@leftmargin=\dimen260
\caption@rightmargin=\dimen261
\caption@width=\dimen262
\caption@indent=\dimen263
\caption@parindent=\dimen264
\caption@hangindent=\dimen265
Package caption Info: Standard document class detected.
)
\c@caption@flags=\count340
\c@continuedfloat=\count341
Package caption Info: changepage package is loaded.
\caption@adjustwidth@hsize=\dimen266
\caption@adjustwidth@linewidth=\dimen267
Package caption Info: float package is loaded.
Package caption Info: hyperref package is loaded.
Package caption Info: longtable package is loaded.

(c:/texlive/2023/texmf-dist/tex/latex/caption/ltcaption.sty
Package: ltcaption 2021/01/08 v1.4c longtable captions (AR)
))
(c:/texlive/2023/texmf-dist/tex/latex/etoc/etoc.sty
Package: etoc 2023/10/29 v1.2d Completely customisable TOCs (JFB)
\Etoc@toctoks=\toks36
\c@etoc@tocid=\count342
\etoc@framed@titlebox=\box121
\etoc@framed@contentsbox=\box122
)
LaTeX Font Info:    Trying to load font information for T1+phv on input line 18
3.

(c:/texlive/2023/texmf-dist/tex/latex/psnfss/t1phv.fd
File: t1phv.fd 2020/03/25 scalable font definitions for T1/phv.
)
LaTeX Font Info:    Font shape `T1/phv/m/n' will be
(Font)              scaled to size 8.99994pt on input line 183.

(c:/texlive/2023/texmf-dist/tex/latex/l3backend/l3backend-pdftex.def
File: l3backend-pdftex.def 2023-11-09 L3 backend support: PDF output (pdfTeX)
\l__color_backend_stack_int=\count343
\l__pdf_internal_box=\box123
)
(./refman.aux

LaTeX Warning: Label `_v_l53_l0_x_8h_aa2e9e03cdf06111f2b11e09e306760c4' multipl
y defined.


LaTeX Warning: Label `_v_l53_l0_x_8h_ae1a60036fb03564b63b0ec16677cc0a9' multipl
y defined.


LaTeX Warning: Label `_v_l53_l0_x_8h_a820e8fa7723077ffda211953f1243c37' multipl
y defined.


LaTeX Warning: Label `_v_l53_l0_x_8h_ae99d1a42cc4f2c921eeff9c69a866200' multipl
y defined.


LaTeX Warning: Label `_v_l53_l0_x_8h_aa788277256137dac0b82c0565140de54' multipl
y defined.


LaTeX Warning: Label `_v_l53_l0_x_8h_a821a6c8b87fa2723f5410928bf796e12' multipl
y defined.


LaTeX Warning: Label `_v_l53_l0_x_8h_a169be6dc1891aa49fddcc22fb7340db4' multipl
y defined.


LaTeX Warning: Label `_v_l53_l0_x_8h_a54b83b68e77225d34f98cb247b94adf3' multipl
y defined.


LaTeX Warning: Label `_v_l53_l0_x_8h_ac48f0c7483af856f9fe1783ab33b93a5' multipl
y defined.


LaTeX Warning: Label `_v_l53_l0_x_8h_a267ca5ee8d8b347b0956daf611339dc4' multipl
y defined.


LaTeX Warning: Label `_v_l53_l0_x_8h_ac6e3d1cd347360cb8928fcb4bd48e2d1' multipl
y defined.


LaTeX Warning: Label `_v_l53_l0_x_8h_a375bd2b4e8d7c3e8130f8758fc5b7fc3' multipl
y defined.


LaTeX Warning: Label `_v_l53_l0_x_8h_a296f98fd1eb5b788d4100d3b0a9a3727' multipl
y defined.


LaTeX Warning: Label `_v_l53_l0_x_8h_a0bad2a324b2ea2a5c7fcf555a5dac53d' multipl
y defined.


LaTeX Warning: Label `_v_l53_l0_x_8h_ac96f0353f6896b6a6c9bfeaa69da2214' multipl
y defined.


LaTeX Warning: Label `_v_l53_l0_x_8h_a6200cd477285263cdee2c0813d5673a6' multipl
y defined.


LaTeX Warning: Label `_v_l53_l0_x_8h_a8bec46444dd7f7b66f69a8ff573a0e7b' multipl
y defined.


LaTeX Warning: Label `_v_l53_l0_x_8h_a4bcc4d65d5299670fe82e115758583a5' multipl
y defined.


LaTeX Warning: Label `_v_l53_l0_x_8h_a132ff4b1e969e27e56e29ed916f2412c' multipl
y defined.


LaTeX Warning: Label `_v_l53_l0_x_8h_a66856ac71254a56880038bca04664b24' multipl
y defined.


LaTeX Warning: Label `_v_l53_l0_x_8h_a69e4db4503e4c0da0ff292682a2737b9' multipl
y defined.


LaTeX Warning: Label `_v_l53_l0_x_8h_a918118c0fdf1ea393e0a20e371310e9a' multipl
y defined.


LaTeX Warning: Label `_v_l53_l0_x_8h_a93889a4512c1bab706e6b2f145989da8' multipl
y defined.


LaTeX Warning: Label `_v_l53_l0_x_8h_ae3fcc6d82c746084b932c7ac125cbf8f' multipl
y defined.


LaTeX Warning: Label `_v_l53_l0_x_8h_a6637ed1d278711ab5553e98ff99aec57' multipl
y defined.


LaTeX Warning: Label `_v_l53_l0_x_8h_a1640fbe4a7b31d02b8d3b416921eb2ff' multipl
y defined.


LaTeX Warning: Label `_v_l53_l0_x_8h_a323906602ac50d67cd54019bf6befdb9' multipl
y defined.


LaTeX Warning: Label `_v_l53_l0_x_8h_a576ad3a7d21c21b25c4745c21df040e8' multipl
y defined.


LaTeX Warning: Label `_v_l53_l0_x_8h_a0c136a7040d79a926de866f5676df6f6' multipl
y defined.


LaTeX Warning: Label `_v_l53_l0_x_8h_aa4662894211ed1f810668d8c64a5616e' multipl
y defined.


LaTeX Warning: Label `_v_l53_l0_x_8h_ad655d862c529a55e17a20d401e7d967c' multipl
y defined.


LaTeX Warning: Label `_v_l53_l0_x_8h_a84179ae2a32adeb1c2df4f5336208d8a' multipl
y defined.


LaTeX Warning: Label `_v_l53_l0_x_8h_a8b8d1a3aac3d65ba4518ce14b0b58537' multipl
y defined.


LaTeX Warning: Label `_v_l53_l0_x_8h_af40e16604cc2cef5bc5bbed72000ae87' multipl
y defined.


LaTeX Warning: Label `_v_l53_l0_x_8h_a8c340bcd85cffaac810ee47a0241706c' multipl
y defined.


LaTeX Warning: Label `_v_l53_l0_x_8h_a6429722d22fe6ca66ef3d8470d066ceb' multipl
y defined.


LaTeX Warning: Label `_v_l53_l0_x_8h_a6d3e0fc7c392cea736c4114fa1233b4c' multipl
y defined.


LaTeX Warning: Label `_v_l53_l0_x_8h_a31c96b7ce1d07686e72a3b9642c3f4bc' multipl
y defined.


LaTeX Warning: Label `_v_l53_l0_x_8h_a74241935b17022399d0348e1c9b136f8' multipl
y defined.


LaTeX Warning: Label `_v_l53_l0_x_8h_a76b774b2c00ba9412c301d70f7050115' multipl
y defined.


LaTeX Warning: Label `_v_l53_l0_x_8h_a2e37298ac5ecbe7ca0900315e71e9375' multipl
y defined.


LaTeX Warning: Label `_v_l53_l0_x_8h_abe305ff4b6e18509568202e772bd4810' multipl
y defined.


LaTeX Warning: Label `_v_l53_l0_x_8h_aafa1b54eb9121c8a9f18ca154db8e6d4' multipl
y defined.


LaTeX Warning: Label `_v_l53_l0_x_8h_a8609aa80574602a7cbfb02d6ba9f9bae' multipl
y defined.

)
\openout1 = `refman.aux'.

LaTeX Font Info:    Checking defaults for OML/cmm/m/it on input line 183.
LaTeX Font Info:    ... okay on input line 183.
LaTeX Font Info:    Checking defaults for OMS/cmsy/m/n on input line 183.
LaTeX Font Info:    ... okay on input line 183.
LaTeX Font Info:    Checking defaults for OT1/cmr/m/n on input line 183.
LaTeX Font Info:    ... okay on input line 183.
LaTeX Font Info:    Checking defaults for T1/cmr/m/n on input line 183.
LaTeX Font Info:    ... okay on input line 183.
LaTeX Font Info:    Checking defaults for TS1/cmr/m/n on input line 183.
LaTeX Font Info:    ... okay on input line 183.
LaTeX Font Info:    Checking defaults for OMX/cmex/m/n on input line 183.
LaTeX Font Info:    ... okay on input line 183.
LaTeX Font Info:    Checking defaults for U/cmr/m/n on input line 183.
LaTeX Font Info:    ... okay on input line 183.
LaTeX Font Info:    Checking defaults for PD1/pdf/m/n on input line 183.
LaTeX Font Info:    ... okay on input line 183.
LaTeX Font Info:    Checking defaults for PU/pdf/m/n on input line 183.
LaTeX Font Info:    ... okay on input line 183.
 (c:/texlive/2023/texmf-dist/tex/context/base/mkii/supp-pdf.mkii
[Loading MPS to PDF converter (version 2006.09.02).]
\scratchcounter=\count344
\scratchdimen=\dimen268
\scratchbox=\box124
\nofMPsegments=\count345
\nofMParguments=\count346
\everyMPshowfont=\toks37
\MPscratchCnt=\count347
\MPscratchDim=\dimen269
\MPnumerator=\count348
\makeMPintoPDFobject=\count349
\everyMPtoPDFconversion=\toks38
) (c:/texlive/2023/texmf-dist/tex/latex/epstopdf-pkg/epstopdf-base.sty
Package: epstopdf-base 2020-01-24 v2.11 Base part for package epstopdf
Package epstopdf-base Info: Redefining graphics rule for `.eps' on input line 4
85.

(c:/texlive/2023/texmf-dist/tex/latex/latexconfig/epstopdf-sys.cfg
File: epstopdf-sys.cfg 2010/07/13 v1.3 Configuration of (r)epstopdf for TeX Liv
e
))
*geometry* driver: auto-detecting
*geometry* detected driver: pdftex
*geometry* verbose mode - [ preamble ] result:
* driver: pdftex
* paper: a4paper
* layout: <same size as paper>
* layoutoffset:(h,v)=(0.0pt,0.0pt)
* modes: twoside 
* h-part:(L,W,R)=(71.13188pt, 455.24411pt, 71.13188pt)
* v-part:(T,H,B)=(71.13188pt, 702.78308pt, 71.13188pt)
* \paperwidth=597.50787pt
* \paperheight=845.04684pt
* \textwidth=455.24411pt
* \textheight=702.78308pt
* \oddsidemargin=-1.1381pt
* \evensidemargin=-1.1381pt
* \topmargin=-31.2056pt
* \headheight=12.0pt
* \headsep=18.06749pt
* \topskip=10.0pt
* \footskip=25.29494pt
* \marginparwidth=125.0pt
* \marginparsep=7.0pt
* \columnsep=10.0pt
* \skip\footins=9.0pt plus 4.0pt minus 2.0pt
* \hoffset=0.0pt
* \voffset=0.0pt
* \mag=1000
* \@twocolumnfalse
* \@twosidetrue
* \@mparswitchtrue
* \@reversemarginfalse
* (1in=72.27pt=25.4mm, 1cm=28.453pt)

Package backref Info: ** backref set up for natbib ** on input line 183.
Package hyperref Info: Link coloring ON on input line 183.
(./refman.out) (./refman.out)
\@outlinefile=\write5
\openout5 = `refman.out'.

Package caption Info: Begin \AtBeginDocument code.
Package caption Info: End \AtBeginDocument code.
\Etoc@tf=\read4
Package hyperref Info: Option `pageanchor' set `false' on input line 191.
Package hyperref Info: Option `bookmarksnumbered' set `true' on input line 191.

Package hyperref Info: Option `unicode' set `true' on input line 191.
LaTeX Font Info:    Font shape `T1/phv/m/n' will be
(Font)              scaled to size 12.9599pt on input line 196.
LaTeX Font Info:    Font shape `T1/phv/m/n' will be
(Font)              scaled to size 6.29996pt on input line 196.
LaTeX Font Info:    Trying to load font information for U+msa on input line 196
.

(c:/texlive/2023/texmf-dist/tex/latex/amsfonts/umsa.fd
File: umsa.fd 2013/01/14 v3.01 AMS symbols A
)
LaTeX Font Info:    Trying to load font information for U+msb on input line 196
.

(c:/texlive/2023/texmf-dist/tex/latex/amsfonts/umsb.fd
File: umsb.fd 2013/01/14 v3.01 AMS symbols B
)
LaTeX Font Info:    Trying to load font information for U+wasy on input line 19
6.

(c:/texlive/2023/texmf-dist/tex/latex/wasysym/uwasy.fd
File: uwasy.fd 2020/01/19 v2.4 Wasy-2 symbol font definitions
)
LaTeX Font Info:    Font shape `T1/phv/m/n' will be
(Font)              scaled to size 10.79993pt on input line 198.
 [1


{c:/texlive/2023/texmf-var/fonts/map/pdftex/updmap/pdftex.map}{c:/texlive/2023/
texmf-dist/fonts/enc/dvips/base/8r.enc}] [2

]
\tf@toc=\write6
\openout6 = `refman.toc'.

LaTeX Font Info:    Font shape `T1/phv/b/n' will be
(Font)              scaled to size 8.99994pt on input line 204.
LaTeX Font Info:    Font shape `T1/phv/b/n' will be
(Font)              scaled to size 6.29996pt on input line 204.
 [1]
Underfull \hbox (badness 10000) in paragraph at lines 204--204
 [][] [][]\T1/phv/m/n/10 5.8 C[]:/[]Users/[]Administrator/[]Documents/[]Git[]Hu
b/[]ENIB[]_[][]Robot[]_[][]Mobile[]_[][]Ros2/[]WORKSPACE[]_[][]F411[]_[]u[] 
 []

[2]
Underfull \hbox (badness 10000) in paragraph at lines 204--204
 [][] [][]\T1/phv/m/n/10 5.10 C[]:/[]Users/[]Administrator/[]Documents/[]Git[]H
ub/[]ENIB[]_[][]Robot[]_[][]Mobile[]_[][]Ros2/[]WORKSPACE[]_[][]F411[]_[]u[] 
 []


Underfull \hbox (badness 10000) in paragraph at lines 204--204
 [][] [][]\T1/phv/m/n/10 5.14 C[]:/[]Users/[]Administrator/[]Documents/[]Git[]H
ub/[]ENIB[]_[][]Robot[]_[][]Mobile[]_[][]Ros2/[]WORKSPACE[]_[][]F411[]_[]u[] 
 []

[3]
Underfull \hbox (badness 10000) in paragraph at lines 204--204
 [][] [][]\T1/phv/m/n/10 5.17 C[]:/[]Users/[]Administrator/[]Documents/[]Git[]H
ub/[]ENIB[]_[][]Robot[]_[][]Mobile[]_[][]Ros2/[]WORKSPACE[]_[][]F411[]_[]u[] 
 []


Underfull \hbox (badness 10000) in paragraph at lines 204--204
 [][] [][]\T1/phv/m/n/10 5.21 C[]:/[]Users/[]Administrator/[]Documents/[]Git[]H
ub/[]ENIB[]_[][]Robot[]_[][]Mobile[]_[][]Ros2/[]WORKSPACE[]_[][]F411[]_[]u[] 
 []

LaTeX Font Info:    Font shape `T1/phv/m/n' will be
(Font)              scaled to size 7.19995pt on input line 204.
LaTeX Font Info:    Trying to load font information for T1+pcr on input line 20
4.
(c:/texlive/2023/texmf-dist/tex/latex/psnfss/t1pcr.fd
File: t1pcr.fd 2001/06/04 font definitions for T1/pcr.
) [4] [5] [6] [7]
Underfull \hbox (badness 10000) in paragraph at lines 204--204
 [][] [][]\T1/phv/m/n/10 5.30 C[]:/[]Users/[]Administrator/[]Documents/[]Git[]H
ub/[]ENIB[]_[][]Robot[]_[][]Mobile[]_[][]Ros2/[]WORKSPACE[]_[][]F411[]_[]u[] 
 []

[8] [9]
Underfull \hbox (badness 10000) in paragraph at lines 204--204
 [][] [][]\T1/phv/m/n/10 5.32 C[]:/[]Users/[]Administrator/[]Documents/[]Git[]H
ub/[]ENIB[]_[][]Robot[]_[][]Mobile[]_[][]Ros2/[]WORKSPACE[]_[][]F411[]_[]u[] 
 []


Underfull \hbox (badness 10000) in paragraph at lines 204--204
 [][] [][]\T1/phv/m/n/10 5.38 C[]:/[]Users/[]Administrator/[]Documents/[]Git[]H
ub/[]ENIB[]_[][]Robot[]_[][]Mobile[]_[][]Ros2/[]WORKSPACE[]_[][]F411[]_[]u[] 
 []


Underfull \hbox (badness 10000) in paragraph at lines 204--204
 [][] [][]\T1/phv/m/n/10 5.41 C[]:/[]Users/[]Administrator/[]Documents/[]Git[]H
ub/[]ENIB[]_[][]Robot[]_[][]Mobile[]_[][]Ros2/[]WORKSPACE[]_[][]F411[]_[]u[] 
 []

[10]
Underfull \hbox (badness 10000) in paragraph at lines 204--204
 [][] [][]\T1/phv/m/n/10 5.44 C[]:/[]Users/[]Administrator/[]Documents/[]Git[]H
ub/[]ENIB[]_[][]Robot[]_[][]Mobile[]_[][]Ros2/[]WORKSPACE[]_[][]F411[]_[]u[] 
 []


Underfull \hbox (badness 10000) in paragraph at lines 204--204
 [][] [][]\T1/phv/m/n/10 5.46 C[]:/[]Users/[]Administrator/[]Documents/[]Git[]H
ub/[]ENIB[]_[][]Robot[]_[][]Mobile[]_[][]Ros2/[]WORKSPACE[]_[][]F411[]_[]u[] 
 []

[11]
Underfull \hbox (badness 10000) in paragraph at lines 204--204
 [][] [][]\T1/phv/m/n/10 5.50 C[]:/[]Users/[]Administrator/[]Documents/[]Git[]H
ub/[]ENIB[]_[][]Robot[]_[][]Mobile[]_[][]Ros2/[]WORKSPACE[]_[][]F411[]_[]u[] 
 []

[12]
Package hyperref Info: Option `pageanchor' set `true' on input line 207.
 (./index.tex
Chapter 1.
LaTeX Font Info:    Font shape `T1/phv/m/n' will be
(Font)              scaled to size 18.66588pt on input line 1.
LaTeX Font Info:    Font shape `T1/phv/b/n' will be
(Font)              scaled to size 18.66588pt on input line 1.
LaTeX Font Info:    Font shape `T1/phv/b/n' will be
(Font)              scaled to size 22.39185pt on input line 1.
LaTeX Font Info:    Font shape `T1/phv/b/n' will be
(Font)              scaled to size 12.9599pt on input line 3.
LaTeX Font Info:    Trying to load font information for TS1+phv on input line 1
0.
(c:/texlive/2023/texmf-dist/tex/latex/psnfss/ts1phv.fd
File: ts1phv.fd 2020/03/25 scalable font definitions for TS1/phv.
)
LaTeX Font Info:    Font shape `TS1/phv/m/n' will be
(Font)              scaled to size 8.99994pt on input line 10.
LaTeX Font Info:    Font shape `T1/phv/b/n' will be
(Font)              scaled to size 10.79993pt on input line 21.
 [1


]
LaTeX Font Info:    Font shape `T1/phv/bc/n' will be
(Font)              scaled to size 8.99994pt on input line 23.

Underfull \hbox (badness 10000) detected at line 23
[][][]
 []


Underfull \hbox (badness 10000) detected at line 26
[][][]
 []

) [2]
Chapter 2.
(./annotated.tex) [3

] [4

]
Chapter 3.
(./files.tex
Overfull \hbox (92.37648pt too wide) in paragraph at lines 14--14
 \T1/phv/m/n/10 for this code [][] \T1/pcr/m/n/10 https[]://github.[]com/cnovie
llo/mastering-stm32/blob/master/nucleo-f030[] 
 []

[5]
Overfull \hbox (92.37648pt too wide) in paragraph at lines 33--33
 \T1/phv/m/n/10 for this code [][] \T1/pcr/m/n/10 https[]://github.[]com/cnovie
llo/mastering-stm32/blob/master/nucleo-f030[] 
 []

[6]) [7] [8

]
Chapter 4.
(./struct_a_message.tex
Underfull \hbox (badness 10000) in paragraph at lines 44--44
[]\T1/phv/m/n/10 C[]:/[]Users/[]Administrator/[]Documents/[]Git[]Hub/[]ENIB[]_[
][]Robot[]_[][]Mobile[]_[][]Ros2/[]WORKSPACE[]_[][]F411[]_[]u[]ROS6/base[]
 []

) (./struct_micro_ros_pub_msg.tex [9]
Underfull \hbox (badness 10000) in paragraph at lines 56--56
[]\T1/phv/m/n/10 C[]:/[]Users/[]Administrator/[]Documents/[]Git[]Hub/[]ENIB[]_[
][]Robot[]_[][]Mobile[]_[][]Ros2/[]WORKSPACE[]_[][]F411[]_[]u[]ROS6/base[]
 []

) (./struct_micro_ros_sub_msg.tex [10]
Underfull \hbox (badness 10000) in paragraph at lines 80--80
[]\T1/phv/m/n/10 C[]:/[]Users/[]Administrator/[]Documents/[]Git[]Hub/[]ENIB[]_[
][]Robot[]_[][]Mobile[]_[][]Ros2/[]WORKSPACE[]_[][]F411[]_[]u[]ROS6/base[]
 []

) (./struct_sequence_step_enables.tex [11]
Underfull \hbox (badness 10000) in paragraph at lines 80--80
[]\T1/phv/m/n/10 C[]:/[]Users/[]Administrator/[]Documents/[]Git[]Hub/[]ENIB[]_[
][]Robot[]_[][]Mobile[]_[][]Ros2/[]WORKSPACE[]_[][]F411[]_[]u[]ROS6/base[]
 []

[12]) (./struct_sequence_step_timeouts.tex [13]
Underfull \hbox (badness 10000) in paragraph at lines 116--116
[]\T1/phv/m/n/10 C[]:/[]Users/[]Administrator/[]Documents/[]Git[]Hub/[]ENIB[]_[
][]Robot[]_[][]Mobile[]_[][]Ros2/[]WORKSPACE[]_[][]F411[]_[]u[]ROS6/base[]
 []

) (./structstat_info__t.tex [14]
Underfull \hbox (badness 10000) in paragraph at lines 80--80
[]\T1/phv/m/n/10 C[]:/[]Users/[]Administrator/[]Documents/[]Git[]Hub/[]ENIB[]_[
][]Robot[]_[][]Mobile[]_[][]Ros2/[]WORKSPACE[]_[][]F411[]_[]u[]ROS6/base[]
 []

) [15] [16

]
Chapter 5.
(./capt_dist_i_r_8h_source.tex) (./config_8h_source.tex [17])
(./drv__gpio_8h_source.tex) (./drv__i2c_8h_source.tex)
(./drv__uart_8h_source.tex [18]) (./_free_r_t_o_s_config_8h_source.tex [19]
[20]) (./grove_l_c_d_8h_source.tex [21]) (./main_8h.tex
Underfull \hbox (badness 10000) in paragraph at lines 8--31

 []

[22]

Package fancyhdr Warning: \headheight is too small (12.0pt): 
(fancyhdr)                Make it at least 22.16548pt, for example:
(fancyhdr)                \setlength{\headheight}{22.16548pt}.
(fancyhdr)                You might also make \topmargin smaller to compensate:

(fancyhdr)                \addtolength{\topmargin}{-10.16548pt}.

[23] [24]
LaTeX Font Info:    Font shape `T1/pcr/m/it' in size <8> not available
(Font)              Font shape `T1/pcr/m/sl' tried instead on input line 254.


Package fancyhdr Warning: \headheight is too small (12.0pt): 
(fancyhdr)                Make it at least 22.16548pt, for example:
(fancyhdr)                \setlength{\headheight}{22.16548pt}.
(fancyhdr)                You might also make \topmargin smaller to compensate:

(fancyhdr)                \addtolength{\topmargin}{-10.16548pt}.

[25]
LaTeX Font Info:    Font shape `T1/phv/m/it' in size <7> not available
(Font)              Font shape `T1/phv/m/sl' tried instead on input line 327.
LaTeX Font Info:    Font shape `T1/phv/m/sl' will be
(Font)              scaled to size 6.29996pt on input line 327.
 [26]
LaTeX Font Info:    Font shape `T1/pcr/m/it' in size <7> not available
(Font)              Font shape `T1/pcr/m/sl' tried instead on input line 374.


Package fancyhdr Warning: \headheight is too small (12.0pt): 
(fancyhdr)                Make it at least 22.16548pt, for example:
(fancyhdr)                \setlength{\headheight}{22.16548pt}.
(fancyhdr)                You might also make \topmargin smaller to compensate:

(fancyhdr)                \addtolength{\topmargin}{-10.16548pt}.

[27] [28]) (./main_8h_source.tex

Package fancyhdr Warning: \headheight is too small (12.0pt): 
(fancyhdr)                Make it at least 22.16548pt, for example:
(fancyhdr)                \setlength{\headheight}{22.16548pt}.
(fancyhdr)                You might also make \topmargin smaller to compensate:

(fancyhdr)                \addtolength{\topmargin}{-10.16548pt}.

[29] [30]) (./micro_r_o_s_8h.tex
Underfull \hbox (badness 10000) in paragraph at lines 8--9

 []


Package fancyhdr Warning: \headheight is too small (12.0pt): 
(fancyhdr)                Make it at least 22.16548pt, for example:
(fancyhdr)                \setlength{\headheight}{22.16548pt}.
(fancyhdr)                You might also make \topmargin smaller to compensate:

(fancyhdr)                \addtolength{\topmargin}{-10.16548pt}.

[31] [32]

Package fancyhdr Warning: \headheight is too small (12.0pt): 
(fancyhdr)                Make it at least 22.16548pt, for example:
(fancyhdr)                \setlength{\headheight}{22.16548pt}.
(fancyhdr)                You might also make \topmargin smaller to compensate:

(fancyhdr)                \addtolength{\topmargin}{-10.16548pt}.

[33]) (./micro_r_o_s_8h_source.tex [34]) (./motor_command_8h_source.tex)
(./quad_encoder_8h_source.tex) (./retarget_8h.tex
Underfull \hbox (badness 10000) in paragraph at lines 5--6
\T1/phv/m/n/10 code [][] \T1/pcr/m/n/10 https[]://github.[]com/cnoviello/master
ing-stm32/blob/master/nucleo-f030[]
 []


Underfull \hbox (badness 10000) in paragraph at lines 8--10

 []

[35]
Underfull \hbox (badness 10000) in paragraph at lines 34--35
\T1/phv/m/n/10 code [][] \T1/pcr/m/n/10 https[]://github.[]com/cnoviello/master
ing-stm32/blob/master/nucleo-f030[]
 []

[36]

Package fancyhdr Warning: \headheight is too small (12.0pt): 
(fancyhdr)                Make it at least 22.16548pt, for example:
(fancyhdr)                \setlength{\headheight}{22.16548pt}.
(fancyhdr)                You might also make \topmargin smaller to compensate:

(fancyhdr)                \addtolength{\topmargin}{-10.16548pt}.

[37]) (./retarget_8h_source.tex) (./stm32f4xx__hal__conf_8h_source.tex [38]
[39] [40] [41] [42]) (./stm32f4xx__it_8h.tex
LaTeX Font Info:    Font shape `T1/phv/m/n' will be
(Font)              scaled to size 8.09995pt on input line 20.
LaTeX Font Info:    Font shape `T1/phv/m/it' in size <9> not available
(Font)              Font shape `T1/phv/m/sl' tried instead on input line 20.
LaTeX Font Info:    Font shape `T1/phv/m/sl' will be
(Font)              scaled to size 8.09995pt on input line 20.

Underfull \hbox (badness 10000) detected at line 43
[][][]
 []


Package fancyhdr Warning: \headheight is too small (12.0pt): 
(fancyhdr)                Make it at least 22.16548pt, for example:
(fancyhdr)                \setlength{\headheight}{22.16548pt}.
(fancyhdr)                You might also make \topmargin smaller to compensate:

(fancyhdr)                \addtolength{\topmargin}{-10.16548pt}.

[43] [44]) (./stm32f4xx__it_8h_source.tex

Package fancyhdr Warning: \headheight is too small (12.0pt): 
(fancyhdr)                Make it at least 22.16548pt, for example:
(fancyhdr)                \setlength{\headheight}{22.16548pt}.
(fancyhdr)                You might also make \topmargin smaller to compensate:

(fancyhdr)                \addtolength{\topmargin}{-10.16548pt}.

[45]) (./systemclock_8h_source.tex [46]) (./util_8h_source.tex)
(./_v_l53_l0_x_8h.tex [47] [48]

Package fancyhdr Warning: \headheight is too small (12.0pt): 
(fancyhdr)                Make it at least 22.16548pt, for example:
(fancyhdr)                \setlength{\headheight}{22.16548pt}.
(fancyhdr)                You might also make \topmargin smaller to compensate:

(fancyhdr)                \addtolength{\topmargin}{-10.16548pt}.

[49]
LaTeX Font Info:    Font shape `T1/phv/b/n' will be
(Font)              scaled to size 7.19995pt on input line 363.
 [50]
Underfull \hbox (badness 10000) in paragraph at lines 424--425
|   \T1/pcr/m/sl/8 vcsel[]_[]period[]_[]pclks \T1/pcr/m/n/8 ) ((((uint32[]_[]t)
2304 $\OMS/cmsy/m/n/8 ^^C$ \T1/pcr/m/n/8 (vcsel[]_[]period[]_[]pclks) $\OMS/cms
y/m/n/8 ^^C$ \T1/pcr/m/n/8 1655) + 500) /
 []


Underfull \hbox (badness 10000) in paragraph at lines 434--435
\T1/pcr/m/n/8 #define check[]Timeout[]Expired( ) (g[]_[]io[]Timeout $\OML/cmm/m
/it/8 >$ \T1/pcr/m/n/8 0 && ((uint16[]_[]t)millis() - g[]_[]timeout[]Start[]Ms)
 $\OML/cmm/m/it/8 >$
 []


Package fancyhdr Warning: \headheight is too small (12.0pt): 
(fancyhdr)                Make it at least 22.16548pt, for example:
(fancyhdr)                \setlength{\headheight}{22.16548pt}.
(fancyhdr)                You might also make \topmargin smaller to compensate:

(fancyhdr)                \addtolength{\topmargin}{-10.16548pt}.

[51
pdfTeX warning (ext4): destination with the same identifier (name{_v_l53_l0_x_8
h_aa2e9e03cdf06111f2b11e09e306760c4}) has been already used, duplicate ignored
<argument> ...shipout:D \box_use:N \l_shipout_box 
                                                  \__shipout_drop_firstpage_...
l.453 \doxysubsubsection
                        {\texorpdfstring{CROSSTALK\_COMPENSATION\_PEAK\_RATE...

pdfTeX warning (ext4): destination with the same identifier (name{_v_l53_l0_x_8
h_ae1a60036fb03564b63b0ec16677cc0a9}) has been already used, duplicate ignored
<argument> ...shipout:D \box_use:N \l_shipout_box 
                                                  \__shipout_drop_firstpage_...
l.453 \doxysubsubsection
                        {\texorpdfstring{CROSSTALK\_COMPENSATION\_PEAK\_RATE...

pdfTeX warning (ext4): destination with the same identifier (name{_v_l53_l0_x_8
h_a820e8fa7723077ffda211953f1243c37}) has been already used, duplicate ignored
<argument> ...shipout:D \box_use:N \l_shipout_box 
                                                  \__shipout_drop_firstpage_...
l.453 \doxysubsubsection
                        {\texorpdfstring{CROSSTALK\_COMPENSATION\_PEAK\_RATE...
] [52
pdfTeX warning (ext4): destination with the same identifier (name{_v_l53_l0_x_8
h_ae99d1a42cc4f2c921eeff9c69a866200}) has been already used, duplicate ignored
<argument> ...shipout:D \box_use:N \l_shipout_box 
                                                  \__shipout_drop_firstpage_...
l.515 
      
pdfTeX warning (ext4): destination with the same identifier (name{_v_l53_l0_x_8
h_aa788277256137dac0b82c0565140de54}) has been already used, duplicate ignored
<argument> ...shipout:D \box_use:N \l_shipout_box 
                                                  \__shipout_drop_firstpage_...
l.515 
      ]

Package fancyhdr Warning: \headheight is too small (12.0pt): 
(fancyhdr)                Make it at least 22.16548pt, for example:
(fancyhdr)                \setlength{\headheight}{22.16548pt}.
(fancyhdr)                You might also make \topmargin smaller to compensate:

(fancyhdr)                \addtolength{\topmargin}{-10.16548pt}.

[53
pdfTeX warning (ext4): destination with the same identifier (name{_v_l53_l0_x_8
h_a821a6c8b87fa2723f5410928bf796e12}) has been already used, duplicate ignored
<argument> ...shipout:D \box_use:N \l_shipout_box 
                                                  \__shipout_drop_firstpage_...
l.598 D
       efinition at line \mbox{\hyperlink{_v_l53_l0_x_8h_source_l00071}{71}}...

pdfTeX warning (ext4): destination with the same identifier (name{_v_l53_l0_x_8
h_a169be6dc1891aa49fddcc22fb7340db4}) has been already used, duplicate ignored
<argument> ...shipout:D \box_use:N \l_shipout_box 
                                                  \__shipout_drop_firstpage_...
l.598 D
       efinition at line \mbox{\hyperlink{_v_l53_l0_x_8h_source_l00071}{71}}...

pdfTeX warning (ext4): destination with the same identifier (name{_v_l53_l0_x_8
h_a54b83b68e77225d34f98cb247b94adf3}) has been already used, duplicate ignored
<argument> ...shipout:D \box_use:N \l_shipout_box 
                                                  \__shipout_drop_firstpage_...
l.598 D
       efinition at line \mbox{\hyperlink{_v_l53_l0_x_8h_source_l00071}{71}}...
] [54
pdfTeX warning (ext4): destination with the same identifier (name{_v_l53_l0_x_8
h_ac48f0c7483af856f9fe1783ab33b93a5}) has been already used, duplicate ignored
<argument> ...shipout:D \box_use:N \l_shipout_box 
                                                  \__shipout_drop_firstpage_...
l.668 D
       efinition at line \mbox{\hyperlink{_v_l53_l0_x_8h_source_l00069}{69}}...

pdfTeX warning (ext4): destination with the same identifier (name{_v_l53_l0_x_8
h_a267ca5ee8d8b347b0956daf611339dc4}) has been already used, duplicate ignored
<argument> ...shipout:D \box_use:N \l_shipout_box 
                                                  \__shipout_drop_firstpage_...
l.668 D
       efinition at line \mbox{\hyperlink{_v_l53_l0_x_8h_source_l00069}{69}}...

pdfTeX warning (ext4): destination with the same identifier (name{_v_l53_l0_x_8
h_ac6e3d1cd347360cb8928fcb4bd48e2d1}) has been already used, duplicate ignored
<argument> ...shipout:D \box_use:N \l_shipout_box 
                                                  \__shipout_drop_firstpage_...
l.668 D
       efinition at line \mbox{\hyperlink{_v_l53_l0_x_8h_source_l00069}{69}}...

pdfTeX warning (ext4): destination with the same identifier (name{_v_l53_l0_x_8
h_a375bd2b4e8d7c3e8130f8758fc5b7fc3}) has been already used, duplicate ignored
<argument> ...shipout:D \box_use:N \l_shipout_box 
                                                  \__shipout_drop_firstpage_...
l.668 D
       efinition at line \mbox{\hyperlink{_v_l53_l0_x_8h_source_l00069}{69}}...
]

Package fancyhdr Warning: \headheight is too small (12.0pt): 
(fancyhdr)                Make it at least 22.16548pt, for example:
(fancyhdr)                \setlength{\headheight}{22.16548pt}.
(fancyhdr)                You might also make \topmargin smaller to compensate:

(fancyhdr)                \addtolength{\topmargin}{-10.16548pt}.

[55
pdfTeX warning (ext4): destination with the same identifier (name{_v_l53_l0_x_8
h_a296f98fd1eb5b788d4100d3b0a9a3727}) has been already used, duplicate ignored
<argument> ...shipout:D \box_use:N \l_shipout_box 
                                                  \__shipout_drop_firstpage_...
l.748 D
       efinition at line \mbox{\hyperlink{_v_l53_l0_x_8h_source_l00079}{79}}...

pdfTeX warning (ext4): destination with the same identifier (name{_v_l53_l0_x_8
h_a0bad2a324b2ea2a5c7fcf555a5dac53d}) has been already used, duplicate ignored
<argument> ...shipout:D \box_use:N \l_shipout_box 
                                                  \__shipout_drop_firstpage_...
l.748 D
       efinition at line \mbox{\hyperlink{_v_l53_l0_x_8h_source_l00079}{79}}...
] [56]

Package fancyhdr Warning: \headheight is too small (12.0pt): 
(fancyhdr)                Make it at least 22.16548pt, for example:
(fancyhdr)                \setlength{\headheight}{22.16548pt}.
(fancyhdr)                You might also make \topmargin smaller to compensate:

(fancyhdr)                \addtolength{\topmargin}{-10.16548pt}.

[57
pdfTeX warning (ext4): destination with the same identifier (name{_v_l53_l0_x_8
h_ac96f0353f6896b6a6c9bfeaa69da2214}) has been already used, duplicate ignored
<argument> ...shipout:D \box_use:N \l_shipout_box 
                                                  \__shipout_drop_firstpage_...
l.908 D
       efinition at line \mbox{\hyperlink{_v_l53_l0_x_8h_source_l00147}{147}...

pdfTeX warning (ext4): destination with the same identifier (name{_v_l53_l0_x_8
h_a6200cd477285263cdee2c0813d5673a6}) has been already used, duplicate ignored
<argument> ...shipout:D \box_use:N \l_shipout_box 
                                                  \__shipout_drop_firstpage_...
l.908 D
       efinition at line \mbox{\hyperlink{_v_l53_l0_x_8h_source_l00147}{147}...

pdfTeX warning (ext4): destination with the same identifier (name{_v_l53_l0_x_8
h_a8bec46444dd7f7b66f69a8ff573a0e7b}) has been already used, duplicate ignored
<argument> ...shipout:D \box_use:N \l_shipout_box 
                                                  \__shipout_drop_firstpage_...
l.908 D
       efinition at line \mbox{\hyperlink{_v_l53_l0_x_8h_source_l00147}{147}...
] [58
pdfTeX warning (ext4): destination with the same identifier (name{_v_l53_l0_x_8
h_a4bcc4d65d5299670fe82e115758583a5}) has been already used, duplicate ignored
<argument> ...shipout:D \box_use:N \l_shipout_box 
                                                  \__shipout_drop_firstpage_...
l.988 D
       efinition at line \mbox{\hyperlink{_v_l53_l0_x_8h_source_l00150}{150}...
]

Package fancyhdr Warning: \headheight is too small (12.0pt): 
(fancyhdr)                Make it at least 22.16548pt, for example:
(fancyhdr)                \setlength{\headheight}{22.16548pt}.
(fancyhdr)                You might also make \topmargin smaller to compensate:

(fancyhdr)                \addtolength{\topmargin}{-10.16548pt}.

[59
pdfTeX warning (ext4): destination with the same identifier (name{_v_l53_l0_x_8
h_a132ff4b1e969e27e56e29ed916f2412c}) has been already used, duplicate ignored
<argument> ...shipout:D \box_use:N \l_shipout_box 
                                                  \__shipout_drop_firstpage_...
l.1068 D
        efinition at line \mbox{\hyperlink{_v_l53_l0_x_8h_source_l00055}{55}...

pdfTeX warning (ext4): destination with the same identifier (name{_v_l53_l0_x_8
h_a66856ac71254a56880038bca04664b24}) has been already used, duplicate ignored
<argument> ...shipout:D \box_use:N \l_shipout_box 
                                                  \__shipout_drop_firstpage_...
l.1068 D
        efinition at line \mbox{\hyperlink{_v_l53_l0_x_8h_source_l00055}{55}...

pdfTeX warning (ext4): destination with the same identifier (name{_v_l53_l0_x_8
h_a69e4db4503e4c0da0ff292682a2737b9}) has been already used, duplicate ignored
<argument> ...shipout:D \box_use:N \l_shipout_box 
                                                  \__shipout_drop_firstpage_...
l.1068 D
        efinition at line \mbox{\hyperlink{_v_l53_l0_x_8h_source_l00055}{55}...

pdfTeX warning (ext4): destination with the same identifier (name{_v_l53_l0_x_8
h_a918118c0fdf1ea393e0a20e371310e9a}) has been already used, duplicate ignored
<argument> ...shipout:D \box_use:N \l_shipout_box 
                                                  \__shipout_drop_firstpage_...
l.1068 D
        efinition at line \mbox{\hyperlink{_v_l53_l0_x_8h_source_l00055}{55}...
] [60
pdfTeX warning (ext4): destination with the same identifier (name{_v_l53_l0_x_8
h_a93889a4512c1bab706e6b2f145989da8}) has been already used, duplicate ignored
<argument> ...shipout:D \box_use:N \l_shipout_box 
                                                  \__shipout_drop_firstpage_...
l.1148 D
        efinition at line \mbox{\hyperlink{_v_l53_l0_x_8h_source_l00045}{45}...

pdfTeX warning (ext4): destination with the same identifier (name{_v_l53_l0_x_8
h_ae3fcc6d82c746084b932c7ac125cbf8f}) has been already used, duplicate ignored
<argument> ...shipout:D \box_use:N \l_shipout_box 
                                                  \__shipout_drop_firstpage_...
l.1148 D
        efinition at line \mbox{\hyperlink{_v_l53_l0_x_8h_source_l00045}{45}...

pdfTeX warning (ext4): destination with the same identifier (name{_v_l53_l0_x_8
h_a6637ed1d278711ab5553e98ff99aec57}) has been already used, duplicate ignored
<argument> ...shipout:D \box_use:N \l_shipout_box 
                                                  \__shipout_drop_firstpage_...
l.1148 D
        efinition at line \mbox{\hyperlink{_v_l53_l0_x_8h_source_l00045}{45}...

pdfTeX warning (ext4): destination with the same identifier (name{_v_l53_l0_x_8
h_a1640fbe4a7b31d02b8d3b416921eb2ff}) has been already used, duplicate ignored
<argument> ...shipout:D \box_use:N \l_shipout_box 
                                                  \__shipout_drop_firstpage_...
l.1148 D
        efinition at line \mbox{\hyperlink{_v_l53_l0_x_8h_source_l00045}{45}...
]

Package fancyhdr Warning: \headheight is too small (12.0pt): 
(fancyhdr)                Make it at least 22.16548pt, for example:
(fancyhdr)                \setlength{\headheight}{22.16548pt}.
(fancyhdr)                You might also make \topmargin smaller to compensate:

(fancyhdr)                \addtolength{\topmargin}{-10.16548pt}.

[61
pdfTeX warning (ext4): destination with the same identifier (name{_v_l53_l0_x_8
h_a323906602ac50d67cd54019bf6befdb9}) has been already used, duplicate ignored
<argument> ...shipout:D \box_use:N \l_shipout_box 
                                                  \__shipout_drop_firstpage_...
l.1228 D
        efinition at line \mbox{\hyperlink{_v_l53_l0_x_8h_source_l00033}{33}...

pdfTeX warning (ext4): destination with the same identifier (name{_v_l53_l0_x_8
h_a576ad3a7d21c21b25c4745c21df040e8}) has been already used, duplicate ignored
<argument> ...shipout:D \box_use:N \l_shipout_box 
                                                  \__shipout_drop_firstpage_...
l.1228 D
        efinition at line \mbox{\hyperlink{_v_l53_l0_x_8h_source_l00033}{33}...

pdfTeX warning (ext4): destination with the same identifier (name{_v_l53_l0_x_8
h_a0c136a7040d79a926de866f5676df6f6}) has been already used, duplicate ignored
<argument> ...shipout:D \box_use:N \l_shipout_box 
                                                  \__shipout_drop_firstpage_...
l.1228 D
        efinition at line \mbox{\hyperlink{_v_l53_l0_x_8h_source_l00033}{33}...

pdfTeX warning (ext4): destination with the same identifier (name{_v_l53_l0_x_8
h_aa4662894211ed1f810668d8c64a5616e}) has been already used, duplicate ignored
<argument> ...shipout:D \box_use:N \l_shipout_box 
                                                  \__shipout_drop_firstpage_...
l.1228 D
        efinition at line \mbox{\hyperlink{_v_l53_l0_x_8h_source_l00033}{33}...
] [62
pdfTeX warning (ext4): destination with the same identifier (name{_v_l53_l0_x_8
h_ad655d862c529a55e17a20d401e7d967c}) has been already used, duplicate ignored
<argument> ...shipout:D \box_use:N \l_shipout_box 
                                                  \__shipout_drop_firstpage_...
l.1308 D
        efinition at line \mbox{\hyperlink{_v_l53_l0_x_8h_source_l00037}{37}...

pdfTeX warning (ext4): destination with the same identifier (name{_v_l53_l0_x_8
h_a84179ae2a32adeb1c2df4f5336208d8a}) has been already used, duplicate ignored
<argument> ...shipout:D \box_use:N \l_shipout_box 
                                                  \__shipout_drop_firstpage_...
l.1308 D
        efinition at line \mbox{\hyperlink{_v_l53_l0_x_8h_source_l00037}{37}...

pdfTeX warning (ext4): destination with the same identifier (name{_v_l53_l0_x_8
h_a8b8d1a3aac3d65ba4518ce14b0b58537}) has been already used, duplicate ignored
<argument> ...shipout:D \box_use:N \l_shipout_box 
                                                  \__shipout_drop_firstpage_...
l.1308 D
        efinition at line \mbox{\hyperlink{_v_l53_l0_x_8h_source_l00037}{37}...

pdfTeX warning (ext4): destination with the same identifier (name{_v_l53_l0_x_8
h_af40e16604cc2cef5bc5bbed72000ae87}) has been already used, duplicate ignored
<argument> ...shipout:D \box_use:N \l_shipout_box 
                                                  \__shipout_drop_firstpage_...
l.1308 D
        efinition at line \mbox{\hyperlink{_v_l53_l0_x_8h_source_l00037}{37}...
]

Package fancyhdr Warning: \headheight is too small (12.0pt): 
(fancyhdr)                Make it at least 22.16548pt, for example:
(fancyhdr)                \setlength{\headheight}{22.16548pt}.
(fancyhdr)                You might also make \topmargin smaller to compensate:

(fancyhdr)                \addtolength{\topmargin}{-10.16548pt}.

[63
pdfTeX warning (ext4): destination with the same identifier (name{_v_l53_l0_x_8
h_a8c340bcd85cffaac810ee47a0241706c}) has been already used, duplicate ignored
<argument> ...shipout:D \box_use:N \l_shipout_box 
                                                  \__shipout_drop_firstpage_...
l.1388 D
        efinition at line \mbox{\hyperlink{_v_l53_l0_x_8h_source_l00020}{20}...

pdfTeX warning (ext4): destination with the same identifier (name{_v_l53_l0_x_8
h_a6429722d22fe6ca66ef3d8470d066ceb}) has been already used, duplicate ignored
<argument> ...shipout:D \box_use:N \l_shipout_box 
                                                  \__shipout_drop_firstpage_...
l.1388 D
        efinition at line \mbox{\hyperlink{_v_l53_l0_x_8h_source_l00020}{20}...
] [64
pdfTeX warning (ext4): destination with the same identifier (name{_v_l53_l0_x_8
h_a6d3e0fc7c392cea736c4114fa1233b4c}) has been already used, duplicate ignored
<argument> ...shipout:D \box_use:N \l_shipout_box 
                                                  \__shipout_drop_firstpage_...
l.1468 D
        efinition at line \mbox{\hyperlink{_v_l53_l0_x_8h_source_l00018}{18}...

pdfTeX warning (ext4): destination with the same identifier (name{_v_l53_l0_x_8
h_a31c96b7ce1d07686e72a3b9642c3f4bc}) has been already used, duplicate ignored
<argument> ...shipout:D \box_use:N \l_shipout_box 
                                                  \__shipout_drop_firstpage_...
l.1468 D
        efinition at line \mbox{\hyperlink{_v_l53_l0_x_8h_source_l00018}{18}...

pdfTeX warning (ext4): destination with the same identifier (name{_v_l53_l0_x_8
h_a74241935b17022399d0348e1c9b136f8}) has been already used, duplicate ignored
<argument> ...shipout:D \box_use:N \l_shipout_box 
                                                  \__shipout_drop_firstpage_...
l.1468 D
        efinition at line \mbox{\hyperlink{_v_l53_l0_x_8h_source_l00018}{18}...
]

Package fancyhdr Warning: \headheight is too small (12.0pt): 
(fancyhdr)                Make it at least 22.16548pt, for example:
(fancyhdr)                \setlength{\headheight}{22.16548pt}.
(fancyhdr)                You might also make \topmargin smaller to compensate:

(fancyhdr)                \addtolength{\topmargin}{-10.16548pt}.

[65
pdfTeX warning (ext4): destination with the same identifier (name{_v_l53_l0_x_8
h_a76b774b2c00ba9412c301d70f7050115}) has been already used, duplicate ignored
<argument> ...shipout:D \box_use:N \l_shipout_box 
                                                  \__shipout_drop_firstpage_...
l.1548 D
        efinition at line \mbox{\hyperlink{_v_l53_l0_x_8h_source_l00084}{84}...

pdfTeX warning (ext4): destination with the same identifier (name{_v_l53_l0_x_8
h_a2e37298ac5ecbe7ca0900315e71e9375}) has been already used, duplicate ignored
<argument> ...shipout:D \box_use:N \l_shipout_box 
                                                  \__shipout_drop_firstpage_...
l.1548 D
        efinition at line \mbox{\hyperlink{_v_l53_l0_x_8h_source_l00084}{84}...

pdfTeX warning (ext4): destination with the same identifier (name{_v_l53_l0_x_8
h_abe305ff4b6e18509568202e772bd4810}) has been already used, duplicate ignored
<argument> ...shipout:D \box_use:N \l_shipout_box 
                                                  \__shipout_drop_firstpage_...
l.1548 D
        efinition at line \mbox{\hyperlink{_v_l53_l0_x_8h_source_l00084}{84}...

pdfTeX warning (ext4): destination with the same identifier (name{_v_l53_l0_x_8
h_aafa1b54eb9121c8a9f18ca154db8e6d4}) has been already used, duplicate ignored
<argument> ...shipout:D \box_use:N \l_shipout_box 
                                                  \__shipout_drop_firstpage_...
l.1548 D
        efinition at line \mbox{\hyperlink{_v_l53_l0_x_8h_source_l00084}{84}...
] [66
pdfTeX warning (ext4): destination with the same identifier (name{_v_l53_l0_x_8
h_a8609aa80574602a7cbfb02d6ba9f9bae}) has been already used, duplicate ignored
<argument> ...shipout:D \box_use:N \l_shipout_box 
                                                  \__shipout_drop_firstpage_...
l.1621 
       ]

Package fancyhdr Warning: \headheight is too small (12.0pt): 
(fancyhdr)                Make it at least 22.16548pt, for example:
(fancyhdr)                \setlength{\headheight}{22.16548pt}.
(fancyhdr)                You might also make \topmargin smaller to compensate:

(fancyhdr)                \addtolength{\topmargin}{-10.16548pt}.

[67]) (./_v_l53_l0_x_8h_source.tex [68] [69] [70] [71])
(./capt_dist_i_r_8c_source.tex) (./dma__transport_8c_source.tex [72])
(./drv__gpio_8c_source.tex [73]) (./drv__i2c_8c_source.tex [74] [75] [76])
(./drv__uart_8c_source.tex [77]) (./freertos_8c_source.tex)
(./grove_l_c_d_8c_source.tex [78] [79] [80] [81] [82]) (./main_8c.tex
Underfull \hbox (badness 10000) in paragraph at lines 8--14

 []


Package fancyhdr Warning: \headheight is too small (12.0pt): 
(fancyhdr)                Make it at least 22.16548pt, for example:
(fancyhdr)                \setlength{\headheight}{22.16548pt}.
(fancyhdr)                You might also make \topmargin smaller to compensate:

(fancyhdr)                \addtolength{\topmargin}{-10.16548pt}.

[83] [84]

Package fancyhdr Warning: \headheight is too small (12.0pt): 
(fancyhdr)                Make it at least 22.16548pt, for example:
(fancyhdr)                \setlength{\headheight}{22.16548pt}.
(fancyhdr)                You might also make \topmargin smaller to compensate:

(fancyhdr)                \addtolength{\topmargin}{-10.16548pt}.

[85] [86]

Package fancyhdr Warning: \headheight is too small (12.0pt): 
(fancyhdr)                Make it at least 22.16548pt, for example:
(fancyhdr)                \setlength{\headheight}{22.16548pt}.
(fancyhdr)                You might also make \topmargin smaller to compensate:

(fancyhdr)                \addtolength{\topmargin}{-10.16548pt}.

[87] [88]

Package fancyhdr Warning: \headheight is too small (12.0pt): 
(fancyhdr)                Make it at least 22.16548pt, for example:
(fancyhdr)                \setlength{\headheight}{22.16548pt}.
(fancyhdr)                You might also make \topmargin smaller to compensate:

(fancyhdr)                \addtolength{\topmargin}{-10.16548pt}.

[89] [90]

Package fancyhdr Warning: \headheight is too small (12.0pt): 
(fancyhdr)                Make it at least 22.16548pt, for example:
(fancyhdr)                \setlength{\headheight}{22.16548pt}.
(fancyhdr)                You might also make \topmargin smaller to compensate:

(fancyhdr)                \addtolength{\topmargin}{-10.16548pt}.

[91] [92]

Package fancyhdr Warning: \headheight is too small (12.0pt): 
(fancyhdr)                Make it at least 22.16548pt, for example:
(fancyhdr)                \setlength{\headheight}{22.16548pt}.
(fancyhdr)                You might also make \topmargin smaller to compensate:

(fancyhdr)                \addtolength{\topmargin}{-10.16548pt}.

[93] [94]

Package fancyhdr Warning: \headheight is too small (12.0pt): 
(fancyhdr)                Make it at least 22.16548pt, for example:
(fancyhdr)                \setlength{\headheight}{22.16548pt}.
(fancyhdr)                You might also make \topmargin smaller to compensate:

(fancyhdr)                \addtolength{\topmargin}{-10.16548pt}.

[95] [96]

Package fancyhdr Warning: \headheight is too small (12.0pt): 
(fancyhdr)                Make it at least 22.16548pt, for example:
(fancyhdr)                \setlength{\headheight}{22.16548pt}.
(fancyhdr)                You might also make \topmargin smaller to compensate:

(fancyhdr)                \addtolength{\topmargin}{-10.16548pt}.

[97] [98]

Package fancyhdr Warning: \headheight is too small (12.0pt): 
(fancyhdr)                Make it at least 22.16548pt, for example:
(fancyhdr)                \setlength{\headheight}{22.16548pt}.
(fancyhdr)                You might also make \topmargin smaller to compensate:

(fancyhdr)                \addtolength{\topmargin}{-10.16548pt}.

[99]) (./main_8c_source.tex [100] [101] [102] [103] [104] [105] [106] [107]
[108] [109] [110]) (./micro_r_o_s_8c.tex
Underfull \hbox (badness 10000) in paragraph at lines 8--9

 []


Package fancyhdr Warning: \headheight is too small (12.0pt): 
(fancyhdr)                Make it at least 22.16548pt, for example:
(fancyhdr)                \setlength{\headheight}{22.16548pt}.
(fancyhdr)                You might also make \topmargin smaller to compensate:

(fancyhdr)                \addtolength{\topmargin}{-10.16548pt}.

[111] [112]) (./micro_r_o_s_8c_source.tex)
(./microros__allocators_8c_source.tex [113]) (./microros__time_8c_source.tex
[114]) (./motor_command_8c_source.tex [115]) (./quad_encoder_8c_source.tex
[116] [117] [118]) (./retarget_8c.tex
Underfull \hbox (badness 10000) in paragraph at lines 5--6
\T1/phv/m/n/10 code [][] \T1/pcr/m/n/10 https[]://github.[]com/cnoviello/master
ing-stm32/blob/master/nucleo-f030[]
 []


Underfull \hbox (badness 10000) in paragraph at lines 8--18

 []


Package fancyhdr Warning: \headheight is too small (12.0pt): 
(fancyhdr)                Make it at least 22.16548pt, for example:
(fancyhdr)                \setlength{\headheight}{22.16548pt}.
(fancyhdr)                You might also make \topmargin smaller to compensate:

(fancyhdr)                \addtolength{\topmargin}{-10.16548pt}.

[119]
Underfull \hbox (badness 10000) in paragraph at lines 56--57
\T1/phv/m/n/10 code [][] \T1/pcr/m/n/10 https[]://github.[]com/cnoviello/master
ing-stm32/blob/master/nucleo-f030[]
 []

[120]

Package fancyhdr Warning: \headheight is too small (12.0pt): 
(fancyhdr)                Make it at least 22.16548pt, for example:
(fancyhdr)                \setlength{\headheight}{22.16548pt}.
(fancyhdr)                You might also make \topmargin smaller to compensate:

(fancyhdr)                \addtolength{\topmargin}{-10.16548pt}.

[121]) (./retarget_8c_source.tex [122] [123])
(./stm32f4xx__hal__msp_8c_source.tex [124] [125] [126] [127] [128])
(./stm32f4xx__hal__timebase__tim_8c.tex
Underfull \hbox (badness 10000) in paragraph at lines 8--10

 []


Underfull \hbox (badness 10000) detected at line 29
[][][]
 []


Package fancyhdr Warning: \headheight is too small (12.0pt): 
(fancyhdr)                Make it at least 22.16548pt, for example:
(fancyhdr)                \setlength{\headheight}{22.16548pt}.
(fancyhdr)                You might also make \topmargin smaller to compensate:

(fancyhdr)                \addtolength{\topmargin}{-10.16548pt}.

[129]
Underfull \hbox (badness 10000) detected at line 51
[][][]
 []


Underfull \hbox (badness 10000) detected at line 78
[][][]
 []

[130]
Underfull \hbox (badness 10000) detected at line 105
[][][]
 []

) (./stm32f4xx__hal__timebase__tim_8c_source.tex [131])
(./stm32f4xx__it_8c_source.tex [132] [133]) (./syscalls_8c.tex
Underfull \hbox (badness 10000) in paragraph at lines 8--16

 []

[134]
Underfull \hbox (badness 10000) detected at line 68
[][][]
 []


Underfull \hbox (badness 10000) detected at line 75
[][][]
 []


Package fancyhdr Warning: \headheight is too small (12.0pt): 
(fancyhdr)                Make it at least 22.16548pt, for example:
(fancyhdr)                \setlength{\headheight}{22.16548pt}.
(fancyhdr)                You might also make \topmargin smaller to compensate:

(fancyhdr)                \addtolength{\topmargin}{-10.16548pt}.

[135] [136]

Package fancyhdr Warning: \headheight is too small (12.0pt): 
(fancyhdr)                Make it at least 22.16548pt, for example:
(fancyhdr)                \setlength{\headheight}{22.16548pt}.
(fancyhdr)                You might also make \topmargin smaller to compensate:

(fancyhdr)                \addtolength{\topmargin}{-10.16548pt}.

[137]) (./syscalls_8c_source.tex [138] [139]) (./sysmem_8c.tex
Underfull \hbox (badness 10000) in paragraph at lines 8--10

 []

[140]
Underfull \hbox (badness 10000) detected at line 25
[][][]
 []


Underfull \hbox (badness 10000) detected at line 32
[][][]
 []


Underfull \hbox (badness 10000) detected at line 69
[][][]
 []


Package fancyhdr Warning: \headheight is too small (12.0pt): 
(fancyhdr)                Make it at least 22.16548pt, for example:
(fancyhdr)                \setlength{\headheight}{22.16548pt}.
(fancyhdr)                You might also make \topmargin smaller to compensate:

(fancyhdr)                \addtolength{\topmargin}{-10.16548pt}.

[141]) (./sysmem_8c_source.tex) (./systemclock_8c_source.tex [142])
(./util_8c_source.tex [143] [144]) (./_v_l53_l0_x_8c.tex
Underfull \hbox (badness 10000) in paragraph at lines 8--13

 []


Package fancyhdr Warning: \headheight is too small (12.0pt): 
(fancyhdr)                Make it at least 22.16548pt, for example:
(fancyhdr)                \setlength{\headheight}{22.16548pt}.
(fancyhdr)                You might also make \topmargin smaller to compensate:

(fancyhdr)                \addtolength{\topmargin}{-10.16548pt}.

[145] [146]

Package fancyhdr Warning: \headheight is too small (12.0pt): 
(fancyhdr)                Make it at least 22.16548pt, for example:
(fancyhdr)                \setlength{\headheight}{22.16548pt}.
(fancyhdr)                You might also make \topmargin smaller to compensate:

(fancyhdr)                \addtolength{\topmargin}{-10.16548pt}.

[147]) (./_v_l53_l0_x_8c_source.tex [148] [149] [150] [151] [152]) [153]
[154

] (./refman.ind
LaTeX Font Info:    Font shape `T1/phv/m/n' will be
(Font)              scaled to size 22.39185pt on input line 1.

Overfull \hbox (313.74979pt too wide) in paragraph at lines 99--101
[]\T1/phv/m/n/10 C:/Users/Administrator/Documents/GitHub/ENIB_Robot_Mobile_Ros2
/WORKSPACE_F411_uROS6/base_robot/Core/Inc/captDistIR.h,
 []


Overfull \hbox (296.25421pt too wide) in paragraph at lines 101--103
[]\T1/phv/m/n/10 C:/Users/Administrator/Documents/GitHub/ENIB_Robot_Mobile_Ros2
/WORKSPACE_F411_uROS6/base_robot/Core/Inc/config.h,
 []


Overfull \hbox (306.66695pt too wide) in paragraph at lines 103--105
[]\T1/phv/m/n/10 C:/Users/Administrator/Documents/GitHub/ENIB_Robot_Mobile_Ros2
/WORKSPACE_F411_uROS6/base_robot/Core/Inc/drv_gpio.h,
 []


Overfull \hbox (301.51903pt too wide) in paragraph at lines 105--107
[]\T1/phv/m/n/10 C:/Users/Administrator/Documents/GitHub/ENIB_Robot_Mobile_Ros2
/WORKSPACE_F411_uROS6/base_robot/Core/Inc/drv_i2c.h,
 []


Overfull \hbox (305.88374pt too wide) in paragraph at lines 107--109
[]\T1/phv/m/n/10 C:/Users/Administrator/Documents/GitHub/ENIB_Robot_Mobile_Ros2
/WORKSPACE_F411_uROS6/base_robot/Core/Inc/drv_uart.h,
 []


Overfull \hbox (340.72264pt too wide) in paragraph at lines 109--111
[]\T1/phv/m/n/10 C:/Users/Administrator/Documents/GitHub/ENIB_Robot_Mobile_Ros2
/WORKSPACE_F411_uROS6/base_robot/Core/Inc/FreeRTOSConfig.h,
 []

[155


]
Overfull \hbox (311.67105pt too wide) in paragraph at lines 111--113
[]\T1/phv/m/n/10 C:/Users/Administrator/Documents/GitHub/ENIB_Robot_Mobile_Ros2
/WORKSPACE_F411_uROS6/base_robot/Core/Inc/groveLCD.h,
 []


Overfull \hbox (291.74522pt too wide) in paragraph at lines 113--115
[]\T1/phv/m/n/10 C:/Users/Administrator/Documents/GitHub/ENIB_Robot_Mobile_Ros2
/WORKSPACE_F411_uROS6/base_robot/Core/Inc/main.h,
 []


Overfull \hbox (313.38097pt too wide) in paragraph at lines 115--117
[]\T1/phv/m/n/10 C:/Users/Administrator/Documents/GitHub/ENIB_Robot_Mobile_Ros2
/WORKSPACE_F411_uROS6/base_robot/Core/Inc/microROS.h,
 []


Overfull \hbox (336.75345pt too wide) in paragraph at lines 117--119
[]\T1/phv/m/n/10 C:/Users/Administrator/Documents/GitHub/ENIB_Robot_Mobile_Ros2
/WORKSPACE_F411_uROS6/base_robot/Core/Inc/motorCommand.h,
 []


Overfull \hbox (325.32358pt too wide) in paragraph at lines 119--121
[]\T1/phv/m/n/10 C:/Users/Administrator/Documents/GitHub/ENIB_Robot_Mobile_Ros2
/WORKSPACE_F411_uROS6/base_robot/Core/Inc/quadEncoder.h,
 []


Overfull \hbox (303.25583pt too wide) in paragraph at lines 121--123
[]\T1/phv/m/n/10 C:/Users/Administrator/Documents/GitHub/ENIB_Robot_Mobile_Ros2
/WORKSPACE_F411_uROS6/base_robot/Core/Inc/retarget.h,
 []


Overfull \hbox (352.00818pt too wide) in paragraph at lines 123--125
[]\T1/phv/m/n/10 C:/Users/Administrator/Documents/GitHub/ENIB_Robot_Mobile_Ros2
/WORKSPACE_F411_uROS6/base_robot/Core/Inc/stm32f4xx_hal_conf.h,
 []


Overfull \hbox (322.75862pt too wide) in paragraph at lines 125--127
[]\T1/phv/m/n/10 C:/Users/Administrator/Documents/GitHub/ENIB_Robot_Mobile_Ros2
/WORKSPACE_F411_uROS6/base_robot/Core/Inc/stm32f4xx_it.h,
 []


Overfull \hbox (321.06697pt too wide) in paragraph at lines 127--129
[]\T1/phv/m/n/10 C:/Users/Administrator/Documents/GitHub/ENIB_Robot_Mobile_Ros2
/WORKSPACE_F411_uROS6/base_robot/Core/Inc/systemclock.h,
 []


Overfull \hbox (283.74426pt too wide) in paragraph at lines 129--131
[]\T1/phv/m/n/10 C:/Users/Administrator/Documents/GitHub/ENIB_Robot_Mobile_Ros2
/WORKSPACE_F411_uROS6/base_robot/Core/Inc/util.h,
 []


Overfull \hbox (309.26785pt too wide) in paragraph at lines 131--133
[]\T1/phv/m/n/10 C:/Users/Administrator/Documents/GitHub/ENIB_Robot_Mobile_Ros2
/WORKSPACE_F411_uROS6/base_robot/Core/Inc/VL53L0X.h,
 []


Overfull \hbox (314.73987pt too wide) in paragraph at lines 133--135
[]\T1/phv/m/n/10 C:/Users/Administrator/Documents/GitHub/ENIB_Robot_Mobile_Ros2
/WORKSPACE_F411_uROS6/base_robot/Core/Src/captDistIR.c,
 []


Overfull \hbox (331.52441pt too wide) in paragraph at lines 135--137
[]\T1/phv/m/n/10 C:/Users/Administrator/Documents/GitHub/ENIB_Robot_Mobile_Ros2
/WORKSPACE_F411_uROS6/base_robot/Core/Src/dma_transport.c,
 []


Overfull \hbox (307.65703pt too wide) in paragraph at lines 137--139
[]\T1/phv/m/n/10 C:/Users/Administrator/Documents/GitHub/ENIB_Robot_Mobile_Ros2
/WORKSPACE_F411_uROS6/base_robot/Core/Src/drv_gpio.c,
 []


Overfull \hbox (302.50911pt too wide) in paragraph at lines 139--141
[]\T1/phv/m/n/10 C:/Users/Administrator/Documents/GitHub/ENIB_Robot_Mobile_Ros2
/WORKSPACE_F411_uROS6/base_robot/Core/Src/drv_i2c.c,
 []


Overfull \hbox (306.87383pt too wide) in paragraph at lines 141--143
[]\T1/phv/m/n/10 C:/Users/Administrator/Documents/GitHub/ENIB_Robot_Mobile_Ros2
/WORKSPACE_F411_uROS6/base_robot/Core/Src/drv_uart.c,
 []


Overfull \hbox (303.96696pt too wide) in paragraph at lines 143--145
[]\T1/phv/m/n/10 C:/Users/Administrator/Documents/GitHub/ENIB_Robot_Mobile_Ros2
/WORKSPACE_F411_uROS6/base_robot/Core/Src/freertos.c,
 []


Overfull \hbox (312.66113pt too wide) in paragraph at lines 145--147
[]\T1/phv/m/n/10 C:/Users/Administrator/Documents/GitHub/ENIB_Robot_Mobile_Ros2
/WORKSPACE_F411_uROS6/base_robot/Core/Src/groveLCD.c,
 []


Overfull \hbox (292.7353pt too wide) in paragraph at lines 147--149
[]\T1/phv/m/n/10 C:/Users/Administrator/Documents/GitHub/ENIB_Robot_Mobile_Ros2
/WORKSPACE_F411_uROS6/base_robot/Core/Src/main.c,
 []


Overfull \hbox (314.37105pt too wide) in paragraph at lines 149--151
[]\T1/phv/m/n/10 C:/Users/Administrator/Documents/GitHub/ENIB_Robot_Mobile_Ros2
/WORKSPACE_F411_uROS6/base_robot/Core/Src/microROS.c,
 []


Overfull \hbox (351.1084pt too wide) in paragraph at lines 151--153
[]\T1/phv/m/n/10 C:/Users/Administrator/Documents/GitHub/ENIB_Robot_Mobile_Ros2
/WORKSPACE_F411_uROS6/base_robot/Core/Src/microros_allocators.c,
 []


Overfull \hbox (329.59875pt too wide) in paragraph at lines 153--155
[]\T1/phv/m/n/10 C:/Users/Administrator/Documents/GitHub/ENIB_Robot_Mobile_Ros2
/WORKSPACE_F411_uROS6/base_robot/Core/Src/microros_time.c,
 []


Overfull \hbox (337.74353pt too wide) in paragraph at lines 155--157
[]\T1/phv/m/n/10 C:/Users/Administrator/Documents/GitHub/ENIB_Robot_Mobile_Ros2
/WORKSPACE_F411_uROS6/base_robot/Core/Src/motorCommand.c,
 []


Overfull \hbox (326.31366pt too wide) in paragraph at lines 157--159
[]\T1/phv/m/n/10 C:/Users/Administrator/Documents/GitHub/ENIB_Robot_Mobile_Ros2
/WORKSPACE_F411_uROS6/base_robot/Core/Src/quadEncoder.c,
 []


Overfull \hbox (304.24591pt too wide) in paragraph at lines 159--161
[]\T1/phv/m/n/10 C:/Users/Administrator/Documents/GitHub/ENIB_Robot_Mobile_Ros2
/WORKSPACE_F411_uROS6/base_robot/Core/Src/retarget.c,
 []


Overfull \hbox (352.94432pt too wide) in paragraph at lines 161--163
[]\T1/phv/m/n/10 C:/Users/Administrator/Documents/GitHub/ENIB_Robot_Mobile_Ros2
/WORKSPACE_F411_uROS6/base_robot/Core/Src/stm32f4xx_hal_msp.c,
 []


Overfull \hbox (389.77153pt too wide) in paragraph at lines 163--165
[]\T1/phv/m/n/10 C:/Users/Administrator/Documents/GitHub/ENIB_Robot_Mobile_Ros2
/WORKSPACE_F411_uROS6/base_robot/Core/Src/stm32f4xx_hal_timebase_tim.c,
 []


Overfull \hbox (323.7487pt too wide) in paragraph at lines 165--167
[]\T1/phv/m/n/10 C:/Users/Administrator/Documents/GitHub/ENIB_Robot_Mobile_Ros2
/WORKSPACE_F411_uROS6/base_robot/Core/Src/stm32f4xx_it.c,
 []


Overfull \hbox (304.59738pt too wide) in paragraph at lines 167--169
[]\T1/phv/m/n/10 C:/Users/Administrator/Documents/GitHub/ENIB_Robot_Mobile_Ros2
/WORKSPACE_F411_uROS6/base_robot/Core/Src/syscalls.c,
 []


Overfull \hbox (306.73026pt too wide) in paragraph at lines 169--171
[]\T1/phv/m/n/10 C:/Users/Administrator/Documents/GitHub/ENIB_Robot_Mobile_Ros2
/WORKSPACE_F411_uROS6/base_robot/Core/Src/sysmem.c,
 []


Overfull \hbox (322.05705pt too wide) in paragraph at lines 171--173
[]\T1/phv/m/n/10 C:/Users/Administrator/Documents/GitHub/ENIB_Robot_Mobile_Ros2
/WORKSPACE_F411_uROS6/base_robot/Core/Src/systemclock.c,
 []


Overfull \hbox (284.73434pt too wide) in paragraph at lines 173--175
[]\T1/phv/m/n/10 C:/Users/Administrator/Documents/GitHub/ENIB_Robot_Mobile_Ros2
/WORKSPACE_F411_uROS6/base_robot/Core/Src/util.c,
 []


Overfull \hbox (310.25793pt too wide) in paragraph at lines 175--177
[]\T1/phv/m/n/10 C:/Users/Administrator/Documents/GitHub/ENIB_Robot_Mobile_Ros2
/WORKSPACE_F411_uROS6/base_robot/Core/Src/VL53L0X.c,
 []

[156]
Overfull \hbox (17.55711pt too wide) in paragraph at lines 289--290
[]\T1/phv/m/n/10 FINAL_RANGE_CONFIG_MIN_COUNT_RATE_RTN_LIMIT 
 []

[157] [158] [159] [160] [161]
Underfull \hbox (badness 10000) in paragraph at lines 946--947
[]| \T1/phv/m/n/10 ALGO_PART_TO_PART_RANGE_OFFSET_MM,
 []


Overfull \hbox (18.00928pt too wide) in paragraph at lines 951--953
[]| \T1/phv/m/n/10 CROSSTALK_COMPENSATION_PEAK_RATE_MCPS,
 []


Overfull \hbox (40.059pt too wide) in paragraph at lines 959--961
[]| \T1/phv/m/n/10 FI-NAL_RANGE_CONFIG_MIN_COUNT_RATE_RTN_LIMIT,
 []

[162]
Underfull \hbox (badness 10000) in paragraph at lines 966--967
[]| \T1/phv/m/n/10 FI-NAL_RANGE_CONFIG_VALID_PHASE_HIGH,
 []


Underfull \hbox (badness 10000) in paragraph at lines 967--968
[]| \T1/phv/m/n/10 FI-NAL_RANGE_CONFIG_VALID_PHASE_LOW,
 []


Underfull \hbox (badness 10000) in paragraph at lines 971--972
[]| \T1/phv/m/n/10 GLOBAL_CONFIG_REF_EN_START_SELECT,
 []


Underfull \hbox (badness 10000) in paragraph at lines 1002--1003
[]| \T1/phv/m/n/10 PRE_RANGE_CONFIG_SIGMA_THRESH_LO,
 []


Underfull \hbox (badness 10000) in paragraph at lines 1003--1004
[]| \T1/phv/m/n/10 PRE_RANGE_CONFIG_TIMEOUT_MACROP_HI,
 []


Underfull \hbox (badness 10000) in paragraph at lines 1005--1006
[]| \T1/phv/m/n/10 PRE_RANGE_CONFIG_VALID_PHASE_HIGH,
 []


Underfull \hbox (badness 10000) in paragraph at lines 1008--1009
[]| \T1/phv/m/n/10 PRE_RANGE_MIN_COUNT_RATE_RTN_LIMIT,
 []


Overfull \hbox (18.64836pt too wide) in paragraph at lines 1013--1015
[]| \T1/phv/m/n/10 RE-SULT_CORE_AMBIENT_WINDOW_EVENTS_REF,
 []


Overfull \hbox (18.87346pt too wide) in paragraph at lines 1015--1017
[]| \T1/phv/m/n/10 RE-SULT_CORE_AMBIENT_WINDOW_EVENTS_RTN,
 []


Underfull \hbox (badness 10000) in paragraph at lines 1040--1041
[]| \T1/phv/m/n/10 VHV_CONFIG_PAD_SCL_SDA__EXTSUP_HV,
 []

[163]) (./refman.aux)
 ***********
LaTeX2e <2023-11-01>
L3 programming layer <2023-11-09>
 ***********


LaTeX Warning: There were multiply-defined labels.

Package rerunfilecheck Info: File `refman.out' has not changed.
(rerunfilecheck)             Checksum: E8926012911D2B6F86A695710A0B3D06;111787.

 ) 
Here is how much of TeX's memory you used:
 25506 strings out of 474266
 499717 string characters out of 5751444
 2007558 words of memory out of 5000000
 40881 multiletter control sequences out of 15000+600000
 614667 words of font info for 106 fonts, out of 8000000 for 9000
 1141 hyphenation exceptions out of 8191
 101i,16n,117p,2304b,963s stack positions out of 10000i,1000n,20000p,200000b,200000s
<c:/texlive/2023/texmf-dist/fonts/type1/public/amsfonts/cm/cmmi10.pfb><c:/tex
live/2023/texmf-dist/fonts/type1/public/amsfonts/cm/cmmi7.pfb><c:/texlive/2023/
texmf-dist/fonts/type1/public/amsfonts/cm/cmmi8.pfb><c:/texlive/2023/texmf-dist
/fonts/type1/public/amsfonts/cm/cmr5.pfb><c:/texlive/2023/texmf-dist/fonts/type
1/public/amsfonts/cm/cmsy10.pfb><c:/texlive/2023/texmf-dist/fonts/type1/public/
amsfonts/cm/cmsy7.pfb><c:/texlive/2023/texmf-dist/fonts/type1/public/amsfonts/c
m/cmsy8.pfb><c:/texlive/2023/texmf-dist/fonts/type1/urw/courier/ucrb8a.pfb><c:/
texlive/2023/texmf-dist/fonts/type1/urw/courier/ucrr8a.pfb><c:/texlive/2023/tex
mf-dist/fonts/type1/urw/courier/ucrro8a.pfb><c:/texlive/2023/texmf-dist/fonts/t
ype1/urw/helvetic/uhvb8a.pfb><c:/texlive/2023/texmf-dist/fonts/type1/urw/helvet
ic/uhvb8ac.pfb><c:/texlive/2023/texmf-dist/fonts/type1/urw/helvetic/uhvr8a.pfb>
<c:/texlive/2023/texmf-dist/fonts/type1/urw/helvetic/uhvro8a.pfb>
Output written on refman.pdf (177 pages, 675682 bytes).
PDF statistics:
 12703 PDF objects out of 12825 (max. 8388607)
 12372 compressed objects within 124 object streams
 6390 named destinations out of 7423 (max. 500000)
 3865 words of extra memory for PDF output out of 10000 (max. 10000000)

