\BOOKMARK [0][-]{chapter.1}{\376\377\0001\000\040\000R\000o\000b\000o\000t\000\040\000R\000O\000S}{}% 1
\BOOKMARK [1][-]{section.1.1}{\376\377\0001\000.\0001\000\040\000P\000r\000i\000n\000c\000i\000p\000a\000l\000\040\000f\000u\000n\000c\000t\000i\000o\000n}{chapter.1}% 2
\BOOKMARK [1][-]{section.1.2}{\376\377\0001\000.\0002\000\040\000S\000e\000c\000o\000n\000d\000a\000r\000y\000\040\000f\000u\000n\000c\000t\000i\000o\000n}{chapter.1}% 3
\BOOKMARK [1][-]{section.1.3}{\376\377\0001\000.\0003\000\040\000T\000e\000s\000t\000\040\000f\000u\000n\000c\000t\000i\000o\000n}{chapter.1}% 4
\BOOKMARK [1][-]{section.1.4}{\376\377\0001\000.\0004\000\040\000C\000o\000n\000f\000i\000g\000\040\000d\000e\000f\000i\000n\000e}{chapter.1}% 5
\BOOKMARK [2][-]{subsection.1.4.1}{\376\377\0001\000.\0004\000.\0001\000\040\000C\000o\000n\000f\000i\000g\000\040\000e\000x\000o}{section.1.4}% 6
\BOOKMARK [2][-]{subsection.1.4.2}{\376\377\0001\000.\0004\000.\0002\000\040\000C\000o\000n\000f\000i\000g\000\040\000p\000a\000r\000a\000m}{section.1.4}% 7
\BOOKMARK [0][-]{chapter.2}{\376\377\0002\000\040\000D\000a\000t\000a\000\040\000S\000t\000r\000u\000c\000t\000u\000r\000e\000\040\000I\000n\000d\000e\000x}{}% 8
\BOOKMARK [1][-]{section.2.1}{\376\377\0002\000.\0001\000\040\000D\000a\000t\000a\000\040\000S\000t\000r\000u\000c\000t\000u\000r\000e\000s}{chapter.2}% 9
\BOOKMARK [0][-]{chapter.3}{\376\377\0003\000\040\000F\000i\000l\000e\000\040\000I\000n\000d\000e\000x}{}% 10
\BOOKMARK [1][-]{section.3.1}{\376\377\0003\000.\0001\000\040\000F\000i\000l\000e\000\040\000L\000i\000s\000t}{chapter.3}% 11
\BOOKMARK [0][-]{chapter.4}{\376\377\0004\000\040\000D\000a\000t\000a\000\040\000S\000t\000r\000u\000c\000t\000u\000r\000e\000\040\000D\000o\000c\000u\000m\000e\000n\000t\000a\000t\000i\000o\000n}{}% 12
\BOOKMARK [1][-]{section.4.1}{\376\377\0004\000.\0001\000\040\000A\000M\000e\000s\000s\000a\000g\000e\000\040\000S\000t\000r\000u\000c\000t\000\040\000R\000e\000f\000e\000r\000e\000n\000c\000e}{chapter.4}% 13
\BOOKMARK [2][-]{subsection.4.1.1}{\376\377\0004\000.\0001\000.\0001\000\040\000D\000e\000t\000a\000i\000l\000e\000d\000\040\000D\000e\000s\000c\000r\000i\000p\000t\000i\000o\000n}{section.4.1}% 14
\BOOKMARK [2][-]{subsection.4.1.2}{\376\377\0004\000.\0001\000.\0002\000\040\000F\000i\000e\000l\000d\000\040\000D\000o\000c\000u\000m\000e\000n\000t\000a\000t\000i\000o\000n}{section.4.1}% 15
\BOOKMARK [3][-]{subsubsection.4.1.2.1}{\376\377\0004\000.\0001\000.\0002\000.\0001\000\040\000c\000o\000m\000m\000a\000n\000d}{subsection.4.1.2}% 16
\BOOKMARK [3][-]{subsubsection.4.1.2.2}{\376\377\0004\000.\0001\000.\0002\000.\0002\000\040\000d\000a\000t\000a}{subsection.4.1.2}% 17
\BOOKMARK [1][-]{section.4.2}{\376\377\0004\000.\0002\000\040\000M\000i\000c\000r\000o\000R\000o\000s\000P\000u\000b\000M\000s\000g\000\040\000S\000t\000r\000u\000c\000t\000\040\000R\000e\000f\000e\000r\000e\000n\000c\000e}{chapter.4}% 18
\BOOKMARK [2][-]{subsection.4.2.1}{\376\377\0004\000.\0002\000.\0001\000\040\000D\000e\000t\000a\000i\000l\000e\000d\000\040\000D\000e\000s\000c\000r\000i\000p\000t\000i\000o\000n}{section.4.2}% 19
\BOOKMARK [2][-]{subsection.4.2.2}{\376\377\0004\000.\0002\000.\0002\000\040\000F\000i\000e\000l\000d\000\040\000D\000o\000c\000u\000m\000e\000n\000t\000a\000t\000i\000o\000n}{section.4.2}% 20
\BOOKMARK [3][-]{subsubsection.4.2.2.1}{\376\377\0004\000.\0002\000.\0002\000.\0001\000\040\000d\000i\000r}{subsection.4.2.2}% 21
\BOOKMARK [3][-]{subsubsection.4.2.2.2}{\376\377\0004\000.\0002\000.\0002\000.\0002\000\040\000m\000o\000d\000e}{subsection.4.2.2}% 22
\BOOKMARK [3][-]{subsubsection.4.2.2.3}{\376\377\0004\000.\0002\000.\0002\000.\0003\000\040\000s\000p\000e\000e\000d}{subsection.4.2.2}% 23
\BOOKMARK [1][-]{section.4.3}{\376\377\0004\000.\0003\000\040\000M\000i\000c\000r\000o\000R\000o\000s\000S\000u\000b\000M\000s\000g\000\040\000S\000t\000r\000u\000c\000t\000\040\000R\000e\000f\000e\000r\000e\000n\000c\000e}{chapter.4}% 24
\BOOKMARK [2][-]{subsection.4.3.1}{\376\377\0004\000.\0003\000.\0001\000\040\000D\000e\000t\000a\000i\000l\000e\000d\000\040\000D\000e\000s\000c\000r\000i\000p\000t\000i\000o\000n}{section.4.3}% 25
\BOOKMARK [2][-]{subsection.4.3.2}{\376\377\0004\000.\0003\000.\0002\000\040\000F\000i\000e\000l\000d\000\040\000D\000o\000c\000u\000m\000e\000n\000t\000a\000t\000i\000o\000n}{section.4.3}% 26
\BOOKMARK [3][-]{subsubsection.4.3.2.1}{\376\377\0004\000.\0003\000.\0002\000.\0001\000\040\000d\000i\000r}{subsection.4.3.2}% 27
\BOOKMARK [3][-]{subsubsection.4.3.2.2}{\376\377\0004\000.\0003\000.\0002\000.\0002\000\040\000m\000o\000d\000e}{subsection.4.3.2}% 28
\BOOKMARK [3][-]{subsubsection.4.3.2.3}{\376\377\0004\000.\0003\000.\0002\000.\0003\000\040\000s\000p\000e\000e\000d}{subsection.4.3.2}% 29
\BOOKMARK [3][-]{subsubsection.4.3.2.4}{\376\377\0004\000.\0003\000.\0002\000.\0004\000\040\000x}{subsection.4.3.2}% 30
\BOOKMARK [3][-]{subsubsection.4.3.2.5}{\376\377\0004\000.\0003\000.\0002\000.\0005\000\040\000y}{subsection.4.3.2}% 31
\BOOKMARK [1][-]{section.4.4}{\376\377\0004\000.\0004\000\040\000S\000e\000q\000u\000e\000n\000c\000e\000S\000t\000e\000p\000E\000n\000a\000b\000l\000e\000s\000\040\000S\000t\000r\000u\000c\000t\000\040\000R\000e\000f\000e\000r\000e\000n\000c\000e}{chapter.4}% 32
\BOOKMARK [2][-]{subsection.4.4.1}{\376\377\0004\000.\0004\000.\0001\000\040\000D\000e\000t\000a\000i\000l\000e\000d\000\040\000D\000e\000s\000c\000r\000i\000p\000t\000i\000o\000n}{section.4.4}% 33
\BOOKMARK [2][-]{subsection.4.4.2}{\376\377\0004\000.\0004\000.\0002\000\040\000F\000i\000e\000l\000d\000\040\000D\000o\000c\000u\000m\000e\000n\000t\000a\000t\000i\000o\000n}{section.4.4}% 34
\BOOKMARK [3][-]{subsubsection.4.4.2.1}{\376\377\0004\000.\0004\000.\0002\000.\0001\000\040\000d\000s\000s}{subsection.4.4.2}% 35
\BOOKMARK [3][-]{subsubsection.4.4.2.2}{\376\377\0004\000.\0004\000.\0002\000.\0002\000\040\000f\000i\000n\000a\000l\000\137\000r\000a\000n\000g\000e}{subsection.4.4.2}% 36
\BOOKMARK [3][-]{subsubsection.4.4.2.3}{\376\377\0004\000.\0004\000.\0002\000.\0003\000\040\000m\000s\000r\000c}{subsection.4.4.2}% 37
\BOOKMARK [3][-]{subsubsection.4.4.2.4}{\376\377\0004\000.\0004\000.\0002\000.\0004\000\040\000p\000r\000e\000\137\000r\000a\000n\000g\000e}{subsection.4.4.2}% 38
\BOOKMARK [3][-]{subsubsection.4.4.2.5}{\376\377\0004\000.\0004\000.\0002\000.\0005\000\040\000t\000c\000c}{subsection.4.4.2}% 39
\BOOKMARK [1][-]{section.4.5}{\376\377\0004\000.\0005\000\040\000S\000e\000q\000u\000e\000n\000c\000e\000S\000t\000e\000p\000T\000i\000m\000e\000o\000u\000t\000s\000\040\000S\000t\000r\000u\000c\000t\000\040\000R\000e\000f\000e\000r\000e\000n\000c\000e}{chapter.4}% 40
\BOOKMARK [2][-]{subsection.4.5.1}{\376\377\0004\000.\0005\000.\0001\000\040\000D\000e\000t\000a\000i\000l\000e\000d\000\040\000D\000e\000s\000c\000r\000i\000p\000t\000i\000o\000n}{section.4.5}% 41
\BOOKMARK [2][-]{subsection.4.5.2}{\376\377\0004\000.\0005\000.\0002\000\040\000F\000i\000e\000l\000d\000\040\000D\000o\000c\000u\000m\000e\000n\000t\000a\000t\000i\000o\000n}{section.4.5}% 42
\BOOKMARK [3][-]{subsubsection.4.5.2.1}{\376\377\0004\000.\0005\000.\0002\000.\0001\000\040\000f\000i\000n\000a\000l\000\137\000r\000a\000n\000g\000e\000\137\000m\000c\000l\000k\000s}{subsection.4.5.2}% 43
\BOOKMARK [3][-]{subsubsection.4.5.2.2}{\376\377\0004\000.\0005\000.\0002\000.\0002\000\040\000f\000i\000n\000a\000l\000\137\000r\000a\000n\000g\000e\000\137\000u\000s}{subsection.4.5.2}% 44
\BOOKMARK [3][-]{subsubsection.4.5.2.3}{\376\377\0004\000.\0005\000.\0002\000.\0003\000\040\000f\000i\000n\000a\000l\000\137\000r\000a\000n\000g\000e\000\137\000v\000c\000s\000e\000l\000\137\000p\000e\000r\000i\000o\000d\000\137\000p\000c\000l\000k\000s}{subsection.4.5.2}% 45
\BOOKMARK [3][-]{subsubsection.4.5.2.4}{\376\377\0004\000.\0005\000.\0002\000.\0004\000\040\000m\000s\000r\000c\000\137\000d\000s\000s\000\137\000t\000c\000c\000\137\000m\000c\000l\000k\000s}{subsection.4.5.2}% 46
\BOOKMARK [3][-]{subsubsection.4.5.2.5}{\376\377\0004\000.\0005\000.\0002\000.\0005\000\040\000m\000s\000r\000c\000\137\000d\000s\000s\000\137\000t\000c\000c\000\137\000u\000s}{subsection.4.5.2}% 47
\BOOKMARK [3][-]{subsubsection.4.5.2.6}{\376\377\0004\000.\0005\000.\0002\000.\0006\000\040\000p\000r\000e\000\137\000r\000a\000n\000g\000e\000\137\000m\000c\000l\000k\000s}{subsection.4.5.2}% 48
\BOOKMARK [3][-]{subsubsection.4.5.2.7}{\376\377\0004\000.\0005\000.\0002\000.\0007\000\040\000p\000r\000e\000\137\000r\000a\000n\000g\000e\000\137\000u\000s}{subsection.4.5.2}% 49
\BOOKMARK [3][-]{subsubsection.4.5.2.8}{\376\377\0004\000.\0005\000.\0002\000.\0008\000\040\000p\000r\000e\000\137\000r\000a\000n\000g\000e\000\137\000v\000c\000s\000e\000l\000\137\000p\000e\000r\000i\000o\000d\000\137\000p\000c\000l\000k\000s}{subsection.4.5.2}% 50
\BOOKMARK [1][-]{section.4.6}{\376\377\0004\000.\0006\000\040\000s\000t\000a\000t\000I\000n\000f\000o\000\137\000t\000\040\000S\000t\000r\000u\000c\000t\000\040\000R\000e\000f\000e\000r\000e\000n\000c\000e}{chapter.4}% 51
\BOOKMARK [2][-]{subsection.4.6.1}{\376\377\0004\000.\0006\000.\0001\000\040\000D\000e\000t\000a\000i\000l\000e\000d\000\040\000D\000e\000s\000c\000r\000i\000p\000t\000i\000o\000n}{section.4.6}% 52
\BOOKMARK [2][-]{subsection.4.6.2}{\376\377\0004\000.\0006\000.\0002\000\040\000F\000i\000e\000l\000d\000\040\000D\000o\000c\000u\000m\000e\000n\000t\000a\000t\000i\000o\000n}{section.4.6}% 53
\BOOKMARK [3][-]{subsubsection.4.6.2.1}{\376\377\0004\000.\0006\000.\0002\000.\0001\000\040\000a\000m\000b\000i\000e\000n\000t\000C\000n\000t}{subsection.4.6.2}% 54
\BOOKMARK [3][-]{subsubsection.4.6.2.2}{\376\377\0004\000.\0006\000.\0002\000.\0002\000\040\000r\000a\000n\000g\000e\000S\000t\000a\000t\000u\000s}{subsection.4.6.2}% 55
\BOOKMARK [3][-]{subsubsection.4.6.2.3}{\376\377\0004\000.\0006\000.\0002\000.\0003\000\040\000r\000a\000w\000D\000i\000s\000t\000a\000n\000c\000e}{subsection.4.6.2}% 56
\BOOKMARK [3][-]{subsubsection.4.6.2.4}{\376\377\0004\000.\0006\000.\0002\000.\0004\000\040\000s\000i\000g\000n\000a\000l\000C\000n\000t}{subsection.4.6.2}% 57
\BOOKMARK [3][-]{subsubsection.4.6.2.5}{\376\377\0004\000.\0006\000.\0002\000.\0005\000\040\000s\000p\000a\000d\000C\000n\000t}{subsection.4.6.2}% 58
\BOOKMARK [0][-]{chapter.5}{\376\377\0005\000\040\000F\000i\000l\000e\000\040\000D\000o\000c\000u\000m\000e\000n\000t\000a\000t\000i\000o\000n}{}% 59
\BOOKMARK [1][-]{section.5.1}{\376\377\0005\000.\0001\000\040\000c\000a\000p\000t\000D\000i\000s\000t\000I\000R\000.\000h}{chapter.5}% 60
\BOOKMARK [1][-]{section.5.2}{\376\377\0005\000.\0002\000\040\000c\000o\000n\000f\000i\000g\000.\000h}{chapter.5}% 61
\BOOKMARK [1][-]{section.5.3}{\376\377\0005\000.\0003\000\040\000d\000r\000v\000\137\000g\000p\000i\000o\000.\000h}{chapter.5}% 62
\BOOKMARK [1][-]{section.5.4}{\376\377\0005\000.\0004\000\040\000d\000r\000v\000\137\000i\0002\000c\000.\000h}{chapter.5}% 63
\BOOKMARK [1][-]{section.5.5}{\376\377\0005\000.\0005\000\040\000d\000r\000v\000\137\000u\000a\000r\000t\000.\000h}{chapter.5}% 64
\BOOKMARK [1][-]{section.5.6}{\376\377\0005\000.\0006\000\040\000F\000r\000e\000e\000R\000T\000O\000S\000C\000o\000n\000f\000i\000g\000.\000h}{chapter.5}% 65
\BOOKMARK [1][-]{section.5.7}{\376\377\0005\000.\0007\000\040\000g\000r\000o\000v\000e\000L\000C\000D\000.\000h}{chapter.5}% 66
\BOOKMARK [1][-]{section.5.8}{\376\377\0005\000.\0008\000\040\000C\000:\000/\000U\000s\000e\000r\000s\000/\000A\000d\000m\000i\000n\000i\000s\000t\000r\000a\000t\000o\000r\000/\000D\000o\000c\000u\000m\000e\000n\000t\000s\000/\000G\000i\000t\000H\000u\000b\000/\000E\000N\000I\000B\000\137\000R\000o\000b\000o\000t\000\137\000M\000o\000b\000i\000l\000e\000\137\000R\000o\000s\0002\000/\000W\000O\000R\000K\000S\000P\000A\000C\000E\000\137\000F\0004\0001\0001\000\137\000u\000R\000O\000S\0006\000/\000b\000a\000s\000e\000\137\000r\000o\000b\000o\000t\000/\000C\000o\000r\000e\000/\000I\000n\000c\000/\000m\000a\000i\000n\000.\000h\000\040\000F\000i\000l\000e\000\040\000R\000e\000f\000e\000r\000e\000n\000c\000e}{chapter.5}% 67
\BOOKMARK [2][-]{subsection.5.8.1}{\376\377\0005\000.\0008\000.\0001\000\040\000D\000e\000t\000a\000i\000l\000e\000d\000\040\000D\000e\000s\000c\000r\000i\000p\000t\000i\000o\000n}{section.5.8}% 68
\BOOKMARK [2][-]{subsection.5.8.2}{\376\377\0005\000.\0008\000.\0002\000\040\000M\000a\000c\000r\000o\000\040\000D\000e\000f\000i\000n\000i\000t\000i\000o\000n\000\040\000D\000o\000c\000u\000m\000e\000n\000t\000a\000t\000i\000o\000n}{section.5.8}% 69
\BOOKMARK [3][-]{subsubsection.5.8.2.1}{\376\377\0005\000.\0008\000.\0002\000.\0001\000\040\000B\0001\000\137\000G\000P\000I\000O\000\137\000P\000o\000r\000t}{subsection.5.8.2}% 70
\BOOKMARK [3][-]{subsubsection.5.8.2.2}{\376\377\0005\000.\0008\000.\0002\000.\0002\000\040\000B\0001\000\137\000P\000i\000n}{subsection.5.8.2}% 71
\BOOKMARK [3][-]{subsubsection.5.8.2.3}{\376\377\0005\000.\0008\000.\0002\000.\0003\000\040\000L\000D\0002\000\137\000G\000P\000I\000O\000\137\000P\000o\000r\000t}{subsection.5.8.2}% 72
\BOOKMARK [3][-]{subsubsection.5.8.2.4}{\376\377\0005\000.\0008\000.\0002\000.\0004\000\040\000L\000D\0002\000\137\000P\000i\000n}{subsection.5.8.2}% 73
\BOOKMARK [3][-]{subsubsection.5.8.2.5}{\376\377\0005\000.\0008\000.\0002\000.\0005\000\040\000S\000W\000O\000\137\000G\000P\000I\000O\000\137\000P\000o\000r\000t}{subsection.5.8.2}% 74
\BOOKMARK [3][-]{subsubsection.5.8.2.6}{\376\377\0005\000.\0008\000.\0002\000.\0006\000\040\000S\000W\000O\000\137\000P\000i\000n}{subsection.5.8.2}% 75
\BOOKMARK [3][-]{subsubsection.5.8.2.7}{\376\377\0005\000.\0008\000.\0002\000.\0007\000\040\000T\000C\000K\000\137\000G\000P\000I\000O\000\137\000P\000o\000r\000t}{subsection.5.8.2}% 76
\BOOKMARK [3][-]{subsubsection.5.8.2.8}{\376\377\0005\000.\0008\000.\0002\000.\0008\000\040\000T\000C\000K\000\137\000P\000i\000n}{subsection.5.8.2}% 77
\BOOKMARK [3][-]{subsubsection.5.8.2.9}{\376\377\0005\000.\0008\000.\0002\000.\0009\000\040\000T\000M\000S\000\137\000G\000P\000I\000O\000\137\000P\000o\000r\000t}{subsection.5.8.2}% 78
\BOOKMARK [3][-]{subsubsection.5.8.2.10}{\376\377\0005\000.\0008\000.\0002\000.\0001\0000\000\040\000T\000M\000S\000\137\000P\000i\000n}{subsection.5.8.2}% 79
\BOOKMARK [3][-]{subsubsection.5.8.2.11}{\376\377\0005\000.\0008\000.\0002\000.\0001\0001\000\040\000U\000S\000A\000R\000T\000\137\000R\000X\000\137\000G\000P\000I\000O\000\137\000P\000o\000r\000t}{subsection.5.8.2}% 80
\BOOKMARK [3][-]{subsubsection.5.8.2.12}{\376\377\0005\000.\0008\000.\0002\000.\0001\0002\000\040\000U\000S\000A\000R\000T\000\137\000R\000X\000\137\000P\000i\000n}{subsection.5.8.2}% 81
\BOOKMARK [3][-]{subsubsection.5.8.2.13}{\376\377\0005\000.\0008\000.\0002\000.\0001\0003\000\040\000U\000S\000A\000R\000T\000\137\000T\000X\000\137\000G\000P\000I\000O\000\137\000P\000o\000r\000t}{subsection.5.8.2}% 82
\BOOKMARK [3][-]{subsubsection.5.8.2.14}{\376\377\0005\000.\0008\000.\0002\000.\0001\0004\000\040\000U\000S\000A\000R\000T\000\137\000T\000X\000\137\000P\000i\000n}{subsection.5.8.2}% 83
\BOOKMARK [2][-]{subsection.5.8.3}{\376\377\0005\000.\0008\000.\0003\000\040\000F\000u\000n\000c\000t\000i\000o\000n\000\040\000D\000o\000c\000u\000m\000e\000n\000t\000a\000t\000i\000o\000n}{section.5.8}% 84
\BOOKMARK [3][-]{subsubsection.5.8.3.1}{\376\377\0005\000.\0008\000.\0003\000.\0001\000\040\000C\000H\000E\000C\000K\000M\000R\000R\000E\000T\000\050\000\051}{subsection.5.8.3}% 85
\BOOKMARK [3][-]{subsubsection.5.8.3.2}{\376\377\0005\000.\0008\000.\0003\000.\0002\000\040\000E\000r\000r\000o\000r\000\137\000H\000a\000n\000d\000l\000e\000r\000\050\000\051}{subsection.5.8.3}% 86
\BOOKMARK [3][-]{subsubsection.5.8.3.3}{\376\377\0005\000.\0008\000.\0003\000.\0003\000\040\000m\000a\000i\000n\000\050\000\051}{subsection.5.8.3}% 87
\BOOKMARK [3][-]{subsubsection.5.8.3.4}{\376\377\0005\000.\0008\000.\0003\000.\0004\000\040\000m\000i\000c\000r\000o\000r\000o\000s\000\137\000t\000a\000s\000k\000\050\000\051}{subsection.5.8.3}% 88
\BOOKMARK [3][-]{subsubsection.5.8.3.5}{\376\377\0005\000.\0008\000.\0003\000.\0005\000\040\000S\000u\000b\000s\000c\000r\000i\000b\000e\000r\000C\000a\000l\000l\000b\000a\000c\000k\000F\000u\000n\000c\000t\000i\000o\000n\000\050\000\051}{subsection.5.8.3}% 89
\BOOKMARK [3][-]{subsubsection.5.8.3.6}{\376\377\0005\000.\0008\000.\0003\000.\0006\000\040\000t\000a\000s\000k\000\137\000G\000r\000o\000v\000e\000\137\000L\000C\000D\000\050\000\051}{subsection.5.8.3}% 90
\BOOKMARK [3][-]{subsubsection.5.8.3.7}{\376\377\0005\000.\0008\000.\0003\000.\0007\000\040\000t\000a\000s\000k\000\137\000M\000o\000t\000o\000r\000\137\000L\000e\000f\000t\000\050\000\051}{subsection.5.8.3}% 91
\BOOKMARK [3][-]{subsubsection.5.8.3.8}{\376\377\0005\000.\0008\000.\0003\000.\0008\000\040\000t\000a\000s\000k\000\137\000M\000o\000t\000o\000r\000\137\000R\000i\000g\000h\000t\000\050\000\051}{subsection.5.8.3}% 92
\BOOKMARK [3][-]{subsubsection.5.8.3.9}{\376\377\0005\000.\0008\000.\0003\000.\0009\000\040\000t\000a\000s\000k\000\137\000S\000u\000p\000e\000r\000v\000i\000s\000i\000o\000n\000\050\000\051}{subsection.5.8.3}% 93
\BOOKMARK [3][-]{subsubsection.5.8.3.10}{\376\377\0005\000.\0008\000.\0003\000.\0001\0000\000\040\000t\000a\000s\000k\000\137\000V\000L\0005\0003\000\050\000\051}{subsection.5.8.3}% 94
\BOOKMARK [3][-]{subsubsection.5.8.3.11}{\376\377\0005\000.\0008\000.\0003\000.\0001\0001\000\040\000t\000e\000s\000t\000\137\000m\000o\000t\000o\000r\000\050\000\051}{subsection.5.8.3}% 95
\BOOKMARK [3][-]{subsubsection.5.8.3.12}{\376\377\0005\000.\0008\000.\0003\000.\0001\0002\000\040\000t\000e\000s\000t\000\137\000u\000a\000r\000t\0002\000\050\000\051}{subsection.5.8.3}% 96
\BOOKMARK [3][-]{subsubsection.5.8.3.13}{\376\377\0005\000.\0008\000.\0003\000.\0001\0003\000\040\000t\000e\000s\000t\000\137\000v\000l\0005\0003\000\050\000\051}{subsection.5.8.3}% 97
\BOOKMARK [1][-]{section.5.9}{\376\377\0005\000.\0009\000\040\000m\000a\000i\000n\000.\000h}{chapter.5}% 98
\BOOKMARK [1][-]{section.5.10}{\376\377\0005\000.\0001\0000\000\040\000C\000:\000/\000U\000s\000e\000r\000s\000/\000A\000d\000m\000i\000n\000i\000s\000t\000r\000a\000t\000o\000r\000/\000D\000o\000c\000u\000m\000e\000n\000t\000s\000/\000G\000i\000t\000H\000u\000b\000/\000E\000N\000I\000B\000\137\000R\000o\000b\000o\000t\000\137\000M\000o\000b\000i\000l\000e\000\137\000R\000o\000s\0002\000/\000W\000O\000R\000K\000S\000P\000A\000C\000E\000\137\000F\0004\0001\0001\000\137\000u\000R\000O\000S\0006\000/\000b\000a\000s\000e\000\137\000r\000o\000b\000o\000t\000/\000C\000o\000r\000e\000/\000I\000n\000c\000/\000m\000i\000c\000r\000o\000R\000O\000S\000.\000h\000\040\000F\000i\000l\000e\000\040\000R\000e\000f\000e\000r\000e\000n\000c\000e}{chapter.5}% 99
\BOOKMARK [2][-]{subsection.5.10.1}{\376\377\0005\000.\0001\0000\000.\0001\000\040\000D\000e\000t\000a\000i\000l\000e\000d\000\040\000D\000e\000s\000c\000r\000i\000p\000t\000i\000o\000n}{section.5.10}% 100
\BOOKMARK [2][-]{subsection.5.10.2}{\376\377\0005\000.\0001\0000\000.\0002\000\040\000M\000a\000c\000r\000o\000\040\000D\000e\000f\000i\000n\000i\000t\000i\000o\000n\000\040\000D\000o\000c\000u\000m\000e\000n\000t\000a\000t\000i\000o\000n}{section.5.10}% 101
\BOOKMARK [3][-]{subsubsection.5.10.2.1}{\376\377\0005\000.\0001\0000\000.\0002\000.\0001\000\040\000A\000R\000R\000A\000Y\000\137\000L\000E\000N}{subsection.5.10.2}% 102
\BOOKMARK [3][-]{subsubsection.5.10.2.2}{\376\377\0005\000.\0001\0000\000.\0002\000.\0002\000\040\000C\000A\000M\000E\000R\000A\000\137\000X\000\137\000T\000O\000P\000I\000C}{subsection.5.10.2}% 103
\BOOKMARK [3][-]{subsubsection.5.10.2.3}{\376\377\0005\000.\0001\0000\000.\0002\000.\0003\000\040\000C\000A\000M\000E\000R\000A\000\137\000Y\000\137\000T\000O\000P\000I\000C}{subsection.5.10.2}% 104
\BOOKMARK [3][-]{subsubsection.5.10.2.4}{\376\377\0005\000.\0001\0000\000.\0002\000.\0004\000\040\000C\000A\000P\000T\000E\000U\000R\000\137\000D\000I\000R\000\137\000T\000O\000P\000I\000C}{subsection.5.10.2}% 105
\BOOKMARK [3][-]{subsubsection.5.10.2.5}{\376\377\0005\000.\0001\0000\000.\0002\000.\0005\000\040\000C\000O\000N\000F\000I\000G\000\137\000M\000O\000D\000E\000\137\000T\000O\000P\000I\000C}{subsection.5.10.2}% 106
\BOOKMARK [3][-]{subsubsection.5.10.2.6}{\376\377\0005\000.\0001\0000\000.\0002\000.\0006\000\040\000C\000O\000N\000F\000I\000G\000\137\000S\000P\000E\000E\000D\000\137\000T\000O\000P\000I\000C}{subsection.5.10.2}% 107
\BOOKMARK [3][-]{subsubsection.5.10.2.7}{\376\377\0005\000.\0001\0000\000.\0002\000.\0007\000\040\000E\000T\000A\000T\000\137\000M\000O\000D\000E\000\137\000T\000O\000P\000I\000C}{subsection.5.10.2}% 108
\BOOKMARK [3][-]{subsubsection.5.10.2.8}{\376\377\0005\000.\0001\0000\000.\0002\000.\0008\000\040\000E\000T\000A\000T\000\137\000S\000P\000E\000E\000D\000\137\000T\000O\000P\000I\000C}{subsection.5.10.2}% 109
\BOOKMARK [3][-]{subsubsection.5.10.2.9}{\376\377\0005\000.\0001\0000\000.\0002\000.\0009\000\040\000T\000E\000L\000E\000C\000O\000M\000M\000A\000N\000D\000E\000\137\000D\000I\000R\000\137\000T\000O\000P\000I\000C}{subsection.5.10.2}% 110
\BOOKMARK [2][-]{subsection.5.10.3}{\376\377\0005\000.\0001\0000\000.\0003\000\040\000F\000u\000n\000c\000t\000i\000o\000n\000\040\000D\000o\000c\000u\000m\000e\000n\000t\000a\000t\000i\000o\000n}{section.5.10}% 111
\BOOKMARK [3][-]{subsubsection.5.10.3.1}{\376\377\0005\000.\0001\0000\000.\0003\000.\0001\000\040\000c\000r\000e\000a\000t\000e\000P\000u\000b\000l\000i\000s\000h\000e\000r\000\050\000\051}{subsection.5.10.3}% 112
\BOOKMARK [3][-]{subsubsection.5.10.3.2}{\376\377\0005\000.\0001\0000\000.\0003\000.\0002\000\040\000c\000r\000e\000a\000t\000e\000S\000u\000b\000s\000c\000r\000i\000b\000e\000r\000\050\000\051}{subsection.5.10.3}% 113
\BOOKMARK [1][-]{section.5.11}{\376\377\0005\000.\0001\0001\000\040\000m\000i\000c\000r\000o\000R\000O\000S\000.\000h}{chapter.5}% 114
\BOOKMARK [1][-]{section.5.12}{\376\377\0005\000.\0001\0002\000\040\000m\000o\000t\000o\000r\000C\000o\000m\000m\000a\000n\000d\000.\000h}{chapter.5}% 115
\BOOKMARK [1][-]{section.5.13}{\376\377\0005\000.\0001\0003\000\040\000q\000u\000a\000d\000E\000n\000c\000o\000d\000e\000r\000.\000h}{chapter.5}% 116
\BOOKMARK [1][-]{section.5.14}{\376\377\0005\000.\0001\0004\000\040\000r\000e\000t\000a\000r\000g\000e\000t\000.\000h}{chapter.5}% 117
\BOOKMARK [1][-]{section.5.15}{\376\377\0005\000.\0001\0005\000\040\000s\000t\000m\0003\0002\000f\0004\000x\000x\000\137\000h\000a\000l\000\137\000c\000o\000n\000f\000.\000h}{chapter.5}% 118
\BOOKMARK [1][-]{section.5.16}{\376\377\0005\000.\0001\0006\000\040\000C\000:\000/\000U\000s\000e\000r\000s\000/\000A\000d\000m\000i\000n\000i\000s\000t\000r\000a\000t\000o\000r\000/\000D\000o\000c\000u\000m\000e\000n\000t\000s\000/\000G\000i\000t\000H\000u\000b\000/\000E\000N\000I\000B\000\137\000R\000o\000b\000o\000t\000\137\000M\000o\000b\000i\000l\000e\000\137\000R\000o\000s\0002\000/\000W\000O\000R\000K\000S\000P\000A\000C\000E\000\137\000F\0004\0001\0001\000\137\000u\000R\000O\000S\0006\000/\000b\000a\000s\000e\000\137\000r\000o\000b\000o\000t\000/\000C\000o\000r\000e\000/\000I\000n\000c\000/\000s\000t\000m\0003\0002\000f\0004\000x\000x\000\137\000i\000t\000.\000h\000\040\000F\000i\000l\000e\000\040\000R\000e\000f\000e\000r\000e\000n\000c\000e}{chapter.5}% 119
\BOOKMARK [2][-]{subsection.5.16.1}{\376\377\0005\000.\0001\0006\000.\0001\000\040\000D\000e\000t\000a\000i\000l\000e\000d\000\040\000D\000e\000s\000c\000r\000i\000p\000t\000i\000o\000n}{section.5.16}% 120
\BOOKMARK [2][-]{subsection.5.16.2}{\376\377\0005\000.\0001\0006\000.\0002\000\040\000F\000u\000n\000c\000t\000i\000o\000n\000\040\000D\000o\000c\000u\000m\000e\000n\000t\000a\000t\000i\000o\000n}{section.5.16}% 121
\BOOKMARK [3][-]{subsubsection.5.16.2.1}{\376\377\0005\000.\0001\0006\000.\0002\000.\0001\000\040\000B\000u\000s\000F\000a\000u\000l\000t\000\137\000H\000a\000n\000d\000l\000e\000r\000\050\000\051}{subsection.5.16.2}% 122
\BOOKMARK [3][-]{subsubsection.5.16.2.2}{\376\377\0005\000.\0001\0006\000.\0002\000.\0002\000\040\000D\000e\000b\000u\000g\000M\000o\000n\000\137\000H\000a\000n\000d\000l\000e\000r\000\050\000\051}{subsection.5.16.2}% 123
\BOOKMARK [3][-]{subsubsection.5.16.2.3}{\376\377\0005\000.\0001\0006\000.\0002\000.\0003\000\040\000D\000M\000A\0001\000\137\000S\000t\000r\000e\000a\000m\0005\000\137\000I\000R\000Q\000H\000a\000n\000d\000l\000e\000r\000\050\000\051}{subsection.5.16.2}% 124
\BOOKMARK [3][-]{subsubsection.5.16.2.4}{\376\377\0005\000.\0001\0006\000.\0002\000.\0004\000\040\000D\000M\000A\0001\000\137\000S\000t\000r\000e\000a\000m\0006\000\137\000I\000R\000Q\000H\000a\000n\000d\000l\000e\000r\000\050\000\051}{subsection.5.16.2}% 125
\BOOKMARK [3][-]{subsubsection.5.16.2.5}{\376\377\0005\000.\0001\0006\000.\0002\000.\0005\000\040\000D\000M\000A\0002\000\137\000S\000t\000r\000e\000a\000m\0002\000\137\000I\000R\000Q\000H\000a\000n\000d\000l\000e\000r\000\050\000\051}{subsection.5.16.2}% 126
\BOOKMARK [3][-]{subsubsection.5.16.2.6}{\376\377\0005\000.\0001\0006\000.\0002\000.\0006\000\040\000D\000M\000A\0002\000\137\000S\000t\000r\000e\000a\000m\0007\000\137\000I\000R\000Q\000H\000a\000n\000d\000l\000e\000r\000\050\000\051}{subsection.5.16.2}% 127
\BOOKMARK [3][-]{subsubsection.5.16.2.7}{\376\377\0005\000.\0001\0006\000.\0002\000.\0007\000\040\000H\000a\000r\000d\000F\000a\000u\000l\000t\000\137\000H\000a\000n\000d\000l\000e\000r\000\050\000\051}{subsection.5.16.2}% 128
\BOOKMARK [3][-]{subsubsection.5.16.2.8}{\376\377\0005\000.\0001\0006\000.\0002\000.\0008\000\040\000M\000e\000m\000M\000a\000n\000a\000g\000e\000\137\000H\000a\000n\000d\000l\000e\000r\000\050\000\051}{subsection.5.16.2}% 129
\BOOKMARK [3][-]{subsubsection.5.16.2.9}{\376\377\0005\000.\0001\0006\000.\0002\000.\0009\000\040\000N\000M\000I\000\137\000H\000a\000n\000d\000l\000e\000r\000\050\000\051}{subsection.5.16.2}% 130
\BOOKMARK [3][-]{subsubsection.5.16.2.10}{\376\377\0005\000.\0001\0006\000.\0002\000.\0001\0000\000\040\000U\000s\000a\000g\000e\000F\000a\000u\000l\000t\000\137\000H\000a\000n\000d\000l\000e\000r\000\050\000\051}{subsection.5.16.2}% 131
\BOOKMARK [3][-]{subsubsection.5.16.2.11}{\376\377\0005\000.\0001\0006\000.\0002\000.\0001\0001\000\040\000U\000S\000A\000R\000T\0001\000\137\000I\000R\000Q\000H\000a\000n\000d\000l\000e\000r\000\050\000\051}{subsection.5.16.2}% 132
\BOOKMARK [3][-]{subsubsection.5.16.2.12}{\376\377\0005\000.\0001\0006\000.\0002\000.\0001\0002\000\040\000U\000S\000A\000R\000T\0002\000\137\000I\000R\000Q\000H\000a\000n\000d\000l\000e\000r\000\050\000\051}{subsection.5.16.2}% 133
\BOOKMARK [1][-]{section.5.17}{\376\377\0005\000.\0001\0007\000\040\000s\000t\000m\0003\0002\000f\0004\000x\000x\000\137\000i\000t\000.\000h}{chapter.5}% 134
\BOOKMARK [1][-]{section.5.18}{\376\377\0005\000.\0001\0008\000\040\000s\000y\000s\000t\000e\000m\000c\000l\000o\000c\000k\000.\000h}{chapter.5}% 135
\BOOKMARK [1][-]{section.5.19}{\376\377\0005\000.\0001\0009\000\040\000u\000t\000i\000l\000.\000h}{chapter.5}% 136
\BOOKMARK [1][-]{section.5.20}{\376\377\0005\000.\0002\0000\000\040\000V\000L\0005\0003\000L\0000\000X\000.\000h}{chapter.5}% 137
\BOOKMARK [1][-]{section.5.21}{\376\377\0005\000.\0002\0001\000\040\000c\000a\000p\000t\000D\000i\000s\000t\000I\000R\000.\000c}{chapter.5}% 138
\BOOKMARK [1][-]{section.5.22}{\376\377\0005\000.\0002\0002\000\040\000d\000m\000a\000\137\000t\000r\000a\000n\000s\000p\000o\000r\000t\000.\000c}{chapter.5}% 139
\BOOKMARK [1][-]{section.5.23}{\376\377\0005\000.\0002\0003\000\040\000d\000r\000v\000\137\000g\000p\000i\000o\000.\000c}{chapter.5}% 140
\BOOKMARK [1][-]{section.5.24}{\376\377\0005\000.\0002\0004\000\040\000d\000r\000v\000\137\000i\0002\000c\000.\000c}{chapter.5}% 141
\BOOKMARK [1][-]{section.5.25}{\376\377\0005\000.\0002\0005\000\040\000d\000r\000v\000\137\000u\000a\000r\000t\000.\000c}{chapter.5}% 142
\BOOKMARK [1][-]{section.5.26}{\376\377\0005\000.\0002\0006\000\040\000f\000r\000e\000e\000r\000t\000o\000s\000.\000c}{chapter.5}% 143
\BOOKMARK [1][-]{section.5.27}{\376\377\0005\000.\0002\0007\000\040\000g\000r\000o\000v\000e\000L\000C\000D\000.\000c}{chapter.5}% 144
\BOOKMARK [1][-]{section.5.28}{\376\377\0005\000.\0002\0008\000\040\000C\000:\000/\000U\000s\000e\000r\000s\000/\000A\000d\000m\000i\000n\000i\000s\000t\000r\000a\000t\000o\000r\000/\000D\000o\000c\000u\000m\000e\000n\000t\000s\000/\000G\000i\000t\000H\000u\000b\000/\000E\000N\000I\000B\000\137\000R\000o\000b\000o\000t\000\137\000M\000o\000b\000i\000l\000e\000\137\000R\000o\000s\0002\000/\000W\000O\000R\000K\000S\000P\000A\000C\000E\000\137\000F\0004\0001\0001\000\137\000u\000R\000O\000S\0006\000/\000b\000a\000s\000e\000\137\000r\000o\000b\000o\000t\000/\000C\000o\000r\000e\000/\000S\000r\000c\000/\000m\000a\000i\000n\000.\000c\000\040\000F\000i\000l\000e\000\040\000R\000e\000f\000e\000r\000e\000n\000c\000e}{chapter.5}% 145
\BOOKMARK [2][-]{subsection.5.28.1}{\376\377\0005\000.\0002\0008\000.\0001\000\040\000D\000e\000t\000a\000i\000l\000e\000d\000\040\000D\000e\000s\000c\000r\000i\000p\000t\000i\000o\000n}{section.5.28}% 146
\BOOKMARK [2][-]{subsection.5.28.2}{\376\377\0005\000.\0002\0008\000.\0002\000\040\000M\000a\000c\000r\000o\000\040\000D\000e\000f\000i\000n\000i\000t\000i\000o\000n\000\040\000D\000o\000c\000u\000m\000e\000n\000t\000a\000t\000i\000o\000n}{section.5.28}% 147
\BOOKMARK [3][-]{subsubsection.5.28.2.1}{\376\377\0005\000.\0002\0008\000.\0002\000.\0001\000\040\000C\000A\000M\000E\000R\000A\000\137\000X\000\137\000M\000A\000X}{subsection.5.28.2}% 148
\BOOKMARK [3][-]{subsubsection.5.28.2.2}{\376\377\0005\000.\0002\0008\000.\0002\000.\0002\000\040\000C\000A\000M\000E\000R\000A\000\137\000X\000\137\000M\000I\000N}{subsection.5.28.2}% 149
\BOOKMARK [3][-]{subsubsection.5.28.2.3}{\376\377\0005\000.\0002\0008\000.\0002\000.\0003\000\040\000C\000A\000M\000E\000R\000A\000\137\000Y\000\137\000M\000A\000X}{subsection.5.28.2}% 150
\BOOKMARK [3][-]{subsubsection.5.28.2.4}{\376\377\0005\000.\0002\0008\000.\0002\000.\0004\000\040\000C\000A\000M\000E\000R\000A\000\137\000Y\000\137\000M\000I\000N}{subsection.5.28.2}% 151
\BOOKMARK [3][-]{subsubsection.5.28.2.5}{\376\377\0005\000.\0002\0008\000.\0002\000.\0005\000\040\000C\000M\000D}{subsection.5.28.2}% 152
\BOOKMARK [3][-]{subsubsection.5.28.2.6}{\376\377\0005\000.\0002\0008\000.\0002\000.\0006\000\040\000D\000E\000B\000U\000G\000\137\000M\000O\000T\000O\000R}{subsection.5.28.2}% 153
\BOOKMARK [3][-]{subsubsection.5.28.2.7}{\376\377\0005\000.\0002\0008\000.\0002\000.\0007\000\040\000D\000E\000B\000U\000G\000\137\000P\000R\000I\000N\000T\000F}{subsection.5.28.2}% 154
\BOOKMARK [3][-]{subsubsection.5.28.2.8}{\376\377\0005\000.\0002\0008\000.\0002\000.\0008\000\040\000D\000E\000F\000A\000U\000L\000T\000\137\000D\000I\000R}{subsection.5.28.2}% 155
\BOOKMARK [3][-]{subsubsection.5.28.2.9}{\376\377\0005\000.\0002\0008\000.\0002\000.\0009\000\040\000D\000E\000F\000A\000U\000L\000T\000\137\000M\000O\000D\000E}{subsection.5.28.2}% 156
\BOOKMARK [3][-]{subsubsection.5.28.2.10}{\376\377\0005\000.\0002\0008\000.\0002\000.\0001\0000\000\040\000D\000E\000F\000A\000U\000L\000T\000\137\000S\000P\000E\000E\000D}{subsection.5.28.2}% 157
\BOOKMARK [3][-]{subsubsection.5.28.2.11}{\376\377\0005\000.\0002\0008\000.\0002\000.\0001\0001\000\040\000E\000X\000C\000O\000R\000R\000E\000C\000T\000O\000R}{subsection.5.28.2}% 158
\BOOKMARK [3][-]{subsubsection.5.28.2.12}{\376\377\0005\000.\0002\0008\000.\0002\000.\0001\0002\000\040\000E\000X\000F\000I\000N\000A\000L}{subsection.5.28.2}% 159
\BOOKMARK [3][-]{subsubsection.5.28.2.13}{\376\377\0005\000.\0002\0008\000.\0002\000.\0001\0003\000\040\000E\000X\000S\000T\000A\000R\000T\000U\000P}{subsection.5.28.2}% 160
\BOOKMARK [3][-]{subsubsection.5.28.2.14}{\376\377\0005\000.\0002\0008\000.\0002\000.\0001\0004\000\040\000E\000X\000T\000E\000S\000T\000\137\000M\000I\000C\000R\000O\000R\000O\000S}{subsection.5.28.2}% 161
\BOOKMARK [3][-]{subsubsection.5.28.2.15}{\376\377\0005\000.\0002\0008\000.\0002\000.\0001\0005\000\040\000E\000X\000T\000E\000S\000T\000\137\000U\000A\000R\000T\0002}{subsection.5.28.2}% 162
\BOOKMARK [3][-]{subsubsection.5.28.2.16}{\376\377\0005\000.\0002\0008\000.\0002\000.\0001\0006\000\040\000E\000X\000T\000E\000S\000T\000\137\000V\000L\0005\0003}{subsection.5.28.2}% 163
\BOOKMARK [3][-]{subsubsection.5.28.2.17}{\376\377\0005\000.\0002\0008\000.\0002\000.\0001\0007\000\040\000E\000X\000T\000E\000S\000T\000C\000O\000R\000R\000E\000C\000T\000O\000R}{subsection.5.28.2}% 164
\BOOKMARK [3][-]{subsubsection.5.28.2.18}{\376\377\0005\000.\0002\0008\000.\0002\000.\0001\0008\000\040\000L\000C\000D}{subsection.5.28.2}% 165
\BOOKMARK [3][-]{subsubsection.5.28.2.19}{\376\377\0005\000.\0002\0008\000.\0002\000.\0001\0009\000\040\000L\000K\000i}{subsection.5.28.2}% 166
\BOOKMARK [3][-]{subsubsection.5.28.2.20}{\376\377\0005\000.\0002\0008\000.\0002\000.\0002\0000\000\040\000L\000K\000p}{subsection.5.28.2}% 167
\BOOKMARK [3][-]{subsubsection.5.28.2.21}{\376\377\0005\000.\0002\0008\000.\0002\000.\0002\0001\000\040\000M\000I\000C\000R\000O\000R\000O\000S}{subsection.5.28.2}% 168
\BOOKMARK [3][-]{subsubsection.5.28.2.22}{\376\377\0005\000.\0002\0008\000.\0002\000.\0002\0002\000\040\000N\000B}{subsection.5.28.2}% 169
\BOOKMARK [3][-]{subsubsection.5.28.2.23}{\376\377\0005\000.\0002\0008\000.\0002\000.\0002\0003\000\040\000R\000K\000i}{subsection.5.28.2}% 170
\BOOKMARK [3][-]{subsubsection.5.28.2.24}{\376\377\0005\000.\0002\0008\000.\0002\000.\0002\0004\000\040\000R\000K\000p}{subsection.5.28.2}% 171
\BOOKMARK [3][-]{subsubsection.5.28.2.25}{\376\377\0005\000.\0002\0008\000.\0002\000.\0002\0005\000\040\000R\000O\000S\000\137\000D\000O\000M\000A\000I\000N\000\137\000I\000D}{subsection.5.28.2}% 172
\BOOKMARK [3][-]{subsubsection.5.28.2.26}{\376\377\0005\000.\0002\0008\000.\0002\000.\0002\0006\000\040\000S\000A\000M\000P\000L\000I\000N\000G\000\137\000P\000E\000R\000I\000O\000D\000\137\000m\000s}{subsection.5.28.2}% 173
\BOOKMARK [3][-]{subsubsection.5.28.2.27}{\376\377\0005\000.\0002\0008\000.\0002\000.\0002\0007\000\040\000S\000Y\000N\000C\000H\000R\000O\000\137\000E\000X}{subsection.5.28.2}% 174
\BOOKMARK [3][-]{subsubsection.5.28.2.28}{\376\377\0005\000.\0002\0008\000.\0002\000.\0002\0008\000\040\000T\000e}{subsection.5.28.2}% 175
\BOOKMARK [3][-]{subsubsection.5.28.2.29}{\376\377\0005\000.\0002\0008\000.\0002\000.\0002\0009\000\040\000T\000E\000S\000T\000\137\000C\000O\000R\000R\000E\000C\000T\000O\000R\000\137\000D\000U\000T\000Y}{subsection.5.28.2}% 176
\BOOKMARK [3][-]{subsubsection.5.28.2.30}{\376\377\0005\000.\0002\0008\000.\0002\000.\0003\0000\000\040\000T\000E\000S\000T\000\137\000C\000O\000R\000R\000E\000C\000T\000O\000R\000\137\000S\000P\000E\000E\000D\000L}{subsection.5.28.2}% 177
\BOOKMARK [3][-]{subsubsection.5.28.2.31}{\376\377\0005\000.\0002\0008\000.\0002\000.\0003\0001\000\040\000T\000E\000S\000T\000\137\000C\000O\000R\000R\000E\000C\000T\000O\000R\000\137\000S\000P\000E\000E\000D\000R}{subsection.5.28.2}% 178
\BOOKMARK [3][-]{subsubsection.5.28.2.32}{\376\377\0005\000.\0002\0008\000.\0002\000.\0003\0002\000\040\000T\000E\000S\000T\000\137\000L\000E\000F\000T\000\137\000M\000O\000T\000O\000R}{subsection.5.28.2}% 179
\BOOKMARK [3][-]{subsubsection.5.28.2.33}{\376\377\0005\000.\0002\0008\000.\0002\000.\0003\0003\000\040\000V\000I\000T\000E\000S\000S\000E\000\137\000C\000A\000M}{subsection.5.28.2}% 180
\BOOKMARK [3][-]{subsubsection.5.28.2.34}{\376\377\0005\000.\0002\0008\000.\0002\000.\0003\0004\000\040\000V\000I\000T\000E\000S\000S\000E\000\137\000K\000A\000R\000T}{subsection.5.28.2}% 181
\BOOKMARK [3][-]{subsubsection.5.28.2.35}{\376\377\0005\000.\0002\0008\000.\0002\000.\0003\0005\000\040\000V\000I\000T\000E\000S\000S\000E\000\137\000O\000B\000S}{subsection.5.28.2}% 182
\BOOKMARK [3][-]{subsubsection.5.28.2.36}{\376\377\0005\000.\0002\0008\000.\0002\000.\0003\0006\000\040\000V\000L\0005\0003}{subsection.5.28.2}% 183
\BOOKMARK [2][-]{subsection.5.28.3}{\376\377\0005\000.\0002\0008\000.\0003\000\040\000E\000n\000u\000m\000e\000r\000a\000t\000i\000o\000n\000\040\000T\000y\000p\000e\000\040\000D\000o\000c\000u\000m\000e\000n\000t\000a\000t\000i\000o\000n}{section.5.28}% 184
\BOOKMARK [3][-]{subsubsection.5.28.3.1}{\376\377\0005\000.\0002\0008\000.\0003\000.\0001\000\040\000a\000n\000o\000n\000y\000m\000o\000u\000s\000\040\000e\000n\000u\000m}{subsection.5.28.3}% 185
\BOOKMARK [3][-]{subsubsection.5.28.3.2}{\376\377\0005\000.\0002\0008\000.\0003\000.\0002\000\040\000a\000n\000o\000n\000y\000m\000o\000u\000s\000\040\000e\000n\000u\000m}{subsection.5.28.3}% 186
\BOOKMARK [3][-]{subsubsection.5.28.3.3}{\376\377\0005\000.\0002\0008\000.\0003\000.\0003\000\040\000a\000n\000o\000n\000y\000m\000o\000u\000s\000\040\000e\000n\000u\000m}{subsection.5.28.3}% 187
\BOOKMARK [2][-]{subsection.5.28.4}{\376\377\0005\000.\0002\0008\000.\0004\000\040\000F\000u\000n\000c\000t\000i\000o\000n\000\040\000D\000o\000c\000u\000m\000e\000n\000t\000a\000t\000i\000o\000n}{section.5.28}% 188
\BOOKMARK [3][-]{subsubsection.5.28.4.1}{\376\377\0005\000.\0002\0008\000.\0004\000.\0001\000\040\000C\000H\000E\000C\000K\000M\000R\000R\000E\000T\000\050\000\051}{subsection.5.28.4}% 189
\BOOKMARK [3][-]{subsubsection.5.28.4.2}{\376\377\0005\000.\0002\0008\000.\0004\000.\0002\000\040\000E\000r\000r\000o\000r\000\137\000H\000a\000n\000d\000l\000e\000r\000\050\000\051}{subsection.5.28.4}% 190
\BOOKMARK [3][-]{subsubsection.5.28.4.3}{\376\377\0005\000.\0002\0008\000.\0004\000.\0003\000\040\000H\000A\000L\000\137\000T\000I\000M\000\137\000P\000e\000r\000i\000o\000d\000E\000l\000a\000p\000s\000e\000d\000C\000a\000l\000l\000b\000a\000c\000k\000\050\000\051}{subsection.5.28.4}% 191
\BOOKMARK [3][-]{subsubsection.5.28.4.4}{\376\377\0005\000.\0002\0008\000.\0004\000.\0004\000\040\000m\000a\000i\000n\000\050\000\051}{subsection.5.28.4}% 192
\BOOKMARK [3][-]{subsubsection.5.28.4.5}{\376\377\0005\000.\0002\0008\000.\0004\000.\0005\000\040\000m\000i\000c\000r\000o\000r\000o\000s\000\137\000a\000l\000l\000o\000c\000a\000t\000e\000\050\000\051}{subsection.5.28.4}% 193
\BOOKMARK [3][-]{subsubsection.5.28.4.6}{\376\377\0005\000.\0002\0008\000.\0004\000.\0006\000\040\000m\000i\000c\000r\000o\000r\000o\000s\000\137\000d\000e\000a\000l\000l\000o\000c\000a\000t\000e\000\050\000\051}{subsection.5.28.4}% 194
\BOOKMARK [3][-]{subsubsection.5.28.4.7}{\376\377\0005\000.\0002\0008\000.\0004\000.\0007\000\040\000m\000i\000c\000r\000o\000r\000o\000s\000\137\000r\000e\000a\000l\000l\000o\000c\000a\000t\000e\000\050\000\051}{subsection.5.28.4}% 195
\BOOKMARK [3][-]{subsubsection.5.28.4.8}{\376\377\0005\000.\0002\0008\000.\0004\000.\0008\000\040\000m\000i\000c\000r\000o\000r\000o\000s\000\137\000t\000a\000s\000k\000\050\000\051}{subsection.5.28.4}% 196
\BOOKMARK [3][-]{subsubsection.5.28.4.9}{\376\377\0005\000.\0002\0008\000.\0004\000.\0009\000\040\000m\000i\000c\000r\000o\000r\000o\000s\000\137\000z\000e\000r\000o\000\137\000a\000l\000l\000o\000c\000a\000t\000e\000\050\000\051}{subsection.5.28.4}% 197
\BOOKMARK [3][-]{subsubsection.5.28.4.10}{\376\377\0005\000.\0002\0008\000.\0004\000.\0001\0000\000\040\000S\000u\000b\000s\000c\000r\000i\000b\000e\000r\000C\000a\000l\000l\000b\000a\000c\000k\000F\000u\000n\000c\000t\000i\000o\000n\000\050\000\051}{subsection.5.28.4}% 198
\BOOKMARK [3][-]{subsubsection.5.28.4.11}{\376\377\0005\000.\0002\0008\000.\0004\000.\0001\0001\000\040\000S\000y\000s\000t\000e\000m\000C\000l\000o\000c\000k\000\137\000C\000o\000n\000f\000i\000g\000\050\000\051}{subsection.5.28.4}% 199
\BOOKMARK [3][-]{subsubsection.5.28.4.12}{\376\377\0005\000.\0002\0008\000.\0004\000.\0001\0002\000\040\000t\000a\000s\000k\000\137\000M\000o\000t\000o\000r\000\137\000L\000e\000f\000t\000\050\000\051}{subsection.5.28.4}% 200
\BOOKMARK [3][-]{subsubsection.5.28.4.13}{\376\377\0005\000.\0002\0008\000.\0004\000.\0001\0003\000\040\000t\000a\000s\000k\000\137\000M\000o\000t\000o\000r\000\137\000R\000i\000g\000h\000t\000\050\000\051}{subsection.5.28.4}% 201
\BOOKMARK [3][-]{subsubsection.5.28.4.14}{\376\377\0005\000.\0002\0008\000.\0004\000.\0001\0004\000\040\000t\000a\000s\000k\000\137\000S\000u\000p\000e\000r\000v\000i\000s\000i\000o\000n\000\050\000\051}{subsection.5.28.4}% 202
\BOOKMARK [3][-]{subsubsection.5.28.4.15}{\376\377\0005\000.\0002\0008\000.\0004\000.\0001\0005\000\040\000t\000e\000s\000t\000\137\000m\000o\000t\000o\000r\000\050\000\051}{subsection.5.28.4}% 203
\BOOKMARK [3][-]{subsubsection.5.28.4.16}{\376\377\0005\000.\0002\0008\000.\0004\000.\0001\0006\000\040\000t\000e\000s\000t\000\137\000u\000a\000r\000t\0002\000\050\000\051}{subsection.5.28.4}% 204
\BOOKMARK [3][-]{subsubsection.5.28.4.17}{\376\377\0005\000.\0002\0008\000.\0004\000.\0001\0007\000\040\000t\000e\000s\000t\000\137\000v\000l\0005\0003\000\050\000\051}{subsection.5.28.4}% 205
\BOOKMARK [2][-]{subsection.5.28.5}{\376\377\0005\000.\0002\0008\000.\0005\000\040\000V\000a\000r\000i\000a\000b\000l\000e\000\040\000D\000o\000c\000u\000m\000e\000n\000t\000a\000t\000i\000o\000n}{section.5.28}% 206
\BOOKMARK [3][-]{subsubsection.5.28.5.1}{\376\377\0005\000.\0002\0008\000.\0005\000.\0001\000\040\000d\000e\000f\000a\000u\000l\000t\000T\000a\000s\000k\000\137\000a\000t\000t\000r\000i\000b\000u\000t\000e\000s}{subsection.5.28.5}% 207
\BOOKMARK [3][-]{subsubsection.5.28.5.2}{\376\377\0005\000.\0002\0008\000.\0005\000.\0002\000\040\000d\000e\000f\000a\000u\000l\000t\000T\000a\000s\000k\000H\000a\000n\000d\000l\000e}{subsection.5.28.5}% 208
\BOOKMARK [3][-]{subsubsection.5.28.5.3}{\376\377\0005\000.\0002\0008\000.\0005\000.\0003\000\040\000h\000d\000m\000a\000\137\000u\000s\000a\000r\000t\0001\000\137\000r\000x}{subsection.5.28.5}% 209
\BOOKMARK [3][-]{subsubsection.5.28.5.4}{\376\377\0005\000.\0002\0008\000.\0005\000.\0004\000\040\000h\000d\000m\000a\000\137\000u\000s\000a\000r\000t\0001\000\137\000t\000x}{subsection.5.28.5}% 210
\BOOKMARK [3][-]{subsubsection.5.28.5.5}{\376\377\0005\000.\0002\0008\000.\0005\000.\0005\000\040\000h\000d\000m\000a\000\137\000u\000s\000a\000r\000t\0002\000\137\000r\000x}{subsection.5.28.5}% 211
\BOOKMARK [3][-]{subsubsection.5.28.5.6}{\376\377\0005\000.\0002\0008\000.\0005\000.\0006\000\040\000h\000d\000m\000a\000\137\000u\000s\000a\000r\000t\0002\000\137\000t\000x}{subsection.5.28.5}% 212
\BOOKMARK [3][-]{subsubsection.5.28.5.7}{\376\377\0005\000.\0002\0008\000.\0005\000.\0007\000\040\000h\000i\0002\000c\0001}{subsection.5.28.5}% 213
\BOOKMARK [3][-]{subsubsection.5.28.5.8}{\376\377\0005\000.\0002\0008\000.\0005\000.\0008\000\040\000h\000u\000a\000r\000t\0001}{subsection.5.28.5}% 214
\BOOKMARK [3][-]{subsubsection.5.28.5.9}{\376\377\0005\000.\0002\0008\000.\0005\000.\0009\000\040\000h\000u\000a\000r\000t\0002}{subsection.5.28.5}% 215
\BOOKMARK [3][-]{subsubsection.5.28.5.10}{\376\377\0005\000.\0002\0008\000.\0005\000.\0001\0000\000\040\000q\000\137\000m\000o\000t\000\137\000L}{subsection.5.28.5}% 216
\BOOKMARK [3][-]{subsubsection.5.28.5.11}{\376\377\0005\000.\0002\0008\000.\0005\000.\0001\0001\000\040\000q\000\137\000m\000o\000t\000\137\000R}{subsection.5.28.5}% 217
\BOOKMARK [3][-]{subsubsection.5.28.5.12}{\376\377\0005\000.\0002\0008\000.\0005\000.\0001\0002\000\040\000q\000h\000L\000C\000D}{subsection.5.28.5}% 218
\BOOKMARK [3][-]{subsubsection.5.28.5.13}{\376\377\0005\000.\0002\0008\000.\0005\000.\0001\0003\000\040\000q\000h\000M\000R\000\137\000p\000u\000b}{subsection.5.28.5}% 219
\BOOKMARK [3][-]{subsubsection.5.28.5.14}{\376\377\0005\000.\0002\0008\000.\0005\000.\0001\0004\000\040\000q\000h\000M\000R\000\137\000s\000u\000b}{subsection.5.28.5}% 220
\BOOKMARK [3][-]{subsubsection.5.28.5.15}{\376\377\0005\000.\0002\0008\000.\0005\000.\0001\0005\000\040\000q\000h\000V\000l\0005\0003}{subsection.5.28.5}% 221
\BOOKMARK [3][-]{subsubsection.5.28.5.16}{\376\377\0005\000.\0002\0008\000.\0005\000.\0001\0006\000\040\000t\000a\000b\000\137\000s\000p\000e\000e\000d}{subsection.5.28.5}% 222
\BOOKMARK [3][-]{subsubsection.5.28.5.17}{\376\377\0005\000.\0002\0008\000.\0005\000.\0001\0007\000\040\000x\000S\000e\000m\000\137\000S\000u\000p\000e\000r\000v\000i\000s\000i\000o\000n}{subsection.5.28.5}% 223
\BOOKMARK [1][-]{section.5.29}{\376\377\0005\000.\0002\0009\000\040\000m\000a\000i\000n\000.\000c}{chapter.5}% 224
\BOOKMARK [1][-]{section.5.30}{\376\377\0005\000.\0003\0000\000\040\000m\000i\000c\000r\000o\000R\000O\000S\000.\000c}{chapter.5}% 225
\BOOKMARK [1][-]{section.5.31}{\376\377\0005\000.\0003\0001\000\040\000m\000i\000c\000r\000o\000r\000o\000s\000\137\000a\000l\000l\000o\000c\000a\000t\000o\000r\000s\000.\000c}{chapter.5}% 226
\BOOKMARK [1][-]{section.5.32}{\376\377\0005\000.\0003\0002\000\040\000m\000i\000c\000r\000o\000r\000o\000s\000\137\000t\000i\000m\000e\000.\000c}{chapter.5}% 227
\BOOKMARK [1][-]{section.5.33}{\376\377\0005\000.\0003\0003\000\040\000m\000o\000t\000o\000r\000C\000o\000m\000m\000a\000n\000d\000.\000c}{chapter.5}% 228
\BOOKMARK [1][-]{section.5.34}{\376\377\0005\000.\0003\0004\000\040\000q\000u\000a\000d\000E\000n\000c\000o\000d\000e\000r\000.\000c}{chapter.5}% 229
\BOOKMARK [1][-]{section.5.35}{\376\377\0005\000.\0003\0005\000\040\000r\000e\000t\000a\000r\000g\000e\000t\000.\000c}{chapter.5}% 230
\BOOKMARK [1][-]{section.5.36}{\376\377\0005\000.\0003\0006\000\040\000s\000t\000m\0003\0002\000f\0004\000x\000x\000\137\000h\000a\000l\000\137\000m\000s\000p\000.\000c}{chapter.5}% 231
\BOOKMARK [1][-]{section.5.37}{\376\377\0005\000.\0003\0007\000\040\000C\000:\000/\000U\000s\000e\000r\000s\000/\000A\000d\000m\000i\000n\000i\000s\000t\000r\000a\000t\000o\000r\000/\000D\000o\000c\000u\000m\000e\000n\000t\000s\000/\000G\000i\000t\000H\000u\000b\000/\000E\000N\000I\000B\000\137\000R\000o\000b\000o\000t\000\137\000M\000o\000b\000i\000l\000e\000\137\000R\000o\000s\0002\000/\000W\000O\000R\000K\000S\000P\000A\000C\000E\000\137\000F\0004\0001\0001\000\137\000u\000R\000O\000S\0006\000/\000b\000a\000s\000e\000\137\000r\000o\000b\000o\000t\000/\000C\000o\000r\000e\000/\000S\000r\000c\000/\000s\000t\000m\0003\0002\000f\0004\000x\000x\000\137\000h\000a\000l\000\137\000t\000i\000m\000e\000b\000a\000s\000e\000\137\000t\000i\000m\000.\000c\000\040\000F\000i\000l\000e\000\040\000R\000e\000f\000e\000r\000e\000n\000c\000e}{chapter.5}% 232
\BOOKMARK [2][-]{subsection.5.37.1}{\376\377\0005\000.\0003\0007\000.\0001\000\040\000D\000e\000t\000a\000i\000l\000e\000d\000\040\000D\000e\000s\000c\000r\000i\000p\000t\000i\000o\000n}{section.5.37}% 233
\BOOKMARK [2][-]{subsection.5.37.2}{\376\377\0005\000.\0003\0007\000.\0002\000\040\000F\000u\000n\000c\000t\000i\000o\000n\000\040\000D\000o\000c\000u\000m\000e\000n\000t\000a\000t\000i\000o\000n}{section.5.37}% 234
\BOOKMARK [3][-]{subsubsection.5.37.2.1}{\376\377\0005\000.\0003\0007\000.\0002\000.\0001\000\040\000H\000A\000L\000\137\000I\000n\000i\000t\000T\000i\000c\000k\000\050\000\051}{subsection.5.37.2}% 235
\BOOKMARK [3][-]{subsubsection.5.37.2.2}{\376\377\0005\000.\0003\0007\000.\0002\000.\0002\000\040\000H\000A\000L\000\137\000R\000e\000s\000u\000m\000e\000T\000i\000c\000k\000\050\000\051}{subsection.5.37.2}% 236
\BOOKMARK [3][-]{subsubsection.5.37.2.3}{\376\377\0005\000.\0003\0007\000.\0002\000.\0003\000\040\000H\000A\000L\000\137\000S\000u\000s\000p\000e\000n\000d\000T\000i\000c\000k\000\050\000\051}{subsection.5.37.2}% 237
\BOOKMARK [2][-]{subsection.5.37.3}{\376\377\0005\000.\0003\0007\000.\0003\000\040\000V\000a\000r\000i\000a\000b\000l\000e\000\040\000D\000o\000c\000u\000m\000e\000n\000t\000a\000t\000i\000o\000n}{section.5.37}% 238
\BOOKMARK [3][-]{subsubsection.5.37.3.1}{\376\377\0005\000.\0003\0007\000.\0003\000.\0001\000\040\000h\000t\000i\000m\0004}{subsection.5.37.3}% 239
\BOOKMARK [1][-]{section.5.38}{\376\377\0005\000.\0003\0008\000\040\000s\000t\000m\0003\0002\000f\0004\000x\000x\000\137\000h\000a\000l\000\137\000t\000i\000m\000e\000b\000a\000s\000e\000\137\000t\000i\000m\000.\000c}{chapter.5}% 240
\BOOKMARK [1][-]{section.5.39}{\376\377\0005\000.\0003\0009\000\040\000s\000t\000m\0003\0002\000f\0004\000x\000x\000\137\000i\000t\000.\000c}{chapter.5}% 241
\BOOKMARK [1][-]{section.5.40}{\376\377\0005\000.\0004\0000\000\040\000C\000:\000/\000U\000s\000e\000r\000s\000/\000A\000d\000m\000i\000n\000i\000s\000t\000r\000a\000t\000o\000r\000/\000D\000o\000c\000u\000m\000e\000n\000t\000s\000/\000G\000i\000t\000H\000u\000b\000/\000E\000N\000I\000B\000\137\000R\000o\000b\000o\000t\000\137\000M\000o\000b\000i\000l\000e\000\137\000R\000o\000s\0002\000/\000W\000O\000R\000K\000S\000P\000A\000C\000E\000\137\000F\0004\0001\0001\000\137\000u\000R\000O\000S\0006\000/\000b\000a\000s\000e\000\137\000r\000o\000b\000o\000t\000/\000C\000o\000r\000e\000/\000S\000r\000c\000/\000s\000y\000s\000c\000a\000l\000l\000s\000.\000c\000\040\000F\000i\000l\000e\000\040\000R\000e\000f\000e\000r\000e\000n\000c\000e}{chapter.5}% 242
\BOOKMARK [2][-]{subsection.5.40.1}{\376\377\0005\000.\0004\0000\000.\0001\000\040\000D\000e\000t\000a\000i\000l\000e\000d\000\040\000D\000e\000s\000c\000r\000i\000p\000t\000i\000o\000n}{section.5.40}% 243
\BOOKMARK [2][-]{subsection.5.40.2}{\376\377\0005\000.\0004\0000\000.\0002\000\040\000F\000u\000n\000c\000t\000i\000o\000n\000\040\000D\000o\000c\000u\000m\000e\000n\000t\000a\000t\000i\000o\000n}{section.5.40}% 244
\BOOKMARK [3][-]{subsubsection.5.40.2.1}{\376\377\0005\000.\0004\0000\000.\0002\000.\0001\000\040\000\137\000\137\000a\000t\000t\000r\000i\000b\000u\000t\000e\000\137\000\137\000\050\000\051}{subsection.5.40.2}% 245
\BOOKMARK [3][-]{subsubsection.5.40.2.2}{\376\377\0005\000.\0004\0000\000.\0002\000.\0002\000\040\000\137\000\137\000i\000o\000\137\000g\000e\000t\000c\000h\000a\000r\000\050\000\051}{subsection.5.40.2}% 246
\BOOKMARK [3][-]{subsubsection.5.40.2.3}{\376\377\0005\000.\0004\0000\000.\0002\000.\0003\000\040\000\137\000c\000l\000o\000s\000e\000\050\000\051}{subsection.5.40.2}% 247
\BOOKMARK [3][-]{subsubsection.5.40.2.4}{\376\377\0005\000.\0004\0000\000.\0002\000.\0004\000\040\000\137\000e\000x\000e\000c\000v\000e\000\050\000\051}{subsection.5.40.2}% 248
\BOOKMARK [3][-]{subsubsection.5.40.2.5}{\376\377\0005\000.\0004\0000\000.\0002\000.\0005\000\040\000\137\000e\000x\000i\000t\000\050\000\051}{subsection.5.40.2}% 249
\BOOKMARK [3][-]{subsubsection.5.40.2.6}{\376\377\0005\000.\0004\0000\000.\0002\000.\0006\000\040\000\137\000f\000o\000r\000k\000\050\000\051}{subsection.5.40.2}% 250
\BOOKMARK [3][-]{subsubsection.5.40.2.7}{\376\377\0005\000.\0004\0000\000.\0002\000.\0007\000\040\000\137\000f\000s\000t\000a\000t\000\050\000\051}{subsection.5.40.2}% 251
\BOOKMARK [3][-]{subsubsection.5.40.2.8}{\376\377\0005\000.\0004\0000\000.\0002\000.\0008\000\040\000\137\000g\000e\000t\000p\000i\000d\000\050\000\051}{subsection.5.40.2}% 252
\BOOKMARK [3][-]{subsubsection.5.40.2.9}{\376\377\0005\000.\0004\0000\000.\0002\000.\0009\000\040\000\137\000i\000s\000a\000t\000t\000y\000\050\000\051}{subsection.5.40.2}% 253
\BOOKMARK [3][-]{subsubsection.5.40.2.10}{\376\377\0005\000.\0004\0000\000.\0002\000.\0001\0000\000\040\000\137\000k\000i\000l\000l\000\050\000\051}{subsection.5.40.2}% 254
\BOOKMARK [3][-]{subsubsection.5.40.2.11}{\376\377\0005\000.\0004\0000\000.\0002\000.\0001\0001\000\040\000\137\000l\000i\000n\000k\000\050\000\051}{subsection.5.40.2}% 255
\BOOKMARK [3][-]{subsubsection.5.40.2.12}{\376\377\0005\000.\0004\0000\000.\0002\000.\0001\0002\000\040\000\137\000l\000s\000e\000e\000k\000\050\000\051}{subsection.5.40.2}% 256
\BOOKMARK [3][-]{subsubsection.5.40.2.13}{\376\377\0005\000.\0004\0000\000.\0002\000.\0001\0003\000\040\000\137\000o\000p\000e\000n\000\050\000\051}{subsection.5.40.2}% 257
\BOOKMARK [3][-]{subsubsection.5.40.2.14}{\376\377\0005\000.\0004\0000\000.\0002\000.\0001\0004\000\040\000\137\000s\000t\000a\000t\000\050\000\051}{subsection.5.40.2}% 258
\BOOKMARK [3][-]{subsubsection.5.40.2.15}{\376\377\0005\000.\0004\0000\000.\0002\000.\0001\0005\000\040\000\137\000t\000i\000m\000e\000s\000\050\000\051}{subsection.5.40.2}% 259
\BOOKMARK [3][-]{subsubsection.5.40.2.16}{\376\377\0005\000.\0004\0000\000.\0002\000.\0001\0006\000\040\000\137\000u\000n\000l\000i\000n\000k\000\050\000\051}{subsection.5.40.2}% 260
\BOOKMARK [3][-]{subsubsection.5.40.2.17}{\376\377\0005\000.\0004\0000\000.\0002\000.\0001\0007\000\040\000\137\000w\000a\000i\000t\000\050\000\051}{subsection.5.40.2}% 261
\BOOKMARK [3][-]{subsubsection.5.40.2.18}{\376\377\0005\000.\0004\0000\000.\0002\000.\0001\0008\000\040\000i\000n\000i\000t\000i\000a\000l\000i\000s\000e\000\137\000m\000o\000n\000i\000t\000o\000r\000\137\000h\000a\000n\000d\000l\000e\000s\000\050\000\051}{subsection.5.40.2}% 262
\BOOKMARK [2][-]{subsection.5.40.3}{\376\377\0005\000.\0004\0000\000.\0003\000\040\000V\000a\000r\000i\000a\000b\000l\000e\000\040\000D\000o\000c\000u\000m\000e\000n\000t\000a\000t\000i\000o\000n}{section.5.40}% 263
\BOOKMARK [3][-]{subsubsection.5.40.3.1}{\376\377\0005\000.\0004\0000\000.\0003\000.\0001\000\040\000e\000n\000v\000i\000r\000o\000n}{subsection.5.40.3}% 264
\BOOKMARK [1][-]{section.5.41}{\376\377\0005\000.\0004\0001\000\040\000s\000y\000s\000c\000a\000l\000l\000s\000.\000c}{chapter.5}% 265
\BOOKMARK [1][-]{section.5.42}{\376\377\0005\000.\0004\0002\000\040\000C\000:\000/\000U\000s\000e\000r\000s\000/\000A\000d\000m\000i\000n\000i\000s\000t\000r\000a\000t\000o\000r\000/\000D\000o\000c\000u\000m\000e\000n\000t\000s\000/\000G\000i\000t\000H\000u\000b\000/\000E\000N\000I\000B\000\137\000R\000o\000b\000o\000t\000\137\000M\000o\000b\000i\000l\000e\000\137\000R\000o\000s\0002\000/\000W\000O\000R\000K\000S\000P\000A\000C\000E\000\137\000F\0004\0001\0001\000\137\000u\000R\000O\000S\0006\000/\000b\000a\000s\000e\000\137\000r\000o\000b\000o\000t\000/\000C\000o\000r\000e\000/\000S\000r\000c\000/\000s\000y\000s\000m\000e\000m\000.\000c\000\040\000F\000i\000l\000e\000\040\000R\000e\000f\000e\000r\000e\000n\000c\000e}{chapter.5}% 266
\BOOKMARK [2][-]{subsection.5.42.1}{\376\377\0005\000.\0004\0002\000.\0001\000\040\000D\000e\000t\000a\000i\000l\000e\000d\000\040\000D\000e\000s\000c\000r\000i\000p\000t\000i\000o\000n}{section.5.42}% 267
\BOOKMARK [2][-]{subsection.5.42.2}{\376\377\0005\000.\0004\0002\000.\0002\000\040\000F\000u\000n\000c\000t\000i\000o\000n\000\040\000D\000o\000c\000u\000m\000e\000n\000t\000a\000t\000i\000o\000n}{section.5.42}% 268
\BOOKMARK [3][-]{subsubsection.5.42.2.1}{\376\377\0005\000.\0004\0002\000.\0002\000.\0001\000\040\000\137\000s\000b\000r\000k\000\050\000\051}{subsection.5.42.2}% 269
\BOOKMARK [2][-]{subsection.5.42.3}{\376\377\0005\000.\0004\0002\000.\0003\000\040\000V\000a\000r\000i\000a\000b\000l\000e\000\040\000D\000o\000c\000u\000m\000e\000n\000t\000a\000t\000i\000o\000n}{section.5.42}% 270
\BOOKMARK [3][-]{subsubsection.5.42.3.1}{\376\377\0005\000.\0004\0002\000.\0003\000.\0001\000\040\000\137\000\137\000s\000b\000r\000k\000\137\000h\000e\000a\000p\000\137\000e\000n\000d}{subsection.5.42.3}% 271
\BOOKMARK [1][-]{section.5.43}{\376\377\0005\000.\0004\0003\000\040\000s\000y\000s\000m\000e\000m\000.\000c}{chapter.5}% 272
\BOOKMARK [1][-]{section.5.44}{\376\377\0005\000.\0004\0004\000\040\000s\000y\000s\000t\000e\000m\000c\000l\000o\000c\000k\000.\000c}{chapter.5}% 273
\BOOKMARK [1][-]{section.5.45}{\376\377\0005\000.\0004\0005\000\040\000u\000t\000i\000l\000.\000c}{chapter.5}% 274
\BOOKMARK [1][-]{section.5.46}{\376\377\0005\000.\0004\0006\000\040\000V\000L\0005\0003\000L\0000\000X\000.\000c}{chapter.5}% 275
\BOOKMARK [0][-]{section*.23}{\376\377\000I\000n\000d\000e\000x}{}% 276
