[0.268s] Invoking command in '/home/dony/ROS_ROBOT_PROJECT/robot_mobile_ihm/build/robot_mobile_pkg_cpp': CMAKE_PREFIX_PATH=${CMAKE_PREFIX_PATH}:/home/dony/ROS_UDEMY/ros2_ws/install/my_py_pkg:/home/dony/ROS_UDEMY/ros2_ws/install/activity_002_py:/opt/ros/humble /usr/bin/cmake --build /home/dony/ROS_ROBOT_PROJECT/robot_mobile_ihm/build/robot_mobile_pkg_cpp -- -j2 -l2
[0.391s] [ 20%] [34m[1mAutomatic MOC and UIC for target my_node_ihm[0m
[1.073s] [ 20%] Built target my_node_ihm_autogen
[1.110s] [35m[1mConsolidate compiler generated dependencies of target my_node_ihm[0m
[1.208s] [ 40%] [32mBuilding CXX object CMakeFiles/my_node_ihm.dir/my_node_ihm_autogen/mocs_compilation.cpp.o[0m
[1.212s] [ 60%] [32mBuilding CXX object CMakeFiles/my_node_ihm.dir/src/my_node.cpp.o[0m
[19.683s] [ 80%] [32mBuilding CXX object CMakeFiles/my_node_ihm.dir/src/mainwindow.cpp.o[0m
[47.457s] [100%] [32m[1mLinking CXX executable my_node_ihm[0m
[49.449s] [100%] Built target my_node_ihm
[49.477s] Invoked command in '/home/dony/ROS_ROBOT_PROJECT/robot_mobile_ihm/build/robot_mobile_pkg_cpp' returned '0': CMAKE_PREFIX_PATH=${CMAKE_PREFIX_PATH}:/home/dony/ROS_UDEMY/ros2_ws/install/my_py_pkg:/home/dony/ROS_UDEMY/ros2_ws/install/activity_002_py:/opt/ros/humble /usr/bin/cmake --build /home/dony/ROS_ROBOT_PROJECT/robot_mobile_ihm/build/robot_mobile_pkg_cpp -- -j2 -l2
[49.566s] Invoking command in '/home/dony/ROS_ROBOT_PROJECT/robot_mobile_ihm/build/robot_mobile_pkg_cpp': CMAKE_PREFIX_PATH=${CMAKE_PREFIX_PATH}:/home/dony/ROS_UDEMY/ros2_ws/install/my_py_pkg:/home/dony/ROS_UDEMY/ros2_ws/install/activity_002_py:/opt/ros/humble /usr/bin/cmake --install /home/dony/ROS_ROBOT_PROJECT/robot_mobile_ihm/build/robot_mobile_pkg_cpp
[49.584s] -- Install configuration: "Debug"
[49.585s] -- Installing: /home/dony/ROS_ROBOT_PROJECT/robot_mobile_ihm/install/robot_mobile_pkg_cpp/lib/robot_mobile_pkg_cpp/my_node_ihm
[49.659s] -- Set runtime path of "/home/dony/ROS_ROBOT_PROJECT/robot_mobile_ihm/install/robot_mobile_pkg_cpp/lib/robot_mobile_pkg_cpp/my_node_ihm" to ""
[49.659s] -- Up-to-date: /home/dony/ROS_ROBOT_PROJECT/robot_mobile_ihm/install/robot_mobile_pkg_cpp/share/ament_index/resource_index/package_run_dependencies/robot_mobile_pkg_cpp
[49.660s] -- Up-to-date: /home/dony/ROS_ROBOT_PROJECT/robot_mobile_ihm/install/robot_mobile_pkg_cpp/share/ament_index/resource_index/parent_prefix_path/robot_mobile_pkg_cpp
[49.660s] -- Up-to-date: /home/dony/ROS_ROBOT_PROJECT/robot_mobile_ihm/install/robot_mobile_pkg_cpp/share/robot_mobile_pkg_cpp/environment/ament_prefix_path.sh
[49.661s] -- Up-to-date: /home/dony/ROS_ROBOT_PROJECT/robot_mobile_ihm/install/robot_mobile_pkg_cpp/share/robot_mobile_pkg_cpp/environment/ament_prefix_path.dsv
[49.661s] -- Up-to-date: /home/dony/ROS_ROBOT_PROJECT/robot_mobile_ihm/install/robot_mobile_pkg_cpp/share/robot_mobile_pkg_cpp/environment/path.sh
[49.661s] -- Up-to-date: /home/dony/ROS_ROBOT_PROJECT/robot_mobile_ihm/install/robot_mobile_pkg_cpp/share/robot_mobile_pkg_cpp/environment/path.dsv
[49.662s] -- Up-to-date: /home/dony/ROS_ROBOT_PROJECT/robot_mobile_ihm/install/robot_mobile_pkg_cpp/share/robot_mobile_pkg_cpp/local_setup.bash
[49.662s] -- Up-to-date: /home/dony/ROS_ROBOT_PROJECT/robot_mobile_ihm/install/robot_mobile_pkg_cpp/share/robot_mobile_pkg_cpp/local_setup.sh
[49.663s] -- Up-to-date: /home/dony/ROS_ROBOT_PROJECT/robot_mobile_ihm/install/robot_mobile_pkg_cpp/share/robot_mobile_pkg_cpp/local_setup.zsh
[49.663s] -- Up-to-date: /home/dony/ROS_ROBOT_PROJECT/robot_mobile_ihm/install/robot_mobile_pkg_cpp/share/robot_mobile_pkg_cpp/local_setup.dsv
[49.663s] -- Installing: /home/dony/ROS_ROBOT_PROJECT/robot_mobile_ihm/install/robot_mobile_pkg_cpp/share/robot_mobile_pkg_cpp/package.dsv
[49.663s] -- Up-to-date: /home/dony/ROS_ROBOT_PROJECT/robot_mobile_ihm/install/robot_mobile_pkg_cpp/share/ament_index/resource_index/packages/robot_mobile_pkg_cpp
[49.664s] -- Up-to-date: /home/dony/ROS_ROBOT_PROJECT/robot_mobile_ihm/install/robot_mobile_pkg_cpp/share/robot_mobile_pkg_cpp/cmake/robot_mobile_pkg_cppConfig.cmake
[49.664s] -- Up-to-date: /home/dony/ROS_ROBOT_PROJECT/robot_mobile_ihm/install/robot_mobile_pkg_cpp/share/robot_mobile_pkg_cpp/cmake/robot_mobile_pkg_cppConfig-version.cmake
[49.667s] -- Up-to-date: /home/dony/ROS_ROBOT_PROJECT/robot_mobile_ihm/install/robot_mobile_pkg_cpp/share/robot_mobile_pkg_cpp/package.xml
[49.677s] Invoked command in '/home/dony/ROS_ROBOT_PROJECT/robot_mobile_ihm/build/robot_mobile_pkg_cpp' returned '0': CMAKE_PREFIX_PATH=${CMAKE_PREFIX_PATH}:/home/dony/ROS_UDEMY/ros2_ws/install/my_py_pkg:/home/dony/ROS_UDEMY/ros2_ws/install/activity_002_py:/opt/ros/humble /usr/bin/cmake --install /home/dony/ROS_ROBOT_PROJECT/robot_mobile_ihm/build/robot_mobile_pkg_cpp
