[ 20%] [34m[1mAutomatic MOC and UIC for target my_node_ihm[0m
[ 20%] Built target my_node_ihm_autogen
[35m[1mConsolidate compiler generated dependencies of target my_node_ihm[0m
[ 40%] [32mBuilding CXX object CMakeFiles/my_node_ihm.dir/src/my_node.cpp.o[0m
[ 60%] [32m[1mLinking CXX executable my_node_ihm[0m
[100%] Built target my_node_ihm
-- Install configuration: ""
-- Installing: /home/dony/ROS_ROBOT_PROJECT/robot_mobil_ihm_final/robot_mobile_ihm_final/robot_mobile_ihm/install/robot_mobile_pkg_cpp/lib/robot_mobile_pkg_cpp/my_node_ihm
-- Set runtime path of "/home/dony/ROS_ROBOT_PROJECT/robot_mobil_ihm_final/robot_mobile_ihm_final/robot_mobile_ihm/install/robot_mobile_pkg_cpp/lib/robot_mobile_pkg_cpp/my_node_ihm" to ""
-- Up-to-date: /home/dony/ROS_ROBOT_PROJECT/robot_mobil_ihm_final/robot_mobile_ihm_final/robot_mobile_ihm/install/robot_mobile_pkg_cpp/share/ament_index/resource_index/package_run_dependencies/robot_mobile_pkg_cpp
-- Up-to-date: /home/dony/ROS_ROBOT_PROJECT/robot_mobil_ihm_final/robot_mobile_ihm_final/robot_mobile_ihm/install/robot_mobile_pkg_cpp/share/ament_index/resource_index/parent_prefix_path/robot_mobile_pkg_cpp
-- Up-to-date: /home/dony/ROS_ROBOT_PROJECT/robot_mobil_ihm_final/robot_mobile_ihm_final/robot_mobile_ihm/install/robot_mobile_pkg_cpp/share/robot_mobile_pkg_cpp/environment/ament_prefix_path.sh
-- Up-to-date: /home/dony/ROS_ROBOT_PROJECT/robot_mobil_ihm_final/robot_mobile_ihm_final/robot_mobile_ihm/install/robot_mobile_pkg_cpp/share/robot_mobile_pkg_cpp/environment/ament_prefix_path.dsv
-- Up-to-date: /home/dony/ROS_ROBOT_PROJECT/robot_mobil_ihm_final/robot_mobile_ihm_final/robot_mobile_ihm/install/robot_mobile_pkg_cpp/share/robot_mobile_pkg_cpp/environment/path.sh
-- Up-to-date: /home/dony/ROS_ROBOT_PROJECT/robot_mobil_ihm_final/robot_mobile_ihm_final/robot_mobile_ihm/install/robot_mobile_pkg_cpp/share/robot_mobile_pkg_cpp/environment/path.dsv
-- Up-to-date: /home/dony/ROS_ROBOT_PROJECT/robot_mobil_ihm_final/robot_mobile_ihm_final/robot_mobile_ihm/install/robot_mobile_pkg_cpp/share/robot_mobile_pkg_cpp/local_setup.bash
-- Up-to-date: /home/dony/ROS_ROBOT_PROJECT/robot_mobil_ihm_final/robot_mobile_ihm_final/robot_mobile_ihm/install/robot_mobile_pkg_cpp/share/robot_mobile_pkg_cpp/local_setup.sh
-- Up-to-date: /home/dony/ROS_ROBOT_PROJECT/robot_mobil_ihm_final/robot_mobile_ihm_final/robot_mobile_ihm/install/robot_mobile_pkg_cpp/share/robot_mobile_pkg_cpp/local_setup.zsh
-- Up-to-date: /home/dony/ROS_ROBOT_PROJECT/robot_mobil_ihm_final/robot_mobile_ihm_final/robot_mobile_ihm/install/robot_mobile_pkg_cpp/share/robot_mobile_pkg_cpp/local_setup.dsv
-- Installing: /home/dony/ROS_ROBOT_PROJECT/robot_mobil_ihm_final/robot_mobile_ihm_final/robot_mobile_ihm/install/robot_mobile_pkg_cpp/share/robot_mobile_pkg_cpp/package.dsv
-- Up-to-date: /home/dony/ROS_ROBOT_PROJECT/robot_mobil_ihm_final/robot_mobile_ihm_final/robot_mobile_ihm/install/robot_mobile_pkg_cpp/share/ament_index/resource_index/packages/robot_mobile_pkg_cpp
-- Up-to-date: /home/dony/ROS_ROBOT_PROJECT/robot_mobil_ihm_final/robot_mobile_ihm_final/robot_mobile_ihm/install/robot_mobile_pkg_cpp/share/robot_mobile_pkg_cpp/cmake/robot_mobile_pkg_cppConfig.cmake
-- Up-to-date: /home/dony/ROS_ROBOT_PROJECT/robot_mobil_ihm_final/robot_mobile_ihm_final/robot_mobile_ihm/install/robot_mobile_pkg_cpp/share/robot_mobile_pkg_cpp/cmake/robot_mobile_pkg_cppConfig-version.cmake
-- Up-to-date: /home/dony/ROS_ROBOT_PROJECT/robot_mobil_ihm_final/robot_mobile_ihm_final/robot_mobile_ihm/install/robot_mobile_pkg_cpp/share/robot_mobile_pkg_cpp/package.xml
