[0.131s] Invoking command in '/home/rospc/robot_mobile_ihm/build/robot_mobile_pkg_cpp': CMAKE_PREFIX_PATH=${CMAKE_PREFIX_PATH}:/opt/ros/humble /usr/bin/cmake --build /home/rospc/robot_mobile_ihm/build/robot_mobile_pkg_cpp -- -j8 -l8
[0.181s] [ 22%] [34m[1mAutomatic MOC and UIC for target my_img_pub_node[0m
[0.181s] [ 22%] [34m[1mAutomatic MOC and UIC for target my_node_ihm[0m
[0.200s] [ 22%] Built target my_img_pub_node_autogen
[0.203s] [ 22%] Built target my_node_ihm_autogen
[0.220s] [35m[1mConsolidate compiler generated dependencies of target my_node_ihm[0m
[0.228s] [ 55%] Built target my_img_pub_node
[0.249s] [ 66%] [32mBuilding CXX object CMakeFiles/my_node_ihm.dir/src/mainwindow.cpp.o[0m
[3.918s] [01m[K/home/rospc/robot_mobile_ihm/src/robot_mobile_pkg_cpp/src/mainwindow.cpp:[m[K In constructor ‘[01m[KMainWindow::MainWindow(QWidget*)[m[K’:
[3.918s] [01m[K/home/rospc/robot_mobile_ihm/src/robot_mobile_pkg_cpp/src/mainwindow.cpp:38:96:[m[K [01;31m[Kerror: [m[K‘[01m[Krgb_onSliderValueChanged[m[K’ is not a member of ‘[01m[KMainWindow[m[K’
[3.918s]    38 | w, SIGNAL(&QSlider::valueChanged), this, &MainWindow::[01;31m[Krgb_onSliderValueChanged[m[K);
[3.918s]       |                                                       [01;31m[K^~~~~~~~~~~~~~~~~~~~~~~~[m[K
[3.918s] 
[3.941s] [01m[K/home/rospc/robot_mobile_ihm/src/robot_mobile_pkg_cpp/src/mainwindow.cpp:[m[K At global scope:
[3.941s] [01m[K/home/rospc/robot_mobile_ihm/src/robot_mobile_pkg_cpp/src/mainwindow.cpp:215:6:[m[K [01;31m[Kerror: [m[Kno declaration matches ‘[01m[Kvoid MainWindow::rgb_onSliderValueChanged(int)[m[K’
[3.941s]   215 | void [01;31m[KMainWindow[m[K::rgb_onSliderValueChanged(int value){
[3.941s]       |      [01;31m[K^~~~~~~~~~[m[K
[3.941s] [01m[K/home/rospc/robot_mobile_ihm/src/robot_mobile_pkg_cpp/src/mainwindow.cpp:215:6:[m[K [01;36m[Knote: [m[Kno functions named ‘[01m[Kvoid MainWindow::rgb_onSliderValueChanged(int)[m[K’
[3.941s] In file included from [01m[K/home/rospc/robot_mobile_ihm/src/robot_mobile_pkg_cpp/src/mainwindow.cpp:1[m[K:
[3.941s] [01m[K/home/rospc/robot_mobile_ihm/src/robot_mobile_pkg_cpp/src/./../include/mainwindow.hpp:24:7:[m[K [01;36m[Knote: [m[K‘[01m[Kclass MainWindow[m[K’ defined here
[3.941s]    24 | class [01;36m[KMainWindow[m[K : public QMainWindow
[3.941s]       |       [01;36m[K^~~~~~~~~~[m[K
[7.604s] gmake[2]: *** [CMakeFiles/my_node_ihm.dir/build.make:104 : CMakeFiles/my_node_ihm.dir/src/mainwindow.cpp.o] Erreur 1
[7.604s] gmake[1]: *** [CMakeFiles/Makefile2:167 : CMakeFiles/my_node_ihm.dir/all] Erreur 2
[7.604s] gmake: *** [Makefile:146 : all] Erreur 2
[7.607s] Invoked command in '/home/rospc/robot_mobile_ihm/build/robot_mobile_pkg_cpp' returned '2': CMAKE_PREFIX_PATH=${CMAKE_PREFIX_PATH}:/opt/ros/humble /usr/bin/cmake --build /home/rospc/robot_mobile_ihm/build/robot_mobile_pkg_cpp -- -j8 -l8
