running egg_info
creating build/py_pubsub/py_pubsub.egg-info
writing build/py_pubsub/py_pubsub.egg-info/PKG-INFO
writing dependency_links to build/py_pubsub/py_pubsub.egg-info/dependency_links.txt
writing entry points to build/py_pubsub/py_pubsub.egg-info/entry_points.txt
writing requirements to build/py_pubsub/py_pubsub.egg-info/requires.txt
writing top-level names to build/py_pubsub/py_pubsub.egg-info/top_level.txt
writing manifest file 'build/py_pubsub/py_pubsub.egg-info/SOURCES.txt'
reading manifest file 'build/py_pubsub/py_pubsub.egg-info/SOURCES.txt'
writing manifest file 'build/py_pubsub/py_pubsub.egg-info/SOURCES.txt'
running build
running build_py
creating /home/rpiros/Documents/ros_ws_3/py_pubsub/build/py_pubsub/build
creating /home/rpiros/Documents/ros_ws_3/py_pubsub/build/py_pubsub/build/lib
creating /home/rpiros/Documents/ros_ws_3/py_pubsub/build/py_pubsub/build/lib/py_pubsub
copying py_pubsub/camera.py -> /home/rpiros/Documents/ros_ws_3/py_pubsub/build/py_pubsub/build/lib/py_pubsub
copying py_pubsub/__init__.py -> /home/rpiros/Documents/ros_ws_3/py_pubsub/build/py_pubsub/build/lib/py_pubsub
running install
running install_lib
creating /home/rpiros/Documents/ros_ws_3/py_pubsub/install/py_pubsub/lib/python3.10/site-packages/py_pubsub
copying /home/rpiros/Documents/ros_ws_3/py_pubsub/build/py_pubsub/build/lib/py_pubsub/camera.py -> /home/rpiros/Documents/ros_ws_3/py_pubsub/install/py_pubsub/lib/python3.10/site-packages/py_pubsub
copying /home/rpiros/Documents/ros_ws_3/py_pubsub/build/py_pubsub/build/lib/py_pubsub/__init__.py -> /home/rpiros/Documents/ros_ws_3/py_pubsub/install/py_pubsub/lib/python3.10/site-packages/py_pubsub
byte-compiling /home/rpiros/Documents/ros_ws_3/py_pubsub/install/py_pubsub/lib/python3.10/site-packages/py_pubsub/camera.py to camera.cpython-310.pyc
byte-compiling /home/rpiros/Documents/ros_ws_3/py_pubsub/install/py_pubsub/lib/python3.10/site-packages/py_pubsub/__init__.py to __init__.cpython-310.pyc
running install_data
creating /home/rpiros/Documents/ros_ws_3/py_pubsub/install/py_pubsub/share/ament_index
creating /home/rpiros/Documents/ros_ws_3/py_pubsub/install/py_pubsub/share/ament_index/resource_index
creating /home/rpiros/Documents/ros_ws_3/py_pubsub/install/py_pubsub/share/ament_index/resource_index/packages
copying resource/py_pubsub -> /home/rpiros/Documents/ros_ws_3/py_pubsub/install/py_pubsub/share/ament_index/resource_index/packages
copying package.xml -> /home/rpiros/Documents/ros_ws_3/py_pubsub/install/py_pubsub/share/py_pubsub
running install_egg_info
Copying build/py_pubsub/py_pubsub.egg-info to /home/rpiros/Documents/ros_ws_3/py_pubsub/install/py_pubsub/lib/python3.10/site-packages/py_pubsub-0.0.0-py3.10.egg-info
running install_scripts
Installing camera script to /home/rpiros/Documents/ros_ws_3/py_pubsub/install/py_pubsub/lib/py_pubsub
writing list of installed files to '/home/rpiros/Documents/ros_ws_3/py_pubsub/build/py_pubsub/install.log'
