[0.347s] Invoking command in '/home/dony/ROS_ROBOT_PROJECT/robot_mobil_ihm_final/robot_mobile_ihm_final/robot_mobile_ihm/build/robot_mobile_pkg_cpp': CMAKE_PREFIX_PATH=${CMAKE_PREFIX_PATH}:/home/dony/ROS_UDEMY/ros2_ws/install/my_py_pkg:/home/dony/ROS_UDEMY/ros2_ws/install/activity_002_py:/opt/ros/humble /usr/bin/cmake --build /home/dony/ROS_ROBOT_PROJECT/robot_mobil_ihm_final/robot_mobile_ihm_final/robot_mobile_ihm/build/robot_mobile_pkg_cpp -- -j2 -l2
[0.519s] [ 20%] [34m[1mAutomatic MOC and UIC for target my_node_ihm[0m
[1.238s] [ 20%] Built target my_node_ihm_autogen
[1.280s] [35m[1mConsolidate compiler generated dependencies of target my_node_ihm[0m
[1.405s] [ 40%] [32mBuilding CXX object CMakeFiles/my_node_ihm.dir/my_node_ihm_autogen/mocs_compilation.cpp.o[0m
[1.415s] [ 60%] [32mBuilding CXX object CMakeFiles/my_node_ihm.dir/src/my_node.cpp.o[0m
[37.263s] [ 80%] [32mBuilding CXX object CMakeFiles/my_node_ihm.dir/src/mainwindow.cpp.o[0m
[63.520s] [100%] [32m[1mLinking CXX executable my_node_ihm[0m
[67.175s] [100%] Built target my_node_ihm
[67.216s] Invoked command in '/home/dony/ROS_ROBOT_PROJECT/robot_mobil_ihm_final/robot_mobile_ihm_final/robot_mobile_ihm/build/robot_mobile_pkg_cpp' returned '0': CMAKE_PREFIX_PATH=${CMAKE_PREFIX_PATH}:/home/dony/ROS_UDEMY/ros2_ws/install/my_py_pkg:/home/dony/ROS_UDEMY/ros2_ws/install/activity_002_py:/opt/ros/humble /usr/bin/cmake --build /home/dony/ROS_ROBOT_PROJECT/robot_mobil_ihm_final/robot_mobile_ihm_final/robot_mobile_ihm/build/robot_mobile_pkg_cpp -- -j2 -l2
[67.352s] Invoking command in '/home/dony/ROS_ROBOT_PROJECT/robot_mobil_ihm_final/robot_mobile_ihm_final/robot_mobile_ihm/build/robot_mobile_pkg_cpp': CMAKE_PREFIX_PATH=${CMAKE_PREFIX_PATH}:/home/dony/ROS_UDEMY/ros2_ws/install/my_py_pkg:/home/dony/ROS_UDEMY/ros2_ws/install/activity_002_py:/opt/ros/humble /usr/bin/cmake --install /home/dony/ROS_ROBOT_PROJECT/robot_mobil_ihm_final/robot_mobile_ihm_final/robot_mobile_ihm/build/robot_mobile_pkg_cpp
[67.373s] -- Install configuration: ""
[67.374s] -- Installing: /home/dony/ROS_ROBOT_PROJECT/robot_mobil_ihm_final/robot_mobile_ihm_final/robot_mobile_ihm/install/robot_mobile_pkg_cpp/lib/robot_mobile_pkg_cpp/my_node_ihm
[67.411s] -- Set runtime path of "/home/dony/ROS_ROBOT_PROJECT/robot_mobil_ihm_final/robot_mobile_ihm_final/robot_mobile_ihm/install/robot_mobile_pkg_cpp/lib/robot_mobile_pkg_cpp/my_node_ihm" to ""
[67.412s] -- Up-to-date: /home/dony/ROS_ROBOT_PROJECT/robot_mobil_ihm_final/robot_mobile_ihm_final/robot_mobile_ihm/install/robot_mobile_pkg_cpp/share/ament_index/resource_index/package_run_dependencies/robot_mobile_pkg_cpp
[67.414s] -- Up-to-date: /home/dony/ROS_ROBOT_PROJECT/robot_mobil_ihm_final/robot_mobile_ihm_final/robot_mobile_ihm/install/robot_mobile_pkg_cpp/share/ament_index/resource_index/parent_prefix_path/robot_mobile_pkg_cpp
[67.415s] -- Up-to-date: /home/dony/ROS_ROBOT_PROJECT/robot_mobil_ihm_final/robot_mobile_ihm_final/robot_mobile_ihm/install/robot_mobile_pkg_cpp/share/robot_mobile_pkg_cpp/environment/ament_prefix_path.sh
[67.416s] -- Up-to-date: /home/dony/ROS_ROBOT_PROJECT/robot_mobil_ihm_final/robot_mobile_ihm_final/robot_mobile_ihm/install/robot_mobile_pkg_cpp/share/robot_mobile_pkg_cpp/environment/ament_prefix_path.dsv
[67.417s] -- Up-to-date: /home/dony/ROS_ROBOT_PROJECT/robot_mobil_ihm_final/robot_mobile_ihm_final/robot_mobile_ihm/install/robot_mobile_pkg_cpp/share/robot_mobile_pkg_cpp/environment/path.sh
[67.417s] -- Up-to-date: /home/dony/ROS_ROBOT_PROJECT/robot_mobil_ihm_final/robot_mobile_ihm_final/robot_mobile_ihm/install/robot_mobile_pkg_cpp/share/robot_mobile_pkg_cpp/environment/path.dsv
[67.417s] -- Up-to-date: /home/dony/ROS_ROBOT_PROJECT/robot_mobil_ihm_final/robot_mobile_ihm_final/robot_mobile_ihm/install/robot_mobile_pkg_cpp/share/robot_mobile_pkg_cpp/local_setup.bash
[67.418s] -- Up-to-date: /home/dony/ROS_ROBOT_PROJECT/robot_mobil_ihm_final/robot_mobile_ihm_final/robot_mobile_ihm/install/robot_mobile_pkg_cpp/share/robot_mobile_pkg_cpp/local_setup.sh
[67.418s] -- Up-to-date: /home/dony/ROS_ROBOT_PROJECT/robot_mobil_ihm_final/robot_mobile_ihm_final/robot_mobile_ihm/install/robot_mobile_pkg_cpp/share/robot_mobile_pkg_cpp/local_setup.zsh
[67.420s] -- Up-to-date: /home/dony/ROS_ROBOT_PROJECT/robot_mobil_ihm_final/robot_mobile_ihm_final/robot_mobile_ihm/install/robot_mobile_pkg_cpp/share/robot_mobile_pkg_cpp/local_setup.dsv
[67.420s] -- Installing: /home/dony/ROS_ROBOT_PROJECT/robot_mobil_ihm_final/robot_mobile_ihm_final/robot_mobile_ihm/install/robot_mobile_pkg_cpp/share/robot_mobile_pkg_cpp/package.dsv
[67.424s] -- Up-to-date: /home/dony/ROS_ROBOT_PROJECT/robot_mobil_ihm_final/robot_mobile_ihm_final/robot_mobile_ihm/install/robot_mobile_pkg_cpp/share/ament_index/resource_index/packages/robot_mobile_pkg_cpp
[67.425s] -- Up-to-date: /home/dony/ROS_ROBOT_PROJECT/robot_mobil_ihm_final/robot_mobile_ihm_final/robot_mobile_ihm/install/robot_mobile_pkg_cpp/share/robot_mobile_pkg_cpp/cmake/robot_mobile_pkg_cppConfig.cmake
[67.425s] -- Up-to-date: /home/dony/ROS_ROBOT_PROJECT/robot_mobil_ihm_final/robot_mobile_ihm_final/robot_mobile_ihm/install/robot_mobile_pkg_cpp/share/robot_mobile_pkg_cpp/cmake/robot_mobile_pkg_cppConfig-version.cmake
[67.426s] -- Up-to-date: /home/dony/ROS_ROBOT_PROJECT/robot_mobil_ihm_final/robot_mobile_ihm_final/robot_mobile_ihm/install/robot_mobile_pkg_cpp/share/robot_mobile_pkg_cpp/package.xml
[67.430s] Invoked command in '/home/dony/ROS_ROBOT_PROJECT/robot_mobil_ihm_final/robot_mobile_ihm_final/robot_mobile_ihm/build/robot_mobile_pkg_cpp' returned '0': CMAKE_PREFIX_PATH=${CMAKE_PREFIX_PATH}:/home/dony/ROS_UDEMY/ros2_ws/install/my_py_pkg:/home/dony/ROS_UDEMY/ros2_ws/install/activity_002_py:/opt/ros/humble /usr/bin/cmake --install /home/dony/ROS_ROBOT_PROJECT/robot_mobil_ihm_final/robot_mobile_ihm_final/robot_mobile_ihm/build/robot_mobile_pkg_cpp
