[0.097s] Invoking command in '/home/rospc/IHM/robot_mobile_ihm/build/robot_mobile_pkg_cpp': CMAKE_PREFIX_PATH=${CMAKE_PREFIX_PATH}:/opt/ros/humble /usr/bin/cmake --build /home/rospc/IHM/robot_mobile_ihm/build/robot_mobile_pkg_cpp -- -j8 -l8
[0.122s] -- Found ament_cmake: 1.3.5 (/opt/ros/humble/share/ament_cmake/cmake)
[0.273s] -- Found rclcpp: 16.0.6 (/opt/ros/humble/share/rclcpp/cmake)
[0.306s] -- Found rosidl_generator_c: 3.1.5 (/opt/ros/humble/share/rosidl_generator_c/cmake)
[0.308s] -- Found rosidl_adapter: 3.1.5 (/opt/ros/humble/share/rosidl_adapter/cmake)
[0.315s] -- Found rosidl_generator_cpp: 3.1.5 (/opt/ros/humble/share/rosidl_generator_cpp/cmake)
[0.328s] -- Using all available rosidl_typesupport_c: rosidl_typesupport_fastrtps_c;rosidl_typesupport_introspection_c
[0.346s] -- Using all available rosidl_typesupport_cpp: rosidl_typesupport_fastrtps_cpp;rosidl_typesupport_introspection_cpp
[0.412s] -- Found rmw_implementation_cmake: 6.1.1 (/opt/ros/humble/share/rmw_implementation_cmake/cmake)
[0.414s] -- Found rmw_fastrtps_cpp: 6.2.4 (/opt/ros/humble/share/rmw_fastrtps_cpp/cmake)
[0.538s] -- Using RMW implementation 'rmw_fastrtps_cpp' as default
[0.811s] -- Configuring done
[0.815s] [31mCMake Error at CMakeLists.txt:54 (add_executable):
[0.815s]   Cannot find source file:
[0.815s] 
[0.815s]     include/mainwindow.h
[0.815s] 
[0.815s]   Tried extensions .c .C .c++ .cc .cpp .cxx .cu .mpp .m .M .mm .ixx .cppm .h
[0.815s]   .hh .h++ .hm .hpp .hxx .in .txx .f .F .for .f77 .f90 .f95 .f03 .hip .ispc
[0.815s] 
[0.815s] [0m
[0.836s] -- Generating done
[0.838s] [0mCMake Generate step failed.  Build files cannot be regenerated correctly.[0m
[0.847s] gmake: *** [Makefile:281 : cmake_check_build_system] Erreur 1
[0.849s] Invoked command in '/home/rospc/IHM/robot_mobile_ihm/build/robot_mobile_pkg_cpp' returned '2': CMAKE_PREFIX_PATH=${CMAKE_PREFIX_PATH}:/opt/ros/humble /usr/bin/cmake --build /home/rospc/IHM/robot_mobile_ihm/build/robot_mobile_pkg_cpp -- -j8 -l8
