[0.100s] Invoking command in '/home/rospc/IHM/robot_mobile_ihm/build/robot_mobile_pkg_cpp': CMAKE_PREFIX_PATH=${CMAKE_PREFIX_PATH}:/opt/ros/humble /usr/bin/cmake /home/rospc/IHM/robot_mobile_ihm/src/robot_mobile_pkg_cpp -G CodeBlocks - Unix Makefiles -DCMAKE_BUILD_TYPE=Debug -DCMAKE_INSTALL_PREFIX=/home/rospc/IHM/robot_mobile_ihm/install/robot_mobile_pkg_cpp
[0.113s] -- Found ament_cmake: 1.3.5 (/opt/ros/humble/share/ament_cmake/cmake)
[0.264s] -- Found rclcpp: 16.0.6 (/opt/ros/humble/share/rclcpp/cmake)
[0.300s] -- Found rosidl_generator_c: 3.1.5 (/opt/ros/humble/share/rosidl_generator_c/cmake)
[0.303s] -- Found rosidl_adapter: 3.1.5 (/opt/ros/humble/share/rosidl_adapter/cmake)
[0.310s] -- Found rosidl_generator_cpp: 3.1.5 (/opt/ros/humble/share/rosidl_generator_cpp/cmake)
[0.323s] -- Using all available rosidl_typesupport_c: rosidl_typesupport_fastrtps_c;rosidl_typesupport_introspection_c
[0.341s] -- Using all available rosidl_typesupport_cpp: rosidl_typesupport_fastrtps_cpp;rosidl_typesupport_introspection_cpp
[0.408s] -- Found rmw_implementation_cmake: 6.1.1 (/opt/ros/humble/share/rmw_implementation_cmake/cmake)
[0.409s] -- Found rmw_fastrtps_cpp: 6.2.4 (/opt/ros/humble/share/rmw_fastrtps_cpp/cmake)
[0.533s] -- Using RMW implementation 'rmw_fastrtps_cpp' as default
[0.784s] -- Configuring done
[0.817s] -- Generating done
[0.819s] -- Build files have been written to: /home/rospc/IHM/robot_mobile_ihm/build/robot_mobile_pkg_cpp
[0.827s] Invoked command in '/home/rospc/IHM/robot_mobile_ihm/build/robot_mobile_pkg_cpp' returned '0': CMAKE_PREFIX_PATH=${CMAKE_PREFIX_PATH}:/opt/ros/humble /usr/bin/cmake /home/rospc/IHM/robot_mobile_ihm/src/robot_mobile_pkg_cpp -G CodeBlocks - Unix Makefiles -DCMAKE_BUILD_TYPE=Debug -DCMAKE_INSTALL_PREFIX=/home/rospc/IHM/robot_mobile_ihm/install/robot_mobile_pkg_cpp
[0.828s] Invoking command in '/home/rospc/IHM/robot_mobile_ihm/build/robot_mobile_pkg_cpp': CMAKE_PREFIX_PATH=${CMAKE_PREFIX_PATH}:/opt/ros/humble /usr/bin/cmake --build /home/rospc/IHM/robot_mobile_ihm/build/robot_mobile_pkg_cpp -- -j8 -l8
[0.883s] [ 20%] Automatic MOC and UIC for target my_node_ihm
[1.216s] [ 20%] Built target my_node_ihm_autogen
[1.242s] Consolidate compiler generated dependencies of target my_node_ihm
[1.259s] [ 40%] Building CXX object CMakeFiles/my_node_ihm.dir/my_node_ihm_autogen/mocs_compilation.cpp.o
[1.259s] [ 60%] Building CXX object CMakeFiles/my_node_ihm.dir/src/my_node.cpp.o
[1.260s] [ 80%] Building CXX object CMakeFiles/my_node_ihm.dir/src/mainwindow.cpp.o
[12.514s] [100%] Linking CXX executable my_node_ihm
[13.366s] /usr/bin/ld : /snap/core20/current/lib/x86_64-linux-gnu/libpthread.so.0 : référence indéfinie vers « _dl_make_stack_executable@GLIBC_PRIVATE »
[13.368s] /usr/bin/ld : /snap/core20/current/lib/x86_64-linux-gnu/libpthread.so.0 : référence indéfinie vers « __libc_dlclose@GLIBC_PRIVATE »
[13.368s] /usr/bin/ld : /snap/core20/current/lib/x86_64-linux-gnu/libpthread.so.0 : référence indéfinie vers « __libc_dlopen_mode@GLIBC_PRIVATE »
[13.370s] /usr/bin/ld : /snap/core20/current/lib/x86_64-linux-gnu/libpthread.so.0 : référence indéfinie vers « __libc_siglongjmp@GLIBC_PRIVATE »
[13.371s] /usr/bin/ld : /snap/core20/current/lib/x86_64-linux-gnu/libpthread.so.0 : référence indéfinie vers « __libc_longjmp@GLIBC_PRIVATE »
[13.372s] /usr/bin/ld : /snap/core20/current/lib/x86_64-linux-gnu/libpthread.so.0 : référence indéfinie vers « __libc_allocate_rtsig_private@GLIBC_PRIVATE »
[13.374s] /usr/bin/ld : /snap/core20/current/lib/x86_64-linux-gnu/libpthread.so.0 : référence indéfinie vers « __libc_thread_freeres@GLIBC_PRIVATE »
[13.377s] /usr/bin/ld : /snap/core20/current/lib/x86_64-linux-gnu/libdl.so.2 : référence indéfinie vers « _dl_addr@GLIBC_PRIVATE »
[13.379s] /usr/bin/ld : /snap/core20/current/lib/x86_64-linux-gnu/libpthread.so.0 : référence indéfinie vers « __libc_pthread_init@GLIBC_PRIVATE »
[13.381s] /usr/bin/ld : /snap/core20/current/lib/x86_64-linux-gnu/libpthread.so.0 : référence indéfinie vers « __libc_current_sigrtmin_private@GLIBC_PRIVATE »
[13.383s] /usr/bin/ld : /snap/core20/current/lib/x86_64-linux-gnu/libdl.so.2 : référence indéfinie vers « _dl_sym@GLIBC_PRIVATE »
[13.386s] /usr/bin/ld : /snap/core20/current/lib/x86_64-linux-gnu/libpthread.so.0 : référence indéfinie vers « __libc_dlsym@GLIBC_PRIVATE »
[13.388s] /usr/bin/ld : /snap/core20/current/lib/x86_64-linux-gnu/libpthread.so.0 : référence indéfinie vers « __libc_current_sigrtmax_private@GLIBC_PRIVATE »
[13.391s] /usr/bin/ld : /snap/core20/current/lib/x86_64-linux-gnu/libdl.so.2 : référence indéfinie vers « _dl_vsym@GLIBC_PRIVATE »
[13.415s] collect2: error: ld returned 1 exit status
[13.417s] gmake[2]: *** [CMakeFiles/my_node_ihm.dir/build.make:194 : my_node_ihm] Erreur 1
[13.417s] gmake[1]: *** [CMakeFiles/Makefile2:138 : CMakeFiles/my_node_ihm.dir/all] Erreur 2
[13.418s] gmake: *** [Makefile:146 : all] Erreur 2
[13.419s] Invoked command in '/home/rospc/IHM/robot_mobile_ihm/build/robot_mobile_pkg_cpp' returned '2': CMAKE_PREFIX_PATH=${CMAKE_PREFIX_PATH}:/opt/ros/humble /usr/bin/cmake --build /home/rospc/IHM/robot_mobile_ihm/build/robot_mobile_pkg_cpp -- -j8 -l8
