[0.131s] Invoking command in '/home/rospc/robot_mobile_ihm/build/robot_mobile_pkg_cpp': CMAKE_PREFIX_PATH=${CMAKE_PREFIX_PATH}:/opt/ros/humble /usr/bin/cmake --build /home/rospc/robot_mobile_ihm/build/robot_mobile_pkg_cpp -- -j8 -l8
[0.184s] [ 20%] [34m[1mAutomatic MOC and UIC for target my_node_ihm[0m
[0.206s] [ 20%] Built target my_node_ihm_autogen
[0.222s] [35m[1mConsolidate compiler generated dependencies of target my_node_ihm[0m
[0.249s] [ 40%] [32mBuilding CXX object CMakeFiles/my_node_ihm.dir/src/mainwindow.cpp.o[0m
[4.097s] [01m[K/home/rospc/robot_mobile_ihm/src/robot_mobile_pkg_cpp/src/mainwindow.cpp:[m[K In constructor ‘[01m[KMainWindow::MainWindow(QWidget*)[m[K’:
[4.097s] [01m[K/home/rospc/robot_mobile_ihm/src/robot_mobile_pkg_cpp/src/mainwindow.cpp:84:18:[m[K [01;31m[Kerror: [m[Kbase operand of ‘[01m[K->[m[K’ has non-pointer type ‘[01m[KQGraphicsScene[m[K’
[4.097s]    84 |     graphicsScene[01;31m[K->[m[KsetBackgroundBrush(background_scene);
[4.097s]       |                  [01;31m[K^~[m[K
[4.097s] [01m[K/home/rospc/robot_mobile_ihm/src/robot_mobile_pkg_cpp/src/mainwindow.cpp:85:29:[m[K [01;31m[Kerror: [m[Kcannot convert ‘[01m[KQGraphicsScene[m[K’ to ‘[01m[KQGraphicsScene*[m[K’
[4.097s]    85 |     graphicsView ->setScene([01;31m[KgraphicsScene[m[K);
[4.097s]       |                             [01;31m[K^~~~~~~~~~~~~[m[K
[4.097s]       |                             [01;31m[K|[m[K
[4.097s]       |                             [01;31m[KQGraphicsScene[m[K
[4.097s] In file included from [01m[K/usr/include/x86_64-linux-gnu/qt5/QtWidgets/QGraphicsView:1[m[K,
[4.097s]                  from [01m[K/home/rospc/robot_mobile_ihm/build/robot_mobile_pkg_cpp/my_node_ihm_autogen/include/./ui_mainwindow.h:15[m[K,
[4.097s]                  from [01m[K/home/rospc/robot_mobile_ihm/src/robot_mobile_pkg_cpp/src/./../include/mainwindow.hpp:3[m[K,
[4.098s]                  from [01m[K/home/rospc/robot_mobile_ihm/src/robot_mobile_pkg_cpp/src/mainwindow.cpp:1[m[K:
[4.098s] [01m[K/usr/include/x86_64-linux-gnu/qt5/QtWidgets/qgraphicsview.h:162:35:[m[K [01;36m[Knote: [m[K  initializing argument 1 of ‘[01m[Kvoid QGraphicsView::setScene(QGraphicsScene*)[m[K’
[4.098s]   162 |     void setScene([01;36m[KQGraphicsScene *scene[m[K);
[4.098s]       |                   [01;36m[K~~~~~~~~~~~~~~~~^~~~~[m[K
[7.986s] gmake[2]: *** [CMakeFiles/my_node_ihm.dir/build.make:104 : CMakeFiles/my_node_ihm.dir/src/mainwindow.cpp.o] Erreur 1
[7.986s] gmake[1]: *** [CMakeFiles/Makefile2:138 : CMakeFiles/my_node_ihm.dir/all] Erreur 2
[7.987s] gmake: *** [Makefile:146 : all] Erreur 2
[7.989s] Invoked command in '/home/rospc/robot_mobile_ihm/build/robot_mobile_pkg_cpp' returned '2': CMAKE_PREFIX_PATH=${CMAKE_PREFIX_PATH}:/opt/ros/humble /usr/bin/cmake --build /home/rospc/robot_mobile_ihm/build/robot_mobile_pkg_cpp -- -j8 -l8
